  **** HLS Build v2024.2 5238294
INFO: [HLS 200-2005] Using work_dir E:/robot/project/xilinx_fpga_class/hls/lab3/prj/dct_solution3/dct_solution3 
INFO: [HLS 200-1505] Using default flow_target 'vivado'
Resolution: For help on HLS 200-1505 see docs.xilinx.com/access/sources/dita/topic?Doc_Version=2024.2%20English&url=ug1448-hls-guidance&resourceid=200-1505.html
INFO: [HLS 200-1465] Applying ini 'syn.file=E:/robot/project/xilinx_fpga_class/hls/lab3/dct.c' from E:/robot/project/xilinx_fpga_class/hls/lab3/prj/dct_solution3/hls_config.cfg(8)
INFO: [HLS 200-10] Adding design file 'E:/robot/project/xilinx_fpga_class/hls/lab3/dct.c' to the project
INFO: [HLS 200-1465] Applying ini 'tb.file=E:/robot/project/xilinx_fpga_class/hls/lab3/dct_test.c' from E:/robot/project/xilinx_fpga_class/hls/lab3/prj/dct_solution3/hls_config.cfg(9)
INFO: [HLS 200-10] Adding test bench file 'E:/robot/project/xilinx_fpga_class/hls/lab3/dct_test.c' to the project
INFO: [HLS 200-1465] Applying ini 'tb.file=E:/robot/project/xilinx_fpga_class/hls/lab3/in.dat' from E:/robot/project/xilinx_fpga_class/hls/lab3/prj/dct_solution3/hls_config.cfg(10)
INFO: [HLS 200-10] Adding test bench file 'E:/robot/project/xilinx_fpga_class/hls/lab3/in.dat' to the project
INFO: [HLS 200-1465] Applying ini 'tb.file=E:/robot/project/xilinx_fpga_class/hls/lab3/out.golden.dat' from E:/robot/project/xilinx_fpga_class/hls/lab3/prj/dct_solution3/hls_config.cfg(11)
INFO: [HLS 200-10] Adding test bench file 'E:/robot/project/xilinx_fpga_class/hls/lab3/out.golden.dat' to the project
INFO: [HLS 200-1465] Applying ini 'syn.top=dct' from E:/robot/project/xilinx_fpga_class/hls/lab3/prj/dct_solution3/hls_config.cfg(7)
INFO: [HLS 200-1465] Applying ini 'flow_target=vivado' from E:/robot/project/xilinx_fpga_class/hls/lab3/prj/dct_solution3/hls_config.cfg(4)
INFO: [HLS 200-1505] Using flow_target 'vivado'
Resolution: For help on HLS 200-1505 see docs.xilinx.com/access/sources/dita/topic?Doc_Version=2024.2%20English&url=ug1448-hls-guidance&resourceid=200-1505.html
INFO: [HLS 200-1465] Applying ini 'part=xc7z020clg400-1' from E:/robot/project/xilinx_fpga_class/hls/lab3/prj/dct_solution3/hls_config.cfg(1)
INFO: [HLS 200-1611] Setting target device to 'xc7z020-clg400-1'
INFO: [HLS 200-1465] Applying ini 'clock=10ns' from E:/robot/project/xilinx_fpga_class/hls/lab3/prj/dct_solution3/hls_config.cfg(12)
INFO: [SYN 201-201] Setting up clock 'default' with a period of 10ns.
INFO: [HLS 200-1465] Applying ini 'package.output.format=ip_catalog' from E:/robot/project/xilinx_fpga_class/hls/lab3/prj/dct_solution3/hls_config.cfg(5)
INFO: [HLS 200-111] Finished File checks and directory preparation: CPU user time: 2 seconds. CPU system time: 1 seconds. Elapsed time: 2.18 seconds; current allocated memory: 162.730 MB.
INFO: [HLS 200-10] Analyzing design file 'E:/robot/project/xilinx_fpga_class/hls/lab3/dct.c' ... 
INFO: [HLS 200-111] Finished Source Code Analysis and Preprocessing: CPU user time: 0 seconds. CPU system time: 0 seconds. Elapsed time: 1.123 seconds; current allocated memory: 165.059 MB.
INFO: [HLS 200-777] Using interface defaults for 'Vivado' flow target.
INFO: [HLS 200-1995] There were 242 instructions in the design after the 'Compile/Link' phase of compilation. See the Design Size Report for more details: E:/robot/project/xilinx_fpga_class/hls/lab3/prj/dct_solution3/dct_solution3/hls/syn/report/csynth_design_size.rpt
INFO: [HLS 200-1995] There were 178 instructions in the design after the 'Unroll/Inline (step 1)' phase of compilation. See the Design Size Report for more details: E:/robot/project/xilinx_fpga_class/hls/lab3/prj/dct_solution3/dct_solution3/hls/syn/report/csynth_design_size.rpt
INFO: [HLS 200-1995] There were 156 instructions in the design after the 'Unroll/Inline (step 2)' phase of compilation. See the Design Size Report for more details: E:/robot/project/xilinx_fpga_class/hls/lab3/prj/dct_solution3/dct_solution3/hls/syn/report/csynth_design_size.rpt
INFO: [HLS 200-1995] There were 142 instructions in the design after the 'Unroll/Inline (step 3)' phase of compilation. See the Design Size Report for more details: E:/robot/project/xilinx_fpga_class/hls/lab3/prj/dct_solution3/dct_solution3/hls/syn/report/csynth_design_size.rpt
INFO: [HLS 200-1995] There were 133 instructions in the design after the 'Unroll/Inline (step 4)' phase of compilation. See the Design Size Report for more details: E:/robot/project/xilinx_fpga_class/hls/lab3/prj/dct_solution3/dct_solution3/hls/syn/report/csynth_design_size.rpt
INFO: [HLS 200-1995] There were 133 instructions in the design after the 'Array/Struct (step 1)' phase of compilation. See the Design Size Report for more details: E:/robot/project/xilinx_fpga_class/hls/lab3/prj/dct_solution3/dct_solution3/hls/syn/report/csynth_design_size.rpt
INFO: [HLS 200-1995] There were 133 instructions in the design after the 'Array/Struct (step 2)' phase of compilation. See the Design Size Report for more details: E:/robot/project/xilinx_fpga_class/hls/lab3/prj/dct_solution3/dct_solution3/hls/syn/report/csynth_design_size.rpt
INFO: [HLS 200-1995] There were 133 instructions in the design after the 'Array/Struct (step 3)' phase of compilation. See the Design Size Report for more details: E:/robot/project/xilinx_fpga_class/hls/lab3/prj/dct_solution3/dct_solution3/hls/syn/report/csynth_design_size.rpt
INFO: [HLS 200-1995] There were 133 instructions in the design after the 'Array/Struct (step 4)' phase of compilation. See the Design Size Report for more details: E:/robot/project/xilinx_fpga_class/hls/lab3/prj/dct_solution3/dct_solution3/hls/syn/report/csynth_design_size.rpt
INFO: [HLS 200-1995] There were 135 instructions in the design after the 'Array/Struct (step 5)' phase of compilation. See the Design Size Report for more details: E:/robot/project/xilinx_fpga_class/hls/lab3/prj/dct_solution3/dct_solution3/hls/syn/report/csynth_design_size.rpt
INFO: [HLS 200-1995] There were 135 instructions in the design after the 'Performance (step 1)' phase of compilation. See the Design Size Report for more details: E:/robot/project/xilinx_fpga_class/hls/lab3/prj/dct_solution3/dct_solution3/hls/syn/report/csynth_design_size.rpt
INFO: [HLS 200-1995] There were 133 instructions in the design after the 'Performance (step 2)' phase of compilation. See the Design Size Report for more details: E:/robot/project/xilinx_fpga_class/hls/lab3/prj/dct_solution3/dct_solution3/hls/syn/report/csynth_design_size.rpt
INFO: [HLS 200-1995] There were 133 instructions in the design after the 'Performance (step 3)' phase of compilation. See the Design Size Report for more details: E:/robot/project/xilinx_fpga_class/hls/lab3/prj/dct_solution3/dct_solution3/hls/syn/report/csynth_design_size.rpt
INFO: [HLS 200-1995] There were 133 instructions in the design after the 'Performance (step 4)' phase of compilation. See the Design Size Report for more details: E:/robot/project/xilinx_fpga_class/hls/lab3/prj/dct_solution3/dct_solution3/hls/syn/report/csynth_design_size.rpt
INFO: [HLS 200-1995] There were 137 instructions in the design after the 'HW Transforms (step 1)' phase of compilation. See the Design Size Report for more details: E:/robot/project/xilinx_fpga_class/hls/lab3/prj/dct_solution3/dct_solution3/hls/syn/report/csynth_design_size.rpt
INFO: [HLS 200-1995] There were 177 instructions in the design after the 'HW Transforms (step 2)' phase of compilation. See the Design Size Report for more details: E:/robot/project/xilinx_fpga_class/hls/lab3/prj/dct_solution3/dct_solution3/hls/syn/report/csynth_design_size.rpt
INFO: [HLS 214-178] Inlining function 'dct_1d' into 'dct_2d' (E:/robot/project/xilinx_fpga_class/hls/lab3/dct.c:52:0)
INFO: [HLS 214-178] Inlining function 'read_data' into 'dct' (E:/robot/project/xilinx_fpga_class/hls/lab3/dct.c:116:0)
INFO: [HLS 214-178] Inlining function 'dct_2d' into 'dct' (E:/robot/project/xilinx_fpga_class/hls/lab3/dct.c:116:0)
INFO: [HLS 214-178] Inlining function 'write_data' into 'dct' (E:/robot/project/xilinx_fpga_class/hls/lab3/dct.c:116:0)
INFO: [HLS 200-111] Finished Compiling Optimization and Transform: CPU user time: 0 seconds. CPU system time: 0 seconds. Elapsed time: 9.315 seconds; current allocated memory: 167.195 MB.
INFO: [HLS 200-111] Finished Checking Pragmas: CPU user time: 0 seconds. CPU system time: 0 seconds. Elapsed time: 0.001 seconds; current allocated memory: 167.195 MB.
INFO: [HLS 200-10] Starting code transformations ...
INFO: [HLS 200-111] Finished Standard Transforms: CPU user time: 0 seconds. CPU system time: 0 seconds. Elapsed time: 0.102 seconds; current allocated memory: 171.430 MB.
INFO: [HLS 200-10] Checking synthesizability ...
INFO: [HLS 200-111] Finished Checking Synthesizability: CPU user time: 0 seconds. CPU system time: 0 seconds. Elapsed time: 0.043 seconds; current allocated memory: 172.750 MB.
INFO: [HLS 200-111] Finished Loop, function and other optimizations: CPU user time: 0 seconds. CPU system time: 0 seconds. Elapsed time: 0.1 seconds; current allocated memory: 194.309 MB.
INFO: [HLS 200-2061] Successfully converted nested loops 'RD_Loop_Row'(E:/robot/project/xilinx_fpga_class/hls/lab3/dct.c:92:4) and 'RD_Loop_Col'(E:/robot/project/xilinx_fpga_class/hls/lab3/dct.c:94:7) in function 'dct' into perfectly nested loops.
INFO: [HLS 200-2061] Successfully converted nested loops 'DCT_Outer_Loop'(E:/robot/project/xilinx_fpga_class/hls/lab3/dct.c:39:4) and 'DCT_Inner_Loop'(E:/robot/project/xilinx_fpga_class/hls/lab3/dct.c:41:7) in function 'dct' into perfectly nested loops.
INFO: [HLS 200-2061] Successfully converted nested loops 'Row_DCT_Loop'(E:/robot/project/xilinx_fpga_class/hls/lab3/dct.c:59:4) and 'DCT_Outer_Loop'(E:/robot/project/xilinx_fpga_class/hls/lab3/dct.c:39:4) in function 'dct' into perfectly nested loops.
INFO: [HLS 200-2061] Successfully converted nested loops 'Xpose_Row_Outer_Loop'(E:/robot/project/xilinx_fpga_class/hls/lab3/dct.c:64:4) and 'Xpose_Row_Inner_Loop'(E:/robot/project/xilinx_fpga_class/hls/lab3/dct.c:67:7) in function 'dct' into perfectly nested loops.
INFO: [HLS 200-2061] Successfully converted nested loops 'DCT_Outer_Loop'(E:/robot/project/xilinx_fpga_class/hls/lab3/dct.c:39:4) and 'DCT_Inner_Loop'(E:/robot/project/xilinx_fpga_class/hls/lab3/dct.c:41:7) in function 'dct' into perfectly nested loops.
INFO: [HLS 200-2061] Successfully converted nested loops 'Col_DCT_Loop'(E:/robot/project/xilinx_fpga_class/hls/lab3/dct.c:73:4) and 'DCT_Outer_Loop'(E:/robot/project/xilinx_fpga_class/hls/lab3/dct.c:39:4) in function 'dct' into perfectly nested loops.
INFO: [HLS 200-2061] Successfully converted nested loops 'Xpose_Col_Outer_Loop'(E:/robot/project/xilinx_fpga_class/hls/lab3/dct.c:78:4) and 'Xpose_Col_Inner_Loop'(E:/robot/project/xilinx_fpga_class/hls/lab3/dct.c:81:7) in function 'dct' into perfectly nested loops.
INFO: [HLS 200-2061] Successfully converted nested loops 'WR_Loop_Row'(E:/robot/project/xilinx_fpga_class/hls/lab3/dct.c:106:4) and 'WR_Loop_Col'(E:/robot/project/xilinx_fpga_class/hls/lab3/dct.c:108:7) in function 'dct' into perfectly nested loops.
INFO: [XFORM 203-541] Flattening a loop nest 'RD_Loop_Row' (E:/robot/project/xilinx_fpga_class/hls/lab3/dct.c:92:4) in function 'dct'.
INFO: [XFORM 203-541] Flattening a loop nest 'DCT_Outer_Loop' (E:/robot/project/xilinx_fpga_class/hls/lab3/dct.c:39:4) in function 'dct'.
INFO: [XFORM 203-541] Flattening a loop nest 'Row_DCT_Loop' (E:/robot/project/xilinx_fpga_class/hls/lab3/dct.c:59:4) in function 'dct'.
INFO: [XFORM 203-541] Flattening a loop nest 'Xpose_Row_Outer_Loop' (E:/robot/project/xilinx_fpga_class/hls/lab3/dct.c:64:4) in function 'dct'.
INFO: [XFORM 203-541] Flattening a loop nest 'DCT_Outer_Loop' (E:/robot/project/xilinx_fpga_class/hls/lab3/dct.c:39:4) in function 'dct'.
INFO: [XFORM 203-541] Flattening a loop nest 'Col_DCT_Loop' (E:/robot/project/xilinx_fpga_class/hls/lab3/dct.c:73:4) in function 'dct'.
INFO: [XFORM 203-541] Flattening a loop nest 'Xpose_Col_Outer_Loop' (E:/robot/project/xilinx_fpga_class/hls/lab3/dct.c:78:4) in function 'dct'.
INFO: [XFORM 203-541] Flattening a loop nest 'WR_Loop_Row' (E:/robot/project/xilinx_fpga_class/hls/lab3/dct.c:106:4) in function 'dct'.
INFO: [HLS 200-111] Finished Architecture Synthesis: CPU user time: 0 seconds. CPU system time: 0 seconds. Elapsed time: 1.769 seconds; current allocated memory: 240.391 MB.
INFO: [HLS 200-10] Starting hardware synthesis ...
INFO: [HLS 200-10] Synthesizing 'dct' ...
INFO: [HLS 200-10] ----------------------------------------------------------------
INFO: [HLS 200-42] -- Implementing module 'dct_Pipeline_RD_Loop_Row_RD_Loop_Col' 
INFO: [HLS 200-10] ----------------------------------------------------------------
INFO: [SCHED 204-11] Starting scheduling ...
INFO: [SCHED 204-61] Pipelining loop 'RD_Loop_Row_RD_Loop_Col'.
INFO: [HLS 200-1470] Pipelining result : Target II = NA, Final II = 1, Depth = 4, loop 'RD_Loop_Row_RD_Loop_Col'
INFO: [SCHED 204-11] Finished scheduling.
INFO: [HLS 200-111] Finished Scheduling: CPU user time: 0 seconds. CPU system time: 0 seconds. Elapsed time: 0.28 seconds; current allocated memory: 243.895 MB.
INFO: [BIND 205-100] Starting micro-architecture generation ...
INFO: [BIND 205-101] Performing variable lifetime analysis.
INFO: [BIND 205-101] Exploring resource sharing.
INFO: [BIND 205-101] Binding ...
INFO: [BIND 205-100] Finished micro-architecture generation.
INFO: [HLS 200-111] Finished Binding: CPU user time: 0 seconds. CPU system time: 0 seconds. Elapsed time: 0.087 seconds; current allocated memory: 244.969 MB.
INFO: [HLS 200-10] ----------------------------------------------------------------
INFO: [HLS 200-42] -- Implementing module 'dct_Pipeline_Row_DCT_Loop_DCT_Outer_Loop_DCT_Inner_Loop' 
INFO: [HLS 200-10] ----------------------------------------------------------------
INFO: [SCHED 204-11] Starting scheduling ...
INFO: [HLS 200-486] Changing DSP latency (root=tmp_1) to 3 in order to utilize available DSP registers.
INFO: [SCHED 204-61] Pipelining loop 'Row_DCT_Loop_DCT_Outer_Loop_DCT_Inner_Loop'.
INFO: [HLS 200-1470] Pipelining result : Target II = NA, Final II = 1, Depth = 8, loop 'Row_DCT_Loop_DCT_Outer_Loop_DCT_Inner_Loop'
INFO: [SCHED 204-11] Finished scheduling.
INFO: [HLS 200-111] Finished Scheduling: CPU user time: 1 seconds. CPU system time: 0 seconds. Elapsed time: 0.122 seconds; current allocated memory: 245.449 MB.
INFO: [BIND 205-100] Starting micro-architecture generation ...
INFO: [BIND 205-101] Performing variable lifetime analysis.
INFO: [BIND 205-101] Exploring resource sharing.
INFO: [BIND 205-101] Binding ...
INFO: [BIND 205-100] Finished micro-architecture generation.
INFO: [HLS 200-111] Finished Binding: CPU user time: 0 seconds. CPU system time: 0 seconds. Elapsed time: 0.079 seconds; current allocated memory: 245.461 MB.
INFO: [HLS 200-10] ----------------------------------------------------------------
INFO: [HLS 200-42] -- Implementing module 'dct_Pipeline_Xpose_Row_Outer_Loop_Xpose_Row_Inner_Loop' 
INFO: [HLS 200-10] ----------------------------------------------------------------
INFO: [SCHED 204-11] Starting scheduling ...
INFO: [SCHED 204-61] Pipelining loop 'Xpose_Row_Outer_Loop_Xpose_Row_Inner_Loop'.
INFO: [HLS 200-1470] Pipelining result : Target II = NA, Final II = 1, Depth = 4, loop 'Xpose_Row_Outer_Loop_Xpose_Row_Inner_Loop'
INFO: [SCHED 204-11] Finished scheduling.
INFO: [HLS 200-111] Finished Scheduling: CPU user time: 0 seconds. CPU system time: 0 seconds. Elapsed time: 0.112 seconds; current allocated memory: 245.484 MB.
INFO: [BIND 205-100] Starting micro-architecture generation ...
INFO: [BIND 205-101] Performing variable lifetime analysis.
INFO: [BIND 205-101] Exploring resource sharing.
INFO: [BIND 205-101] Binding ...
INFO: [BIND 205-100] Finished micro-architecture generation.
INFO: [HLS 200-111] Finished Binding: CPU user time: 0 seconds. CPU system time: 0 seconds. Elapsed time: 1.121 seconds; current allocated memory: 245.484 MB.
INFO: [HLS 200-10] ----------------------------------------------------------------
INFO: [HLS 200-42] -- Implementing module 'dct_Pipeline_Col_DCT_Loop_DCT_Outer_Loop_DCT_Inner_Loop' 
INFO: [HLS 200-10] ----------------------------------------------------------------
INFO: [SCHED 204-11] Starting scheduling ...
INFO: [HLS 200-486] Changing DSP latency (root=tmp_2) to 3 in order to utilize available DSP registers.
INFO: [SCHED 204-61] Pipelining loop 'Col_DCT_Loop_DCT_Outer_Loop_DCT_Inner_Loop'.
INFO: [HLS 200-1470] Pipelining result : Target II = NA, Final II = 1, Depth = 8, loop 'Col_DCT_Loop_DCT_Outer_Loop_DCT_Inner_Loop'
INFO: [SCHED 204-11] Finished scheduling.
INFO: [HLS 200-111] Finished Scheduling: CPU user time: 0 seconds. CPU system time: 0 seconds. Elapsed time: 0.114 seconds; current allocated memory: 245.543 MB.
INFO: [BIND 205-100] Starting micro-architecture generation ...
INFO: [BIND 205-101] Performing variable lifetime analysis.
INFO: [BIND 205-101] Exploring resource sharing.
INFO: [BIND 205-101] Binding ...
INFO: [BIND 205-100] Finished micro-architecture generation.
INFO: [HLS 200-111] Finished Binding: CPU user time: 0 seconds. CPU system time: 0 seconds. Elapsed time: 0.073 seconds; current allocated memory: 245.707 MB.
INFO: [HLS 200-10] ----------------------------------------------------------------
INFO: [HLS 200-42] -- Implementing module 'dct_Pipeline_Xpose_Col_Outer_Loop_Xpose_Col_Inner_Loop' 
INFO: [HLS 200-10] ----------------------------------------------------------------
INFO: [SCHED 204-11] Starting scheduling ...
INFO: [SCHED 204-61] Pipelining loop 'Xpose_Col_Outer_Loop_Xpose_Col_Inner_Loop'.
INFO: [HLS 200-1470] Pipelining result : Target II = NA, Final II = 1, Depth = 4, loop 'Xpose_Col_Outer_Loop_Xpose_Col_Inner_Loop'
INFO: [SCHED 204-11] Finished scheduling.
INFO: [HLS 200-111] Finished Scheduling: CPU user time: 0 seconds. CPU system time: 0 seconds. Elapsed time: 0.11 seconds; current allocated memory: 246.086 MB.
INFO: [BIND 205-100] Starting micro-architecture generation ...
INFO: [BIND 205-101] Performing variable lifetime analysis.
INFO: [BIND 205-101] Exploring resource sharing.
INFO: [BIND 205-101] Binding ...
INFO: [BIND 205-100] Finished micro-architecture generation.
INFO: [HLS 200-111] Finished Binding: CPU user time: 0 seconds. CPU system time: 0 seconds. Elapsed time: 0.071 seconds; current allocated memory: 246.109 MB.
INFO: [HLS 200-10] ----------------------------------------------------------------
INFO: [HLS 200-42] -- Implementing module 'dct_Pipeline_WR_Loop_Row_WR_Loop_Col' 
INFO: [HLS 200-10] ----------------------------------------------------------------
INFO: [SCHED 204-11] Starting scheduling ...
INFO: [SCHED 204-61] Pipelining loop 'WR_Loop_Row_WR_Loop_Col'.
INFO: [HLS 200-1470] Pipelining result : Target II = NA, Final II = 1, Depth = 4, loop 'WR_Loop_Row_WR_Loop_Col'
INFO: [SCHED 204-11] Finished scheduling.
INFO: [HLS 200-111] Finished Scheduling: CPU user time: 0 seconds. CPU system time: 0 seconds. Elapsed time: 0.099 seconds; current allocated memory: 246.398 MB.
INFO: [BIND 205-100] Starting micro-architecture generation ...
INFO: [BIND 205-101] Performing variable lifetime analysis.
INFO: [BIND 205-101] Exploring resource sharing.
INFO: [BIND 205-101] Binding ...
INFO: [BIND 205-100] Finished micro-architecture generation.
INFO: [HLS 200-111] Finished Binding: CPU user time: 0 seconds. CPU system time: 0 seconds. Elapsed time: 0.069 seconds; current allocated memory: 246.504 MB.
INFO: [HLS 200-10] ----------------------------------------------------------------
INFO: [HLS 200-42] -- Implementing module 'dct' 
INFO: [HLS 200-10] ----------------------------------------------------------------
INFO: [SCHED 204-11] Starting scheduling ...
INFO: [SCHED 204-11] Finished scheduling.
INFO: [HLS 200-111] Finished Scheduling: CPU user time: 0 seconds. CPU system time: 0 seconds. Elapsed time: 1.369 seconds; current allocated memory: 246.766 MB.
INFO: [BIND 205-100] Starting micro-architecture generation ...
INFO: [BIND 205-101] Performing variable lifetime analysis.
INFO: [BIND 205-101] Exploring resource sharing.
INFO: [BIND 205-101] Binding ...
INFO: [BIND 205-100] Finished micro-architecture generation.
INFO: [HLS 200-111] Finished Binding: CPU user time: 0 seconds. CPU system time: 0 seconds. Elapsed time: 0.069 seconds; current allocated memory: 246.844 MB.
INFO: [HLS 200-10] ----------------------------------------------------------------
INFO: [HLS 200-10] -- Generating RTL for module 'dct_Pipeline_RD_Loop_Row_RD_Loop_Col' 
INFO: [HLS 200-10] ----------------------------------------------------------------
INFO: [HLS 200-1030] Apply Unified Pipeline Control on module 'dct_Pipeline_RD_Loop_Row_RD_Loop_Col' pipeline 'RD_Loop_Row_RD_Loop_Col' pipeline type 'loop pipeline'
INFO: [RTGEN 206-100] Finished creating RTL model for 'dct_Pipeline_RD_Loop_Row_RD_Loop_Col'.
INFO: [HLS 200-111] Finished Creating RTL model: CPU user time: 0 seconds. CPU system time: 0 seconds. Elapsed time: 0.092 seconds; current allocated memory: 248.641 MB.
INFO: [HLS 200-10] ----------------------------------------------------------------
INFO: [HLS 200-10] -- Generating RTL for module 'dct_Pipeline_Row_DCT_Loop_DCT_Outer_Loop_DCT_Inner_Loop' 
INFO: [HLS 200-10] ----------------------------------------------------------------
INFO: [HLS 200-1030] Apply Unified Pipeline Control on module 'dct_Pipeline_Row_DCT_Loop_DCT_Outer_Loop_DCT_Inner_Loop' pipeline 'Row_DCT_Loop_DCT_Outer_Loop_DCT_Inner_Loop' pipeline type 'loop pipeline'
INFO: [RTGEN 206-100] Generating core module 'mac_muladd_16s_15s_32s_32_4_1': 1 instance(s).
INFO: [RTGEN 206-100] Finished creating RTL model for 'dct_Pipeline_Row_DCT_Loop_DCT_Outer_Loop_DCT_Inner_Loop'.
INFO: [HLS 200-111] Finished Creating RTL model: CPU user time: 0 seconds. CPU system time: 0 seconds. Elapsed time: 0.19 seconds; current allocated memory: 251.152 MB.
INFO: [HLS 200-10] ----------------------------------------------------------------
INFO: [HLS 200-10] -- Generating RTL for module 'dct_Pipeline_Xpose_Row_Outer_Loop_Xpose_Row_Inner_Loop' 
INFO: [HLS 200-10] ----------------------------------------------------------------
INFO: [HLS 200-1030] Apply Unified Pipeline Control on module 'dct_Pipeline_Xpose_Row_Outer_Loop_Xpose_Row_Inner_Loop' pipeline 'Xpose_Row_Outer_Loop_Xpose_Row_Inner_Loop' pipeline type 'loop pipeline'
INFO: [RTGEN 206-100] Finished creating RTL model for 'dct_Pipeline_Xpose_Row_Outer_Loop_Xpose_Row_Inner_Loop'.
INFO: [HLS 200-111] Finished Creating RTL model: CPU user time: 0 seconds. CPU system time: 0 seconds. Elapsed time: 0.22 seconds; current allocated memory: 252.773 MB.
INFO: [HLS 200-10] ----------------------------------------------------------------
INFO: [HLS 200-10] -- Generating RTL for module 'dct_Pipeline_Col_DCT_Loop_DCT_Outer_Loop_DCT_Inner_Loop' 
INFO: [HLS 200-10] ----------------------------------------------------------------
INFO: [HLS 200-1030] Apply Unified Pipeline Control on module 'dct_Pipeline_Col_DCT_Loop_DCT_Outer_Loop_DCT_Inner_Loop' pipeline 'Col_DCT_Loop_DCT_Outer_Loop_DCT_Inner_Loop' pipeline type 'loop pipeline'
INFO: [RTGEN 206-100] Generating core module 'mac_muladd_16s_15s_32s_32_4_1': 1 instance(s).
INFO: [RTGEN 206-100] Finished creating RTL model for 'dct_Pipeline_Col_DCT_Loop_DCT_Outer_Loop_DCT_Inner_Loop'.
INFO: [HLS 200-111] Finished Creating RTL model: CPU user time: 0 seconds. CPU system time: 0 seconds. Elapsed time: 0.233 seconds; current allocated memory: 254.395 MB.
INFO: [HLS 200-10] ----------------------------------------------------------------
INFO: [HLS 200-10] -- Generating RTL for module 'dct_Pipeline_Xpose_Col_Outer_Loop_Xpose_Col_Inner_Loop' 
INFO: [HLS 200-10] ----------------------------------------------------------------
INFO: [HLS 200-1030] Apply Unified Pipeline Control on module 'dct_Pipeline_Xpose_Col_Outer_Loop_Xpose_Col_Inner_Loop' pipeline 'Xpose_Col_Outer_Loop_Xpose_Col_Inner_Loop' pipeline type 'loop pipeline'
INFO: [RTGEN 206-100] Finished creating RTL model for 'dct_Pipeline_Xpose_Col_Outer_Loop_Xpose_Col_Inner_Loop'.
INFO: [HLS 200-111] Finished Creating RTL model: CPU user time: 1 seconds. CPU system time: 0 seconds. Elapsed time: 1.144 seconds; current allocated memory: 255.945 MB.
INFO: [HLS 200-10] ----------------------------------------------------------------
INFO: [HLS 200-10] -- Generating RTL for module 'dct_Pipeline_WR_Loop_Row_WR_Loop_Col' 
INFO: [HLS 200-10] ----------------------------------------------------------------
INFO: [HLS 200-1030] Apply Unified Pipeline Control on module 'dct_Pipeline_WR_Loop_Row_WR_Loop_Col' pipeline 'WR_Loop_Row_WR_Loop_Col' pipeline type 'loop pipeline'
INFO: [RTGEN 206-100] Finished creating RTL model for 'dct_Pipeline_WR_Loop_Row_WR_Loop_Col'.
INFO: [HLS 200-111] Finished Creating RTL model: CPU user time: 0 seconds. CPU system time: 0 seconds. Elapsed time: 0.156 seconds; current allocated memory: 256.961 MB.
INFO: [HLS 200-10] ----------------------------------------------------------------
INFO: [HLS 200-10] -- Generating RTL for module 'dct' 
INFO: [HLS 200-10] ----------------------------------------------------------------
INFO: [RTGEN 206-500] Setting interface mode on port 'dct/input_r' to 'ap_memory'.
INFO: [RTGEN 206-500] Setting interface mode on port 'dct/output_r' to 'ap_memory'.
INFO: [RTGEN 206-500] Setting interface mode on function 'dct' to 'ap_ctrl_hs'.
INFO: [RTGEN 206-100] Finished creating RTL model for 'dct'.
INFO: [RTMG 210-279] Implementing memory 'dct_dct_coeff_table_ROM_AUTO_1R' using auto ROMs.
INFO: [RTMG 210-278] Implementing memory 'dct_row_outbuf_RAM_AUTO_1R1W' using auto RAMs.
INFO: [HLS 200-111] Finished Creating RTL model: CPU user time: 0 seconds. CPU system time: 0 seconds. Elapsed time: 0.211 seconds; current allocated memory: 258.457 MB.
INFO: [HLS 200-111] Finished Generating all RTL models: CPU user time: 0 seconds. CPU system time: 1 seconds. Elapsed time: 0.401 seconds; current allocated memory: 262.086 MB.
INFO: [HLS 200-111] Finished Updating report files: CPU user time: 0 seconds. CPU system time: 0 seconds. Elapsed time: 0.648 seconds; current allocated memory: 265.762 MB.
INFO: [VHDL 208-304] Generating VHDL RTL for dct.
INFO: [VLOG 209-307] Generating Verilog RTL for dct.
INFO: [HLS 200-790] **** Loop Constraint Status: All loop constraints were satisfied.
INFO: [HLS 200-789] **** Estimated Fmax: 137.25 MHz
INFO: [HLS 200-112] Total CPU user time: 4 seconds. Total CPU system time: 2 seconds. Total elapsed time: 22.074 seconds; peak allocated memory: 266.367 MB.
INFO: [v++ 60-791] Total elapsed time: 0h 0m 27s
