02/14/25 09:59:00: Running xcd server. This server was built by gradle.
02/14/25 09:59:00: Server was asked to start on port: '61679'
02/14/25 09:59:00: Server is using token UUID: 'd7d52df5-e5b3-4363-86bb-7b22e952bdeb'
02/14/25 09:59:00: SESSION_MGR: creating session with session uuid: '6d04a3e9-ade5-4ab9-8d63-1f78fcd2ec76' and name 'default'
02/14/25 09:59:00: Attempting to start server on port '61679'
02/14/25 09:59:00: Running Dispatch Server
02/14/25 09:59:00: Version 2.2.0
02/14/25 09:59:01: Dispatch Server: Accepted socket connection from client
02/14/25 09:59:01: Starting Socket connection
02/14/25 09:59:01: EXCHANGE_TOKEN received, server token: d7d52df5-e5b3-4363-86bb-7b22e952bdeb, passed token: d7d52df5-e5b3-4363-86bb-7b22e952bdeb
02/14/25 09:59:02: DISPATCH_HANDLER: Adding handler from function makeHandler in library xv_system_diagram
02/14/25 09:59:02: SESSION_MGR: creating session with session uuid: '093e2c71-f0a9-45bb-adc8-1da13b2636a0' and name 'v++_compile_dct_solution3'
02/14/25 09:59:02: KERNEL_SVC: creating session with uuid: '093e2c71-f0a9-45bb-adc8-1da13b2636a0' and name 'v++_compile_dct_solution3'
02/14/25 09:59:02: GUIDANCE_SMGR: creating guidance session with uuid: '093e2c71-f0a9-45bb-adc8-1da13b2636a0' and name 'v++_compile_dct_solution3'
02/14/25 09:59:02: SYSTEM_DIAGRAM: creating session with uuid: '093e2c71-f0a9-45bb-adc8-1da13b2636a0' and name 'v++_compile_dct_solution3'
02/14/25 09:59:06: Dispatch Server: Accepted socket connection from client
02/14/25 09:59:06: Starting Socket connection
02/14/25 09:59:26: SESSION_MGR: closing session for UUID '093e2c71-f0a9-45bb-adc8-1da13b2636a0' with name 'v++_compile_dct_solution3'
02/14/25 09:59:26: KERNEL_SVC: closing session for UUID '093e2c71-f0a9-45bb-adc8-1da13b2636a0' with name 'v++_compile_dct_solution3'
02/14/25 09:59:26: GUIDANCE_SMGR: closing session for UUID '093e2c71-f0a9-45bb-adc8-1da13b2636a0' with name 'v++_compile_dct_solution3'
02/14/25 09:59:26: SYSTEM_DIAGRAM: closing session for UUID '093e2c71-f0a9-45bb-adc8-1da13b2636a0' with name 'v++_compile_dct_solution3'
02/14/25 09:59:26: STOP_SERVER received, server token: d7d52df5-e5b3-4363-86bb-7b22e952bdeb, passed token: d7d52df5-e5b3-4363-86bb-7b22e952bdeb
02/14/25 09:59:26: Socket received request to stop server.
02/14/25 09:59:26: Dispatch Server: do_await_stop
02/14/25 09:59:26: SERVER: destructor for server bound to port 61679
