Copyright 1986-2022 Xilinx, Inc. All Rights Reserved. Copyright 2022-2024 Advanced Micro Devices, Inc. All Rights Reserved.
---------------------------------------------------------------------------------------------------------------------------------------------
| Tool Version : Vivado v.2024.2 (win64) Build 5239630 Fri Nov 08 22:35:27 MST 2024
| Date         : Tue Feb 11 16:39:09 2025
| Host         : nightt_insider running 64-bit major release  (build 9200)
| Command      : report_design_analysis -file ./report/matrixmul_design_analysis_routed.rpt
| Design       : bd_0_wrapper
| Device       : xc7z020
| Design State : Routed
---------------------------------------------------------------------------------------------------------------------------------------------

Report Design Analysis

Table of Contents
-----------------
1. Setup Path Characteristics 1-1
2. Logic Level Distribution
3. Placer Final Level Congestion Reporting
4. Initial Estimated Router Congestion Reporting
5. SLR Net Crossing Reporting

1. Setup Path Characteristics 1-1
---------------------------------

+---------------------------+-----------------------------------+
|      Characteristics      |              Path #1              |
+---------------------------+-----------------------------------+
| Requirement               | 10.000                            |
| Path Delay                | 2.750                             |
| Logic Delay               | 0.606(23%)                        |
| Net Delay                 | 2.144(77%)                        |
| Clock Skew                | -0.049                            |
| Slack                     | 6.461                             |
| Clock Uncertainty         | 0.035                             |
| Clock Relationship        | Timed                             |
| Clock Delay Group         | Same Clock                        |
| Logic Levels              | 1                                 |
| Routes                    | 2                                 |
| Logical Path              | FDSE/C-(33)-LUT4-(2)-DSP48E1/CEA1 |
| Start Point Clock         | ap_clk                            |
| End Point Clock           | ap_clk                            |
| DSP Block                 | Seq                               |
| RAM Registers             | None-None                         |
| IO Crossings              | 0                                 |
| Config Crossings          | 0                                 |
| SLR Crossings             | 0                                 |
| PBlocks                   | 0                                 |
| High Fanout               | 33                                |
| Dont Touch                | 0                                 |
| Mark Debug                | 0                                 |
| Start Point Pin Primitive | FDSE/C                            |
| End Point Pin Primitive   | DSP48E1/CEA1                      |
| Start Point Pin           | ap_CS_fsm_reg[0]/C                |
| End Point Pin             | p_reg_reg/CEA1                    |
+---------------------------+-----------------------------------+
* Bounding box calculated as % of dimensions for the target device (308, 299)


2. Logic Level Distribution
---------------------------

+-----------------+-------------+-----+----+----+
| End Point Clock | Requirement |  0  |  1 |  2 |
+-----------------+-------------+-----+----+----+
| ap_clk          | 10.000ns    | 123 | 35 | 13 |
+-----------------+-------------+-----+----+----+
* Columns represent the logic levels per end point clock
** Distribution is for top worst 171 paths


3. Placer Final Level Congestion Reporting
------------------------------------------

+-----------+------+-------+------------+--------+---------------+---------------+-----+--------+------+------+------+-----+-------+-----+------------+
| Direction | Type | Level | Congestion | Window | Combined LUTs | Avg LUT Input | LUT | LUTRAM | Flop | MUXF | RAMB | DSP | CARRY | SRL | Cell Names |
+-----------+------+-------+------------+--------+---------------+---------------+-----+--------+------+------+------+-----+-------+-----+------------+
* No congestion windows are found above level 5


4. Initial Estimated Router Congestion Reporting
------------------------------------------------

+-----------+------+-------+------------------+--------+---------------+---------------+-----+--------+------+------+------+-----+-------+-----+------------+
| Direction | Type | Level | Percentage Tiles | Window | Combined LUTs | Avg LUT Input | LUT | LUTRAM | Flop | MUXF | RAMB | DSP | CARRY | SRL | Cell Names |
+-----------+------+-------+------------------+--------+---------------+---------------+-----+--------+------+------+------+-----+-------+-----+------------+
* No router congested regions found.
** No initial estimated congestion windows are found above level 5


5. SLR Net Crossing Reporting
-----------------------------

+------------+-----------------------------+
| Cell Names | Number of Nets crossing SLR |
+------------+-----------------------------+
* The current part is not an SSI device


