Copyright 1986-2022 Xilinx, Inc. All Rights Reserved. Copyright 2022-2024 Advanced Micro Devices, Inc. All Rights Reserved.
---------------------------------------------------------------------------------------------------------------------------------------------
| Tool Version : Vivado v.2024.2 (win64) Build 5239630 Fri Nov 08 22:35:27 MST 2024
| Date         : Tue Feb 11 16:37:21 2025
| Host         : nightt_insider running 64-bit major release  (build 9200)
| Command      : report_timing -max_paths 10 -file ./report/matrixmul_timing_paths_synth.rpt
| Design       : bd_0_wrapper
| Device       : 7z020-clg400
| Speed File   : -1  PRODUCTION 1.12 2019-11-22
| Design State : Synthesized
---------------------------------------------------------------------------------------------------------------------------------------------

Timing Report

Slack (MET) :             6.944ns  (required time - arrival time)
  Source:                 bd_0_i/hls_inst/inst/ap_CS_fsm_reg[0]/C
                            (rising edge-triggered cell FDSE clocked by ap_clk  {rise@0.000ns fall@5.000ns period=10.000ns})
  Destination:            bd_0_i/hls_inst/inst/indvar_flatten1_fu_58_reg[0]/R
                            (rising edge-triggered cell FDRE clocked by ap_clk  {rise@0.000ns fall@5.000ns period=10.000ns})
  Path Group:             ap_clk
  Path Type:              Setup (Max at Slow Process Corner)
  Requirement:            10.000ns  (ap_clk rise@10.000ns - ap_clk rise@0.000ns)
  Data Path Delay:        2.448ns  (logic 0.813ns (33.211%)  route 1.635ns (66.789%))
  Logic Levels:           1  (LUT4=1)
  Clock Path Skew:        -0.049ns (DCD - SCD + CPR)
    Destination Clock Delay (DCD):    0.924ns = ( 10.924 - 10.000 ) 
    Source Clock Delay      (SCD):    0.973ns
    Clock Pessimism Removal (CPR):    0.000ns
  Clock Uncertainty:      0.035ns  ((TSJ^2 + TIJ^2)^1/2 + DJ) / 2 + PE
    Total System Jitter     (TSJ):    0.071ns
    Total Input Jitter      (TIJ):    0.000ns
    Discrete Jitter          (DJ):    0.000ns
    Phase Error              (PE):    0.000ns

    Location             Delay type                Incr(ns)  Path(ns)    Netlist Resource(s)
  -------------------------------------------------------------------    -------------------
                         (clock ap_clk rise edge)     0.000     0.000 r  
                                                      0.000     0.000 r  ap_clk (IN)
                         net (fo=41, unset)           0.973     0.973    bd_0_i/hls_inst/inst/ap_clk
                         FDSE                                         r  bd_0_i/hls_inst/inst/ap_CS_fsm_reg[0]/C
  -------------------------------------------------------------------    -------------------
                         FDSE (Prop_fdse_C_Q)         0.518     1.491 r  bd_0_i/hls_inst/inst/ap_CS_fsm_reg[0]/Q
                         net (fo=33, unplaced)        0.813     2.304    bd_0_i/hls_inst/inst/flow_control_loop_delay_pipe_U/Q[0]
                         LUT4 (Prop_lut4_I1_O)        0.295     2.599 r  bd_0_i/hls_inst/inst/flow_control_loop_delay_pipe_U/b_address0[3]_INST_0_i_1/O
                         net (fo=11, unplaced)        0.822     3.421    bd_0_i/hls_inst/inst/ap_sig_allocacmp_i2_load1
                         FDRE                                         r  bd_0_i/hls_inst/inst/indvar_flatten1_fu_58_reg[0]/R
  -------------------------------------------------------------------    -------------------

                         (clock ap_clk rise edge)    10.000    10.000 r  
                                                      0.000    10.000 r  ap_clk (IN)
                         net (fo=41, unset)           0.924    10.924    bd_0_i/hls_inst/inst/ap_clk
                         FDRE                                         r  bd_0_i/hls_inst/inst/indvar_flatten1_fu_58_reg[0]/C
                         clock pessimism              0.000    10.924    
                         clock uncertainty           -0.035    10.889    
                         FDRE (Setup_fdre_C_R)       -0.524    10.365    bd_0_i/hls_inst/inst/indvar_flatten1_fu_58_reg[0]
  -------------------------------------------------------------------
                         required time                         10.365    
                         arrival time                          -3.421    
  -------------------------------------------------------------------
                         slack                                  6.944    

Slack (MET) :             6.944ns  (required time - arrival time)
  Source:                 bd_0_i/hls_inst/inst/ap_CS_fsm_reg[0]/C
                            (rising edge-triggered cell FDSE clocked by ap_clk  {rise@0.000ns fall@5.000ns period=10.000ns})
  Destination:            bd_0_i/hls_inst/inst/indvar_flatten1_fu_58_reg[1]/R
                            (rising edge-triggered cell FDRE clocked by ap_clk  {rise@0.000ns fall@5.000ns period=10.000ns})
  Path Group:             ap_clk
  Path Type:              Setup (Max at Slow Process Corner)
  Requirement:            10.000ns  (ap_clk rise@10.000ns - ap_clk rise@0.000ns)
  Data Path Delay:        2.448ns  (logic 0.813ns (33.211%)  route 1.635ns (66.789%))
  Logic Levels:           1  (LUT4=1)
  Clock Path Skew:        -0.049ns (DCD - SCD + CPR)
    Destination Clock Delay (DCD):    0.924ns = ( 10.924 - 10.000 ) 
    Source Clock Delay      (SCD):    0.973ns
    Clock Pessimism Removal (CPR):    0.000ns
  Clock Uncertainty:      0.035ns  ((TSJ^2 + TIJ^2)^1/2 + DJ) / 2 + PE
    Total System Jitter     (TSJ):    0.071ns
    Total Input Jitter      (TIJ):    0.000ns
    Discrete Jitter          (DJ):    0.000ns
    Phase Error              (PE):    0.000ns

    Location             Delay type                Incr(ns)  Path(ns)    Netlist Resource(s)
  -------------------------------------------------------------------    -------------------
                         (clock ap_clk rise edge)     0.000     0.000 r  
                                                      0.000     0.000 r  ap_clk (IN)
                         net (fo=41, unset)           0.973     0.973    bd_0_i/hls_inst/inst/ap_clk
                         FDSE                                         r  bd_0_i/hls_inst/inst/ap_CS_fsm_reg[0]/C
  -------------------------------------------------------------------    -------------------
                         FDSE (Prop_fdse_C_Q)         0.518     1.491 r  bd_0_i/hls_inst/inst/ap_CS_fsm_reg[0]/Q
                         net (fo=33, unplaced)        0.813     2.304    bd_0_i/hls_inst/inst/flow_control_loop_delay_pipe_U/Q[0]
                         LUT4 (Prop_lut4_I1_O)        0.295     2.599 r  bd_0_i/hls_inst/inst/flow_control_loop_delay_pipe_U/b_address0[3]_INST_0_i_1/O
                         net (fo=11, unplaced)        0.822     3.421    bd_0_i/hls_inst/inst/ap_sig_allocacmp_i2_load1
                         FDRE                                         r  bd_0_i/hls_inst/inst/indvar_flatten1_fu_58_reg[1]/R
  -------------------------------------------------------------------    -------------------

                         (clock ap_clk rise edge)    10.000    10.000 r  
                                                      0.000    10.000 r  ap_clk (IN)
                         net (fo=41, unset)           0.924    10.924    bd_0_i/hls_inst/inst/ap_clk
                         FDRE                                         r  bd_0_i/hls_inst/inst/indvar_flatten1_fu_58_reg[1]/C
                         clock pessimism              0.000    10.924    
                         clock uncertainty           -0.035    10.889    
                         FDRE (Setup_fdre_C_R)       -0.524    10.365    bd_0_i/hls_inst/inst/indvar_flatten1_fu_58_reg[1]
  -------------------------------------------------------------------
                         required time                         10.365    
                         arrival time                          -3.421    
  -------------------------------------------------------------------
                         slack                                  6.944    

Slack (MET) :             6.944ns  (required time - arrival time)
  Source:                 bd_0_i/hls_inst/inst/ap_CS_fsm_reg[0]/C
                            (rising edge-triggered cell FDSE clocked by ap_clk  {rise@0.000ns fall@5.000ns period=10.000ns})
  Destination:            bd_0_i/hls_inst/inst/indvar_flatten1_fu_58_reg[2]/R
                            (rising edge-triggered cell FDRE clocked by ap_clk  {rise@0.000ns fall@5.000ns period=10.000ns})
  Path Group:             ap_clk
  Path Type:              Setup (Max at Slow Process Corner)
  Requirement:            10.000ns  (ap_clk rise@10.000ns - ap_clk rise@0.000ns)
  Data Path Delay:        2.448ns  (logic 0.813ns (33.211%)  route 1.635ns (66.789%))
  Logic Levels:           1  (LUT4=1)
  Clock Path Skew:        -0.049ns (DCD - SCD + CPR)
    Destination Clock Delay (DCD):    0.924ns = ( 10.924 - 10.000 ) 
    Source Clock Delay      (SCD):    0.973ns
    Clock Pessimism Removal (CPR):    0.000ns
  Clock Uncertainty:      0.035ns  ((TSJ^2 + TIJ^2)^1/2 + DJ) / 2 + PE
    Total System Jitter     (TSJ):    0.071ns
    Total Input Jitter      (TIJ):    0.000ns
    Discrete Jitter          (DJ):    0.000ns
    Phase Error              (PE):    0.000ns

    Location             Delay type                Incr(ns)  Path(ns)    Netlist Resource(s)
  -------------------------------------------------------------------    -------------------
                         (clock ap_clk rise edge)     0.000     0.000 r  
                                                      0.000     0.000 r  ap_clk (IN)
                         net (fo=41, unset)           0.973     0.973    bd_0_i/hls_inst/inst/ap_clk
                         FDSE                                         r  bd_0_i/hls_inst/inst/ap_CS_fsm_reg[0]/C
  -------------------------------------------------------------------    -------------------
                         FDSE (Prop_fdse_C_Q)         0.518     1.491 r  bd_0_i/hls_inst/inst/ap_CS_fsm_reg[0]/Q
                         net (fo=33, unplaced)        0.813     2.304    bd_0_i/hls_inst/inst/flow_control_loop_delay_pipe_U/Q[0]
                         LUT4 (Prop_lut4_I1_O)        0.295     2.599 r  bd_0_i/hls_inst/inst/flow_control_loop_delay_pipe_U/b_address0[3]_INST_0_i_1/O
                         net (fo=11, unplaced)        0.822     3.421    bd_0_i/hls_inst/inst/ap_sig_allocacmp_i2_load1
                         FDRE                                         r  bd_0_i/hls_inst/inst/indvar_flatten1_fu_58_reg[2]/R
  -------------------------------------------------------------------    -------------------

                         (clock ap_clk rise edge)    10.000    10.000 r  
                                                      0.000    10.000 r  ap_clk (IN)
                         net (fo=41, unset)           0.924    10.924    bd_0_i/hls_inst/inst/ap_clk
                         FDRE                                         r  bd_0_i/hls_inst/inst/indvar_flatten1_fu_58_reg[2]/C
                         clock pessimism              0.000    10.924    
                         clock uncertainty           -0.035    10.889    
                         FDRE (Setup_fdre_C_R)       -0.524    10.365    bd_0_i/hls_inst/inst/indvar_flatten1_fu_58_reg[2]
  -------------------------------------------------------------------
                         required time                         10.365    
                         arrival time                          -3.421    
  -------------------------------------------------------------------
                         slack                                  6.944    

Slack (MET) :             6.944ns  (required time - arrival time)
  Source:                 bd_0_i/hls_inst/inst/ap_CS_fsm_reg[0]/C
                            (rising edge-triggered cell FDSE clocked by ap_clk  {rise@0.000ns fall@5.000ns period=10.000ns})
  Destination:            bd_0_i/hls_inst/inst/indvar_flatten1_fu_58_reg[3]/R
                            (rising edge-triggered cell FDRE clocked by ap_clk  {rise@0.000ns fall@5.000ns period=10.000ns})
  Path Group:             ap_clk
  Path Type:              Setup (Max at Slow Process Corner)
  Requirement:            10.000ns  (ap_clk rise@10.000ns - ap_clk rise@0.000ns)
  Data Path Delay:        2.448ns  (logic 0.813ns (33.211%)  route 1.635ns (66.789%))
  Logic Levels:           1  (LUT4=1)
  Clock Path Skew:        -0.049ns (DCD - SCD + CPR)
    Destination Clock Delay (DCD):    0.924ns = ( 10.924 - 10.000 ) 
    Source Clock Delay      (SCD):    0.973ns
    Clock Pessimism Removal (CPR):    0.000ns
  Clock Uncertainty:      0.035ns  ((TSJ^2 + TIJ^2)^1/2 + DJ) / 2 + PE
    Total System Jitter     (TSJ):    0.071ns
    Total Input Jitter      (TIJ):    0.000ns
    Discrete Jitter          (DJ):    0.000ns
    Phase Error              (PE):    0.000ns

    Location             Delay type                Incr(ns)  Path(ns)    Netlist Resource(s)
  -------------------------------------------------------------------    -------------------
                         (clock ap_clk rise edge)     0.000     0.000 r  
                                                      0.000     0.000 r  ap_clk (IN)
                         net (fo=41, unset)           0.973     0.973    bd_0_i/hls_inst/inst/ap_clk
                         FDSE                                         r  bd_0_i/hls_inst/inst/ap_CS_fsm_reg[0]/C
  -------------------------------------------------------------------    -------------------
                         FDSE (Prop_fdse_C_Q)         0.518     1.491 r  bd_0_i/hls_inst/inst/ap_CS_fsm_reg[0]/Q
                         net (fo=33, unplaced)        0.813     2.304    bd_0_i/hls_inst/inst/flow_control_loop_delay_pipe_U/Q[0]
                         LUT4 (Prop_lut4_I1_O)        0.295     2.599 r  bd_0_i/hls_inst/inst/flow_control_loop_delay_pipe_U/b_address0[3]_INST_0_i_1/O
                         net (fo=11, unplaced)        0.822     3.421    bd_0_i/hls_inst/inst/ap_sig_allocacmp_i2_load1
                         FDRE                                         r  bd_0_i/hls_inst/inst/indvar_flatten1_fu_58_reg[3]/R
  -------------------------------------------------------------------    -------------------

                         (clock ap_clk rise edge)    10.000    10.000 r  
                                                      0.000    10.000 r  ap_clk (IN)
                         net (fo=41, unset)           0.924    10.924    bd_0_i/hls_inst/inst/ap_clk
                         FDRE                                         r  bd_0_i/hls_inst/inst/indvar_flatten1_fu_58_reg[3]/C
                         clock pessimism              0.000    10.924    
                         clock uncertainty           -0.035    10.889    
                         FDRE (Setup_fdre_C_R)       -0.524    10.365    bd_0_i/hls_inst/inst/indvar_flatten1_fu_58_reg[3]
  -------------------------------------------------------------------
                         required time                         10.365    
                         arrival time                          -3.421    
  -------------------------------------------------------------------
                         slack                                  6.944    

Slack (MET) :             6.944ns  (required time - arrival time)
  Source:                 bd_0_i/hls_inst/inst/ap_CS_fsm_reg[0]/C
                            (rising edge-triggered cell FDSE clocked by ap_clk  {rise@0.000ns fall@5.000ns period=10.000ns})
  Destination:            bd_0_i/hls_inst/inst/j3_fu_66_reg[0]/R
                            (rising edge-triggered cell FDRE clocked by ap_clk  {rise@0.000ns fall@5.000ns period=10.000ns})
  Path Group:             ap_clk
  Path Type:              Setup (Max at Slow Process Corner)
  Requirement:            10.000ns  (ap_clk rise@10.000ns - ap_clk rise@0.000ns)
  Data Path Delay:        2.448ns  (logic 0.813ns (33.211%)  route 1.635ns (66.789%))
  Logic Levels:           1  (LUT4=1)
  Clock Path Skew:        -0.049ns (DCD - SCD + CPR)
    Destination Clock Delay (DCD):    0.924ns = ( 10.924 - 10.000 ) 
    Source Clock Delay      (SCD):    0.973ns
    Clock Pessimism Removal (CPR):    0.000ns
  Clock Uncertainty:      0.035ns  ((TSJ^2 + TIJ^2)^1/2 + DJ) / 2 + PE
    Total System Jitter     (TSJ):    0.071ns
    Total Input Jitter      (TIJ):    0.000ns
    Discrete Jitter          (DJ):    0.000ns
    Phase Error              (PE):    0.000ns

    Location             Delay type                Incr(ns)  Path(ns)    Netlist Resource(s)
  -------------------------------------------------------------------    -------------------
                         (clock ap_clk rise edge)     0.000     0.000 r  
                                                      0.000     0.000 r  ap_clk (IN)
                         net (fo=41, unset)           0.973     0.973    bd_0_i/hls_inst/inst/ap_clk
                         FDSE                                         r  bd_0_i/hls_inst/inst/ap_CS_fsm_reg[0]/C
  -------------------------------------------------------------------    -------------------
                         FDSE (Prop_fdse_C_Q)         0.518     1.491 r  bd_0_i/hls_inst/inst/ap_CS_fsm_reg[0]/Q
                         net (fo=33, unplaced)        0.813     2.304    bd_0_i/hls_inst/inst/flow_control_loop_delay_pipe_U/Q[0]
                         LUT4 (Prop_lut4_I1_O)        0.295     2.599 r  bd_0_i/hls_inst/inst/flow_control_loop_delay_pipe_U/b_address0[3]_INST_0_i_1/O
                         net (fo=11, unplaced)        0.822     3.421    bd_0_i/hls_inst/inst/ap_sig_allocacmp_i2_load1
                         FDRE                                         r  bd_0_i/hls_inst/inst/j3_fu_66_reg[0]/R
  -------------------------------------------------------------------    -------------------

                         (clock ap_clk rise edge)    10.000    10.000 r  
                                                      0.000    10.000 r  ap_clk (IN)
                         net (fo=41, unset)           0.924    10.924    bd_0_i/hls_inst/inst/ap_clk
                         FDRE                                         r  bd_0_i/hls_inst/inst/j3_fu_66_reg[0]/C
                         clock pessimism              0.000    10.924    
                         clock uncertainty           -0.035    10.889    
                         FDRE (Setup_fdre_C_R)       -0.524    10.365    bd_0_i/hls_inst/inst/j3_fu_66_reg[0]
  -------------------------------------------------------------------
                         required time                         10.365    
                         arrival time                          -3.421    
  -------------------------------------------------------------------
                         slack                                  6.944    

Slack (MET) :             6.944ns  (required time - arrival time)
  Source:                 bd_0_i/hls_inst/inst/ap_CS_fsm_reg[0]/C
                            (rising edge-triggered cell FDSE clocked by ap_clk  {rise@0.000ns fall@5.000ns period=10.000ns})
  Destination:            bd_0_i/hls_inst/inst/j3_fu_66_reg[1]/R
                            (rising edge-triggered cell FDRE clocked by ap_clk  {rise@0.000ns fall@5.000ns period=10.000ns})
  Path Group:             ap_clk
  Path Type:              Setup (Max at Slow Process Corner)
  Requirement:            10.000ns  (ap_clk rise@10.000ns - ap_clk rise@0.000ns)
  Data Path Delay:        2.448ns  (logic 0.813ns (33.211%)  route 1.635ns (66.789%))
  Logic Levels:           1  (LUT4=1)
  Clock Path Skew:        -0.049ns (DCD - SCD + CPR)
    Destination Clock Delay (DCD):    0.924ns = ( 10.924 - 10.000 ) 
    Source Clock Delay      (SCD):    0.973ns
    Clock Pessimism Removal (CPR):    0.000ns
  Clock Uncertainty:      0.035ns  ((TSJ^2 + TIJ^2)^1/2 + DJ) / 2 + PE
    Total System Jitter     (TSJ):    0.071ns
    Total Input Jitter      (TIJ):    0.000ns
    Discrete Jitter          (DJ):    0.000ns
    Phase Error              (PE):    0.000ns

    Location             Delay type                Incr(ns)  Path(ns)    Netlist Resource(s)
  -------------------------------------------------------------------    -------------------
                         (clock ap_clk rise edge)     0.000     0.000 r  
                                                      0.000     0.000 r  ap_clk (IN)
                         net (fo=41, unset)           0.973     0.973    bd_0_i/hls_inst/inst/ap_clk
                         FDSE                                         r  bd_0_i/hls_inst/inst/ap_CS_fsm_reg[0]/C
  -------------------------------------------------------------------    -------------------
                         FDSE (Prop_fdse_C_Q)         0.518     1.491 r  bd_0_i/hls_inst/inst/ap_CS_fsm_reg[0]/Q
                         net (fo=33, unplaced)        0.813     2.304    bd_0_i/hls_inst/inst/flow_control_loop_delay_pipe_U/Q[0]
                         LUT4 (Prop_lut4_I1_O)        0.295     2.599 r  bd_0_i/hls_inst/inst/flow_control_loop_delay_pipe_U/b_address0[3]_INST_0_i_1/O
                         net (fo=11, unplaced)        0.822     3.421    bd_0_i/hls_inst/inst/ap_sig_allocacmp_i2_load1
                         FDRE                                         r  bd_0_i/hls_inst/inst/j3_fu_66_reg[1]/R
  -------------------------------------------------------------------    -------------------

                         (clock ap_clk rise edge)    10.000    10.000 r  
                                                      0.000    10.000 r  ap_clk (IN)
                         net (fo=41, unset)           0.924    10.924    bd_0_i/hls_inst/inst/ap_clk
                         FDRE                                         r  bd_0_i/hls_inst/inst/j3_fu_66_reg[1]/C
                         clock pessimism              0.000    10.924    
                         clock uncertainty           -0.035    10.889    
                         FDRE (Setup_fdre_C_R)       -0.524    10.365    bd_0_i/hls_inst/inst/j3_fu_66_reg[1]
  -------------------------------------------------------------------
                         required time                         10.365    
                         arrival time                          -3.421    
  -------------------------------------------------------------------
                         slack                                  6.944    

Slack (MET) :             7.022ns  (required time - arrival time)
  Source:                 bd_0_i/hls_inst/inst/ap_enable_reg_pp0_iter0_reg_reg/C
                            (rising edge-triggered cell FDRE clocked by ap_clk  {rise@0.000ns fall@5.000ns period=10.000ns})
  Destination:            bd_0_i/hls_inst/inst/mac_muladd_8s_8s_16ns_16_4_1_U3/matrixmul_mac_muladd_8s_8s_16ns_16_4_1_DSP48_0_U/p_reg_reg/CEA1
                            (rising edge-triggered cell DSP48E1 clocked by ap_clk  {rise@0.000ns fall@5.000ns period=10.000ns})
  Path Group:             ap_clk
  Path Type:              Setup (Max at Slow Process Corner)
  Requirement:            10.000ns  (ap_clk rise@10.000ns - ap_clk rise@0.000ns)
  Data Path Delay:        2.397ns  (logic 0.813ns (33.921%)  route 1.584ns (66.079%))
  Logic Levels:           1  (LUT4=1)
  Clock Path Skew:        -0.049ns (DCD - SCD + CPR)
    Destination Clock Delay (DCD):    0.924ns = ( 10.924 - 10.000 ) 
    Source Clock Delay      (SCD):    0.973ns
    Clock Pessimism Removal (CPR):    0.000ns
  Clock Uncertainty:      0.035ns  ((TSJ^2 + TIJ^2)^1/2 + DJ) / 2 + PE
    Total System Jitter     (TSJ):    0.071ns
    Total Input Jitter      (TIJ):    0.000ns
    Discrete Jitter          (DJ):    0.000ns
    Phase Error              (PE):    0.000ns

    Location             Delay type                Incr(ns)  Path(ns)    Netlist Resource(s)
  -------------------------------------------------------------------    -------------------
                         (clock ap_clk rise edge)     0.000     0.000 r  
                                                      0.000     0.000 r  ap_clk (IN)
                         net (fo=41, unset)           0.973     0.973    bd_0_i/hls_inst/inst/ap_clk
                         FDRE                                         r  bd_0_i/hls_inst/inst/ap_enable_reg_pp0_iter0_reg_reg/C
  -------------------------------------------------------------------    -------------------
                         FDRE (Prop_fdre_C_Q)         0.518     1.491 r  bd_0_i/hls_inst/inst/ap_enable_reg_pp0_iter0_reg_reg/Q
                         net (fo=10, unplaced)        0.784     2.275    bd_0_i/hls_inst/inst/mac_muladd_8s_8s_16ns_16_4_1_U3/matrixmul_mac_muladd_8s_8s_16ns_16_4_1_DSP48_0_U/ap_enable_reg_pp0_iter0_reg
                         LUT4 (Prop_lut4_I1_O)        0.295     2.570 r  bd_0_i/hls_inst/inst/mac_muladd_8s_8s_16ns_16_4_1_U3/matrixmul_mac_muladd_8s_8s_16ns_16_4_1_DSP48_0_U/a_ce0_INST_0/O
                         net (fo=2, unplaced)         0.800     3.370    bd_0_i/hls_inst/inst/mac_muladd_8s_8s_16ns_16_4_1_U3/matrixmul_mac_muladd_8s_8s_16ns_16_4_1_DSP48_0_U/a_ce0
                         DSP48E1                                      r  bd_0_i/hls_inst/inst/mac_muladd_8s_8s_16ns_16_4_1_U3/matrixmul_mac_muladd_8s_8s_16ns_16_4_1_DSP48_0_U/p_reg_reg/CEA1
  -------------------------------------------------------------------    -------------------

                         (clock ap_clk rise edge)    10.000    10.000 r  
                                                      0.000    10.000 r  ap_clk (IN)
                         net (fo=41, unset)           0.924    10.924    bd_0_i/hls_inst/inst/mac_muladd_8s_8s_16ns_16_4_1_U3/matrixmul_mac_muladd_8s_8s_16ns_16_4_1_DSP48_0_U/ap_clk
                         DSP48E1                                      r  bd_0_i/hls_inst/inst/mac_muladd_8s_8s_16ns_16_4_1_U3/matrixmul_mac_muladd_8s_8s_16ns_16_4_1_DSP48_0_U/p_reg_reg/CLK
                         clock pessimism              0.000    10.924    
                         clock uncertainty           -0.035    10.889    
                         DSP48E1 (Setup_dsp48e1_CLK_CEA1)
                                                     -0.497    10.392    bd_0_i/hls_inst/inst/mac_muladd_8s_8s_16ns_16_4_1_U3/matrixmul_mac_muladd_8s_8s_16ns_16_4_1_DSP48_0_U/p_reg_reg
  -------------------------------------------------------------------
                         required time                         10.392    
                         arrival time                          -3.370    
  -------------------------------------------------------------------
                         slack                                  7.022    

Slack (MET) :             7.022ns  (required time - arrival time)
  Source:                 bd_0_i/hls_inst/inst/ap_enable_reg_pp0_iter0_reg_reg/C
                            (rising edge-triggered cell FDRE clocked by ap_clk  {rise@0.000ns fall@5.000ns period=10.000ns})
  Destination:            bd_0_i/hls_inst/inst/mac_muladd_8s_8s_16s_16_4_1_U2/matrixmul_mac_muladd_8s_8s_16s_16_4_1_DSP48_0_U/m_reg_reg/CEA1
                            (rising edge-triggered cell DSP48E1 clocked by ap_clk  {rise@0.000ns fall@5.000ns period=10.000ns})
  Path Group:             ap_clk
  Path Type:              Setup (Max at Slow Process Corner)
  Requirement:            10.000ns  (ap_clk rise@10.000ns - ap_clk rise@0.000ns)
  Data Path Delay:        2.397ns  (logic 0.813ns (33.921%)  route 1.584ns (66.079%))
  Logic Levels:           1  (LUT4=1)
  Clock Path Skew:        -0.049ns (DCD - SCD + CPR)
    Destination Clock Delay (DCD):    0.924ns = ( 10.924 - 10.000 ) 
    Source Clock Delay      (SCD):    0.973ns
    Clock Pessimism Removal (CPR):    0.000ns
  Clock Uncertainty:      0.035ns  ((TSJ^2 + TIJ^2)^1/2 + DJ) / 2 + PE
    Total System Jitter     (TSJ):    0.071ns
    Total Input Jitter      (TIJ):    0.000ns
    Discrete Jitter          (DJ):    0.000ns
    Phase Error              (PE):    0.000ns

    Location             Delay type                Incr(ns)  Path(ns)    Netlist Resource(s)
  -------------------------------------------------------------------    -------------------
                         (clock ap_clk rise edge)     0.000     0.000 r  
                                                      0.000     0.000 r  ap_clk (IN)
                         net (fo=41, unset)           0.973     0.973    bd_0_i/hls_inst/inst/ap_clk
                         FDRE                                         r  bd_0_i/hls_inst/inst/ap_enable_reg_pp0_iter0_reg_reg/C
  -------------------------------------------------------------------    -------------------
                         FDRE (Prop_fdre_C_Q)         0.518     1.491 r  bd_0_i/hls_inst/inst/ap_enable_reg_pp0_iter0_reg_reg/Q
                         net (fo=10, unplaced)        0.784     2.275    bd_0_i/hls_inst/inst/mac_muladd_8s_8s_16ns_16_4_1_U3/matrixmul_mac_muladd_8s_8s_16ns_16_4_1_DSP48_0_U/ap_enable_reg_pp0_iter0_reg
                         LUT4 (Prop_lut4_I1_O)        0.295     2.570 r  bd_0_i/hls_inst/inst/mac_muladd_8s_8s_16ns_16_4_1_U3/matrixmul_mac_muladd_8s_8s_16ns_16_4_1_DSP48_0_U/a_ce0_INST_0/O
                         net (fo=2, unplaced)         0.800     3.370    bd_0_i/hls_inst/inst/mac_muladd_8s_8s_16s_16_4_1_U2/matrixmul_mac_muladd_8s_8s_16s_16_4_1_DSP48_0_U/a_ce0
                         DSP48E1                                      r  bd_0_i/hls_inst/inst/mac_muladd_8s_8s_16s_16_4_1_U2/matrixmul_mac_muladd_8s_8s_16s_16_4_1_DSP48_0_U/m_reg_reg/CEA1
  -------------------------------------------------------------------    -------------------

                         (clock ap_clk rise edge)    10.000    10.000 r  
                                                      0.000    10.000 r  ap_clk (IN)
                         net (fo=41, unset)           0.924    10.924    bd_0_i/hls_inst/inst/mac_muladd_8s_8s_16s_16_4_1_U2/matrixmul_mac_muladd_8s_8s_16s_16_4_1_DSP48_0_U/ap_clk
                         DSP48E1                                      r  bd_0_i/hls_inst/inst/mac_muladd_8s_8s_16s_16_4_1_U2/matrixmul_mac_muladd_8s_8s_16s_16_4_1_DSP48_0_U/m_reg_reg/CLK
                         clock pessimism              0.000    10.924    
                         clock uncertainty           -0.035    10.889    
                         DSP48E1 (Setup_dsp48e1_CLK_CEA1)
                                                     -0.497    10.392    bd_0_i/hls_inst/inst/mac_muladd_8s_8s_16s_16_4_1_U2/matrixmul_mac_muladd_8s_8s_16s_16_4_1_DSP48_0_U/m_reg_reg
  -------------------------------------------------------------------
                         required time                         10.392    
                         arrival time                          -3.370    
  -------------------------------------------------------------------
                         slack                                  7.022    

Slack (MET) :             7.113ns  (required time - arrival time)
  Source:                 bd_0_i/hls_inst/inst/ap_CS_fsm_reg[1]/C
                            (rising edge-triggered cell FDRE clocked by ap_clk  {rise@0.000ns fall@5.000ns period=10.000ns})
  Destination:            bd_0_i/hls_inst/inst/ap_CS_fsm_reg[1]/D
                            (rising edge-triggered cell FDRE clocked by ap_clk  {rise@0.000ns fall@5.000ns period=10.000ns})
  Path Group:             ap_clk
  Path Type:              Setup (Max at Slow Process Corner)
  Requirement:            10.000ns  (ap_clk rise@10.000ns - ap_clk rise@0.000ns)
  Data Path Delay:        2.880ns  (logic 0.937ns (32.535%)  route 1.943ns (67.465%))
  Logic Levels:           2  (LUT6=2)
  Clock Path Skew:        -0.049ns (DCD - SCD + CPR)
    Destination Clock Delay (DCD):    0.924ns = ( 10.924 - 10.000 ) 
    Source Clock Delay      (SCD):    0.973ns
    Clock Pessimism Removal (CPR):    0.000ns
  Clock Uncertainty:      0.035ns  ((TSJ^2 + TIJ^2)^1/2 + DJ) / 2 + PE
    Total System Jitter     (TSJ):    0.071ns
    Total Input Jitter      (TIJ):    0.000ns
    Discrete Jitter          (DJ):    0.000ns
    Phase Error              (PE):    0.000ns

    Location             Delay type                Incr(ns)  Path(ns)    Netlist Resource(s)
  -------------------------------------------------------------------    -------------------
                         (clock ap_clk rise edge)     0.000     0.000 r  
                                                      0.000     0.000 r  ap_clk (IN)
                         net (fo=41, unset)           0.973     0.973    bd_0_i/hls_inst/inst/ap_clk
                         FDRE                                         r  bd_0_i/hls_inst/inst/ap_CS_fsm_reg[1]/C
  -------------------------------------------------------------------    -------------------
                         FDRE (Prop_fdre_C_Q)         0.518     1.491 f  bd_0_i/hls_inst/inst/ap_CS_fsm_reg[1]/Q
                         net (fo=25, unplaced)        1.030     2.521    bd_0_i/hls_inst/inst/flow_control_loop_delay_pipe_U/Q[1]
                         LUT6 (Prop_lut6_I0_O)        0.295     2.816 f  bd_0_i/hls_inst/inst/flow_control_loop_delay_pipe_U/ap_CS_fsm[1]_i_2/O
                         net (fo=2, unplaced)         0.913     3.729    bd_0_i/hls_inst/inst/flow_control_loop_delay_pipe_U/ap_CS_fsm[1]_i_2_n_0
                         LUT6 (Prop_lut6_I0_O)        0.124     3.853 r  bd_0_i/hls_inst/inst/flow_control_loop_delay_pipe_U/ap_CS_fsm[1]_i_1/O
                         net (fo=1, unplaced)         0.000     3.853    bd_0_i/hls_inst/inst/flow_control_loop_delay_pipe_U_n_8
                         FDRE                                         r  bd_0_i/hls_inst/inst/ap_CS_fsm_reg[1]/D
  -------------------------------------------------------------------    -------------------

                         (clock ap_clk rise edge)    10.000    10.000 r  
                                                      0.000    10.000 r  ap_clk (IN)
                         net (fo=41, unset)           0.924    10.924    bd_0_i/hls_inst/inst/ap_clk
                         FDRE                                         r  bd_0_i/hls_inst/inst/ap_CS_fsm_reg[1]/C
                         clock pessimism              0.000    10.924    
                         clock uncertainty           -0.035    10.889    
                         FDRE (Setup_fdre_C_D)        0.077    10.966    bd_0_i/hls_inst/inst/ap_CS_fsm_reg[1]
  -------------------------------------------------------------------
                         required time                         10.966    
                         arrival time                          -3.853    
  -------------------------------------------------------------------
                         slack                                  7.113    

Slack (MET) :             7.147ns  (required time - arrival time)
  Source:                 bd_0_i/hls_inst/inst/indvar_flatten1_fu_58_reg[2]/C
                            (rising edge-triggered cell FDRE clocked by ap_clk  {rise@0.000ns fall@5.000ns period=10.000ns})
  Destination:            bd_0_i/hls_inst/inst/ap_condition_exit_pp0_iter0_stage1_pp0_iter1_reg_reg/D
                            (rising edge-triggered cell FDRE clocked by ap_clk  {rise@0.000ns fall@5.000ns period=10.000ns})
  Path Group:             ap_clk
  Path Type:              Setup (Max at Slow Process Corner)
  Requirement:            10.000ns  (ap_clk rise@10.000ns - ap_clk rise@0.000ns)
  Data Path Delay:        2.846ns  (logic 0.937ns (32.923%)  route 1.909ns (67.077%))
  Logic Levels:           2  (LUT5=1 LUT6=1)
  Clock Path Skew:        -0.049ns (DCD - SCD + CPR)
    Destination Clock Delay (DCD):    0.924ns = ( 10.924 - 10.000 ) 
    Source Clock Delay      (SCD):    0.973ns
    Clock Pessimism Removal (CPR):    0.000ns
  Clock Uncertainty:      0.035ns  ((TSJ^2 + TIJ^2)^1/2 + DJ) / 2 + PE
    Total System Jitter     (TSJ):    0.071ns
    Total Input Jitter      (TIJ):    0.000ns
    Discrete Jitter          (DJ):    0.000ns
    Phase Error              (PE):    0.000ns

    Location             Delay type                Incr(ns)  Path(ns)    Netlist Resource(s)
  -------------------------------------------------------------------    -------------------
                         (clock ap_clk rise edge)     0.000     0.000 r  
                                                      0.000     0.000 r  ap_clk (IN)
                         net (fo=41, unset)           0.973     0.973    bd_0_i/hls_inst/inst/ap_clk
                         FDRE                                         r  bd_0_i/hls_inst/inst/indvar_flatten1_fu_58_reg[2]/C
  -------------------------------------------------------------------    -------------------
                         FDRE (Prop_fdre_C_Q)         0.518     1.491 f  bd_0_i/hls_inst/inst/indvar_flatten1_fu_58_reg[2]/Q
                         net (fo=4, unplaced)         0.989     2.480    bd_0_i/hls_inst/inst/flow_control_loop_delay_pipe_U/ap_loop_init_reg_1[2]
                         LUT6 (Prop_lut6_I0_O)        0.295     2.775 r  bd_0_i/hls_inst/inst/flow_control_loop_delay_pipe_U/rewind_ap_ready_reg_i_2/O
                         net (fo=3, unplaced)         0.920     3.695    bd_0_i/hls_inst/inst/flow_control_loop_delay_pipe_U/rewind_ap_ready_reg_i_2_n_0
                         LUT5 (Prop_lut5_I2_O)        0.124     3.819 r  bd_0_i/hls_inst/inst/flow_control_loop_delay_pipe_U/ap_condition_exit_pp0_iter0_stage1_pp0_iter1_reg_i_1/O
                         net (fo=1, unplaced)         0.000     3.819    bd_0_i/hls_inst/inst/flow_control_loop_delay_pipe_U_n_18
                         FDRE                                         r  bd_0_i/hls_inst/inst/ap_condition_exit_pp0_iter0_stage1_pp0_iter1_reg_reg/D
  -------------------------------------------------------------------    -------------------

                         (clock ap_clk rise edge)    10.000    10.000 r  
                                                      0.000    10.000 r  ap_clk (IN)
                         net (fo=41, unset)           0.924    10.924    bd_0_i/hls_inst/inst/ap_clk
                         FDRE                                         r  bd_0_i/hls_inst/inst/ap_condition_exit_pp0_iter0_stage1_pp0_iter1_reg_reg/C
                         clock pessimism              0.000    10.924    
                         clock uncertainty           -0.035    10.889    
                         FDRE (Setup_fdre_C_D)        0.077    10.966    bd_0_i/hls_inst/inst/ap_condition_exit_pp0_iter0_stage1_pp0_iter1_reg_reg
  -------------------------------------------------------------------
                         required time                         10.966    
                         arrival time                          -3.819    
  -------------------------------------------------------------------
                         slack                                  7.147    




