02/14/25 11:45:59: Running xcd server. This server was built by gradle.
02/14/25 11:45:59: Server was asked to start on port: '54020'
02/14/25 11:45:59: Server is using token UUID: 'de132648-7b8d-471b-873e-c94f2d903def'
02/14/25 11:45:59: SESSION_MGR: creating session with session uuid: '6d04a3e9-ade5-4ab9-8d63-1f78fcd2ec76' and name 'default'
02/14/25 11:45:59: Attempting to start server on port '54020'
02/14/25 11:45:59: Running Dispatch Server
02/14/25 11:45:59: Version 2.2.0
02/14/25 11:46:00: Dispatch Server: Accepted socket connection from client
02/14/25 11:46:00: Starting Socket connection
02/14/25 11:46:00: EXCHANGE_TOKEN received, server token: de132648-7b8d-471b-873e-c94f2d903def, passed token: de132648-7b8d-471b-873e-c94f2d903def
02/14/25 11:46:00: DISPATCH_HANDLER: Adding handler from function makeHandler in library xv_system_diagram
02/14/25 11:46:00: SESSION_MGR: creating session with session uuid: 'dbf4480d-804a-4732-9d5c-d5f4f21ef81e' and name 'v++_compile_dct_solution7'
02/14/25 11:46:00: KERNEL_SVC: creating session with uuid: 'dbf4480d-804a-4732-9d5c-d5f4f21ef81e' and name 'v++_compile_dct_solution7'
02/14/25 11:46:00: GUIDANCE_SMGR: creating guidance session with uuid: 'dbf4480d-804a-4732-9d5c-d5f4f21ef81e' and name 'v++_compile_dct_solution7'
02/14/25 11:46:00: SYSTEM_DIAGRAM: creating session with uuid: 'dbf4480d-804a-4732-9d5c-d5f4f21ef81e' and name 'v++_compile_dct_solution7'
02/14/25 11:46:05: Dispatch Server: Accepted socket connection from client
02/14/25 11:46:05: Starting Socket connection
02/14/25 11:46:28: SESSION_MGR: closing session for UUID 'dbf4480d-804a-4732-9d5c-d5f4f21ef81e' with name 'v++_compile_dct_solution7'
02/14/25 11:46:28: KERNEL_SVC: closing session for UUID 'dbf4480d-804a-4732-9d5c-d5f4f21ef81e' with name 'v++_compile_dct_solution7'
02/14/25 11:46:28: GUIDANCE_SMGR: closing session for UUID 'dbf4480d-804a-4732-9d5c-d5f4f21ef81e' with name 'v++_compile_dct_solution7'
02/14/25 11:46:28: SYSTEM_DIAGRAM: closing session for UUID 'dbf4480d-804a-4732-9d5c-d5f4f21ef81e' with name 'v++_compile_dct_solution7'
02/14/25 11:46:28: STOP_SERVER received, server token: de132648-7b8d-471b-873e-c94f2d903def, passed token: de132648-7b8d-471b-873e-c94f2d903def
02/14/25 11:46:28: Socket received request to stop server.
02/14/25 11:46:28: Dispatch Server: do_await_stop
02/14/25 11:46:28: SERVER: destructor for server bound to port 54020
