#-----------------------------------------------------------
# xsim v2024.2 (64-bit)
# SW Build 5239630 on Fri Nov 08 22:35:27 MST 2024
# IP Build 5239520 on Sun Nov 10 16:12:51 MST 2024
# SharedData Build 5239561 on Fri Nov 08 14:39:27 MST 2024
# Start of session at: Tue Feb 11 16:24:52 2025
# Process ID         : 81808
# Current directory  : E:/robot/project/xilinx_fpga_class/hls/lab1/sources/matrixmul/matrixmul/hls/sim/verilog
# Command line       : xsim.exe -source {xsim.dir/matrixmul/xsim_script.tcl}
# Log file           : E:/robot/project/xilinx_fpga_class/hls/lab1/sources/matrixmul/matrixmul/hls/sim/verilog/xsim.log
# Journal file       : E:/robot/project/xilinx_fpga_class/hls/lab1/sources/matrixmul/matrixmul/hls/sim/verilog\xsim.jou
# Running On         : nightt_insider
# Platform           : Windows Server 2016 or Windows 10
# Operating System   : 26100
# Processor Detail   : AMD Ryzen 7 5800U with Radeon Graphics         
# CPU Frequency      : 1896 MHz
# CPU Physical cores : 8
# CPU Logical cores  : 16
# Host memory        : 16487 MB
# Swap memory        : 25769 MB
# Total Virtual      : 42257 MB
# Available Virtual  : 10999 MB
#-----------------------------------------------------------
start_gui
source xsim.dir/matrixmul/xsim_script.tcl
# set_param project.enableReportConfiguration 0
# load_feature core
# current_fileset
INFO: [IP_Flow 19-234] Refreshing IP repositories
INFO: [IP_Flow 19-1704] No user IP repositories specified
INFO: [IP_Flow 19-2313] Loaded Vivado IP repository 'E:/xilinx/Vivado/2024.2/data/ip'.
current_fileset: Time (s): cpu = 00:00:09 ; elapsed = 00:00:05 . Memory (MB): peak = 1158.504 ; gain = 94.875
# xsim {matrixmul} -view {{matrixmul_dataflow_ana.wcfg}} -tclbatch {matrixmul.tcl} -protoinst {matrixmul.protoinst}
INFO: [Wavedata 42-565] Reading protoinst file matrixmul.protoinst
INFO: [Wavedata 42-564]   Found protocol instance at /apatb_matrixmul_top/AESL_inst_matrixmul//AESL_inst_matrixmul_activity
Time resolution is 1 ps
open_wave_config matrixmul_dataflow_ana.wcfg
source matrixmul.tcl
## log_wave -r /
WARNING: [Simtcl 6-197] One or more HDL objects could not be logged because of object type or size limitations.  To see details please rerun the command with -verbose (-v).
## set designtopgroup [add_wave_group "Design Top Signals"]
## set coutputgroup [add_wave_group "C Outputs" -into $designtopgroup]
## set return_group [add_wave_group return(memory) -into $coutputgroup]
## add_wave /apatb_matrixmul_top/AESL_inst_matrixmul/res_d0 -into $return_group -radix hex
## add_wave /apatb_matrixmul_top/AESL_inst_matrixmul/res_we0 -into $return_group -color #ffff00 -radix hex
## add_wave /apatb_matrixmul_top/AESL_inst_matrixmul/res_ce0 -into $return_group -color #ffff00 -radix hex
## add_wave /apatb_matrixmul_top/AESL_inst_matrixmul/res_address0 -into $return_group -radix hex
## set cinputgroup [add_wave_group "C Inputs" -into $designtopgroup]
## set return_group [add_wave_group return(memory) -into $cinputgroup]
## add_wave /apatb_matrixmul_top/AESL_inst_matrixmul/b_q1 -into $return_group -radix hex
## add_wave /apatb_matrixmul_top/AESL_inst_matrixmul/b_ce1 -into $return_group -color #ffff00 -radix hex
## add_wave /apatb_matrixmul_top/AESL_inst_matrixmul/b_address1 -into $return_group -radix hex
## add_wave /apatb_matrixmul_top/AESL_inst_matrixmul/b_q0 -into $return_group -radix hex
## add_wave /apatb_matrixmul_top/AESL_inst_matrixmul/b_ce0 -into $return_group -color #ffff00 -radix hex
## add_wave /apatb_matrixmul_top/AESL_inst_matrixmul/b_address0 -into $return_group -radix hex
## add_wave /apatb_matrixmul_top/AESL_inst_matrixmul/a_q1 -into $return_group -radix hex
## add_wave /apatb_matrixmul_top/AESL_inst_matrixmul/a_ce1 -into $return_group -color #ffff00 -radix hex
## add_wave /apatb_matrixmul_top/AESL_inst_matrixmul/a_address1 -into $return_group -radix hex
## add_wave /apatb_matrixmul_top/AESL_inst_matrixmul/a_q0 -into $return_group -radix hex
## add_wave /apatb_matrixmul_top/AESL_inst_matrixmul/a_ce0 -into $return_group -color #ffff00 -radix hex
## add_wave /apatb_matrixmul_top/AESL_inst_matrixmul/a_address0 -into $return_group -radix hex
## set blocksiggroup [add_wave_group "Block-level IO Handshake" -into $designtopgroup]
## add_wave /apatb_matrixmul_top/AESL_inst_matrixmul/ap_start -into $blocksiggroup
## add_wave /apatb_matrixmul_top/AESL_inst_matrixmul/ap_done -into $blocksiggroup
## add_wave /apatb_matrixmul_top/AESL_inst_matrixmul/ap_idle -into $blocksiggroup
## add_wave /apatb_matrixmul_top/AESL_inst_matrixmul/ap_ready -into $blocksiggroup
## set resetgroup [add_wave_group "Reset" -into $designtopgroup]
## add_wave /apatb_matrixmul_top/AESL_inst_matrixmul/ap_rst -into $resetgroup
## set clockgroup [add_wave_group "Clock" -into $designtopgroup]
## add_wave /apatb_matrixmul_top/AESL_inst_matrixmul/ap_clk -into $clockgroup
## set testbenchgroup [add_wave_group "Test Bench Signals"]
## set tbinternalsiggroup [add_wave_group "Internal Signals" -into $testbenchgroup]
## set tb_simstatus_group [add_wave_group "Simulation Status" -into $tbinternalsiggroup]
## set tb_portdepth_group [add_wave_group "Port Depth" -into $tbinternalsiggroup]
## add_wave /apatb_matrixmul_top/AUTOTB_TRANSACTION_NUM -into $tb_simstatus_group -radix hex
## add_wave /apatb_matrixmul_top/ready_cnt -into $tb_simstatus_group -radix hex
## add_wave /apatb_matrixmul_top/done_cnt -into $tb_simstatus_group -radix hex
## add_wave /apatb_matrixmul_top/LENGTH_a -into $tb_portdepth_group -radix hex
## add_wave /apatb_matrixmul_top/LENGTH_b -into $tb_portdepth_group -radix hex
## add_wave /apatb_matrixmul_top/LENGTH_res -into $tb_portdepth_group -radix hex
## set tbcoutputgroup [add_wave_group "C Outputs" -into $testbenchgroup]
## set tb_return_group [add_wave_group return(memory) -into $tbcoutputgroup]
## add_wave /apatb_matrixmul_top/res_d0 -into $tb_return_group -radix hex
## add_wave /apatb_matrixmul_top/res_we0 -into $tb_return_group -color #ffff00 -radix hex
## add_wave /apatb_matrixmul_top/res_ce0 -into $tb_return_group -color #ffff00 -radix hex
## add_wave /apatb_matrixmul_top/res_address0 -into $tb_return_group -radix hex
## set tbcinputgroup [add_wave_group "C Inputs" -into $testbenchgroup]
## set tb_return_group [add_wave_group return(memory) -into $tbcinputgroup]
## add_wave /apatb_matrixmul_top/b_q1 -into $tb_return_group -radix hex
## add_wave /apatb_matrixmul_top/b_ce1 -into $tb_return_group -color #ffff00 -radix hex
## add_wave /apatb_matrixmul_top/b_address1 -into $tb_return_group -radix hex
## add_wave /apatb_matrixmul_top/b_q0 -into $tb_return_group -radix hex
## add_wave /apatb_matrixmul_top/b_ce0 -into $tb_return_group -color #ffff00 -radix hex
## add_wave /apatb_matrixmul_top/b_address0 -into $tb_return_group -radix hex
## add_wave /apatb_matrixmul_top/a_q1 -into $tb_return_group -radix hex
## add_wave /apatb_matrixmul_top/a_ce1 -into $tb_return_group -color #ffff00 -radix hex
## add_wave /apatb_matrixmul_top/a_address1 -into $tb_return_group -radix hex
## add_wave /apatb_matrixmul_top/a_q0 -into $tb_return_group -radix hex
## add_wave /apatb_matrixmul_top/a_ce0 -into $tb_return_group -color #ffff00 -radix hex
## add_wave /apatb_matrixmul_top/a_address0 -into $tb_return_group -radix hex
## save_wave_config matrixmul.wcfg
## run all
////////////////////////////////////////////////////////////////////////////////////
// Inter-Transaction Progress: Completed Transaction / Total Transaction
// Intra-Transaction Progress: Measured Latency / Latency Estimation * 100%
//
// RTL Simulation : "Inter-Transaction Progress" ["Intra-Transaction Progress"] @ "Simulation Time"
////////////////////////////////////////////////////////////////////////////////////
// RTL Simulation : 0 / 1 [0.00%] @ "125000"
// RTL Simulation : 1 / 1 [100.00%] @ "365000"
////////////////////////////////////////////////////////////////////////////////////
$finish called at time : 425 ns : File "E:/robot/project/xilinx_fpga_class/hls/lab1/sources/matrixmul/matrixmul/hls/sim/verilog/matrixmul.autotb.v" Line 337
xsim: Time (s): cpu = 00:00:16 ; elapsed = 00:00:09 . Memory (MB): peak = 1221.102 ; gain = 62.598
run 1 us
close_sim
INFO: [Simtcl 6-16] Simulation closed
exit
INFO: [Common 17-206] Exiting xsim at Tue Feb 11 16:32:40 2025...
