  **** HLS Build v2024.2 5238294
INFO: [HLS 200-2005] Using work_dir E:/robot/project/xilinx_fpga_class/hls/lab2/w/yuv_filter_soultion4/yuv_filter_soultion4 
INFO: [HLS 200-1505] Using default flow_target 'vivado'
Resolution: For help on HLS 200-1505 see docs.xilinx.com/access/sources/dita/topic?Doc_Version=2024.2%20English&url=ug1448-hls-guidance&resourceid=200-1505.html
INFO: [HLS 200-1465] Applying ini 'syn.file=E:\robot\project\xilinx_fpga_class\hls\lab2/yuv_filter.c' from E:/robot/project/xilinx_fpga_class/hls/lab2/w/yuv_filter_soultion4/hls_config.cfg(7)
INFO: [HLS 200-10] Adding design file 'E:/robot/project/xilinx_fpga_class/hls/lab2/yuv_filter.c' to the project
INFO: [HLS 200-1465] Applying ini 'tb.file=E:\robot\project\xilinx_fpga_class\hls\lab2/image_aux.c' from E:/robot/project/xilinx_fpga_class/hls/lab2/w/yuv_filter_soultion4/hls_config.cfg(8)
INFO: [HLS 200-10] Adding test bench file 'E:/robot/project/xilinx_fpga_class/hls/lab2/image_aux.c' to the project
INFO: [HLS 200-1465] Applying ini 'tb.file=E:\robot\project\xilinx_fpga_class\hls\lab2/yuv_filter_test.c' from E:/robot/project/xilinx_fpga_class/hls/lab2/w/yuv_filter_soultion4/hls_config.cfg(9)
INFO: [HLS 200-10] Adding test bench file 'E:/robot/project/xilinx_fpga_class/hls/lab2/yuv_filter_test.c' to the project
INFO: [HLS 200-1465] Applying ini 'tb.file=E:\robot\project\xilinx_fpga_class\hls\lab2/test_data' from E:/robot/project/xilinx_fpga_class/hls/lab2/w/yuv_filter_soultion4/hls_config.cfg(10)
INFO: [HLS 200-10] Adding test bench file 'E:/robot/project/xilinx_fpga_class/hls/lab2/test_data' to the project
INFO: [HLS 200-1465] Applying ini 'syn.top=yuv_filter' from E:/robot/project/xilinx_fpga_class/hls/lab2/w/yuv_filter_soultion4/hls_config.cfg(11)
INFO: [HLS 200-1465] Applying ini 'flow_target=vitis' from E:/robot/project/xilinx_fpga_class/hls/lab2/w/yuv_filter_soultion4/hls_config.cfg(4)
INFO: [HLS 200-1505] Using flow_target 'vitis'
Resolution: For help on HLS 200-1505 see docs.xilinx.com/access/sources/dita/topic?Doc_Version=2024.2%20English&url=ug1448-hls-guidance&resourceid=200-1505.html
INFO: [HLS 200-435] Setting 'open_solution -flow_target vitis' configuration: config_interface -m_axi_latency=64
INFO: [HLS 200-435] Setting 'open_solution -flow_target vitis' configuration: config_interface -m_axi_alignment_byte_size=64
INFO: [HLS 200-435] Setting 'open_solution -flow_target vitis' configuration: config_interface -m_axi_max_widen_bitwidth=512
INFO: [HLS 200-435] Setting 'open_solution -flow_target vitis' configuration: config_rtl -register_reset_num=3
INFO: [HLS 200-1465] Applying ini 'part=xc7z020clg400-1' from E:/robot/project/xilinx_fpga_class/hls/lab2/w/yuv_filter_soultion4/hls_config.cfg(1)
INFO: [HLS 200-1611] Setting target device to 'xc7z020-clg400-1'
INFO: [HLS 200-1465] Applying ini 'clock=10' from E:/robot/project/xilinx_fpga_class/hls/lab2/w/yuv_filter_soultion4/hls_config.cfg(12)
INFO: [SYN 201-201] Setting up clock 'default' with a period of 10ns.
INFO: [HLS 200-1465] Applying ini 'csim.code_analyzer=0' from E:/robot/project/xilinx_fpga_class/hls/lab2/w/yuv_filter_soultion4/hls_config.cfg(13)
INFO: [HLS 200-1465] Applying ini 'package.output.format=xo' from E:/robot/project/xilinx_fpga_class/hls/lab2/w/yuv_filter_soultion4/hls_config.cfg(5)
INFO: [HLS 200-1465] Applying ini 'syn.dataflow.default_channel=fifo' from E:/robot/project/xilinx_fpga_class/hls/lab2/w/yuv_filter_soultion4/hls_config.cfg(18)
INFO: [XFORM 203-701] Set the default channel type in dataflow to FIFO.
INFO: [HLS 200-1465] Applying ini 'syn.dataflow.fifo_depth=2' from E:/robot/project/xilinx_fpga_class/hls/lab2/w/yuv_filter_soultion4/hls_config.cfg(17)
INFO: [XFORM 203-701] Set default FIFO size in dataflow to 2.
INFO: [XFORM 203-701] Set the default channel type in dataflow to FIFO.
INFO: [HLS 200-1465] Applying ini 'syn.directive.pipeline=rgb2yuv/RGB2YUV_LOOP_Y' from E:/robot/project/xilinx_fpga_class/hls/lab2/w/yuv_filter_soultion4/hls_config.cfg(14)
INFO: [HLS 200-1465] Applying ini 'syn.directive.pipeline=yuv_scale/YUV_SCALE_LOOP_Y' from E:/robot/project/xilinx_fpga_class/hls/lab2/w/yuv_filter_soultion4/hls_config.cfg(15)
INFO: [HLS 200-1465] Applying ini 'syn.directive.pipeline=yuv2rgb/YUV2RGB_LOOP_Y' from E:/robot/project/xilinx_fpga_class/hls/lab2/w/yuv_filter_soultion4/hls_config.cfg(16)
INFO: [HLS 200-111] Finished File checks and directory preparation: CPU user time: 5 seconds. CPU system time: 2 seconds. Elapsed time: 6.943 seconds; current allocated memory: 619.473 MB.
INFO: [HLS 200-10] Analyzing design file 'E:/robot/project/xilinx_fpga_class/hls/lab2/yuv_filter.c' ... 
INFO: [HLS 200-111] Finished Source Code Analysis and Preprocessing: CPU user time: 0 seconds. CPU system time: 0 seconds. Elapsed time: 1.381 seconds; current allocated memory: 621.871 MB.
INFO: [HLS 200-777] Using interface defaults for 'Vitis' flow target.
INFO: [HLS 200-1995] There were 455 instructions in the design after the 'Compile/Link' phase of compilation. See the Design Size Report for more details: E:/robot/project/xilinx_fpga_class/hls/lab2/w/yuv_filter_soultion4/yuv_filter_soultion4/hls/syn/report/csynth_design_size.rpt
INFO: [HLS 200-1995] There were 326 instructions in the design after the 'Unroll/Inline (step 1)' phase of compilation. See the Design Size Report for more details: E:/robot/project/xilinx_fpga_class/hls/lab2/w/yuv_filter_soultion4/yuv_filter_soultion4/hls/syn/report/csynth_design_size.rpt
INFO: [HLS 200-1995] There were 197 instructions in the design after the 'Unroll/Inline (step 2)' phase of compilation. See the Design Size Report for more details: E:/robot/project/xilinx_fpga_class/hls/lab2/w/yuv_filter_soultion4/yuv_filter_soultion4/hls/syn/report/csynth_design_size.rpt
INFO: [HLS 200-1995] There were 241 instructions in the design after the 'Unroll/Inline (step 3)' phase of compilation. See the Design Size Report for more details: E:/robot/project/xilinx_fpga_class/hls/lab2/w/yuv_filter_soultion4/yuv_filter_soultion4/hls/syn/report/csynth_design_size.rpt
INFO: [HLS 200-1995] There were 241 instructions in the design after the 'Unroll/Inline (step 4)' phase of compilation. See the Design Size Report for more details: E:/robot/project/xilinx_fpga_class/hls/lab2/w/yuv_filter_soultion4/yuv_filter_soultion4/hls/syn/report/csynth_design_size.rpt
INFO: [HLS 200-1995] There were 235 instructions in the design after the 'Array/Struct (step 1)' phase of compilation. See the Design Size Report for more details: E:/robot/project/xilinx_fpga_class/hls/lab2/w/yuv_filter_soultion4/yuv_filter_soultion4/hls/syn/report/csynth_design_size.rpt
INFO: [HLS 200-1995] There were 235 instructions in the design after the 'Array/Struct (step 2)' phase of compilation. See the Design Size Report for more details: E:/robot/project/xilinx_fpga_class/hls/lab2/w/yuv_filter_soultion4/yuv_filter_soultion4/hls/syn/report/csynth_design_size.rpt
INFO: [HLS 200-1995] There were 235 instructions in the design after the 'Array/Struct (step 3)' phase of compilation. See the Design Size Report for more details: E:/robot/project/xilinx_fpga_class/hls/lab2/w/yuv_filter_soultion4/yuv_filter_soultion4/hls/syn/report/csynth_design_size.rpt
INFO: [HLS 200-1995] There were 235 instructions in the design after the 'Array/Struct (step 4)' phase of compilation. See the Design Size Report for more details: E:/robot/project/xilinx_fpga_class/hls/lab2/w/yuv_filter_soultion4/yuv_filter_soultion4/hls/syn/report/csynth_design_size.rpt
INFO: [HLS 200-1995] There were 253 instructions in the design after the 'Array/Struct (step 5)' phase of compilation. See the Design Size Report for more details: E:/robot/project/xilinx_fpga_class/hls/lab2/w/yuv_filter_soultion4/yuv_filter_soultion4/hls/syn/report/csynth_design_size.rpt
INFO: [HLS 200-1995] There were 253 instructions in the design after the 'Performance (step 1)' phase of compilation. See the Design Size Report for more details: E:/robot/project/xilinx_fpga_class/hls/lab2/w/yuv_filter_soultion4/yuv_filter_soultion4/hls/syn/report/csynth_design_size.rpt
INFO: [HLS 200-1995] There were 251 instructions in the design after the 'Performance (step 2)' phase of compilation. See the Design Size Report for more details: E:/robot/project/xilinx_fpga_class/hls/lab2/w/yuv_filter_soultion4/yuv_filter_soultion4/hls/syn/report/csynth_design_size.rpt
INFO: [HLS 200-1995] There were 247 instructions in the design after the 'Performance (step 3)' phase of compilation. See the Design Size Report for more details: E:/robot/project/xilinx_fpga_class/hls/lab2/w/yuv_filter_soultion4/yuv_filter_soultion4/hls/syn/report/csynth_design_size.rpt
INFO: [HLS 200-1995] There were 247 instructions in the design after the 'Performance (step 4)' phase of compilation. See the Design Size Report for more details: E:/robot/project/xilinx_fpga_class/hls/lab2/w/yuv_filter_soultion4/yuv_filter_soultion4/hls/syn/report/csynth_design_size.rpt
INFO: [HLS 200-1995] There were 292 instructions in the design after the 'HW Transforms (step 1)' phase of compilation. See the Design Size Report for more details: E:/robot/project/xilinx_fpga_class/hls/lab2/w/yuv_filter_soultion4/yuv_filter_soultion4/hls/syn/report/csynth_design_size.rpt
INFO: [HLS 200-1995] There were 310 instructions in the design after the 'HW Transforms (step 2)' phase of compilation. See the Design Size Report for more details: E:/robot/project/xilinx_fpga_class/hls/lab2/w/yuv_filter_soultion4/yuv_filter_soultion4/hls/syn/report/csynth_design_size.rpt
INFO: [HLS 214-210] Disaggregating variable 'out'
Resolution: For help on HLS 214-210 see docs.xilinx.com/access/sources/dita/topic?Doc_Version=2024.2%20English&url=ug1448-hls-guidance&resourceid=214-210.html
INFO: [HLS 214-210] Disaggregating variable 'out_channels'
Resolution: For help on HLS 214-210 see docs.xilinx.com/access/sources/dita/topic?Doc_Version=2024.2%20English&url=ug1448-hls-guidance&resourceid=214-210.html
INFO: [HLS 214-210] Disaggregating variable 'in'
Resolution: For help on HLS 214-210 see docs.xilinx.com/access/sources/dita/topic?Doc_Version=2024.2%20English&url=ug1448-hls-guidance&resourceid=214-210.html
INFO: [HLS 214-210] Disaggregating variable 'in_channels'
Resolution: For help on HLS 214-210 see docs.xilinx.com/access/sources/dita/topic?Doc_Version=2024.2%20English&url=ug1448-hls-guidance&resourceid=214-210.html
WARNING: [HLS 214-414] Cannot apply interface mode 'ap_none' on function argument 'in_channels_ch1' since this interface mode only supports scalar types (E:/robot/project/xilinx_fpga_class/hls/lab2/yuv_filter.c:37:0)
WARNING: [HLS 214-414] Cannot apply interface mode 'ap_none' on function argument 'in_channels_ch2' since this interface mode only supports scalar types (E:/robot/project/xilinx_fpga_class/hls/lab2/yuv_filter.c:37:0)
WARNING: [HLS 214-414] Cannot apply interface mode 'ap_none' on function argument 'in_channels_ch3' since this interface mode only supports scalar types (E:/robot/project/xilinx_fpga_class/hls/lab2/yuv_filter.c:37:0)
WARNING: [HLS 214-414] Cannot apply interface mode 'ap_none' on function argument 'out_channels_ch1' since this interface mode only supports scalar types (E:/robot/project/xilinx_fpga_class/hls/lab2/yuv_filter.c:37:0)
WARNING: [HLS 214-414] Cannot apply interface mode 'ap_none' on function argument 'out_channels_ch2' since this interface mode only supports scalar types (E:/robot/project/xilinx_fpga_class/hls/lab2/yuv_filter.c:37:0)
WARNING: [HLS 214-414] Cannot apply interface mode 'ap_none' on function argument 'out_channels_ch3' since this interface mode only supports scalar types (E:/robot/project/xilinx_fpga_class/hls/lab2/yuv_filter.c:37:0)
INFO: [HLS 200-111] Finished Compiling Optimization and Transform: CPU user time: 1 seconds. CPU system time: 0 seconds. Elapsed time: 11.599 seconds; current allocated memory: 624.863 MB.
INFO: [HLS 200-111] Finished Checking Pragmas: CPU user time: 0 seconds. CPU system time: 0 seconds. Elapsed time: 0.002 seconds; current allocated memory: 624.867 MB.
INFO: [HLS 200-10] Starting code transformations ...
INFO: [HLS 200-111] Finished Standard Transforms: CPU user time: 0 seconds. CPU system time: 0 seconds. Elapsed time: 0.068 seconds; current allocated memory: 629.543 MB.
INFO: [HLS 200-10] Checking synthesizability ...
INFO: [HLS 200-111] Finished Checking Synthesizability: CPU user time: 0 seconds. CPU system time: 0 seconds. Elapsed time: 0.057 seconds; current allocated memory: 631.414 MB.
INFO: [XFORM 203-712] Applying dataflow to function 'yuv_filter' (E:/robot/project/xilinx_fpga_class/hls/lab2/yuv_filter.c:30:1), detected/extracted 4 process function(s): 
	 'entry_proc'
	 'rgb2yuv.1'
	 'yuv_scale'
	 'yuv2rgb.1'.
WARNING: [XFORM 203-124] Array  '_scale.channels.ch3' (E:/robot/project/xilinx_fpga_class/hls/lab2/yuv_filter.c:45): may have improper streaming access(es), possible reasons: (1) some entries are accessed more than once; (2) some entries are not used; (3) the entries are not accessed in sequential order.
WARNING: [XFORM 203-124] Array  '_scale.channels.ch2' (E:/robot/project/xilinx_fpga_class/hls/lab2/yuv_filter.c:45): may have improper streaming access(es), possible reasons: (1) some entries are accessed more than once; (2) some entries are not used; (3) the entries are not accessed in sequential order.
WARNING: [XFORM 203-124] Array  '_scale.channels.ch1' (E:/robot/project/xilinx_fpga_class/hls/lab2/yuv_filter.c:45): may have improper streaming access(es), possible reasons: (1) some entries are accessed more than once; (2) some entries are not used; (3) the entries are not accessed in sequential order.
WARNING: [XFORM 203-124] Array  '_yuv.channels.ch3' (E:/robot/project/xilinx_fpga_class/hls/lab2/yuv_filter.c:44): may have improper streaming access(es), possible reasons: (1) some entries are accessed more than once; (2) some entries are not used; (3) the entries are not accessed in sequential order.
WARNING: [XFORM 203-124] Array  '_yuv.channels.ch2' (E:/robot/project/xilinx_fpga_class/hls/lab2/yuv_filter.c:44): may have improper streaming access(es), possible reasons: (1) some entries are accessed more than once; (2) some entries are not used; (3) the entries are not accessed in sequential order.
WARNING: [XFORM 203-124] Array  '_yuv.channels.ch1' (E:/robot/project/xilinx_fpga_class/hls/lab2/yuv_filter.c:44): may have improper streaming access(es), possible reasons: (1) some entries are accessed more than once; (2) some entries are not used; (3) the entries are not accessed in sequential order.
INFO: [HLS 200-111] Finished Loop, function and other optimizations: CPU user time: 0 seconds. CPU system time: 0 seconds. Elapsed time: 1.419 seconds; current allocated memory: 654.043 MB.
INFO: [HLS 200-2061] Successfully converted nested loops 'YUV2RGB_LOOP_X'(E:/robot/project/xilinx_fpga_class/hls/lab2/yuv_filter.c:116:4) and 'YUV2RGB_LOOP_Y'(E:/robot/project/xilinx_fpga_class/hls/lab2/yuv_filter.c:119:7) in function 'yuv2rgb.1' into perfectly nested loops.
INFO: [HLS 200-2061] Successfully converted nested loops 'RGB2YUV_LOOP_X'(E:/robot/project/xilinx_fpga_class/hls/lab2/yuv_filter.c:76:4) and 'RGB2YUV_LOOP_Y'(E:/robot/project/xilinx_fpga_class/hls/lab2/yuv_filter.c:79:7) in function 'rgb2yuv.1' into perfectly nested loops.
INFO: [XFORM 203-541] Flattening a loop nest 'YUV_SCALE_LOOP_X' (E:/robot/project/xilinx_fpga_class/hls/lab2/yuv_filter.c:156:4) in function 'yuv_scale'.
INFO: [XFORM 203-541] Flattening a loop nest 'YUV2RGB_LOOP_X' (E:/robot/project/xilinx_fpga_class/hls/lab2/yuv_filter.c:116:4) in function 'yuv2rgb.1'.
INFO: [XFORM 203-541] Flattening a loop nest 'RGB2YUV_LOOP_X' (E:/robot/project/xilinx_fpga_class/hls/lab2/yuv_filter.c:76:4) in function 'rgb2yuv.1'.
INFO: [HLS 200-111] Finished Architecture Synthesis: CPU user time: 0 seconds. CPU system time: 0 seconds. Elapsed time: 0.318 seconds; current allocated memory: 709.375 MB.
INFO: [HLS 200-10] Starting hardware synthesis ...
INFO: [HLS 200-10] Synthesizing 'yuv_filter' ...
WARNING: [SYN 201-103] Legalizing function name 'rgb2yuv.1_Pipeline_RGB2YUV_LOOP_X_RGB2YUV_LOOP_Y' to 'rgb2yuv_1_Pipeline_RGB2YUV_LOOP_X_RGB2YUV_LOOP_Y'.
WARNING: [SYN 201-103] Legalizing function name 'rgb2yuv.1' to 'rgb2yuv_1'.
WARNING: [SYN 201-103] Legalizing function name 'yuv2rgb.1_Pipeline_YUV2RGB_LOOP_X_YUV2RGB_LOOP_Y' to 'yuv2rgb_1_Pipeline_YUV2RGB_LOOP_X_YUV2RGB_LOOP_Y'.
WARNING: [SYN 201-103] Legalizing function name 'yuv2rgb.1' to 'yuv2rgb_1'.
INFO: [HLS 200-10] ----------------------------------------------------------------
INFO: [HLS 200-42] -- Implementing module 'entry_proc' 
INFO: [HLS 200-10] ----------------------------------------------------------------
INFO: [SCHED 204-11] Starting scheduling ...
INFO: [SCHED 204-11] Finished scheduling.
INFO: [HLS 200-111] Finished Scheduling: CPU user time: 1 seconds. CPU system time: 0 seconds. Elapsed time: 0.344 seconds; current allocated memory: 711.922 MB.
INFO: [BIND 205-100] Starting micro-architecture generation ...
INFO: [BIND 205-101] Performing variable lifetime analysis.
INFO: [BIND 205-101] Exploring resource sharing.
INFO: [BIND 205-101] Binding ...
INFO: [BIND 205-100] Finished micro-architecture generation.
INFO: [HLS 200-111] Finished Binding: CPU user time: 0 seconds. CPU system time: 0 seconds. Elapsed time: 0.126 seconds; current allocated memory: 713.047 MB.
INFO: [HLS 200-10] ----------------------------------------------------------------
INFO: [HLS 200-42] -- Implementing module 'rgb2yuv_1_Pipeline_RGB2YUV_LOOP_X_RGB2YUV_LOOP_Y' 
INFO: [HLS 200-10] ----------------------------------------------------------------
INFO: [SCHED 204-11] Starting scheduling ...
INFO: [HLS 200-486] Changing DSP latency (root=add_ln86_2) to 3 in order to utilize available DSP registers.
INFO: [HLS 200-486] Changing DSP latency (root=add_ln86) to 3 in order to utilize available DSP registers.
INFO: [HLS 200-486] Changing DSP latency (root=add_ln85_2) to 3 in order to utilize available DSP registers.
INFO: [HLS 200-486] Changing DSP latency (root=add_ln85) to 3 in order to utilize available DSP registers.
INFO: [HLS 200-486] Changing DSP latency (root=add_ln84_1) to 3 in order to utilize available DSP registers.
INFO: [SCHED 204-61] Pipelining loop 'RGB2YUV_LOOP_X_RGB2YUV_LOOP_Y'.
WARNING: [HLS 200-885] The II Violation in module 'rgb2yuv_1_Pipeline_RGB2YUV_LOOP_X_RGB2YUV_LOOP_Y' (loop 'RGB2YUV_LOOP_X_RGB2YUV_LOOP_Y'): Unable to schedule bus request operation ('gmem_load_2_req', E:/robot/project/xilinx_fpga_class/hls/lab2/yuv_filter.c:82->E:/robot/project/xilinx_fpga_class/hls/lab2/yuv_filter.c:50) on port 'gmem' (E:/robot/project/xilinx_fpga_class/hls/lab2/yuv_filter.c:82->E:/robot/project/xilinx_fpga_class/hls/lab2/yuv_filter.c:50) due to limited memory ports (II = 1). Please consider using a memory core with more ports or partitioning the array.
Resolution: For help on HLS 200-885 see docs.xilinx.com/access/sources/dita/topic?Doc_Version=2024.2%20English&url=ug1448-hls-guidance&resourceid=200-885.html
WARNING: [HLS 200-885] The II Violation in module 'rgb2yuv_1_Pipeline_RGB2YUV_LOOP_X_RGB2YUV_LOOP_Y' (loop 'RGB2YUV_LOOP_X_RGB2YUV_LOOP_Y'): Unable to schedule bus request operation ('gmem_load_3_req', E:/robot/project/xilinx_fpga_class/hls/lab2/yuv_filter.c:83->E:/robot/project/xilinx_fpga_class/hls/lab2/yuv_filter.c:50) on port 'gmem' (E:/robot/project/xilinx_fpga_class/hls/lab2/yuv_filter.c:83->E:/robot/project/xilinx_fpga_class/hls/lab2/yuv_filter.c:50) due to limited memory ports (II = 2). Please consider using a memory core with more ports or partitioning the array.
Resolution: For help on HLS 200-885 see docs.xilinx.com/access/sources/dita/topic?Doc_Version=2024.2%20English&url=ug1448-hls-guidance&resourceid=200-885.html
INFO: [HLS 200-1470] Pipelining result : Target II = NA, Final II = 3, Depth = 82, loop 'RGB2YUV_LOOP_X_RGB2YUV_LOOP_Y'
INFO: [SCHED 204-11] Finished scheduling.
INFO: [HLS 200-111] Finished Scheduling: CPU user time: 0 seconds. CPU system time: 0 seconds. Elapsed time: 1.261 seconds; current allocated memory: 715.770 MB.
INFO: [BIND 205-100] Starting micro-architecture generation ...
INFO: [BIND 205-101] Performing variable lifetime analysis.
INFO: [BIND 205-101] Exploring resource sharing.
INFO: [BIND 205-101] Binding ...
INFO: [BIND 205-100] Finished micro-architecture generation.
INFO: [HLS 200-111] Finished Binding: CPU user time: 0 seconds. CPU system time: 0 seconds. Elapsed time: 0.19 seconds; current allocated memory: 716.457 MB.
INFO: [HLS 200-10] ----------------------------------------------------------------
INFO: [HLS 200-42] -- Implementing module 'rgb2yuv_1' 
INFO: [HLS 200-10] ----------------------------------------------------------------
INFO: [SCHED 204-11] Starting scheduling ...
INFO: [SCHED 204-11] Finished scheduling.
INFO: [HLS 200-111] Finished Scheduling: CPU user time: 0 seconds. CPU system time: 0 seconds. Elapsed time: 0.197 seconds; current allocated memory: 717.109 MB.
INFO: [BIND 205-100] Starting micro-architecture generation ...
INFO: [BIND 205-101] Performing variable lifetime analysis.
INFO: [BIND 205-101] Exploring resource sharing.
INFO: [BIND 205-101] Binding ...
INFO: [BIND 205-100] Finished micro-architecture generation.
INFO: [HLS 200-111] Finished Binding: CPU user time: 0 seconds. CPU system time: 0 seconds. Elapsed time: 0.103 seconds; current allocated memory: 717.258 MB.
INFO: [HLS 200-10] ----------------------------------------------------------------
INFO: [HLS 200-42] -- Implementing module 'yuv_scale_Pipeline_YUV_SCALE_LOOP_X_YUV_SCALE_LOOP_Y' 
INFO: [HLS 200-10] ----------------------------------------------------------------
INFO: [SCHED 204-11] Starting scheduling ...
INFO: [SCHED 204-61] Pipelining loop 'YUV_SCALE_LOOP_X_YUV_SCALE_LOOP_Y'.
INFO: [HLS 200-1470] Pipelining result : Target II = NA, Final II = 1, Depth = 4, loop 'YUV_SCALE_LOOP_X_YUV_SCALE_LOOP_Y'
INFO: [SCHED 204-11] Finished scheduling.
INFO: [HLS 200-111] Finished Scheduling: CPU user time: 0 seconds. CPU system time: 0 seconds. Elapsed time: 1.306 seconds; current allocated memory: 717.527 MB.
INFO: [BIND 205-100] Starting micro-architecture generation ...
INFO: [BIND 205-101] Performing variable lifetime analysis.
INFO: [BIND 205-101] Exploring resource sharing.
INFO: [BIND 205-101] Binding ...
INFO: [BIND 205-100] Finished micro-architecture generation.
INFO: [HLS 200-111] Finished Binding: CPU user time: 0 seconds. CPU system time: 0 seconds. Elapsed time: 0.102 seconds; current allocated memory: 717.887 MB.
INFO: [HLS 200-10] ----------------------------------------------------------------
INFO: [HLS 200-42] -- Implementing module 'yuv_scale' 
INFO: [HLS 200-10] ----------------------------------------------------------------
INFO: [SCHED 204-11] Starting scheduling ...
INFO: [SCHED 204-11] Finished scheduling.
INFO: [HLS 200-111] Finished Scheduling: CPU user time: 0 seconds. CPU system time: 1 seconds. Elapsed time: 0.099 seconds; current allocated memory: 718.094 MB.
INFO: [BIND 205-100] Starting micro-architecture generation ...
INFO: [BIND 205-101] Performing variable lifetime analysis.
INFO: [BIND 205-101] Exploring resource sharing.
INFO: [BIND 205-101] Binding ...
INFO: [BIND 205-100] Finished micro-architecture generation.
INFO: [HLS 200-111] Finished Binding: CPU user time: 0 seconds. CPU system time: 0 seconds. Elapsed time: 0.093 seconds; current allocated memory: 718.164 MB.
INFO: [HLS 200-10] ----------------------------------------------------------------
INFO: [HLS 200-42] -- Implementing module 'yuv2rgb_1_Pipeline_YUV2RGB_LOOP_X_YUV2RGB_LOOP_Y' 
INFO: [HLS 200-10] ----------------------------------------------------------------
INFO: [SCHED 204-11] Starting scheduling ...
INFO: [HLS 200-486] Changing DSP latency (root=add_ln128) to 3 in order to utilize available DSP registers.
INFO: [HLS 200-486] Changing DSP latency (root=add_ln127_1) to 3 in order to utilize available DSP registers.
INFO: [HLS 200-486] Changing DSP latency (root=add_ln127) to 3 in order to utilize available DSP registers.
INFO: [SCHED 204-61] Pipelining loop 'YUV2RGB_LOOP_X_YUV2RGB_LOOP_Y'.
WARNING: [HLS 200-885] The II Violation in module 'yuv2rgb_1_Pipeline_YUV2RGB_LOOP_X_YUV2RGB_LOOP_Y' (loop 'YUV2RGB_LOOP_X_YUV2RGB_LOOP_Y'): Unable to schedule bus request operation ('empty_63', E:/robot/project/xilinx_fpga_class/hls/lab2/yuv_filter.c:131->E:/robot/project/xilinx_fpga_class/hls/lab2/yuv_filter.c:52) on port 'gmem' (E:/robot/project/xilinx_fpga_class/hls/lab2/yuv_filter.c:131->E:/robot/project/xilinx_fpga_class/hls/lab2/yuv_filter.c:52) due to limited memory ports (II = 1). Please consider using a memory core with more ports or partitioning the array.
Resolution: For help on HLS 200-885 see docs.xilinx.com/access/sources/dita/topic?Doc_Version=2024.2%20English&url=ug1448-hls-guidance&resourceid=200-885.html
WARNING: [HLS 200-885] The II Violation in module 'yuv2rgb_1_Pipeline_YUV2RGB_LOOP_X_YUV2RGB_LOOP_Y' (loop 'YUV2RGB_LOOP_X_YUV2RGB_LOOP_Y'): Unable to schedule bus request operation ('empty_65', E:/robot/project/xilinx_fpga_class/hls/lab2/yuv_filter.c:132->E:/robot/project/xilinx_fpga_class/hls/lab2/yuv_filter.c:52) on port 'gmem' (E:/robot/project/xilinx_fpga_class/hls/lab2/yuv_filter.c:132->E:/robot/project/xilinx_fpga_class/hls/lab2/yuv_filter.c:52) due to limited memory ports (II = 2). Please consider using a memory core with more ports or partitioning the array.
Resolution: For help on HLS 200-885 see docs.xilinx.com/access/sources/dita/topic?Doc_Version=2024.2%20English&url=ug1448-hls-guidance&resourceid=200-885.html
INFO: [HLS 200-1470] Pipelining result : Target II = NA, Final II = 3, Depth = 78, loop 'YUV2RGB_LOOP_X_YUV2RGB_LOOP_Y'
INFO: [SCHED 204-11] Finished scheduling.
INFO: [HLS 200-111] Finished Scheduling: CPU user time: 0 seconds. CPU system time: 0 seconds. Elapsed time: 1.616 seconds; current allocated memory: 719.773 MB.
INFO: [BIND 205-100] Starting micro-architecture generation ...
INFO: [BIND 205-101] Performing variable lifetime analysis.
INFO: [BIND 205-101] Exploring resource sharing.
INFO: [BIND 205-101] Binding ...
INFO: [BIND 205-100] Finished micro-architecture generation.
INFO: [HLS 200-111] Finished Binding: CPU user time: 1 seconds. CPU system time: 0 seconds. Elapsed time: 0.287 seconds; current allocated memory: 720.406 MB.
INFO: [HLS 200-10] ----------------------------------------------------------------
INFO: [HLS 200-42] -- Implementing module 'yuv2rgb_1' 
INFO: [HLS 200-10] ----------------------------------------------------------------
INFO: [SCHED 204-11] Starting scheduling ...
INFO: [SCHED 204-11] Finished scheduling.
INFO: [HLS 200-111] Finished Scheduling: CPU user time: 0 seconds. CPU system time: 0 seconds. Elapsed time: 0.265 seconds; current allocated memory: 721.051 MB.
INFO: [BIND 205-100] Starting micro-architecture generation ...
INFO: [BIND 205-101] Performing variable lifetime analysis.
INFO: [BIND 205-101] Exploring resource sharing.
INFO: [BIND 205-101] Binding ...
INFO: [BIND 205-100] Finished micro-architecture generation.
INFO: [HLS 200-111] Finished Binding: CPU user time: 0 seconds. CPU system time: 0 seconds. Elapsed time: 0.141 seconds; current allocated memory: 721.359 MB.
INFO: [HLS 200-10] ----------------------------------------------------------------
INFO: [HLS 200-42] -- Implementing module 'yuv_filter' 
INFO: [HLS 200-10] ----------------------------------------------------------------
INFO: [SCHED 204-11] Starting scheduling ...
INFO: [SCHED 204-11] Finished scheduling.
WARNING: [HLS 200-1020] Increasing the depth of FIFO start_for_yuv2rgb_1_U0 (from entry_proc_U0 to yuv2rgb_1_U0) to 3 to improve performance and/or avoid deadlocks.
INFO: [HLS 200-111] Finished Scheduling: CPU user time: 0 seconds. CPU system time: 0 seconds. Elapsed time: 0.178 seconds; current allocated memory: 722.082 MB.
INFO: [BIND 205-100] Starting micro-architecture generation ...
INFO: [BIND 205-101] Performing variable lifetime analysis.
INFO: [BIND 205-101] Exploring resource sharing.
INFO: [BIND 205-101] Binding ...
INFO: [BIND 205-100] Finished micro-architecture generation.
INFO: [HLS 200-111] Finished Binding: CPU user time: 0 seconds. CPU system time: 0 seconds. Elapsed time: 0.117 seconds; current allocated memory: 722.504 MB.
INFO: [HLS 200-10] ----------------------------------------------------------------
INFO: [HLS 200-10] -- Generating RTL for module 'entry_proc' 
INFO: [HLS 200-10] ----------------------------------------------------------------
INFO: [RTGEN 206-100] Finished creating RTL model for 'entry_proc'.
INFO: [HLS 200-111] Finished Creating RTL model: CPU user time: 0 seconds. CPU system time: 0 seconds. Elapsed time: 0.151 seconds; current allocated memory: 724.004 MB.
INFO: [HLS 200-10] ----------------------------------------------------------------
INFO: [HLS 200-10] -- Generating RTL for module 'rgb2yuv_1_Pipeline_RGB2YUV_LOOP_X_RGB2YUV_LOOP_Y' 
INFO: [HLS 200-10] ----------------------------------------------------------------
INFO: [HLS 200-1030] Apply Unified Pipeline Control on module 'rgb2yuv_1_Pipeline_RGB2YUV_LOOP_X_RGB2YUV_LOOP_Y' pipeline 'RGB2YUV_LOOP_X_RGB2YUV_LOOP_Y' pipeline type 'loop pipeline'
INFO: [RTGEN 206-100] Generating core module 'mac_muladd_8ns_5ns_15ns_15_4_1': 1 instance(s).
INFO: [RTGEN 206-100] Generating core module 'mac_muladd_8ns_7ns_8ns_15_4_1': 1 instance(s).
INFO: [RTGEN 206-100] Generating core module 'mac_muladd_8ns_7s_8ns_15_4_1': 1 instance(s).
INFO: [RTGEN 206-100] Generating core module 'mac_muladd_8ns_8s_16s_16_4_1': 2 instance(s).
INFO: [RTGEN 206-100] Finished creating RTL model for 'rgb2yuv_1_Pipeline_RGB2YUV_LOOP_X_RGB2YUV_LOOP_Y'.
INFO: [HLS 200-111] Finished Creating RTL model: CPU user time: 1 seconds. CPU system time: 0 seconds. Elapsed time: 0.564 seconds; current allocated memory: 728.223 MB.
INFO: [HLS 200-10] ----------------------------------------------------------------
INFO: [HLS 200-10] -- Generating RTL for module 'rgb2yuv_1' 
INFO: [HLS 200-10] ----------------------------------------------------------------
INFO: [RTGEN 206-100] Generating core module 'mul_16ns_16ns_32_1_1': 1 instance(s).
INFO: [RTGEN 206-100] Finished creating RTL model for 'rgb2yuv_1'.
INFO: [HLS 200-111] Finished Creating RTL model: CPU user time: 0 seconds. CPU system time: 0 seconds. Elapsed time: 0.508 seconds; current allocated memory: 732.352 MB.
INFO: [HLS 200-10] ----------------------------------------------------------------
INFO: [HLS 200-10] -- Generating RTL for module 'yuv_scale_Pipeline_YUV_SCALE_LOOP_X_YUV_SCALE_LOOP_Y' 
INFO: [HLS 200-10] ----------------------------------------------------------------
INFO: [HLS 200-1030] Apply Unified Pipeline Control on module 'yuv_scale_Pipeline_YUV_SCALE_LOOP_X_YUV_SCALE_LOOP_Y' pipeline 'YUV_SCALE_LOOP_X_YUV_SCALE_LOOP_Y' pipeline type 'loop pipeline'
INFO: [RTGEN 206-100] Generating core module 'mul_8ns_8ns_15_1_1': 3 instance(s).
INFO: [RTGEN 206-100] Finished creating RTL model for 'yuv_scale_Pipeline_YUV_SCALE_LOOP_X_YUV_SCALE_LOOP_Y'.
INFO: [HLS 200-111] Finished Creating RTL model: CPU user time: 0 seconds. CPU system time: 0 seconds. Elapsed time: 0.283 seconds; current allocated memory: 733.836 MB.
INFO: [HLS 200-10] ----------------------------------------------------------------
INFO: [HLS 200-10] -- Generating RTL for module 'yuv_scale' 
INFO: [HLS 200-10] ----------------------------------------------------------------
INFO: [RTGEN 206-100] Generating core module 'mul_16ns_16ns_32_1_1': 1 instance(s).
INFO: [RTGEN 206-100] Finished creating RTL model for 'yuv_scale'.
INFO: [HLS 200-111] Finished Creating RTL model: CPU user time: 0 seconds. CPU system time: 0 seconds. Elapsed time: 0.264 seconds; current allocated memory: 734.941 MB.
INFO: [HLS 200-10] ----------------------------------------------------------------
INFO: [HLS 200-10] -- Generating RTL for module 'yuv2rgb_1_Pipeline_YUV2RGB_LOOP_X_YUV2RGB_LOOP_Y' 
INFO: [HLS 200-10] ----------------------------------------------------------------
INFO: [HLS 200-1030] Apply Unified Pipeline Control on module 'yuv2rgb_1_Pipeline_YUV2RGB_LOOP_X_YUV2RGB_LOOP_Y' pipeline 'YUV2RGB_LOOP_X_YUV2RGB_LOOP_Y' pipeline type 'loop pipeline'
INFO: [RTGEN 206-100] Generating core module 'mac_muladd_8s_8s_17s_17_4_1': 1 instance(s).
INFO: [RTGEN 206-100] Generating core module 'mac_muladd_9ns_8s_18s_18_4_1': 1 instance(s).
INFO: [RTGEN 206-100] Generating core module 'mac_muladd_9s_9ns_8ns_18_4_1': 1 instance(s).
INFO: [RTGEN 206-100] Generating core module 'mul_8s_9s_17_1_1': 1 instance(s).
INFO: [RTGEN 206-100] Finished creating RTL model for 'yuv2rgb_1_Pipeline_YUV2RGB_LOOP_X_YUV2RGB_LOOP_Y'.
INFO: [HLS 200-111] Finished Creating RTL model: CPU user time: 0 seconds. CPU system time: 0 seconds. Elapsed time: 0.385 seconds; current allocated memory: 737.273 MB.
INFO: [HLS 200-10] ----------------------------------------------------------------
INFO: [HLS 200-10] -- Generating RTL for module 'yuv2rgb_1' 
INFO: [HLS 200-10] ----------------------------------------------------------------
INFO: [RTGEN 206-100] Generating core module 'mul_16ns_16ns_32_1_1': 1 instance(s).
INFO: [RTGEN 206-100] Finished creating RTL model for 'yuv2rgb_1'.
INFO: [HLS 200-111] Finished Creating RTL model: CPU user time: 1 seconds. CPU system time: 0 seconds. Elapsed time: 0.542 seconds; current allocated memory: 741.730 MB.
INFO: [HLS 200-10] ----------------------------------------------------------------
INFO: [HLS 200-10] -- Generating RTL for module 'yuv_filter' 
INFO: [HLS 200-10] ----------------------------------------------------------------
WARNING: [RTGEN 206-101] Design contains AXI ports. Reset is fixed to synchronous and active low.
INFO: [RTGEN 206-500] Setting interface mode on port 'yuv_filter/gmem' to 'm_axi'.
INFO: [RTGEN 206-500] Setting interface mode on port 'yuv_filter/in_channels_ch1' to 's_axilite & ap_none'.
INFO: [RTGEN 206-500] Setting interface mode on port 'yuv_filter/in_channels_ch2' to 's_axilite & ap_none'.
INFO: [RTGEN 206-500] Setting interface mode on port 'yuv_filter/in_channels_ch3' to 's_axilite & ap_none'.
INFO: [RTGEN 206-500] Setting interface mode on port 'yuv_filter/in_width' to 's_axilite & ap_none'.
INFO: [RTGEN 206-500] Setting interface mode on port 'yuv_filter/in_height' to 's_axilite & ap_none'.
INFO: [RTGEN 206-500] Setting interface mode on port 'yuv_filter/out_channels_ch1' to 's_axilite & ap_none'.
INFO: [RTGEN 206-500] Setting interface mode on port 'yuv_filter/out_channels_ch2' to 's_axilite & ap_none'.
INFO: [RTGEN 206-500] Setting interface mode on port 'yuv_filter/out_channels_ch3' to 's_axilite & ap_none'.
INFO: [RTGEN 206-500] Setting interface mode on port 'yuv_filter/out_width' to 's_axilite & ap_none'.
INFO: [RTGEN 206-500] Setting interface mode on port 'yuv_filter/out_height' to 's_axilite & ap_none'.
INFO: [RTGEN 206-500] Setting interface mode on port 'yuv_filter/Y_scale' to 's_axilite & ap_none'.
INFO: [RTGEN 206-500] Setting interface mode on port 'yuv_filter/U_scale' to 's_axilite & ap_none'.
INFO: [RTGEN 206-500] Setting interface mode on port 'yuv_filter/V_scale' to 's_axilite & ap_none'.
INFO: [RTGEN 206-500] Setting interface mode on function 'yuv_filter' to 's_axilite & ap_ctrl_chain'.
INFO: [RTGEN 206-100] Bundling port 'in_channels_ch1', 'in_channels_ch2', 'in_channels_ch3', 'in_width', 'in_height', 'out_channels_ch1', 'out_channels_ch2', 'out_channels_ch3', 'out_width', 'out_height', 'Y_scale', 'U_scale', 'V_scale' to AXI-Lite port control.
INFO: [RTGEN 206-100] Finished creating RTL model for 'yuv_filter'.
INFO: [RTMG 210-285] Implementing FIFO 'out_channels_ch1_c_U(yuv_filter_fifo_w64_d4_S)' using Shift Registers.
INFO: [RTMG 210-285] Implementing FIFO 'out_channels_ch2_c_U(yuv_filter_fifo_w64_d4_S)' using Shift Registers.
INFO: [RTMG 210-285] Implementing FIFO 'out_channels_ch3_c_U(yuv_filter_fifo_w64_d4_S)' using Shift Registers.
INFO: [RTMG 210-285] Implementing FIFO 'out_width_c_U(yuv_filter_fifo_w64_d4_S)' using Shift Registers.
INFO: [RTMG 210-285] Implementing FIFO 'out_height_c_U(yuv_filter_fifo_w64_d4_S)' using Shift Registers.
INFO: [RTMG 210-285] Implementing FIFO 'Y_scale_c_U(yuv_filter_fifo_w8_d3_S)' using Shift Registers.
INFO: [RTMG 210-285] Implementing FIFO 'U_scale_c_U(yuv_filter_fifo_w8_d3_S)' using Shift Registers.
INFO: [RTMG 210-285] Implementing FIFO 'V_scale_c_U(yuv_filter_fifo_w8_d3_S)' using Shift Registers.
INFO: [RTMG 210-285] Implementing FIFO 'p_yuv_channels_ch1_U(yuv_filter_fifo_w8_d2_S)' using Shift Registers.
INFO: [RTMG 210-285] Implementing FIFO 'p_yuv_channels_ch2_U(yuv_filter_fifo_w8_d2_S)' using Shift Registers.
INFO: [RTMG 210-285] Implementing FIFO 'p_yuv_channels_ch3_U(yuv_filter_fifo_w8_d2_S)' using Shift Registers.
INFO: [RTMG 210-285] Implementing FIFO 'p_yuv_width_U(yuv_filter_fifo_w16_d2_S)' using Shift Registers.
INFO: [RTMG 210-285] Implementing FIFO 'p_yuv_height_U(yuv_filter_fifo_w16_d2_S)' using Shift Registers.
INFO: [RTMG 210-285] Implementing FIFO 'p_scale_channels_ch1_U(yuv_filter_fifo_w8_d2_S)' using Shift Registers.
INFO: [RTMG 210-285] Implementing FIFO 'p_scale_channels_ch2_U(yuv_filter_fifo_w8_d2_S)' using Shift Registers.
INFO: [RTMG 210-285] Implementing FIFO 'p_scale_channels_ch3_U(yuv_filter_fifo_w8_d2_S)' using Shift Registers.
INFO: [RTMG 210-285] Implementing FIFO 'p_scale_width_U(yuv_filter_fifo_w16_d2_S)' using Shift Registers.
INFO: [RTMG 210-285] Implementing FIFO 'p_scale_height_U(yuv_filter_fifo_w16_d2_S)' using Shift Registers.
INFO: [RTMG 210-285] Implementing FIFO 'start_for_yuv_scale_U0_U(yuv_filter_start_for_yuv_scale_U0)' using Shift Registers.
INFO: [RTMG 210-285] Implementing FIFO 'start_for_yuv2rgb_1_U0_U(yuv_filter_start_for_yuv2rgb_1_U0)' using Shift Registers.
INFO: [HLS 200-111] Finished Creating RTL model: CPU user time: 0 seconds. CPU system time: 0 seconds. Elapsed time: 2.082 seconds; current allocated memory: 745.227 MB.
INFO: [HLS 200-111] Finished Generating all RTL models: CPU user time: 1 seconds. CPU system time: 1 seconds. Elapsed time: 1.589 seconds; current allocated memory: 749.699 MB.
INFO: [HLS 200-111] Finished Updating report files: CPU user time: 1 seconds. CPU system time: 0 seconds. Elapsed time: 2.148 seconds; current allocated memory: 757.785 MB.
INFO: [VHDL 208-304] Generating VHDL RTL for yuv_filter.
INFO: [VLOG 209-307] Generating Verilog RTL for yuv_filter.
INFO: [HLS 200-789] **** Estimated Fmax: 136.99 MHz
INFO: [HLS 200-112] Total CPU user time: 12 seconds. Total CPU system time: 4 seconds. Total elapsed time: 37.407 seconds; peak allocated memory: 758.141 MB.
INFO: [v++ 60-791] Total elapsed time: 0h 0m 44s
