

================================================================
== Vitis HLS Report for 'rgb2yuv_1'
================================================================
* Date:           Sun Mar  2 10:35:36 2025

* Version:        2024.2 (Build 5238294 on Nov  8 2024)
* Project:        yuv_filter_soultion4
* Solution:       hls (Vitis Kernel Flow Target)
* Product family: zynq
* Target device:  xc7z020-clg400-1


================================================================
== Performance Estimates
================================================================
+ Timing: 
    * Summary: 
    +--------+----------+----------+------------+
    |  Clock |  Target  | Estimated| Uncertainty|
    +--------+----------+----------+------------+
    |ap_clk  |  10.00 ns|  7.300 ns|     2.70 ns|
    +--------+----------+----------+------------+

+ Latency: 
    * Summary: 
    +---------+---------+----------+-----------+--------+---------+---------+
    |  Latency (cycles) |  Latency (absolute)  |     Interval     | Pipeline|
    |   min   |   max   |    min   |    max    |   min  |   max   |   Type  |
    +---------+---------+----------+-----------+--------+---------+---------+
    |   120155|  7372955|  1.202 ms|  73.730 ms|  120155|  7372955|       no|
    +---------+---------+----------+-----------+--------+---------+---------+

    + Detail: 
        * Instance: 
        N/A

        * Loop: 
        N/A

============================================================
+ Verbose Summary: Synthesis Manager
============================================================
InlineROM: 1
ExposeGlobal: 0
============================================================
+ Verbose Summary: CDFG Model
============================================================
IsTopModel: 0
ResetActiveHigh: 1
IsCombinational: 2
IsDatapathOnly: 0
HasWiredReturn: 1
HasMFsm: 0
HasVarLatency: 1
IsPipeline: 0
IsRtlPipelined: 0
IsInstanceOverlapped: 0
IsDontTouch: 0
HasImplIP: 0
IsGatedGlobalClock: 0


============================================================
+ Verbose Summary: Schedule
============================================================
* Number of FSM states : 76
* Pipeline : 0
* Dataflow Pipeline: 0

* FSM state transitions: 
1 --> 2 
2 --> 3 
3 --> 4 
4 --> 5 
5 --> 6 
6 --> 7 
7 --> 8 
8 --> 9 
9 --> 10 
10 --> 11 
11 --> 12 
12 --> 13 
13 --> 14 
14 --> 15 
15 --> 16 
16 --> 17 
17 --> 18 
18 --> 19 
19 --> 20 
20 --> 21 
21 --> 22 
22 --> 23 
23 --> 24 
24 --> 25 
25 --> 26 
26 --> 27 
27 --> 28 
28 --> 29 
29 --> 30 
30 --> 31 
31 --> 32 
32 --> 33 
33 --> 34 
34 --> 35 
35 --> 36 
36 --> 37 
37 --> 38 
38 --> 39 
39 --> 40 
40 --> 41 
41 --> 42 
42 --> 43 
43 --> 44 
44 --> 45 
45 --> 46 
46 --> 47 
47 --> 48 
48 --> 49 
49 --> 50 
50 --> 51 
51 --> 52 
52 --> 53 
53 --> 54 
54 --> 55 
55 --> 56 
56 --> 57 
57 --> 58 
58 --> 59 
59 --> 60 
60 --> 61 
61 --> 62 
62 --> 63 
63 --> 64 
64 --> 65 
65 --> 66 
66 --> 67 
67 --> 68 
68 --> 69 
69 --> 70 
70 --> 71 
71 --> 72 
72 --> 73 
73 --> 74 
74 --> 75 
75 --> 76 
76 --> 

* FSM state operations: 

State 1 <SV = 0> <Delay = 7.30>
ST_1 : Operation 77 [1/1] (0.00ns)   --->   "%in_width_read = read i64 @_ssdm_op_Read.ap_auto.i64, i64 %in_width"   --->   Operation 77 'read' 'in_width_read' <Predicate = true> <Delay = 0.00>
ST_1 : Operation 78 [1/1] (0.00ns)   --->   "%p_cast = partselect i63 @_ssdm_op_PartSelect.i63.i64.i32.i32, i64 %in_width_read, i32 1, i32 63"   --->   Operation 78 'partselect' 'p_cast' <Predicate = true> <Delay = 0.00>
ST_1 : Operation 79 [1/1] (0.00ns)   --->   "%p_cast_cast = sext i63 %p_cast"   --->   Operation 79 'sext' 'p_cast_cast' <Predicate = true> <Delay = 0.00>
ST_1 : Operation 80 [1/1] (0.00ns)   --->   "%gmem_addr = getelementptr i16 %gmem, i64 %p_cast_cast"   --->   Operation 80 'getelementptr' 'gmem_addr' <Predicate = true> <Delay = 0.00>
ST_1 : Operation 81 [71/71] (7.30ns)   --->   "%width_req = readreq i1 @_ssdm_op_ReadReq.m_axi.i16P1A, i16 %gmem_addr, i64 1"   --->   Operation 81 'readreq' 'width_req' <Predicate = true> <Delay = 7.30> <CoreInst = "m_axi">   --->   Core 111 'm_axi' <Latency = 6> <II = 1> <Delay = 1.00> <Adapter> <Opcode : 'read' 'write' 'readreq' 'writereq' 'writeresp'>

State 2 <SV = 1> <Delay = 7.30>
ST_2 : Operation 82 [1/1] (0.00ns)   --->   "%in_height_read = read i64 @_ssdm_op_Read.ap_auto.i64, i64 %in_height"   --->   Operation 82 'read' 'in_height_read' <Predicate = true> <Delay = 0.00>
ST_2 : Operation 83 [70/71] (7.30ns)   --->   "%width_req = readreq i1 @_ssdm_op_ReadReq.m_axi.i16P1A, i16 %gmem_addr, i64 1"   --->   Operation 83 'readreq' 'width_req' <Predicate = true> <Delay = 7.30> <CoreInst = "m_axi">   --->   Core 111 'm_axi' <Latency = 6> <II = 1> <Delay = 1.00> <Adapter> <Opcode : 'read' 'write' 'readreq' 'writereq' 'writeresp'>
ST_2 : Operation 84 [1/1] (0.00ns)   --->   "%p_cast1 = partselect i63 @_ssdm_op_PartSelect.i63.i64.i32.i32, i64 %in_height_read, i32 1, i32 63"   --->   Operation 84 'partselect' 'p_cast1' <Predicate = true> <Delay = 0.00>
ST_2 : Operation 85 [1/1] (0.00ns)   --->   "%p_cast1_cast = sext i63 %p_cast1"   --->   Operation 85 'sext' 'p_cast1_cast' <Predicate = true> <Delay = 0.00>
ST_2 : Operation 86 [1/1] (0.00ns)   --->   "%gmem_addr_1 = getelementptr i16 %gmem, i64 %p_cast1_cast"   --->   Operation 86 'getelementptr' 'gmem_addr_1' <Predicate = true> <Delay = 0.00>
ST_2 : Operation 87 [71/71] (7.30ns)   --->   "%height_req = readreq i1 @_ssdm_op_ReadReq.m_axi.i16P1A, i16 %gmem_addr_1, i64 1"   --->   Operation 87 'readreq' 'height_req' <Predicate = true> <Delay = 7.30> <CoreInst = "m_axi">   --->   Core 111 'm_axi' <Latency = 6> <II = 1> <Delay = 1.00> <Adapter> <Opcode : 'read' 'write' 'readreq' 'writereq' 'writeresp'>

State 3 <SV = 2> <Delay = 7.30>
ST_3 : Operation 88 [69/71] (7.30ns)   --->   "%width_req = readreq i1 @_ssdm_op_ReadReq.m_axi.i16P1A, i16 %gmem_addr, i64 1"   --->   Operation 88 'readreq' 'width_req' <Predicate = true> <Delay = 7.30> <CoreInst = "m_axi">   --->   Core 111 'm_axi' <Latency = 6> <II = 1> <Delay = 1.00> <Adapter> <Opcode : 'read' 'write' 'readreq' 'writereq' 'writeresp'>
ST_3 : Operation 89 [70/71] (7.30ns)   --->   "%height_req = readreq i1 @_ssdm_op_ReadReq.m_axi.i16P1A, i16 %gmem_addr_1, i64 1"   --->   Operation 89 'readreq' 'height_req' <Predicate = true> <Delay = 7.30> <CoreInst = "m_axi">   --->   Core 111 'm_axi' <Latency = 6> <II = 1> <Delay = 1.00> <Adapter> <Opcode : 'read' 'write' 'readreq' 'writereq' 'writeresp'>

State 4 <SV = 3> <Delay = 7.30>
ST_4 : Operation 90 [68/71] (7.30ns)   --->   "%width_req = readreq i1 @_ssdm_op_ReadReq.m_axi.i16P1A, i16 %gmem_addr, i64 1"   --->   Operation 90 'readreq' 'width_req' <Predicate = true> <Delay = 7.30> <CoreInst = "m_axi">   --->   Core 111 'm_axi' <Latency = 6> <II = 1> <Delay = 1.00> <Adapter> <Opcode : 'read' 'write' 'readreq' 'writereq' 'writeresp'>
ST_4 : Operation 91 [69/71] (7.30ns)   --->   "%height_req = readreq i1 @_ssdm_op_ReadReq.m_axi.i16P1A, i16 %gmem_addr_1, i64 1"   --->   Operation 91 'readreq' 'height_req' <Predicate = true> <Delay = 7.30> <CoreInst = "m_axi">   --->   Core 111 'm_axi' <Latency = 6> <II = 1> <Delay = 1.00> <Adapter> <Opcode : 'read' 'write' 'readreq' 'writereq' 'writeresp'>

State 5 <SV = 4> <Delay = 7.30>
ST_5 : Operation 92 [67/71] (7.30ns)   --->   "%width_req = readreq i1 @_ssdm_op_ReadReq.m_axi.i16P1A, i16 %gmem_addr, i64 1"   --->   Operation 92 'readreq' 'width_req' <Predicate = true> <Delay = 7.30> <CoreInst = "m_axi">   --->   Core 111 'm_axi' <Latency = 6> <II = 1> <Delay = 1.00> <Adapter> <Opcode : 'read' 'write' 'readreq' 'writereq' 'writeresp'>
ST_5 : Operation 93 [68/71] (7.30ns)   --->   "%height_req = readreq i1 @_ssdm_op_ReadReq.m_axi.i16P1A, i16 %gmem_addr_1, i64 1"   --->   Operation 93 'readreq' 'height_req' <Predicate = true> <Delay = 7.30> <CoreInst = "m_axi">   --->   Core 111 'm_axi' <Latency = 6> <II = 1> <Delay = 1.00> <Adapter> <Opcode : 'read' 'write' 'readreq' 'writereq' 'writeresp'>

State 6 <SV = 5> <Delay = 7.30>
ST_6 : Operation 94 [66/71] (7.30ns)   --->   "%width_req = readreq i1 @_ssdm_op_ReadReq.m_axi.i16P1A, i16 %gmem_addr, i64 1"   --->   Operation 94 'readreq' 'width_req' <Predicate = true> <Delay = 7.30> <CoreInst = "m_axi">   --->   Core 111 'm_axi' <Latency = 6> <II = 1> <Delay = 1.00> <Adapter> <Opcode : 'read' 'write' 'readreq' 'writereq' 'writeresp'>
ST_6 : Operation 95 [67/71] (7.30ns)   --->   "%height_req = readreq i1 @_ssdm_op_ReadReq.m_axi.i16P1A, i16 %gmem_addr_1, i64 1"   --->   Operation 95 'readreq' 'height_req' <Predicate = true> <Delay = 7.30> <CoreInst = "m_axi">   --->   Core 111 'm_axi' <Latency = 6> <II = 1> <Delay = 1.00> <Adapter> <Opcode : 'read' 'write' 'readreq' 'writereq' 'writeresp'>

State 7 <SV = 6> <Delay = 7.30>
ST_7 : Operation 96 [65/71] (7.30ns)   --->   "%width_req = readreq i1 @_ssdm_op_ReadReq.m_axi.i16P1A, i16 %gmem_addr, i64 1"   --->   Operation 96 'readreq' 'width_req' <Predicate = true> <Delay = 7.30> <CoreInst = "m_axi">   --->   Core 111 'm_axi' <Latency = 6> <II = 1> <Delay = 1.00> <Adapter> <Opcode : 'read' 'write' 'readreq' 'writereq' 'writeresp'>
ST_7 : Operation 97 [66/71] (7.30ns)   --->   "%height_req = readreq i1 @_ssdm_op_ReadReq.m_axi.i16P1A, i16 %gmem_addr_1, i64 1"   --->   Operation 97 'readreq' 'height_req' <Predicate = true> <Delay = 7.30> <CoreInst = "m_axi">   --->   Core 111 'm_axi' <Latency = 6> <II = 1> <Delay = 1.00> <Adapter> <Opcode : 'read' 'write' 'readreq' 'writereq' 'writeresp'>

State 8 <SV = 7> <Delay = 7.30>
ST_8 : Operation 98 [64/71] (7.30ns)   --->   "%width_req = readreq i1 @_ssdm_op_ReadReq.m_axi.i16P1A, i16 %gmem_addr, i64 1"   --->   Operation 98 'readreq' 'width_req' <Predicate = true> <Delay = 7.30> <CoreInst = "m_axi">   --->   Core 111 'm_axi' <Latency = 6> <II = 1> <Delay = 1.00> <Adapter> <Opcode : 'read' 'write' 'readreq' 'writereq' 'writeresp'>
ST_8 : Operation 99 [65/71] (7.30ns)   --->   "%height_req = readreq i1 @_ssdm_op_ReadReq.m_axi.i16P1A, i16 %gmem_addr_1, i64 1"   --->   Operation 99 'readreq' 'height_req' <Predicate = true> <Delay = 7.30> <CoreInst = "m_axi">   --->   Core 111 'm_axi' <Latency = 6> <II = 1> <Delay = 1.00> <Adapter> <Opcode : 'read' 'write' 'readreq' 'writereq' 'writeresp'>

State 9 <SV = 8> <Delay = 7.30>
ST_9 : Operation 100 [63/71] (7.30ns)   --->   "%width_req = readreq i1 @_ssdm_op_ReadReq.m_axi.i16P1A, i16 %gmem_addr, i64 1"   --->   Operation 100 'readreq' 'width_req' <Predicate = true> <Delay = 7.30> <CoreInst = "m_axi">   --->   Core 111 'm_axi' <Latency = 6> <II = 1> <Delay = 1.00> <Adapter> <Opcode : 'read' 'write' 'readreq' 'writereq' 'writeresp'>
ST_9 : Operation 101 [64/71] (7.30ns)   --->   "%height_req = readreq i1 @_ssdm_op_ReadReq.m_axi.i16P1A, i16 %gmem_addr_1, i64 1"   --->   Operation 101 'readreq' 'height_req' <Predicate = true> <Delay = 7.30> <CoreInst = "m_axi">   --->   Core 111 'm_axi' <Latency = 6> <II = 1> <Delay = 1.00> <Adapter> <Opcode : 'read' 'write' 'readreq' 'writereq' 'writeresp'>

State 10 <SV = 9> <Delay = 7.30>
ST_10 : Operation 102 [62/71] (7.30ns)   --->   "%width_req = readreq i1 @_ssdm_op_ReadReq.m_axi.i16P1A, i16 %gmem_addr, i64 1"   --->   Operation 102 'readreq' 'width_req' <Predicate = true> <Delay = 7.30> <CoreInst = "m_axi">   --->   Core 111 'm_axi' <Latency = 6> <II = 1> <Delay = 1.00> <Adapter> <Opcode : 'read' 'write' 'readreq' 'writereq' 'writeresp'>
ST_10 : Operation 103 [63/71] (7.30ns)   --->   "%height_req = readreq i1 @_ssdm_op_ReadReq.m_axi.i16P1A, i16 %gmem_addr_1, i64 1"   --->   Operation 103 'readreq' 'height_req' <Predicate = true> <Delay = 7.30> <CoreInst = "m_axi">   --->   Core 111 'm_axi' <Latency = 6> <II = 1> <Delay = 1.00> <Adapter> <Opcode : 'read' 'write' 'readreq' 'writereq' 'writeresp'>

State 11 <SV = 10> <Delay = 7.30>
ST_11 : Operation 104 [61/71] (7.30ns)   --->   "%width_req = readreq i1 @_ssdm_op_ReadReq.m_axi.i16P1A, i16 %gmem_addr, i64 1"   --->   Operation 104 'readreq' 'width_req' <Predicate = true> <Delay = 7.30> <CoreInst = "m_axi">   --->   Core 111 'm_axi' <Latency = 6> <II = 1> <Delay = 1.00> <Adapter> <Opcode : 'read' 'write' 'readreq' 'writereq' 'writeresp'>
ST_11 : Operation 105 [62/71] (7.30ns)   --->   "%height_req = readreq i1 @_ssdm_op_ReadReq.m_axi.i16P1A, i16 %gmem_addr_1, i64 1"   --->   Operation 105 'readreq' 'height_req' <Predicate = true> <Delay = 7.30> <CoreInst = "m_axi">   --->   Core 111 'm_axi' <Latency = 6> <II = 1> <Delay = 1.00> <Adapter> <Opcode : 'read' 'write' 'readreq' 'writereq' 'writeresp'>

State 12 <SV = 11> <Delay = 7.30>
ST_12 : Operation 106 [60/71] (7.30ns)   --->   "%width_req = readreq i1 @_ssdm_op_ReadReq.m_axi.i16P1A, i16 %gmem_addr, i64 1"   --->   Operation 106 'readreq' 'width_req' <Predicate = true> <Delay = 7.30> <CoreInst = "m_axi">   --->   Core 111 'm_axi' <Latency = 6> <II = 1> <Delay = 1.00> <Adapter> <Opcode : 'read' 'write' 'readreq' 'writereq' 'writeresp'>
ST_12 : Operation 107 [61/71] (7.30ns)   --->   "%height_req = readreq i1 @_ssdm_op_ReadReq.m_axi.i16P1A, i16 %gmem_addr_1, i64 1"   --->   Operation 107 'readreq' 'height_req' <Predicate = true> <Delay = 7.30> <CoreInst = "m_axi">   --->   Core 111 'm_axi' <Latency = 6> <II = 1> <Delay = 1.00> <Adapter> <Opcode : 'read' 'write' 'readreq' 'writereq' 'writeresp'>

State 13 <SV = 12> <Delay = 7.30>
ST_13 : Operation 108 [59/71] (7.30ns)   --->   "%width_req = readreq i1 @_ssdm_op_ReadReq.m_axi.i16P1A, i16 %gmem_addr, i64 1"   --->   Operation 108 'readreq' 'width_req' <Predicate = true> <Delay = 7.30> <CoreInst = "m_axi">   --->   Core 111 'm_axi' <Latency = 6> <II = 1> <Delay = 1.00> <Adapter> <Opcode : 'read' 'write' 'readreq' 'writereq' 'writeresp'>
ST_13 : Operation 109 [60/71] (7.30ns)   --->   "%height_req = readreq i1 @_ssdm_op_ReadReq.m_axi.i16P1A, i16 %gmem_addr_1, i64 1"   --->   Operation 109 'readreq' 'height_req' <Predicate = true> <Delay = 7.30> <CoreInst = "m_axi">   --->   Core 111 'm_axi' <Latency = 6> <II = 1> <Delay = 1.00> <Adapter> <Opcode : 'read' 'write' 'readreq' 'writereq' 'writeresp'>

State 14 <SV = 13> <Delay = 7.30>
ST_14 : Operation 110 [58/71] (7.30ns)   --->   "%width_req = readreq i1 @_ssdm_op_ReadReq.m_axi.i16P1A, i16 %gmem_addr, i64 1"   --->   Operation 110 'readreq' 'width_req' <Predicate = true> <Delay = 7.30> <CoreInst = "m_axi">   --->   Core 111 'm_axi' <Latency = 6> <II = 1> <Delay = 1.00> <Adapter> <Opcode : 'read' 'write' 'readreq' 'writereq' 'writeresp'>
ST_14 : Operation 111 [59/71] (7.30ns)   --->   "%height_req = readreq i1 @_ssdm_op_ReadReq.m_axi.i16P1A, i16 %gmem_addr_1, i64 1"   --->   Operation 111 'readreq' 'height_req' <Predicate = true> <Delay = 7.30> <CoreInst = "m_axi">   --->   Core 111 'm_axi' <Latency = 6> <II = 1> <Delay = 1.00> <Adapter> <Opcode : 'read' 'write' 'readreq' 'writereq' 'writeresp'>

State 15 <SV = 14> <Delay = 7.30>
ST_15 : Operation 112 [57/71] (7.30ns)   --->   "%width_req = readreq i1 @_ssdm_op_ReadReq.m_axi.i16P1A, i16 %gmem_addr, i64 1"   --->   Operation 112 'readreq' 'width_req' <Predicate = true> <Delay = 7.30> <CoreInst = "m_axi">   --->   Core 111 'm_axi' <Latency = 6> <II = 1> <Delay = 1.00> <Adapter> <Opcode : 'read' 'write' 'readreq' 'writereq' 'writeresp'>
ST_15 : Operation 113 [58/71] (7.30ns)   --->   "%height_req = readreq i1 @_ssdm_op_ReadReq.m_axi.i16P1A, i16 %gmem_addr_1, i64 1"   --->   Operation 113 'readreq' 'height_req' <Predicate = true> <Delay = 7.30> <CoreInst = "m_axi">   --->   Core 111 'm_axi' <Latency = 6> <II = 1> <Delay = 1.00> <Adapter> <Opcode : 'read' 'write' 'readreq' 'writereq' 'writeresp'>

State 16 <SV = 15> <Delay = 7.30>
ST_16 : Operation 114 [56/71] (7.30ns)   --->   "%width_req = readreq i1 @_ssdm_op_ReadReq.m_axi.i16P1A, i16 %gmem_addr, i64 1"   --->   Operation 114 'readreq' 'width_req' <Predicate = true> <Delay = 7.30> <CoreInst = "m_axi">   --->   Core 111 'm_axi' <Latency = 6> <II = 1> <Delay = 1.00> <Adapter> <Opcode : 'read' 'write' 'readreq' 'writereq' 'writeresp'>
ST_16 : Operation 115 [57/71] (7.30ns)   --->   "%height_req = readreq i1 @_ssdm_op_ReadReq.m_axi.i16P1A, i16 %gmem_addr_1, i64 1"   --->   Operation 115 'readreq' 'height_req' <Predicate = true> <Delay = 7.30> <CoreInst = "m_axi">   --->   Core 111 'm_axi' <Latency = 6> <II = 1> <Delay = 1.00> <Adapter> <Opcode : 'read' 'write' 'readreq' 'writereq' 'writeresp'>

State 17 <SV = 16> <Delay = 7.30>
ST_17 : Operation 116 [55/71] (7.30ns)   --->   "%width_req = readreq i1 @_ssdm_op_ReadReq.m_axi.i16P1A, i16 %gmem_addr, i64 1"   --->   Operation 116 'readreq' 'width_req' <Predicate = true> <Delay = 7.30> <CoreInst = "m_axi">   --->   Core 111 'm_axi' <Latency = 6> <II = 1> <Delay = 1.00> <Adapter> <Opcode : 'read' 'write' 'readreq' 'writereq' 'writeresp'>
ST_17 : Operation 117 [56/71] (7.30ns)   --->   "%height_req = readreq i1 @_ssdm_op_ReadReq.m_axi.i16P1A, i16 %gmem_addr_1, i64 1"   --->   Operation 117 'readreq' 'height_req' <Predicate = true> <Delay = 7.30> <CoreInst = "m_axi">   --->   Core 111 'm_axi' <Latency = 6> <II = 1> <Delay = 1.00> <Adapter> <Opcode : 'read' 'write' 'readreq' 'writereq' 'writeresp'>

State 18 <SV = 17> <Delay = 7.30>
ST_18 : Operation 118 [54/71] (7.30ns)   --->   "%width_req = readreq i1 @_ssdm_op_ReadReq.m_axi.i16P1A, i16 %gmem_addr, i64 1"   --->   Operation 118 'readreq' 'width_req' <Predicate = true> <Delay = 7.30> <CoreInst = "m_axi">   --->   Core 111 'm_axi' <Latency = 6> <II = 1> <Delay = 1.00> <Adapter> <Opcode : 'read' 'write' 'readreq' 'writereq' 'writeresp'>
ST_18 : Operation 119 [55/71] (7.30ns)   --->   "%height_req = readreq i1 @_ssdm_op_ReadReq.m_axi.i16P1A, i16 %gmem_addr_1, i64 1"   --->   Operation 119 'readreq' 'height_req' <Predicate = true> <Delay = 7.30> <CoreInst = "m_axi">   --->   Core 111 'm_axi' <Latency = 6> <II = 1> <Delay = 1.00> <Adapter> <Opcode : 'read' 'write' 'readreq' 'writereq' 'writeresp'>

State 19 <SV = 18> <Delay = 7.30>
ST_19 : Operation 120 [53/71] (7.30ns)   --->   "%width_req = readreq i1 @_ssdm_op_ReadReq.m_axi.i16P1A, i16 %gmem_addr, i64 1"   --->   Operation 120 'readreq' 'width_req' <Predicate = true> <Delay = 7.30> <CoreInst = "m_axi">   --->   Core 111 'm_axi' <Latency = 6> <II = 1> <Delay = 1.00> <Adapter> <Opcode : 'read' 'write' 'readreq' 'writereq' 'writeresp'>
ST_19 : Operation 121 [54/71] (7.30ns)   --->   "%height_req = readreq i1 @_ssdm_op_ReadReq.m_axi.i16P1A, i16 %gmem_addr_1, i64 1"   --->   Operation 121 'readreq' 'height_req' <Predicate = true> <Delay = 7.30> <CoreInst = "m_axi">   --->   Core 111 'm_axi' <Latency = 6> <II = 1> <Delay = 1.00> <Adapter> <Opcode : 'read' 'write' 'readreq' 'writereq' 'writeresp'>

State 20 <SV = 19> <Delay = 7.30>
ST_20 : Operation 122 [52/71] (7.30ns)   --->   "%width_req = readreq i1 @_ssdm_op_ReadReq.m_axi.i16P1A, i16 %gmem_addr, i64 1"   --->   Operation 122 'readreq' 'width_req' <Predicate = true> <Delay = 7.30> <CoreInst = "m_axi">   --->   Core 111 'm_axi' <Latency = 6> <II = 1> <Delay = 1.00> <Adapter> <Opcode : 'read' 'write' 'readreq' 'writereq' 'writeresp'>
ST_20 : Operation 123 [53/71] (7.30ns)   --->   "%height_req = readreq i1 @_ssdm_op_ReadReq.m_axi.i16P1A, i16 %gmem_addr_1, i64 1"   --->   Operation 123 'readreq' 'height_req' <Predicate = true> <Delay = 7.30> <CoreInst = "m_axi">   --->   Core 111 'm_axi' <Latency = 6> <II = 1> <Delay = 1.00> <Adapter> <Opcode : 'read' 'write' 'readreq' 'writereq' 'writeresp'>

State 21 <SV = 20> <Delay = 7.30>
ST_21 : Operation 124 [51/71] (7.30ns)   --->   "%width_req = readreq i1 @_ssdm_op_ReadReq.m_axi.i16P1A, i16 %gmem_addr, i64 1"   --->   Operation 124 'readreq' 'width_req' <Predicate = true> <Delay = 7.30> <CoreInst = "m_axi">   --->   Core 111 'm_axi' <Latency = 6> <II = 1> <Delay = 1.00> <Adapter> <Opcode : 'read' 'write' 'readreq' 'writereq' 'writeresp'>
ST_21 : Operation 125 [52/71] (7.30ns)   --->   "%height_req = readreq i1 @_ssdm_op_ReadReq.m_axi.i16P1A, i16 %gmem_addr_1, i64 1"   --->   Operation 125 'readreq' 'height_req' <Predicate = true> <Delay = 7.30> <CoreInst = "m_axi">   --->   Core 111 'm_axi' <Latency = 6> <II = 1> <Delay = 1.00> <Adapter> <Opcode : 'read' 'write' 'readreq' 'writereq' 'writeresp'>

State 22 <SV = 21> <Delay = 7.30>
ST_22 : Operation 126 [50/71] (7.30ns)   --->   "%width_req = readreq i1 @_ssdm_op_ReadReq.m_axi.i16P1A, i16 %gmem_addr, i64 1"   --->   Operation 126 'readreq' 'width_req' <Predicate = true> <Delay = 7.30> <CoreInst = "m_axi">   --->   Core 111 'm_axi' <Latency = 6> <II = 1> <Delay = 1.00> <Adapter> <Opcode : 'read' 'write' 'readreq' 'writereq' 'writeresp'>
ST_22 : Operation 127 [51/71] (7.30ns)   --->   "%height_req = readreq i1 @_ssdm_op_ReadReq.m_axi.i16P1A, i16 %gmem_addr_1, i64 1"   --->   Operation 127 'readreq' 'height_req' <Predicate = true> <Delay = 7.30> <CoreInst = "m_axi">   --->   Core 111 'm_axi' <Latency = 6> <II = 1> <Delay = 1.00> <Adapter> <Opcode : 'read' 'write' 'readreq' 'writereq' 'writeresp'>

State 23 <SV = 22> <Delay = 7.30>
ST_23 : Operation 128 [49/71] (7.30ns)   --->   "%width_req = readreq i1 @_ssdm_op_ReadReq.m_axi.i16P1A, i16 %gmem_addr, i64 1"   --->   Operation 128 'readreq' 'width_req' <Predicate = true> <Delay = 7.30> <CoreInst = "m_axi">   --->   Core 111 'm_axi' <Latency = 6> <II = 1> <Delay = 1.00> <Adapter> <Opcode : 'read' 'write' 'readreq' 'writereq' 'writeresp'>
ST_23 : Operation 129 [50/71] (7.30ns)   --->   "%height_req = readreq i1 @_ssdm_op_ReadReq.m_axi.i16P1A, i16 %gmem_addr_1, i64 1"   --->   Operation 129 'readreq' 'height_req' <Predicate = true> <Delay = 7.30> <CoreInst = "m_axi">   --->   Core 111 'm_axi' <Latency = 6> <II = 1> <Delay = 1.00> <Adapter> <Opcode : 'read' 'write' 'readreq' 'writereq' 'writeresp'>

State 24 <SV = 23> <Delay = 7.30>
ST_24 : Operation 130 [48/71] (7.30ns)   --->   "%width_req = readreq i1 @_ssdm_op_ReadReq.m_axi.i16P1A, i16 %gmem_addr, i64 1"   --->   Operation 130 'readreq' 'width_req' <Predicate = true> <Delay = 7.30> <CoreInst = "m_axi">   --->   Core 111 'm_axi' <Latency = 6> <II = 1> <Delay = 1.00> <Adapter> <Opcode : 'read' 'write' 'readreq' 'writereq' 'writeresp'>
ST_24 : Operation 131 [49/71] (7.30ns)   --->   "%height_req = readreq i1 @_ssdm_op_ReadReq.m_axi.i16P1A, i16 %gmem_addr_1, i64 1"   --->   Operation 131 'readreq' 'height_req' <Predicate = true> <Delay = 7.30> <CoreInst = "m_axi">   --->   Core 111 'm_axi' <Latency = 6> <II = 1> <Delay = 1.00> <Adapter> <Opcode : 'read' 'write' 'readreq' 'writereq' 'writeresp'>

State 25 <SV = 24> <Delay = 7.30>
ST_25 : Operation 132 [47/71] (7.30ns)   --->   "%width_req = readreq i1 @_ssdm_op_ReadReq.m_axi.i16P1A, i16 %gmem_addr, i64 1"   --->   Operation 132 'readreq' 'width_req' <Predicate = true> <Delay = 7.30> <CoreInst = "m_axi">   --->   Core 111 'm_axi' <Latency = 6> <II = 1> <Delay = 1.00> <Adapter> <Opcode : 'read' 'write' 'readreq' 'writereq' 'writeresp'>
ST_25 : Operation 133 [48/71] (7.30ns)   --->   "%height_req = readreq i1 @_ssdm_op_ReadReq.m_axi.i16P1A, i16 %gmem_addr_1, i64 1"   --->   Operation 133 'readreq' 'height_req' <Predicate = true> <Delay = 7.30> <CoreInst = "m_axi">   --->   Core 111 'm_axi' <Latency = 6> <II = 1> <Delay = 1.00> <Adapter> <Opcode : 'read' 'write' 'readreq' 'writereq' 'writeresp'>

State 26 <SV = 25> <Delay = 7.30>
ST_26 : Operation 134 [46/71] (7.30ns)   --->   "%width_req = readreq i1 @_ssdm_op_ReadReq.m_axi.i16P1A, i16 %gmem_addr, i64 1"   --->   Operation 134 'readreq' 'width_req' <Predicate = true> <Delay = 7.30> <CoreInst = "m_axi">   --->   Core 111 'm_axi' <Latency = 6> <II = 1> <Delay = 1.00> <Adapter> <Opcode : 'read' 'write' 'readreq' 'writereq' 'writeresp'>
ST_26 : Operation 135 [47/71] (7.30ns)   --->   "%height_req = readreq i1 @_ssdm_op_ReadReq.m_axi.i16P1A, i16 %gmem_addr_1, i64 1"   --->   Operation 135 'readreq' 'height_req' <Predicate = true> <Delay = 7.30> <CoreInst = "m_axi">   --->   Core 111 'm_axi' <Latency = 6> <II = 1> <Delay = 1.00> <Adapter> <Opcode : 'read' 'write' 'readreq' 'writereq' 'writeresp'>

State 27 <SV = 26> <Delay = 7.30>
ST_27 : Operation 136 [45/71] (7.30ns)   --->   "%width_req = readreq i1 @_ssdm_op_ReadReq.m_axi.i16P1A, i16 %gmem_addr, i64 1"   --->   Operation 136 'readreq' 'width_req' <Predicate = true> <Delay = 7.30> <CoreInst = "m_axi">   --->   Core 111 'm_axi' <Latency = 6> <II = 1> <Delay = 1.00> <Adapter> <Opcode : 'read' 'write' 'readreq' 'writereq' 'writeresp'>
ST_27 : Operation 137 [46/71] (7.30ns)   --->   "%height_req = readreq i1 @_ssdm_op_ReadReq.m_axi.i16P1A, i16 %gmem_addr_1, i64 1"   --->   Operation 137 'readreq' 'height_req' <Predicate = true> <Delay = 7.30> <CoreInst = "m_axi">   --->   Core 111 'm_axi' <Latency = 6> <II = 1> <Delay = 1.00> <Adapter> <Opcode : 'read' 'write' 'readreq' 'writereq' 'writeresp'>

State 28 <SV = 27> <Delay = 7.30>
ST_28 : Operation 138 [44/71] (7.30ns)   --->   "%width_req = readreq i1 @_ssdm_op_ReadReq.m_axi.i16P1A, i16 %gmem_addr, i64 1"   --->   Operation 138 'readreq' 'width_req' <Predicate = true> <Delay = 7.30> <CoreInst = "m_axi">   --->   Core 111 'm_axi' <Latency = 6> <II = 1> <Delay = 1.00> <Adapter> <Opcode : 'read' 'write' 'readreq' 'writereq' 'writeresp'>
ST_28 : Operation 139 [45/71] (7.30ns)   --->   "%height_req = readreq i1 @_ssdm_op_ReadReq.m_axi.i16P1A, i16 %gmem_addr_1, i64 1"   --->   Operation 139 'readreq' 'height_req' <Predicate = true> <Delay = 7.30> <CoreInst = "m_axi">   --->   Core 111 'm_axi' <Latency = 6> <II = 1> <Delay = 1.00> <Adapter> <Opcode : 'read' 'write' 'readreq' 'writereq' 'writeresp'>

State 29 <SV = 28> <Delay = 7.30>
ST_29 : Operation 140 [43/71] (7.30ns)   --->   "%width_req = readreq i1 @_ssdm_op_ReadReq.m_axi.i16P1A, i16 %gmem_addr, i64 1"   --->   Operation 140 'readreq' 'width_req' <Predicate = true> <Delay = 7.30> <CoreInst = "m_axi">   --->   Core 111 'm_axi' <Latency = 6> <II = 1> <Delay = 1.00> <Adapter> <Opcode : 'read' 'write' 'readreq' 'writereq' 'writeresp'>
ST_29 : Operation 141 [44/71] (7.30ns)   --->   "%height_req = readreq i1 @_ssdm_op_ReadReq.m_axi.i16P1A, i16 %gmem_addr_1, i64 1"   --->   Operation 141 'readreq' 'height_req' <Predicate = true> <Delay = 7.30> <CoreInst = "m_axi">   --->   Core 111 'm_axi' <Latency = 6> <II = 1> <Delay = 1.00> <Adapter> <Opcode : 'read' 'write' 'readreq' 'writereq' 'writeresp'>

State 30 <SV = 29> <Delay = 7.30>
ST_30 : Operation 142 [42/71] (7.30ns)   --->   "%width_req = readreq i1 @_ssdm_op_ReadReq.m_axi.i16P1A, i16 %gmem_addr, i64 1"   --->   Operation 142 'readreq' 'width_req' <Predicate = true> <Delay = 7.30> <CoreInst = "m_axi">   --->   Core 111 'm_axi' <Latency = 6> <II = 1> <Delay = 1.00> <Adapter> <Opcode : 'read' 'write' 'readreq' 'writereq' 'writeresp'>
ST_30 : Operation 143 [43/71] (7.30ns)   --->   "%height_req = readreq i1 @_ssdm_op_ReadReq.m_axi.i16P1A, i16 %gmem_addr_1, i64 1"   --->   Operation 143 'readreq' 'height_req' <Predicate = true> <Delay = 7.30> <CoreInst = "m_axi">   --->   Core 111 'm_axi' <Latency = 6> <II = 1> <Delay = 1.00> <Adapter> <Opcode : 'read' 'write' 'readreq' 'writereq' 'writeresp'>

State 31 <SV = 30> <Delay = 7.30>
ST_31 : Operation 144 [41/71] (7.30ns)   --->   "%width_req = readreq i1 @_ssdm_op_ReadReq.m_axi.i16P1A, i16 %gmem_addr, i64 1"   --->   Operation 144 'readreq' 'width_req' <Predicate = true> <Delay = 7.30> <CoreInst = "m_axi">   --->   Core 111 'm_axi' <Latency = 6> <II = 1> <Delay = 1.00> <Adapter> <Opcode : 'read' 'write' 'readreq' 'writereq' 'writeresp'>
ST_31 : Operation 145 [42/71] (7.30ns)   --->   "%height_req = readreq i1 @_ssdm_op_ReadReq.m_axi.i16P1A, i16 %gmem_addr_1, i64 1"   --->   Operation 145 'readreq' 'height_req' <Predicate = true> <Delay = 7.30> <CoreInst = "m_axi">   --->   Core 111 'm_axi' <Latency = 6> <II = 1> <Delay = 1.00> <Adapter> <Opcode : 'read' 'write' 'readreq' 'writereq' 'writeresp'>

State 32 <SV = 31> <Delay = 7.30>
ST_32 : Operation 146 [40/71] (7.30ns)   --->   "%width_req = readreq i1 @_ssdm_op_ReadReq.m_axi.i16P1A, i16 %gmem_addr, i64 1"   --->   Operation 146 'readreq' 'width_req' <Predicate = true> <Delay = 7.30> <CoreInst = "m_axi">   --->   Core 111 'm_axi' <Latency = 6> <II = 1> <Delay = 1.00> <Adapter> <Opcode : 'read' 'write' 'readreq' 'writereq' 'writeresp'>
ST_32 : Operation 147 [41/71] (7.30ns)   --->   "%height_req = readreq i1 @_ssdm_op_ReadReq.m_axi.i16P1A, i16 %gmem_addr_1, i64 1"   --->   Operation 147 'readreq' 'height_req' <Predicate = true> <Delay = 7.30> <CoreInst = "m_axi">   --->   Core 111 'm_axi' <Latency = 6> <II = 1> <Delay = 1.00> <Adapter> <Opcode : 'read' 'write' 'readreq' 'writereq' 'writeresp'>

State 33 <SV = 32> <Delay = 7.30>
ST_33 : Operation 148 [39/71] (7.30ns)   --->   "%width_req = readreq i1 @_ssdm_op_ReadReq.m_axi.i16P1A, i16 %gmem_addr, i64 1"   --->   Operation 148 'readreq' 'width_req' <Predicate = true> <Delay = 7.30> <CoreInst = "m_axi">   --->   Core 111 'm_axi' <Latency = 6> <II = 1> <Delay = 1.00> <Adapter> <Opcode : 'read' 'write' 'readreq' 'writereq' 'writeresp'>
ST_33 : Operation 149 [40/71] (7.30ns)   --->   "%height_req = readreq i1 @_ssdm_op_ReadReq.m_axi.i16P1A, i16 %gmem_addr_1, i64 1"   --->   Operation 149 'readreq' 'height_req' <Predicate = true> <Delay = 7.30> <CoreInst = "m_axi">   --->   Core 111 'm_axi' <Latency = 6> <II = 1> <Delay = 1.00> <Adapter> <Opcode : 'read' 'write' 'readreq' 'writereq' 'writeresp'>

State 34 <SV = 33> <Delay = 7.30>
ST_34 : Operation 150 [38/71] (7.30ns)   --->   "%width_req = readreq i1 @_ssdm_op_ReadReq.m_axi.i16P1A, i16 %gmem_addr, i64 1"   --->   Operation 150 'readreq' 'width_req' <Predicate = true> <Delay = 7.30> <CoreInst = "m_axi">   --->   Core 111 'm_axi' <Latency = 6> <II = 1> <Delay = 1.00> <Adapter> <Opcode : 'read' 'write' 'readreq' 'writereq' 'writeresp'>
ST_34 : Operation 151 [39/71] (7.30ns)   --->   "%height_req = readreq i1 @_ssdm_op_ReadReq.m_axi.i16P1A, i16 %gmem_addr_1, i64 1"   --->   Operation 151 'readreq' 'height_req' <Predicate = true> <Delay = 7.30> <CoreInst = "m_axi">   --->   Core 111 'm_axi' <Latency = 6> <II = 1> <Delay = 1.00> <Adapter> <Opcode : 'read' 'write' 'readreq' 'writereq' 'writeresp'>

State 35 <SV = 34> <Delay = 7.30>
ST_35 : Operation 152 [37/71] (7.30ns)   --->   "%width_req = readreq i1 @_ssdm_op_ReadReq.m_axi.i16P1A, i16 %gmem_addr, i64 1"   --->   Operation 152 'readreq' 'width_req' <Predicate = true> <Delay = 7.30> <CoreInst = "m_axi">   --->   Core 111 'm_axi' <Latency = 6> <II = 1> <Delay = 1.00> <Adapter> <Opcode : 'read' 'write' 'readreq' 'writereq' 'writeresp'>
ST_35 : Operation 153 [38/71] (7.30ns)   --->   "%height_req = readreq i1 @_ssdm_op_ReadReq.m_axi.i16P1A, i16 %gmem_addr_1, i64 1"   --->   Operation 153 'readreq' 'height_req' <Predicate = true> <Delay = 7.30> <CoreInst = "m_axi">   --->   Core 111 'm_axi' <Latency = 6> <II = 1> <Delay = 1.00> <Adapter> <Opcode : 'read' 'write' 'readreq' 'writereq' 'writeresp'>

State 36 <SV = 35> <Delay = 7.30>
ST_36 : Operation 154 [36/71] (7.30ns)   --->   "%width_req = readreq i1 @_ssdm_op_ReadReq.m_axi.i16P1A, i16 %gmem_addr, i64 1"   --->   Operation 154 'readreq' 'width_req' <Predicate = true> <Delay = 7.30> <CoreInst = "m_axi">   --->   Core 111 'm_axi' <Latency = 6> <II = 1> <Delay = 1.00> <Adapter> <Opcode : 'read' 'write' 'readreq' 'writereq' 'writeresp'>
ST_36 : Operation 155 [37/71] (7.30ns)   --->   "%height_req = readreq i1 @_ssdm_op_ReadReq.m_axi.i16P1A, i16 %gmem_addr_1, i64 1"   --->   Operation 155 'readreq' 'height_req' <Predicate = true> <Delay = 7.30> <CoreInst = "m_axi">   --->   Core 111 'm_axi' <Latency = 6> <II = 1> <Delay = 1.00> <Adapter> <Opcode : 'read' 'write' 'readreq' 'writereq' 'writeresp'>

State 37 <SV = 36> <Delay = 7.30>
ST_37 : Operation 156 [35/71] (7.30ns)   --->   "%width_req = readreq i1 @_ssdm_op_ReadReq.m_axi.i16P1A, i16 %gmem_addr, i64 1"   --->   Operation 156 'readreq' 'width_req' <Predicate = true> <Delay = 7.30> <CoreInst = "m_axi">   --->   Core 111 'm_axi' <Latency = 6> <II = 1> <Delay = 1.00> <Adapter> <Opcode : 'read' 'write' 'readreq' 'writereq' 'writeresp'>
ST_37 : Operation 157 [36/71] (7.30ns)   --->   "%height_req = readreq i1 @_ssdm_op_ReadReq.m_axi.i16P1A, i16 %gmem_addr_1, i64 1"   --->   Operation 157 'readreq' 'height_req' <Predicate = true> <Delay = 7.30> <CoreInst = "m_axi">   --->   Core 111 'm_axi' <Latency = 6> <II = 1> <Delay = 1.00> <Adapter> <Opcode : 'read' 'write' 'readreq' 'writereq' 'writeresp'>

State 38 <SV = 37> <Delay = 7.30>
ST_38 : Operation 158 [34/71] (7.30ns)   --->   "%width_req = readreq i1 @_ssdm_op_ReadReq.m_axi.i16P1A, i16 %gmem_addr, i64 1"   --->   Operation 158 'readreq' 'width_req' <Predicate = true> <Delay = 7.30> <CoreInst = "m_axi">   --->   Core 111 'm_axi' <Latency = 6> <II = 1> <Delay = 1.00> <Adapter> <Opcode : 'read' 'write' 'readreq' 'writereq' 'writeresp'>
ST_38 : Operation 159 [35/71] (7.30ns)   --->   "%height_req = readreq i1 @_ssdm_op_ReadReq.m_axi.i16P1A, i16 %gmem_addr_1, i64 1"   --->   Operation 159 'readreq' 'height_req' <Predicate = true> <Delay = 7.30> <CoreInst = "m_axi">   --->   Core 111 'm_axi' <Latency = 6> <II = 1> <Delay = 1.00> <Adapter> <Opcode : 'read' 'write' 'readreq' 'writereq' 'writeresp'>

State 39 <SV = 38> <Delay = 7.30>
ST_39 : Operation 160 [33/71] (7.30ns)   --->   "%width_req = readreq i1 @_ssdm_op_ReadReq.m_axi.i16P1A, i16 %gmem_addr, i64 1"   --->   Operation 160 'readreq' 'width_req' <Predicate = true> <Delay = 7.30> <CoreInst = "m_axi">   --->   Core 111 'm_axi' <Latency = 6> <II = 1> <Delay = 1.00> <Adapter> <Opcode : 'read' 'write' 'readreq' 'writereq' 'writeresp'>
ST_39 : Operation 161 [34/71] (7.30ns)   --->   "%height_req = readreq i1 @_ssdm_op_ReadReq.m_axi.i16P1A, i16 %gmem_addr_1, i64 1"   --->   Operation 161 'readreq' 'height_req' <Predicate = true> <Delay = 7.30> <CoreInst = "m_axi">   --->   Core 111 'm_axi' <Latency = 6> <II = 1> <Delay = 1.00> <Adapter> <Opcode : 'read' 'write' 'readreq' 'writereq' 'writeresp'>

State 40 <SV = 39> <Delay = 7.30>
ST_40 : Operation 162 [32/71] (7.30ns)   --->   "%width_req = readreq i1 @_ssdm_op_ReadReq.m_axi.i16P1A, i16 %gmem_addr, i64 1"   --->   Operation 162 'readreq' 'width_req' <Predicate = true> <Delay = 7.30> <CoreInst = "m_axi">   --->   Core 111 'm_axi' <Latency = 6> <II = 1> <Delay = 1.00> <Adapter> <Opcode : 'read' 'write' 'readreq' 'writereq' 'writeresp'>
ST_40 : Operation 163 [33/71] (7.30ns)   --->   "%height_req = readreq i1 @_ssdm_op_ReadReq.m_axi.i16P1A, i16 %gmem_addr_1, i64 1"   --->   Operation 163 'readreq' 'height_req' <Predicate = true> <Delay = 7.30> <CoreInst = "m_axi">   --->   Core 111 'm_axi' <Latency = 6> <II = 1> <Delay = 1.00> <Adapter> <Opcode : 'read' 'write' 'readreq' 'writereq' 'writeresp'>

State 41 <SV = 40> <Delay = 7.30>
ST_41 : Operation 164 [31/71] (7.30ns)   --->   "%width_req = readreq i1 @_ssdm_op_ReadReq.m_axi.i16P1A, i16 %gmem_addr, i64 1"   --->   Operation 164 'readreq' 'width_req' <Predicate = true> <Delay = 7.30> <CoreInst = "m_axi">   --->   Core 111 'm_axi' <Latency = 6> <II = 1> <Delay = 1.00> <Adapter> <Opcode : 'read' 'write' 'readreq' 'writereq' 'writeresp'>
ST_41 : Operation 165 [32/71] (7.30ns)   --->   "%height_req = readreq i1 @_ssdm_op_ReadReq.m_axi.i16P1A, i16 %gmem_addr_1, i64 1"   --->   Operation 165 'readreq' 'height_req' <Predicate = true> <Delay = 7.30> <CoreInst = "m_axi">   --->   Core 111 'm_axi' <Latency = 6> <II = 1> <Delay = 1.00> <Adapter> <Opcode : 'read' 'write' 'readreq' 'writereq' 'writeresp'>

State 42 <SV = 41> <Delay = 7.30>
ST_42 : Operation 166 [30/71] (7.30ns)   --->   "%width_req = readreq i1 @_ssdm_op_ReadReq.m_axi.i16P1A, i16 %gmem_addr, i64 1"   --->   Operation 166 'readreq' 'width_req' <Predicate = true> <Delay = 7.30> <CoreInst = "m_axi">   --->   Core 111 'm_axi' <Latency = 6> <II = 1> <Delay = 1.00> <Adapter> <Opcode : 'read' 'write' 'readreq' 'writereq' 'writeresp'>
ST_42 : Operation 167 [31/71] (7.30ns)   --->   "%height_req = readreq i1 @_ssdm_op_ReadReq.m_axi.i16P1A, i16 %gmem_addr_1, i64 1"   --->   Operation 167 'readreq' 'height_req' <Predicate = true> <Delay = 7.30> <CoreInst = "m_axi">   --->   Core 111 'm_axi' <Latency = 6> <II = 1> <Delay = 1.00> <Adapter> <Opcode : 'read' 'write' 'readreq' 'writereq' 'writeresp'>

State 43 <SV = 42> <Delay = 7.30>
ST_43 : Operation 168 [29/71] (7.30ns)   --->   "%width_req = readreq i1 @_ssdm_op_ReadReq.m_axi.i16P1A, i16 %gmem_addr, i64 1"   --->   Operation 168 'readreq' 'width_req' <Predicate = true> <Delay = 7.30> <CoreInst = "m_axi">   --->   Core 111 'm_axi' <Latency = 6> <II = 1> <Delay = 1.00> <Adapter> <Opcode : 'read' 'write' 'readreq' 'writereq' 'writeresp'>
ST_43 : Operation 169 [30/71] (7.30ns)   --->   "%height_req = readreq i1 @_ssdm_op_ReadReq.m_axi.i16P1A, i16 %gmem_addr_1, i64 1"   --->   Operation 169 'readreq' 'height_req' <Predicate = true> <Delay = 7.30> <CoreInst = "m_axi">   --->   Core 111 'm_axi' <Latency = 6> <II = 1> <Delay = 1.00> <Adapter> <Opcode : 'read' 'write' 'readreq' 'writereq' 'writeresp'>

State 44 <SV = 43> <Delay = 7.30>
ST_44 : Operation 170 [28/71] (7.30ns)   --->   "%width_req = readreq i1 @_ssdm_op_ReadReq.m_axi.i16P1A, i16 %gmem_addr, i64 1"   --->   Operation 170 'readreq' 'width_req' <Predicate = true> <Delay = 7.30> <CoreInst = "m_axi">   --->   Core 111 'm_axi' <Latency = 6> <II = 1> <Delay = 1.00> <Adapter> <Opcode : 'read' 'write' 'readreq' 'writereq' 'writeresp'>
ST_44 : Operation 171 [29/71] (7.30ns)   --->   "%height_req = readreq i1 @_ssdm_op_ReadReq.m_axi.i16P1A, i16 %gmem_addr_1, i64 1"   --->   Operation 171 'readreq' 'height_req' <Predicate = true> <Delay = 7.30> <CoreInst = "m_axi">   --->   Core 111 'm_axi' <Latency = 6> <II = 1> <Delay = 1.00> <Adapter> <Opcode : 'read' 'write' 'readreq' 'writereq' 'writeresp'>

State 45 <SV = 44> <Delay = 7.30>
ST_45 : Operation 172 [27/71] (7.30ns)   --->   "%width_req = readreq i1 @_ssdm_op_ReadReq.m_axi.i16P1A, i16 %gmem_addr, i64 1"   --->   Operation 172 'readreq' 'width_req' <Predicate = true> <Delay = 7.30> <CoreInst = "m_axi">   --->   Core 111 'm_axi' <Latency = 6> <II = 1> <Delay = 1.00> <Adapter> <Opcode : 'read' 'write' 'readreq' 'writereq' 'writeresp'>
ST_45 : Operation 173 [28/71] (7.30ns)   --->   "%height_req = readreq i1 @_ssdm_op_ReadReq.m_axi.i16P1A, i16 %gmem_addr_1, i64 1"   --->   Operation 173 'readreq' 'height_req' <Predicate = true> <Delay = 7.30> <CoreInst = "m_axi">   --->   Core 111 'm_axi' <Latency = 6> <II = 1> <Delay = 1.00> <Adapter> <Opcode : 'read' 'write' 'readreq' 'writereq' 'writeresp'>

State 46 <SV = 45> <Delay = 7.30>
ST_46 : Operation 174 [26/71] (7.30ns)   --->   "%width_req = readreq i1 @_ssdm_op_ReadReq.m_axi.i16P1A, i16 %gmem_addr, i64 1"   --->   Operation 174 'readreq' 'width_req' <Predicate = true> <Delay = 7.30> <CoreInst = "m_axi">   --->   Core 111 'm_axi' <Latency = 6> <II = 1> <Delay = 1.00> <Adapter> <Opcode : 'read' 'write' 'readreq' 'writereq' 'writeresp'>
ST_46 : Operation 175 [27/71] (7.30ns)   --->   "%height_req = readreq i1 @_ssdm_op_ReadReq.m_axi.i16P1A, i16 %gmem_addr_1, i64 1"   --->   Operation 175 'readreq' 'height_req' <Predicate = true> <Delay = 7.30> <CoreInst = "m_axi">   --->   Core 111 'm_axi' <Latency = 6> <II = 1> <Delay = 1.00> <Adapter> <Opcode : 'read' 'write' 'readreq' 'writereq' 'writeresp'>

State 47 <SV = 46> <Delay = 7.30>
ST_47 : Operation 176 [25/71] (7.30ns)   --->   "%width_req = readreq i1 @_ssdm_op_ReadReq.m_axi.i16P1A, i16 %gmem_addr, i64 1"   --->   Operation 176 'readreq' 'width_req' <Predicate = true> <Delay = 7.30> <CoreInst = "m_axi">   --->   Core 111 'm_axi' <Latency = 6> <II = 1> <Delay = 1.00> <Adapter> <Opcode : 'read' 'write' 'readreq' 'writereq' 'writeresp'>
ST_47 : Operation 177 [26/71] (7.30ns)   --->   "%height_req = readreq i1 @_ssdm_op_ReadReq.m_axi.i16P1A, i16 %gmem_addr_1, i64 1"   --->   Operation 177 'readreq' 'height_req' <Predicate = true> <Delay = 7.30> <CoreInst = "m_axi">   --->   Core 111 'm_axi' <Latency = 6> <II = 1> <Delay = 1.00> <Adapter> <Opcode : 'read' 'write' 'readreq' 'writereq' 'writeresp'>

State 48 <SV = 47> <Delay = 7.30>
ST_48 : Operation 178 [24/71] (7.30ns)   --->   "%width_req = readreq i1 @_ssdm_op_ReadReq.m_axi.i16P1A, i16 %gmem_addr, i64 1"   --->   Operation 178 'readreq' 'width_req' <Predicate = true> <Delay = 7.30> <CoreInst = "m_axi">   --->   Core 111 'm_axi' <Latency = 6> <II = 1> <Delay = 1.00> <Adapter> <Opcode : 'read' 'write' 'readreq' 'writereq' 'writeresp'>
ST_48 : Operation 179 [25/71] (7.30ns)   --->   "%height_req = readreq i1 @_ssdm_op_ReadReq.m_axi.i16P1A, i16 %gmem_addr_1, i64 1"   --->   Operation 179 'readreq' 'height_req' <Predicate = true> <Delay = 7.30> <CoreInst = "m_axi">   --->   Core 111 'm_axi' <Latency = 6> <II = 1> <Delay = 1.00> <Adapter> <Opcode : 'read' 'write' 'readreq' 'writereq' 'writeresp'>

State 49 <SV = 48> <Delay = 7.30>
ST_49 : Operation 180 [23/71] (7.30ns)   --->   "%width_req = readreq i1 @_ssdm_op_ReadReq.m_axi.i16P1A, i16 %gmem_addr, i64 1"   --->   Operation 180 'readreq' 'width_req' <Predicate = true> <Delay = 7.30> <CoreInst = "m_axi">   --->   Core 111 'm_axi' <Latency = 6> <II = 1> <Delay = 1.00> <Adapter> <Opcode : 'read' 'write' 'readreq' 'writereq' 'writeresp'>
ST_49 : Operation 181 [24/71] (7.30ns)   --->   "%height_req = readreq i1 @_ssdm_op_ReadReq.m_axi.i16P1A, i16 %gmem_addr_1, i64 1"   --->   Operation 181 'readreq' 'height_req' <Predicate = true> <Delay = 7.30> <CoreInst = "m_axi">   --->   Core 111 'm_axi' <Latency = 6> <II = 1> <Delay = 1.00> <Adapter> <Opcode : 'read' 'write' 'readreq' 'writereq' 'writeresp'>

State 50 <SV = 49> <Delay = 7.30>
ST_50 : Operation 182 [22/71] (7.30ns)   --->   "%width_req = readreq i1 @_ssdm_op_ReadReq.m_axi.i16P1A, i16 %gmem_addr, i64 1"   --->   Operation 182 'readreq' 'width_req' <Predicate = true> <Delay = 7.30> <CoreInst = "m_axi">   --->   Core 111 'm_axi' <Latency = 6> <II = 1> <Delay = 1.00> <Adapter> <Opcode : 'read' 'write' 'readreq' 'writereq' 'writeresp'>
ST_50 : Operation 183 [23/71] (7.30ns)   --->   "%height_req = readreq i1 @_ssdm_op_ReadReq.m_axi.i16P1A, i16 %gmem_addr_1, i64 1"   --->   Operation 183 'readreq' 'height_req' <Predicate = true> <Delay = 7.30> <CoreInst = "m_axi">   --->   Core 111 'm_axi' <Latency = 6> <II = 1> <Delay = 1.00> <Adapter> <Opcode : 'read' 'write' 'readreq' 'writereq' 'writeresp'>

State 51 <SV = 50> <Delay = 7.30>
ST_51 : Operation 184 [21/71] (7.30ns)   --->   "%width_req = readreq i1 @_ssdm_op_ReadReq.m_axi.i16P1A, i16 %gmem_addr, i64 1"   --->   Operation 184 'readreq' 'width_req' <Predicate = true> <Delay = 7.30> <CoreInst = "m_axi">   --->   Core 111 'm_axi' <Latency = 6> <II = 1> <Delay = 1.00> <Adapter> <Opcode : 'read' 'write' 'readreq' 'writereq' 'writeresp'>
ST_51 : Operation 185 [22/71] (7.30ns)   --->   "%height_req = readreq i1 @_ssdm_op_ReadReq.m_axi.i16P1A, i16 %gmem_addr_1, i64 1"   --->   Operation 185 'readreq' 'height_req' <Predicate = true> <Delay = 7.30> <CoreInst = "m_axi">   --->   Core 111 'm_axi' <Latency = 6> <II = 1> <Delay = 1.00> <Adapter> <Opcode : 'read' 'write' 'readreq' 'writereq' 'writeresp'>

State 52 <SV = 51> <Delay = 7.30>
ST_52 : Operation 186 [20/71] (7.30ns)   --->   "%width_req = readreq i1 @_ssdm_op_ReadReq.m_axi.i16P1A, i16 %gmem_addr, i64 1"   --->   Operation 186 'readreq' 'width_req' <Predicate = true> <Delay = 7.30> <CoreInst = "m_axi">   --->   Core 111 'm_axi' <Latency = 6> <II = 1> <Delay = 1.00> <Adapter> <Opcode : 'read' 'write' 'readreq' 'writereq' 'writeresp'>
ST_52 : Operation 187 [21/71] (7.30ns)   --->   "%height_req = readreq i1 @_ssdm_op_ReadReq.m_axi.i16P1A, i16 %gmem_addr_1, i64 1"   --->   Operation 187 'readreq' 'height_req' <Predicate = true> <Delay = 7.30> <CoreInst = "m_axi">   --->   Core 111 'm_axi' <Latency = 6> <II = 1> <Delay = 1.00> <Adapter> <Opcode : 'read' 'write' 'readreq' 'writereq' 'writeresp'>

State 53 <SV = 52> <Delay = 7.30>
ST_53 : Operation 188 [19/71] (7.30ns)   --->   "%width_req = readreq i1 @_ssdm_op_ReadReq.m_axi.i16P1A, i16 %gmem_addr, i64 1"   --->   Operation 188 'readreq' 'width_req' <Predicate = true> <Delay = 7.30> <CoreInst = "m_axi">   --->   Core 111 'm_axi' <Latency = 6> <II = 1> <Delay = 1.00> <Adapter> <Opcode : 'read' 'write' 'readreq' 'writereq' 'writeresp'>
ST_53 : Operation 189 [20/71] (7.30ns)   --->   "%height_req = readreq i1 @_ssdm_op_ReadReq.m_axi.i16P1A, i16 %gmem_addr_1, i64 1"   --->   Operation 189 'readreq' 'height_req' <Predicate = true> <Delay = 7.30> <CoreInst = "m_axi">   --->   Core 111 'm_axi' <Latency = 6> <II = 1> <Delay = 1.00> <Adapter> <Opcode : 'read' 'write' 'readreq' 'writereq' 'writeresp'>

State 54 <SV = 53> <Delay = 7.30>
ST_54 : Operation 190 [18/71] (7.30ns)   --->   "%width_req = readreq i1 @_ssdm_op_ReadReq.m_axi.i16P1A, i16 %gmem_addr, i64 1"   --->   Operation 190 'readreq' 'width_req' <Predicate = true> <Delay = 7.30> <CoreInst = "m_axi">   --->   Core 111 'm_axi' <Latency = 6> <II = 1> <Delay = 1.00> <Adapter> <Opcode : 'read' 'write' 'readreq' 'writereq' 'writeresp'>
ST_54 : Operation 191 [19/71] (7.30ns)   --->   "%height_req = readreq i1 @_ssdm_op_ReadReq.m_axi.i16P1A, i16 %gmem_addr_1, i64 1"   --->   Operation 191 'readreq' 'height_req' <Predicate = true> <Delay = 7.30> <CoreInst = "m_axi">   --->   Core 111 'm_axi' <Latency = 6> <II = 1> <Delay = 1.00> <Adapter> <Opcode : 'read' 'write' 'readreq' 'writereq' 'writeresp'>

State 55 <SV = 54> <Delay = 7.30>
ST_55 : Operation 192 [17/71] (7.30ns)   --->   "%width_req = readreq i1 @_ssdm_op_ReadReq.m_axi.i16P1A, i16 %gmem_addr, i64 1"   --->   Operation 192 'readreq' 'width_req' <Predicate = true> <Delay = 7.30> <CoreInst = "m_axi">   --->   Core 111 'm_axi' <Latency = 6> <II = 1> <Delay = 1.00> <Adapter> <Opcode : 'read' 'write' 'readreq' 'writereq' 'writeresp'>
ST_55 : Operation 193 [18/71] (7.30ns)   --->   "%height_req = readreq i1 @_ssdm_op_ReadReq.m_axi.i16P1A, i16 %gmem_addr_1, i64 1"   --->   Operation 193 'readreq' 'height_req' <Predicate = true> <Delay = 7.30> <CoreInst = "m_axi">   --->   Core 111 'm_axi' <Latency = 6> <II = 1> <Delay = 1.00> <Adapter> <Opcode : 'read' 'write' 'readreq' 'writereq' 'writeresp'>

State 56 <SV = 55> <Delay = 7.30>
ST_56 : Operation 194 [16/71] (7.30ns)   --->   "%width_req = readreq i1 @_ssdm_op_ReadReq.m_axi.i16P1A, i16 %gmem_addr, i64 1"   --->   Operation 194 'readreq' 'width_req' <Predicate = true> <Delay = 7.30> <CoreInst = "m_axi">   --->   Core 111 'm_axi' <Latency = 6> <II = 1> <Delay = 1.00> <Adapter> <Opcode : 'read' 'write' 'readreq' 'writereq' 'writeresp'>
ST_56 : Operation 195 [17/71] (7.30ns)   --->   "%height_req = readreq i1 @_ssdm_op_ReadReq.m_axi.i16P1A, i16 %gmem_addr_1, i64 1"   --->   Operation 195 'readreq' 'height_req' <Predicate = true> <Delay = 7.30> <CoreInst = "m_axi">   --->   Core 111 'm_axi' <Latency = 6> <II = 1> <Delay = 1.00> <Adapter> <Opcode : 'read' 'write' 'readreq' 'writereq' 'writeresp'>

State 57 <SV = 56> <Delay = 7.30>
ST_57 : Operation 196 [15/71] (7.30ns)   --->   "%width_req = readreq i1 @_ssdm_op_ReadReq.m_axi.i16P1A, i16 %gmem_addr, i64 1"   --->   Operation 196 'readreq' 'width_req' <Predicate = true> <Delay = 7.30> <CoreInst = "m_axi">   --->   Core 111 'm_axi' <Latency = 6> <II = 1> <Delay = 1.00> <Adapter> <Opcode : 'read' 'write' 'readreq' 'writereq' 'writeresp'>
ST_57 : Operation 197 [16/71] (7.30ns)   --->   "%height_req = readreq i1 @_ssdm_op_ReadReq.m_axi.i16P1A, i16 %gmem_addr_1, i64 1"   --->   Operation 197 'readreq' 'height_req' <Predicate = true> <Delay = 7.30> <CoreInst = "m_axi">   --->   Core 111 'm_axi' <Latency = 6> <II = 1> <Delay = 1.00> <Adapter> <Opcode : 'read' 'write' 'readreq' 'writereq' 'writeresp'>

State 58 <SV = 57> <Delay = 7.30>
ST_58 : Operation 198 [14/71] (7.30ns)   --->   "%width_req = readreq i1 @_ssdm_op_ReadReq.m_axi.i16P1A, i16 %gmem_addr, i64 1"   --->   Operation 198 'readreq' 'width_req' <Predicate = true> <Delay = 7.30> <CoreInst = "m_axi">   --->   Core 111 'm_axi' <Latency = 6> <II = 1> <Delay = 1.00> <Adapter> <Opcode : 'read' 'write' 'readreq' 'writereq' 'writeresp'>
ST_58 : Operation 199 [15/71] (7.30ns)   --->   "%height_req = readreq i1 @_ssdm_op_ReadReq.m_axi.i16P1A, i16 %gmem_addr_1, i64 1"   --->   Operation 199 'readreq' 'height_req' <Predicate = true> <Delay = 7.30> <CoreInst = "m_axi">   --->   Core 111 'm_axi' <Latency = 6> <II = 1> <Delay = 1.00> <Adapter> <Opcode : 'read' 'write' 'readreq' 'writereq' 'writeresp'>

State 59 <SV = 58> <Delay = 7.30>
ST_59 : Operation 200 [13/71] (7.30ns)   --->   "%width_req = readreq i1 @_ssdm_op_ReadReq.m_axi.i16P1A, i16 %gmem_addr, i64 1"   --->   Operation 200 'readreq' 'width_req' <Predicate = true> <Delay = 7.30> <CoreInst = "m_axi">   --->   Core 111 'm_axi' <Latency = 6> <II = 1> <Delay = 1.00> <Adapter> <Opcode : 'read' 'write' 'readreq' 'writereq' 'writeresp'>
ST_59 : Operation 201 [14/71] (7.30ns)   --->   "%height_req = readreq i1 @_ssdm_op_ReadReq.m_axi.i16P1A, i16 %gmem_addr_1, i64 1"   --->   Operation 201 'readreq' 'height_req' <Predicate = true> <Delay = 7.30> <CoreInst = "m_axi">   --->   Core 111 'm_axi' <Latency = 6> <II = 1> <Delay = 1.00> <Adapter> <Opcode : 'read' 'write' 'readreq' 'writereq' 'writeresp'>

State 60 <SV = 59> <Delay = 7.30>
ST_60 : Operation 202 [12/71] (7.30ns)   --->   "%width_req = readreq i1 @_ssdm_op_ReadReq.m_axi.i16P1A, i16 %gmem_addr, i64 1"   --->   Operation 202 'readreq' 'width_req' <Predicate = true> <Delay = 7.30> <CoreInst = "m_axi">   --->   Core 111 'm_axi' <Latency = 6> <II = 1> <Delay = 1.00> <Adapter> <Opcode : 'read' 'write' 'readreq' 'writereq' 'writeresp'>
ST_60 : Operation 203 [13/71] (7.30ns)   --->   "%height_req = readreq i1 @_ssdm_op_ReadReq.m_axi.i16P1A, i16 %gmem_addr_1, i64 1"   --->   Operation 203 'readreq' 'height_req' <Predicate = true> <Delay = 7.30> <CoreInst = "m_axi">   --->   Core 111 'm_axi' <Latency = 6> <II = 1> <Delay = 1.00> <Adapter> <Opcode : 'read' 'write' 'readreq' 'writereq' 'writeresp'>

State 61 <SV = 60> <Delay = 7.30>
ST_61 : Operation 204 [11/71] (7.30ns)   --->   "%width_req = readreq i1 @_ssdm_op_ReadReq.m_axi.i16P1A, i16 %gmem_addr, i64 1"   --->   Operation 204 'readreq' 'width_req' <Predicate = true> <Delay = 7.30> <CoreInst = "m_axi">   --->   Core 111 'm_axi' <Latency = 6> <II = 1> <Delay = 1.00> <Adapter> <Opcode : 'read' 'write' 'readreq' 'writereq' 'writeresp'>
ST_61 : Operation 205 [12/71] (7.30ns)   --->   "%height_req = readreq i1 @_ssdm_op_ReadReq.m_axi.i16P1A, i16 %gmem_addr_1, i64 1"   --->   Operation 205 'readreq' 'height_req' <Predicate = true> <Delay = 7.30> <CoreInst = "m_axi">   --->   Core 111 'm_axi' <Latency = 6> <II = 1> <Delay = 1.00> <Adapter> <Opcode : 'read' 'write' 'readreq' 'writereq' 'writeresp'>

State 62 <SV = 61> <Delay = 7.30>
ST_62 : Operation 206 [10/71] (7.30ns)   --->   "%width_req = readreq i1 @_ssdm_op_ReadReq.m_axi.i16P1A, i16 %gmem_addr, i64 1"   --->   Operation 206 'readreq' 'width_req' <Predicate = true> <Delay = 7.30> <CoreInst = "m_axi">   --->   Core 111 'm_axi' <Latency = 6> <II = 1> <Delay = 1.00> <Adapter> <Opcode : 'read' 'write' 'readreq' 'writereq' 'writeresp'>
ST_62 : Operation 207 [11/71] (7.30ns)   --->   "%height_req = readreq i1 @_ssdm_op_ReadReq.m_axi.i16P1A, i16 %gmem_addr_1, i64 1"   --->   Operation 207 'readreq' 'height_req' <Predicate = true> <Delay = 7.30> <CoreInst = "m_axi">   --->   Core 111 'm_axi' <Latency = 6> <II = 1> <Delay = 1.00> <Adapter> <Opcode : 'read' 'write' 'readreq' 'writereq' 'writeresp'>

State 63 <SV = 62> <Delay = 7.30>
ST_63 : Operation 208 [9/71] (7.30ns)   --->   "%width_req = readreq i1 @_ssdm_op_ReadReq.m_axi.i16P1A, i16 %gmem_addr, i64 1"   --->   Operation 208 'readreq' 'width_req' <Predicate = true> <Delay = 7.30> <CoreInst = "m_axi">   --->   Core 111 'm_axi' <Latency = 6> <II = 1> <Delay = 1.00> <Adapter> <Opcode : 'read' 'write' 'readreq' 'writereq' 'writeresp'>
ST_63 : Operation 209 [10/71] (7.30ns)   --->   "%height_req = readreq i1 @_ssdm_op_ReadReq.m_axi.i16P1A, i16 %gmem_addr_1, i64 1"   --->   Operation 209 'readreq' 'height_req' <Predicate = true> <Delay = 7.30> <CoreInst = "m_axi">   --->   Core 111 'm_axi' <Latency = 6> <II = 1> <Delay = 1.00> <Adapter> <Opcode : 'read' 'write' 'readreq' 'writereq' 'writeresp'>

State 64 <SV = 63> <Delay = 7.30>
ST_64 : Operation 210 [8/71] (7.30ns)   --->   "%width_req = readreq i1 @_ssdm_op_ReadReq.m_axi.i16P1A, i16 %gmem_addr, i64 1"   --->   Operation 210 'readreq' 'width_req' <Predicate = true> <Delay = 7.30> <CoreInst = "m_axi">   --->   Core 111 'm_axi' <Latency = 6> <II = 1> <Delay = 1.00> <Adapter> <Opcode : 'read' 'write' 'readreq' 'writereq' 'writeresp'>
ST_64 : Operation 211 [9/71] (7.30ns)   --->   "%height_req = readreq i1 @_ssdm_op_ReadReq.m_axi.i16P1A, i16 %gmem_addr_1, i64 1"   --->   Operation 211 'readreq' 'height_req' <Predicate = true> <Delay = 7.30> <CoreInst = "m_axi">   --->   Core 111 'm_axi' <Latency = 6> <II = 1> <Delay = 1.00> <Adapter> <Opcode : 'read' 'write' 'readreq' 'writereq' 'writeresp'>

State 65 <SV = 64> <Delay = 7.30>
ST_65 : Operation 212 [7/71] (7.30ns)   --->   "%width_req = readreq i1 @_ssdm_op_ReadReq.m_axi.i16P1A, i16 %gmem_addr, i64 1"   --->   Operation 212 'readreq' 'width_req' <Predicate = true> <Delay = 7.30> <CoreInst = "m_axi">   --->   Core 111 'm_axi' <Latency = 6> <II = 1> <Delay = 1.00> <Adapter> <Opcode : 'read' 'write' 'readreq' 'writereq' 'writeresp'>
ST_65 : Operation 213 [8/71] (7.30ns)   --->   "%height_req = readreq i1 @_ssdm_op_ReadReq.m_axi.i16P1A, i16 %gmem_addr_1, i64 1"   --->   Operation 213 'readreq' 'height_req' <Predicate = true> <Delay = 7.30> <CoreInst = "m_axi">   --->   Core 111 'm_axi' <Latency = 6> <II = 1> <Delay = 1.00> <Adapter> <Opcode : 'read' 'write' 'readreq' 'writereq' 'writeresp'>

State 66 <SV = 65> <Delay = 7.30>
ST_66 : Operation 214 [6/71] (7.30ns)   --->   "%width_req = readreq i1 @_ssdm_op_ReadReq.m_axi.i16P1A, i16 %gmem_addr, i64 1"   --->   Operation 214 'readreq' 'width_req' <Predicate = true> <Delay = 7.30> <CoreInst = "m_axi">   --->   Core 111 'm_axi' <Latency = 6> <II = 1> <Delay = 1.00> <Adapter> <Opcode : 'read' 'write' 'readreq' 'writereq' 'writeresp'>
ST_66 : Operation 215 [7/71] (7.30ns)   --->   "%height_req = readreq i1 @_ssdm_op_ReadReq.m_axi.i16P1A, i16 %gmem_addr_1, i64 1"   --->   Operation 215 'readreq' 'height_req' <Predicate = true> <Delay = 7.30> <CoreInst = "m_axi">   --->   Core 111 'm_axi' <Latency = 6> <II = 1> <Delay = 1.00> <Adapter> <Opcode : 'read' 'write' 'readreq' 'writereq' 'writeresp'>

State 67 <SV = 66> <Delay = 7.30>
ST_67 : Operation 216 [5/71] (7.30ns)   --->   "%width_req = readreq i1 @_ssdm_op_ReadReq.m_axi.i16P1A, i16 %gmem_addr, i64 1"   --->   Operation 216 'readreq' 'width_req' <Predicate = true> <Delay = 7.30> <CoreInst = "m_axi">   --->   Core 111 'm_axi' <Latency = 6> <II = 1> <Delay = 1.00> <Adapter> <Opcode : 'read' 'write' 'readreq' 'writereq' 'writeresp'>
ST_67 : Operation 217 [6/71] (7.30ns)   --->   "%height_req = readreq i1 @_ssdm_op_ReadReq.m_axi.i16P1A, i16 %gmem_addr_1, i64 1"   --->   Operation 217 'readreq' 'height_req' <Predicate = true> <Delay = 7.30> <CoreInst = "m_axi">   --->   Core 111 'm_axi' <Latency = 6> <II = 1> <Delay = 1.00> <Adapter> <Opcode : 'read' 'write' 'readreq' 'writereq' 'writeresp'>

State 68 <SV = 67> <Delay = 7.30>
ST_68 : Operation 218 [4/71] (7.30ns)   --->   "%width_req = readreq i1 @_ssdm_op_ReadReq.m_axi.i16P1A, i16 %gmem_addr, i64 1"   --->   Operation 218 'readreq' 'width_req' <Predicate = true> <Delay = 7.30> <CoreInst = "m_axi">   --->   Core 111 'm_axi' <Latency = 6> <II = 1> <Delay = 1.00> <Adapter> <Opcode : 'read' 'write' 'readreq' 'writereq' 'writeresp'>
ST_68 : Operation 219 [5/71] (7.30ns)   --->   "%height_req = readreq i1 @_ssdm_op_ReadReq.m_axi.i16P1A, i16 %gmem_addr_1, i64 1"   --->   Operation 219 'readreq' 'height_req' <Predicate = true> <Delay = 7.30> <CoreInst = "m_axi">   --->   Core 111 'm_axi' <Latency = 6> <II = 1> <Delay = 1.00> <Adapter> <Opcode : 'read' 'write' 'readreq' 'writereq' 'writeresp'>

State 69 <SV = 68> <Delay = 7.30>
ST_69 : Operation 220 [3/71] (7.30ns)   --->   "%width_req = readreq i1 @_ssdm_op_ReadReq.m_axi.i16P1A, i16 %gmem_addr, i64 1"   --->   Operation 220 'readreq' 'width_req' <Predicate = true> <Delay = 7.30> <CoreInst = "m_axi">   --->   Core 111 'm_axi' <Latency = 6> <II = 1> <Delay = 1.00> <Adapter> <Opcode : 'read' 'write' 'readreq' 'writereq' 'writeresp'>
ST_69 : Operation 221 [4/71] (7.30ns)   --->   "%height_req = readreq i1 @_ssdm_op_ReadReq.m_axi.i16P1A, i16 %gmem_addr_1, i64 1"   --->   Operation 221 'readreq' 'height_req' <Predicate = true> <Delay = 7.30> <CoreInst = "m_axi">   --->   Core 111 'm_axi' <Latency = 6> <II = 1> <Delay = 1.00> <Adapter> <Opcode : 'read' 'write' 'readreq' 'writereq' 'writeresp'>

State 70 <SV = 69> <Delay = 7.30>
ST_70 : Operation 222 [2/71] (7.30ns)   --->   "%width_req = readreq i1 @_ssdm_op_ReadReq.m_axi.i16P1A, i16 %gmem_addr, i64 1"   --->   Operation 222 'readreq' 'width_req' <Predicate = true> <Delay = 7.30> <CoreInst = "m_axi">   --->   Core 111 'm_axi' <Latency = 6> <II = 1> <Delay = 1.00> <Adapter> <Opcode : 'read' 'write' 'readreq' 'writereq' 'writeresp'>
ST_70 : Operation 223 [3/71] (7.30ns)   --->   "%height_req = readreq i1 @_ssdm_op_ReadReq.m_axi.i16P1A, i16 %gmem_addr_1, i64 1"   --->   Operation 223 'readreq' 'height_req' <Predicate = true> <Delay = 7.30> <CoreInst = "m_axi">   --->   Core 111 'm_axi' <Latency = 6> <II = 1> <Delay = 1.00> <Adapter> <Opcode : 'read' 'write' 'readreq' 'writereq' 'writeresp'>

State 71 <SV = 70> <Delay = 7.30>
ST_71 : Operation 224 [1/71] (7.30ns)   --->   "%width_req = readreq i1 @_ssdm_op_ReadReq.m_axi.i16P1A, i16 %gmem_addr, i64 1"   --->   Operation 224 'readreq' 'width_req' <Predicate = true> <Delay = 7.30> <CoreInst = "m_axi">   --->   Core 111 'm_axi' <Latency = 6> <II = 1> <Delay = 1.00> <Adapter> <Opcode : 'read' 'write' 'readreq' 'writereq' 'writeresp'>
ST_71 : Operation 225 [2/71] (7.30ns)   --->   "%height_req = readreq i1 @_ssdm_op_ReadReq.m_axi.i16P1A, i16 %gmem_addr_1, i64 1"   --->   Operation 225 'readreq' 'height_req' <Predicate = true> <Delay = 7.30> <CoreInst = "m_axi">   --->   Core 111 'm_axi' <Latency = 6> <II = 1> <Delay = 1.00> <Adapter> <Opcode : 'read' 'write' 'readreq' 'writereq' 'writeresp'>

State 72 <SV = 71> <Delay = 7.30>
ST_72 : Operation 226 [1/1] (7.30ns)   --->   "%width = read i16 @_ssdm_op_Read.m_axi.i16P1A, i16 %gmem_addr"   --->   Operation 226 'read' 'width' <Predicate = true> <Delay = 7.30> <CoreInst = "m_axi">   --->   Core 111 'm_axi' <Latency = 3> <II = 1> <Delay = 1.00> <Adapter> <Opcode : 'read' 'write' 'readreq' 'writereq' 'writeresp'>
ST_72 : Operation 227 [1/71] (7.30ns)   --->   "%height_req = readreq i1 @_ssdm_op_ReadReq.m_axi.i16P1A, i16 %gmem_addr_1, i64 1"   --->   Operation 227 'readreq' 'height_req' <Predicate = true> <Delay = 7.30> <CoreInst = "m_axi">   --->   Core 111 'm_axi' <Latency = 6> <II = 1> <Delay = 1.00> <Adapter> <Opcode : 'read' 'write' 'readreq' 'writereq' 'writeresp'>

State 73 <SV = 72> <Delay = 7.30>
ST_73 : Operation 228 [1/1] (7.30ns)   --->   "%height = read i16 @_ssdm_op_Read.m_axi.i16P1A, i16 %gmem_addr_1"   --->   Operation 228 'read' 'height' <Predicate = true> <Delay = 7.30> <CoreInst = "m_axi">   --->   Core 111 'm_axi' <Latency = 3> <II = 1> <Delay = 1.00> <Adapter> <Opcode : 'read' 'write' 'readreq' 'writereq' 'writeresp'>

State 74 <SV = 73> <Delay = 5.58>
ST_74 : Operation 229 [1/1] ( I:3.63ns O:3.63ns )   --->   "%write_ln73 = write void @_ssdm_op_Write.ap_fifo.i16P0A, i16 %p_yuv_width, i16 %width" [E:/robot/project/xilinx_fpga_class/hls/lab2/yuv_filter.c:73->E:/robot/project/xilinx_fpga_class/hls/lab2/yuv_filter.c:50]   --->   Operation 229 'write' 'write_ln73' <Predicate = true> <Delay = 3.63> <CoreInst = "FIFO_SRL">   --->   Core 80 'FIFO_SRL' <Latency = 0> <II = 1> <Delay = 3.63> <Storage> <Opcode : 'read' 'write' 'nbread' 'nbwrite'> <Ports = 0> <Width = 16> <Depth = 2> <FIFO>
ST_74 : Operation 230 [1/1] ( I:3.63ns O:3.63ns )   --->   "%write_ln76 = write void @_ssdm_op_Write.ap_fifo.i16P0A, i16 %p_yuv_height, i16 %height" [E:/robot/project/xilinx_fpga_class/hls/lab2/yuv_filter.c:76->E:/robot/project/xilinx_fpga_class/hls/lab2/yuv_filter.c:50]   --->   Operation 230 'write' 'write_ln76' <Predicate = true> <Delay = 3.63> <CoreInst = "FIFO_SRL">   --->   Core 80 'FIFO_SRL' <Latency = 0> <II = 1> <Delay = 3.63> <Storage> <Opcode : 'read' 'write' 'nbread' 'nbwrite'> <Ports = 0> <Width = 16> <Depth = 2> <FIFO>
ST_74 : Operation 231 [1/1] (0.00ns)   --->   "%cast = zext i16 %width"   --->   Operation 231 'zext' 'cast' <Predicate = true> <Delay = 0.00>
ST_74 : Operation 232 [1/1] (0.00ns)   --->   "%cast1 = zext i16 %height"   --->   Operation 232 'zext' 'cast1' <Predicate = true> <Delay = 0.00>
ST_74 : Operation 233 [1/1] (5.58ns)   --->   "%bound = mul i32 %cast, i32 %cast1"   --->   Operation 233 'mul' 'bound' <Predicate = true> <Delay = 5.58> <CoreInst = "Multiplier">   --->   Core 3 'Multiplier' <Latency = 0> <II = 1> <Delay = 5.58> <FuncUnit> <Opcode : 'mul'> <InPorts = 2> <OutPorts = 1>

State 75 <SV = 74> <Delay = 4.14>
ST_75 : Operation 234 [1/1] (0.00ns)   --->   "%in_channels_ch3_read = read i64 @_ssdm_op_Read.ap_auto.i64, i64 %in_channels_ch3"   --->   Operation 234 'read' 'in_channels_ch3_read' <Predicate = true> <Delay = 0.00>
ST_75 : Operation 235 [1/1] (0.00ns)   --->   "%in_channels_ch2_read = read i64 @_ssdm_op_Read.ap_auto.i64, i64 %in_channels_ch2"   --->   Operation 235 'read' 'in_channels_ch2_read' <Predicate = true> <Delay = 0.00>
ST_75 : Operation 236 [1/1] (0.00ns)   --->   "%in_channels_ch1_read = read i64 @_ssdm_op_Read.ap_auto.i64, i64 %in_channels_ch1"   --->   Operation 236 'read' 'in_channels_ch1_read' <Predicate = true> <Delay = 0.00>
ST_75 : Operation 237 [1/1] (0.00ns)   --->   "%fence_ln76 = fence void @_ssdm_op_Fence, i16 %p_yuv_width, i16 %p_yuv_height, i32 4294967295, i8 %p_yuv_channels_ch1, i8 %p_yuv_channels_ch2, i8 %p_yuv_channels_ch3" [E:/robot/project/xilinx_fpga_class/hls/lab2/yuv_filter.c:76->E:/robot/project/xilinx_fpga_class/hls/lab2/yuv_filter.c:50]   --->   Operation 237 'fence' 'fence_ln76' <Predicate = true> <Delay = 0.00>
ST_75 : Operation 238 [2/2] (4.14ns)   --->   "%call_ln0 = call void @rgb2yuv.1_Pipeline_RGB2YUV_LOOP_X_RGB2YUV_LOOP_Y, i32 %bound, i16 %height, i64 %in_channels_ch1_read, i16 %gmem, i64 %in_channels_ch2_read, i64 %in_channels_ch3_read, i8 %p_yuv_channels_ch1, i8 %p_yuv_channels_ch2, i8 %p_yuv_channels_ch3"   --->   Operation 238 'call' 'call_ln0' <Predicate = true> <Delay = 4.14> <CoreType = "Generic">   --->   Generic Core

State 76 <SV = 75> <Delay = 0.00>
ST_76 : Operation 239 [1/1] (0.00ns)   --->   "%specinterface_ln0 = specinterface void @_ssdm_op_SpecInterface, i16 %p_yuv_height, void @ap_fifo_str, i32 0, i32 0, void @p_str, i32 0, i32 0, void @p_str, void @p_str, void @p_str, i32 2, i32 2, i32 16, i32 16, void @p_str, void @p_str, i32 4294967295, i32 0, i32 0"   --->   Operation 239 'specinterface' 'specinterface_ln0' <Predicate = true> <Delay = 0.00>
ST_76 : Operation 240 [1/1] (0.00ns)   --->   "%specinterface_ln0 = specinterface void @_ssdm_op_SpecInterface, i16 %p_yuv_width, void @ap_fifo_str, i32 0, i32 0, void @p_str, i32 0, i32 0, void @p_str, void @p_str, void @p_str, i32 2, i32 2, i32 16, i32 16, void @p_str, void @p_str, i32 4294967295, i32 0, i32 0"   --->   Operation 240 'specinterface' 'specinterface_ln0' <Predicate = true> <Delay = 0.00>
ST_76 : Operation 241 [1/1] (0.00ns)   --->   "%specinterface_ln0 = specinterface void @_ssdm_op_SpecInterface, i8 %p_yuv_channels_ch3, void @ap_fifo_str, i32 0, i32 0, void @p_str, i32 0, i32 0, void @p_str, void @p_str, void @p_str, i32 2, i32 2, i32 16, i32 16, void @p_str, void @p_str, i32 4294967295, i32 0, i32 0"   --->   Operation 241 'specinterface' 'specinterface_ln0' <Predicate = true> <Delay = 0.00>
ST_76 : Operation 242 [1/1] (0.00ns)   --->   "%specinterface_ln0 = specinterface void @_ssdm_op_SpecInterface, i8 %p_yuv_channels_ch2, void @ap_fifo_str, i32 0, i32 0, void @p_str, i32 0, i32 0, void @p_str, void @p_str, void @p_str, i32 2, i32 2, i32 16, i32 16, void @p_str, void @p_str, i32 4294967295, i32 0, i32 0"   --->   Operation 242 'specinterface' 'specinterface_ln0' <Predicate = true> <Delay = 0.00>
ST_76 : Operation 243 [1/1] (0.00ns)   --->   "%specinterface_ln0 = specinterface void @_ssdm_op_SpecInterface, i8 %p_yuv_channels_ch1, void @ap_fifo_str, i32 0, i32 0, void @p_str, i32 0, i32 0, void @p_str, void @p_str, void @p_str, i32 2, i32 2, i32 16, i32 16, void @p_str, void @p_str, i32 4294967295, i32 0, i32 0"   --->   Operation 243 'specinterface' 'specinterface_ln0' <Predicate = true> <Delay = 0.00>
ST_76 : Operation 244 [1/1] (0.00ns)   --->   "%specinterface_ln0 = specinterface void @_ssdm_op_SpecInterface, i16 %gmem, void @empty_22, i32 0, i32 0, void @empty_16, i32 64, i32 0, void @empty_15, void @empty_14, void @empty_16, i32 16, i32 16, i32 16, i32 16, void @empty_16, void @empty_16, i32 4294967295, i32 0, i32 0"   --->   Operation 244 'specinterface' 'specinterface_ln0' <Predicate = true> <Delay = 0.00>
ST_76 : Operation 245 [1/2] (0.00ns)   --->   "%call_ln0 = call void @rgb2yuv.1_Pipeline_RGB2YUV_LOOP_X_RGB2YUV_LOOP_Y, i32 %bound, i16 %height, i64 %in_channels_ch1_read, i16 %gmem, i64 %in_channels_ch2_read, i64 %in_channels_ch3_read, i8 %p_yuv_channels_ch1, i8 %p_yuv_channels_ch2, i8 %p_yuv_channels_ch3"   --->   Operation 245 'call' 'call_ln0' <Predicate = true> <Delay = 0.00> <CoreType = "Generic">   --->   Generic Core
ST_76 : Operation 246 [1/1] (0.00ns)   --->   "%ret_ln50 = ret" [E:/robot/project/xilinx_fpga_class/hls/lab2/yuv_filter.c:50]   --->   Operation 246 'ret' 'ret_ln50' <Predicate = true> <Delay = 0.00>


============================================================
+ Verbose Summary: Timing violations
============================================================
Target clock period: 10.000ns, clock uncertainty: 2.700ns.

 <State 1>: 7.300ns
The critical path consists of the following:
	wire read operation ('in_width_read') on port 'in_width' [18]  (0.000 ns)
	'getelementptr' operation 16 bit ('gmem_addr') [24]  (0.000 ns)
	bus request operation ('width_req') on port 'gmem' [25]  (7.300 ns)

 <State 2>: 7.300ns
The critical path consists of the following:
	bus request operation ('width_req') on port 'gmem' [25]  (7.300 ns)

 <State 3>: 7.300ns
The critical path consists of the following:
	bus request operation ('width_req') on port 'gmem' [25]  (7.300 ns)

 <State 4>: 7.300ns
The critical path consists of the following:
	bus request operation ('width_req') on port 'gmem' [25]  (7.300 ns)

 <State 5>: 7.300ns
The critical path consists of the following:
	bus request operation ('width_req') on port 'gmem' [25]  (7.300 ns)

 <State 6>: 7.300ns
The critical path consists of the following:
	bus request operation ('width_req') on port 'gmem' [25]  (7.300 ns)

 <State 7>: 7.300ns
The critical path consists of the following:
	bus request operation ('width_req') on port 'gmem' [25]  (7.300 ns)

 <State 8>: 7.300ns
The critical path consists of the following:
	bus request operation ('width_req') on port 'gmem' [25]  (7.300 ns)

 <State 9>: 7.300ns
The critical path consists of the following:
	bus request operation ('width_req') on port 'gmem' [25]  (7.300 ns)

 <State 10>: 7.300ns
The critical path consists of the following:
	bus request operation ('width_req') on port 'gmem' [25]  (7.300 ns)

 <State 11>: 7.300ns
The critical path consists of the following:
	bus request operation ('width_req') on port 'gmem' [25]  (7.300 ns)

 <State 12>: 7.300ns
The critical path consists of the following:
	bus request operation ('width_req') on port 'gmem' [25]  (7.300 ns)

 <State 13>: 7.300ns
The critical path consists of the following:
	bus request operation ('width_req') on port 'gmem' [25]  (7.300 ns)

 <State 14>: 7.300ns
The critical path consists of the following:
	bus request operation ('width_req') on port 'gmem' [25]  (7.300 ns)

 <State 15>: 7.300ns
The critical path consists of the following:
	bus request operation ('width_req') on port 'gmem' [25]  (7.300 ns)

 <State 16>: 7.300ns
The critical path consists of the following:
	bus request operation ('width_req') on port 'gmem' [25]  (7.300 ns)

 <State 17>: 7.300ns
The critical path consists of the following:
	bus request operation ('width_req') on port 'gmem' [25]  (7.300 ns)

 <State 18>: 7.300ns
The critical path consists of the following:
	bus request operation ('width_req') on port 'gmem' [25]  (7.300 ns)

 <State 19>: 7.300ns
The critical path consists of the following:
	bus request operation ('width_req') on port 'gmem' [25]  (7.300 ns)

 <State 20>: 7.300ns
The critical path consists of the following:
	bus request operation ('width_req') on port 'gmem' [25]  (7.300 ns)

 <State 21>: 7.300ns
The critical path consists of the following:
	bus request operation ('width_req') on port 'gmem' [25]  (7.300 ns)

 <State 22>: 7.300ns
The critical path consists of the following:
	bus request operation ('width_req') on port 'gmem' [25]  (7.300 ns)

 <State 23>: 7.300ns
The critical path consists of the following:
	bus request operation ('width_req') on port 'gmem' [25]  (7.300 ns)

 <State 24>: 7.300ns
The critical path consists of the following:
	bus request operation ('width_req') on port 'gmem' [25]  (7.300 ns)

 <State 25>: 7.300ns
The critical path consists of the following:
	bus request operation ('width_req') on port 'gmem' [25]  (7.300 ns)

 <State 26>: 7.300ns
The critical path consists of the following:
	bus request operation ('width_req') on port 'gmem' [25]  (7.300 ns)

 <State 27>: 7.300ns
The critical path consists of the following:
	bus request operation ('width_req') on port 'gmem' [25]  (7.300 ns)

 <State 28>: 7.300ns
The critical path consists of the following:
	bus request operation ('width_req') on port 'gmem' [25]  (7.300 ns)

 <State 29>: 7.300ns
The critical path consists of the following:
	bus request operation ('width_req') on port 'gmem' [25]  (7.300 ns)

 <State 30>: 7.300ns
The critical path consists of the following:
	bus request operation ('width_req') on port 'gmem' [25]  (7.300 ns)

 <State 31>: 7.300ns
The critical path consists of the following:
	bus request operation ('width_req') on port 'gmem' [25]  (7.300 ns)

 <State 32>: 7.300ns
The critical path consists of the following:
	bus request operation ('width_req') on port 'gmem' [25]  (7.300 ns)

 <State 33>: 7.300ns
The critical path consists of the following:
	bus request operation ('width_req') on port 'gmem' [25]  (7.300 ns)

 <State 34>: 7.300ns
The critical path consists of the following:
	bus request operation ('width_req') on port 'gmem' [25]  (7.300 ns)

 <State 35>: 7.300ns
The critical path consists of the following:
	bus request operation ('width_req') on port 'gmem' [25]  (7.300 ns)

 <State 36>: 7.300ns
The critical path consists of the following:
	bus request operation ('width_req') on port 'gmem' [25]  (7.300 ns)

 <State 37>: 7.300ns
The critical path consists of the following:
	bus request operation ('width_req') on port 'gmem' [25]  (7.300 ns)

 <State 38>: 7.300ns
The critical path consists of the following:
	bus request operation ('width_req') on port 'gmem' [25]  (7.300 ns)

 <State 39>: 7.300ns
The critical path consists of the following:
	bus request operation ('width_req') on port 'gmem' [25]  (7.300 ns)

 <State 40>: 7.300ns
The critical path consists of the following:
	bus request operation ('width_req') on port 'gmem' [25]  (7.300 ns)

 <State 41>: 7.300ns
The critical path consists of the following:
	bus request operation ('width_req') on port 'gmem' [25]  (7.300 ns)

 <State 42>: 7.300ns
The critical path consists of the following:
	bus request operation ('width_req') on port 'gmem' [25]  (7.300 ns)

 <State 43>: 7.300ns
The critical path consists of the following:
	bus request operation ('width_req') on port 'gmem' [25]  (7.300 ns)

 <State 44>: 7.300ns
The critical path consists of the following:
	bus request operation ('width_req') on port 'gmem' [25]  (7.300 ns)

 <State 45>: 7.300ns
The critical path consists of the following:
	bus request operation ('width_req') on port 'gmem' [25]  (7.300 ns)

 <State 46>: 7.300ns
The critical path consists of the following:
	bus request operation ('width_req') on port 'gmem' [25]  (7.300 ns)

 <State 47>: 7.300ns
The critical path consists of the following:
	bus request operation ('width_req') on port 'gmem' [25]  (7.300 ns)

 <State 48>: 7.300ns
The critical path consists of the following:
	bus request operation ('width_req') on port 'gmem' [25]  (7.300 ns)

 <State 49>: 7.300ns
The critical path consists of the following:
	bus request operation ('width_req') on port 'gmem' [25]  (7.300 ns)

 <State 50>: 7.300ns
The critical path consists of the following:
	bus request operation ('width_req') on port 'gmem' [25]  (7.300 ns)

 <State 51>: 7.300ns
The critical path consists of the following:
	bus request operation ('width_req') on port 'gmem' [25]  (7.300 ns)

 <State 52>: 7.300ns
The critical path consists of the following:
	bus request operation ('width_req') on port 'gmem' [25]  (7.300 ns)

 <State 53>: 7.300ns
The critical path consists of the following:
	bus request operation ('width_req') on port 'gmem' [25]  (7.300 ns)

 <State 54>: 7.300ns
The critical path consists of the following:
	bus request operation ('width_req') on port 'gmem' [25]  (7.300 ns)

 <State 55>: 7.300ns
The critical path consists of the following:
	bus request operation ('width_req') on port 'gmem' [25]  (7.300 ns)

 <State 56>: 7.300ns
The critical path consists of the following:
	bus request operation ('width_req') on port 'gmem' [25]  (7.300 ns)

 <State 57>: 7.300ns
The critical path consists of the following:
	bus request operation ('width_req') on port 'gmem' [25]  (7.300 ns)

 <State 58>: 7.300ns
The critical path consists of the following:
	bus request operation ('width_req') on port 'gmem' [25]  (7.300 ns)

 <State 59>: 7.300ns
The critical path consists of the following:
	bus request operation ('width_req') on port 'gmem' [25]  (7.300 ns)

 <State 60>: 7.300ns
The critical path consists of the following:
	bus request operation ('width_req') on port 'gmem' [25]  (7.300 ns)

 <State 61>: 7.300ns
The critical path consists of the following:
	bus request operation ('width_req') on port 'gmem' [25]  (7.300 ns)

 <State 62>: 7.300ns
The critical path consists of the following:
	bus request operation ('width_req') on port 'gmem' [25]  (7.300 ns)

 <State 63>: 7.300ns
The critical path consists of the following:
	bus request operation ('width_req') on port 'gmem' [25]  (7.300 ns)

 <State 64>: 7.300ns
The critical path consists of the following:
	bus request operation ('width_req') on port 'gmem' [25]  (7.300 ns)

 <State 65>: 7.300ns
The critical path consists of the following:
	bus request operation ('width_req') on port 'gmem' [25]  (7.300 ns)

 <State 66>: 7.300ns
The critical path consists of the following:
	bus request operation ('width_req') on port 'gmem' [25]  (7.300 ns)

 <State 67>: 7.300ns
The critical path consists of the following:
	bus request operation ('width_req') on port 'gmem' [25]  (7.300 ns)

 <State 68>: 7.300ns
The critical path consists of the following:
	bus request operation ('width_req') on port 'gmem' [25]  (7.300 ns)

 <State 69>: 7.300ns
The critical path consists of the following:
	bus request operation ('width_req') on port 'gmem' [25]  (7.300 ns)

 <State 70>: 7.300ns
The critical path consists of the following:
	bus request operation ('width_req') on port 'gmem' [25]  (7.300 ns)

 <State 71>: 7.300ns
The critical path consists of the following:
	bus request operation ('width_req') on port 'gmem' [25]  (7.300 ns)

 <State 72>: 7.300ns
The critical path consists of the following:
	bus read operation ('width') on port 'gmem' [26]  (7.300 ns)

 <State 73>: 7.300ns
The critical path consists of the following:
	bus read operation ('height') on port 'gmem' [31]  (7.300 ns)

 <State 74>: 5.580ns
The critical path consists of the following:
	'mul' operation 32 bit ('bound') [37]  (5.580 ns)

 <State 75>: 4.140ns
The critical path consists of the following:
	wire read operation ('in_channels_ch3_read') on port 'in_channels_ch3' [19]  (0.000 ns)
	'call' operation 0 bit ('call_ln0') to 'rgb2yuv.1_Pipeline_RGB2YUV_LOOP_X_RGB2YUV_LOOP_Y' [39]  (4.140 ns)

 <State 76>: 0.000ns
The critical path consists of the following:


============================================================
+ Verbose Summary: Binding
============================================================
N/A
* FSMD analyzer results:
  - Output states:
 - Input state : 
  - Chain level:
	State 1
	State 2
	State 3
	State 4
	State 5
	State 6
	State 7
	State 8
	State 9
	State 10
	State 11
	State 12
	State 13
	State 14
	State 15
	State 16
	State 17
	State 18
	State 19
	State 20
	State 21
	State 22
	State 23
	State 24
	State 25
	State 26
	State 27
	State 28
	State 29
	State 30
	State 31
	State 32
	State 33
	State 34
	State 35
	State 36
	State 37
	State 38
	State 39
	State 40
	State 41
	State 42
	State 43
	State 44
	State 45
	State 46
	State 47
	State 48
	State 49
	State 50
	State 51
	State 52
	State 53
	State 54
	State 55
	State 56
	State 57
	State 58
	State 59
	State 60
	State 61
	State 62
	State 63
	State 64
	State 65
	State 66
	State 67
	State 68
	State 69
	State 70
	State 71
	State 72
	State 73
	State 74
	State 75
	State 76


============================================================
+ Verbose Summary: Datapath Resource usage 
============================================================
N/A
