

================================================================
== Vitis HLS Report for 'yuv_scale_Pipeline_YUV_SCALE_LOOP_X_YUV_SCALE_LOOP_Y'
================================================================
* Date:           Sun Mar  2 10:35:37 2025

* Version:        2024.2 (Build 5238294 on Nov  8 2024)
* Project:        yuv_filter_soultion4
* Solution:       hls (Vitis Kernel Flow Target)
* Product family: zynq
* Target device:  xc7z020-clg400-1


================================================================
== Performance Estimates
================================================================
+ Timing: 
    * Summary: 
    +--------+----------+----------+------------+
    |  Clock |  Target  | Estimated| Uncertainty|
    +--------+----------+----------+------------+
    |ap_clk  |  10.00 ns|  5.728 ns|     2.70 ns|
    +--------+----------+----------+------------+

+ Latency: 
    * Summary: 
    +---------+---------+----------+-----------+-------+---------+------------------------------------------------+
    |  Latency (cycles) |  Latency (absolute)  |     Interval    |                    Pipeline                    |
    |   min   |   max   |    min   |    max    |  min  |   max   |                      Type                      |
    +---------+---------+----------+-----------+-------+---------+------------------------------------------------+
    |    40004|  2457604|  0.400 ms|  24.576 ms|  40001|  2457601|  loop auto-rewind stp (delay=0 clock cycles(s))|
    +---------+---------+----------+-----------+-------+---------+------------------------------------------------+

    + Detail: 
        * Instance: 
        N/A

        * Loop: 
        +-------------------------------------+---------+---------+----------+-----------+-----------+-----------------+----------+
        |                                     |  Latency (cycles) | Iteration|  Initiation Interval  |       Trip      |          |
        |              Loop Name              |   min   |   max   |  Latency |  achieved |   target  |      Count      | Pipelined|
        +-------------------------------------+---------+---------+----------+-----------+-----------+-----------------+----------+
        |- YUV_SCALE_LOOP_X_YUV_SCALE_LOOP_Y  |    40002|  2457602|         4|          1|          1|  40000 ~ 2457600|       yes|
        +-------------------------------------+---------+---------+----------+-----------+-----------+-----------------+----------+

============================================================
+ Verbose Summary: Synthesis Manager
============================================================
InlineROM: 1
ExposeGlobal: 0
============================================================
+ Verbose Summary: CDFG Model
============================================================
IsTopModel: 0
ResetActiveHigh: 1
IsCombinational: 0
IsDatapathOnly: 0
HasWiredReturn: 1
HasMFsm: 2
HasVarLatency: 1
IsPipeline: 0
IsRtlPipelined: 0
IsInstanceOverlapped: 0
IsDontTouch: 0
HasImplIP: 0
IsGatedGlobalClock: 0

+ Individual pipeline summary: 
  * Pipeline-0: initiation interval (II) = 1, depth = 4


============================================================
+ Verbose Summary: Schedule
============================================================
* Number of FSM states : 4
* Pipeline : 1
  Pipeline-0 : II = 1, D = 4, States = { 1 2 3 4 }
* Dataflow Pipeline: 0

* FSM state transitions: 
1 --> 2 
2 --> 3 
3 --> 4 
4 --> 

* FSM state operations: 

State 1 <SV = 0> <Delay = 5.72>
ST_1 : Operation 7 [1/1] (0.00ns)   --->   "%indvar_flatten = alloca i32 1"   --->   Operation 7 'alloca' 'indvar_flatten' <Predicate = true> <Delay = 0.00>
ST_1 : Operation 8 [1/1] (0.00ns)   --->   "%zext_ln166_read = read i8 @_ssdm_op_Read.ap_auto.i8, i8 %zext_ln166"   --->   Operation 8 'read' 'zext_ln166_read' <Predicate = true> <Delay = 0.00>
ST_1 : Operation 9 [1/1] (0.00ns)   --->   "%zext_ln165_read = read i8 @_ssdm_op_Read.ap_auto.i8, i8 %zext_ln165"   --->   Operation 9 'read' 'zext_ln165_read' <Predicate = true> <Delay = 0.00>
ST_1 : Operation 10 [1/1] (0.00ns)   --->   "%zext_ln164_read = read i8 @_ssdm_op_Read.ap_auto.i8, i8 %zext_ln164"   --->   Operation 10 'read' 'zext_ln164_read' <Predicate = true> <Delay = 0.00>
ST_1 : Operation 11 [1/1] (0.00ns)   --->   "%bound_read = read i32 @_ssdm_op_Read.ap_auto.i32, i32 %bound"   --->   Operation 11 'read' 'bound_read' <Predicate = true> <Delay = 0.00>
ST_1 : Operation 12 [1/1] (0.00ns)   --->   "%zext_ln166_cast = zext i8 %zext_ln166_read"   --->   Operation 12 'zext' 'zext_ln166_cast' <Predicate = true> <Delay = 0.00>
ST_1 : Operation 13 [1/1] (0.00ns)   --->   "%zext_ln165_cast = zext i8 %zext_ln165_read"   --->   Operation 13 'zext' 'zext_ln165_cast' <Predicate = true> <Delay = 0.00>
ST_1 : Operation 14 [1/1] (0.00ns)   --->   "%zext_ln164_cast = zext i8 %zext_ln164_read"   --->   Operation 14 'zext' 'zext_ln164_cast' <Predicate = true> <Delay = 0.00>
ST_1 : Operation 15 [1/1] (0.00ns)   --->   "%specinterface_ln0 = specinterface void @_ssdm_op_SpecInterface, i8 %p_yuv_channels_ch1, void @ap_fifo_str, i32 0, i32 0, void @p_str, i32 0, i32 0, void @p_str, void @p_str, void @p_str, i32 2, i32 2, i32 16, i32 16, void @p_str, void @p_str, i32 4294967295, i32 0, i32 0"   --->   Operation 15 'specinterface' 'specinterface_ln0' <Predicate = true> <Delay = 0.00>
ST_1 : Operation 16 [1/1] (0.00ns)   --->   "%specinterface_ln0 = specinterface void @_ssdm_op_SpecInterface, i8 %p_yuv_channels_ch2, void @ap_fifo_str, i32 0, i32 0, void @p_str, i32 0, i32 0, void @p_str, void @p_str, void @p_str, i32 2, i32 2, i32 16, i32 16, void @p_str, void @p_str, i32 4294967295, i32 0, i32 0"   --->   Operation 16 'specinterface' 'specinterface_ln0' <Predicate = true> <Delay = 0.00>
ST_1 : Operation 17 [1/1] (0.00ns)   --->   "%specinterface_ln0 = specinterface void @_ssdm_op_SpecInterface, i8 %p_yuv_channels_ch3, void @ap_fifo_str, i32 0, i32 0, void @p_str, i32 0, i32 0, void @p_str, void @p_str, void @p_str, i32 2, i32 2, i32 16, i32 16, void @p_str, void @p_str, i32 4294967295, i32 0, i32 0"   --->   Operation 17 'specinterface' 'specinterface_ln0' <Predicate = true> <Delay = 0.00>
ST_1 : Operation 18 [1/1] (0.00ns)   --->   "%specinterface_ln0 = specinterface void @_ssdm_op_SpecInterface, i8 %p_scale_channels_ch1, void @ap_fifo_str, i32 0, i32 0, void @p_str, i32 0, i32 0, void @p_str, void @p_str, void @p_str, i32 2, i32 2, i32 16, i32 16, void @p_str, void @p_str, i32 4294967295, i32 0, i32 0"   --->   Operation 18 'specinterface' 'specinterface_ln0' <Predicate = true> <Delay = 0.00>
ST_1 : Operation 19 [1/1] (0.00ns)   --->   "%specinterface_ln0 = specinterface void @_ssdm_op_SpecInterface, i8 %p_scale_channels_ch2, void @ap_fifo_str, i32 0, i32 0, void @p_str, i32 0, i32 0, void @p_str, void @p_str, void @p_str, i32 2, i32 2, i32 16, i32 16, void @p_str, void @p_str, i32 4294967295, i32 0, i32 0"   --->   Operation 19 'specinterface' 'specinterface_ln0' <Predicate = true> <Delay = 0.00>
ST_1 : Operation 20 [1/1] (0.00ns)   --->   "%specinterface_ln0 = specinterface void @_ssdm_op_SpecInterface, i8 %p_scale_channels_ch3, void @ap_fifo_str, i32 0, i32 0, void @p_str, i32 0, i32 0, void @p_str, void @p_str, void @p_str, i32 2, i32 2, i32 16, i32 16, void @p_str, void @p_str, i32 4294967295, i32 0, i32 0"   --->   Operation 20 'specinterface' 'specinterface_ln0' <Predicate = true> <Delay = 0.00>
ST_1 : Operation 21 [1/1] (1.58ns)   --->   "%store_ln0 = store i32 0, i32 %indvar_flatten"   --->   Operation 21 'store' 'store_ln0' <Predicate = true> <Delay = 1.58>
ST_1 : Operation 22 [1/1] (0.00ns)   --->   "%br_ln0 = br void %for.inc.i"   --->   Operation 22 'br' 'br_ln0' <Predicate = true> <Delay = 0.00>
ST_1 : Operation 23 [1/1] (0.00ns)   --->   "%indvar_flatten_load = load i32 %indvar_flatten" [E:/robot/project/xilinx_fpga_class/hls/lab2/yuv_filter.c:156->E:/robot/project/xilinx_fpga_class/hls/lab2/yuv_filter.c:51]   --->   Operation 23 'load' 'indvar_flatten_load' <Predicate = true> <Delay = 0.00>
ST_1 : Operation 24 [1/1] (2.55ns)   --->   "%icmp_ln156 = icmp_eq  i32 %indvar_flatten_load, i32 %bound_read" [E:/robot/project/xilinx_fpga_class/hls/lab2/yuv_filter.c:156->E:/robot/project/xilinx_fpga_class/hls/lab2/yuv_filter.c:51]   --->   Operation 24 'icmp' 'icmp_ln156' <Predicate = true> <Delay = 2.55> <CoreInst = "Cmp">   --->   Core 9 'Cmp' <Latency = 0> <II = 1> <Delay = 2.55> <FuncUnit> <Opcode : 'seteq' 'setne' 'setle' 'setge' 'setlt' 'setgt'> <InPorts = 2> <OutPorts = 1>
ST_1 : Operation 25 [1/1] (0.00ns)   --->   "%br_ln156 = br i1 %icmp_ln156, void %for.inc57.loopexit.i, void %yuv_scale.exit.exitStub" [E:/robot/project/xilinx_fpga_class/hls/lab2/yuv_filter.c:156->E:/robot/project/xilinx_fpga_class/hls/lab2/yuv_filter.c:51]   --->   Operation 25 'br' 'br_ln156' <Predicate = true> <Delay = 0.00>
ST_1 : Operation 26 [1/1] (2.55ns)   --->   "%add_ln156 = add i32 %indvar_flatten_load, i32 1" [E:/robot/project/xilinx_fpga_class/hls/lab2/yuv_filter.c:156->E:/robot/project/xilinx_fpga_class/hls/lab2/yuv_filter.c:51]   --->   Operation 26 'add' 'add_ln156' <Predicate = (!icmp_ln156)> <Delay = 2.55> <CoreInst = "Adder">   --->   Core 1 'Adder' <Latency = 0> <II = 1> <Delay = 2.55> <FuncUnit> <Opcode : 'add' 'sub'> <InPorts = 2> <OutPorts = 1>
ST_1 : Operation 27 [1/1] (1.58ns)   --->   "%store_ln156 = store i32 %add_ln156, i32 %indvar_flatten" [E:/robot/project/xilinx_fpga_class/hls/lab2/yuv_filter.c:156->E:/robot/project/xilinx_fpga_class/hls/lab2/yuv_filter.c:51]   --->   Operation 27 'store' 'store_ln156' <Predicate = (!icmp_ln156)> <Delay = 1.58>

State 2 <SV = 1> <Delay = 3.63>
ST_2 : Operation 28 [1/1] ( I:3.63ns O:3.63ns )   --->   "%Y = read i8 @_ssdm_op_Read.ap_fifo.volatile.i8P0A, i8 %p_yuv_channels_ch1" [E:/robot/project/xilinx_fpga_class/hls/lab2/yuv_filter.c:161->E:/robot/project/xilinx_fpga_class/hls/lab2/yuv_filter.c:51]   --->   Operation 28 'read' 'Y' <Predicate = true> <Delay = 3.63> <CoreInst = "FIFO_SRL">   --->   Core 80 'FIFO_SRL' <Latency = 0> <II = 1> <Delay = 3.63> <Storage> <Opcode : 'read' 'write' 'nbread' 'nbwrite'> <Ports = 0> <Width = 8> <Depth = 2> <FIFO>
ST_2 : Operation 29 [1/1] ( I:3.63ns O:3.63ns )   --->   "%U = read i8 @_ssdm_op_Read.ap_fifo.volatile.i8P0A, i8 %p_yuv_channels_ch2" [E:/robot/project/xilinx_fpga_class/hls/lab2/yuv_filter.c:162->E:/robot/project/xilinx_fpga_class/hls/lab2/yuv_filter.c:51]   --->   Operation 29 'read' 'U' <Predicate = true> <Delay = 3.63> <CoreInst = "FIFO_SRL">   --->   Core 80 'FIFO_SRL' <Latency = 0> <II = 1> <Delay = 3.63> <Storage> <Opcode : 'read' 'write' 'nbread' 'nbwrite'> <Ports = 0> <Width = 8> <Depth = 2> <FIFO>
ST_2 : Operation 30 [1/1] ( I:3.63ns O:3.63ns )   --->   "%V = read i8 @_ssdm_op_Read.ap_fifo.volatile.i8P0A, i8 %p_yuv_channels_ch3" [E:/robot/project/xilinx_fpga_class/hls/lab2/yuv_filter.c:163->E:/robot/project/xilinx_fpga_class/hls/lab2/yuv_filter.c:51]   --->   Operation 30 'read' 'V' <Predicate = true> <Delay = 3.63> <CoreInst = "FIFO_SRL">   --->   Core 80 'FIFO_SRL' <Latency = 0> <II = 1> <Delay = 3.63> <Storage> <Opcode : 'read' 'write' 'nbread' 'nbwrite'> <Ports = 0> <Width = 8> <Depth = 2> <FIFO>

State 3 <SV = 2> <Delay = 4.17>
ST_3 : Operation 31 [1/1] (0.00ns)   --->   "%zext_ln164_1 = zext i8 %Y" [E:/robot/project/xilinx_fpga_class/hls/lab2/yuv_filter.c:164->E:/robot/project/xilinx_fpga_class/hls/lab2/yuv_filter.c:51]   --->   Operation 31 'zext' 'zext_ln164_1' <Predicate = true> <Delay = 0.00>
ST_3 : Operation 32 [1/1] (4.17ns)   --->   "%mul_ln164 = mul i15 %zext_ln164_1, i15 %zext_ln164_cast" [E:/robot/project/xilinx_fpga_class/hls/lab2/yuv_filter.c:164->E:/robot/project/xilinx_fpga_class/hls/lab2/yuv_filter.c:51]   --->   Operation 32 'mul' 'mul_ln164' <Predicate = true> <Delay = 4.17> <CoreInst = "Multiplier">   --->   Core 3 'Multiplier' <Latency = 0> <II = 1> <Delay = 4.17> <FuncUnit> <Opcode : 'mul'> <InPorts = 2> <OutPorts = 1>
ST_3 : Operation 33 [1/1] (0.00ns)   --->   "%zext_ln165_1 = zext i8 %U" [E:/robot/project/xilinx_fpga_class/hls/lab2/yuv_filter.c:165->E:/robot/project/xilinx_fpga_class/hls/lab2/yuv_filter.c:51]   --->   Operation 33 'zext' 'zext_ln165_1' <Predicate = true> <Delay = 0.00>
ST_3 : Operation 34 [1/1] (4.17ns)   --->   "%mul_ln165 = mul i15 %zext_ln165_1, i15 %zext_ln165_cast" [E:/robot/project/xilinx_fpga_class/hls/lab2/yuv_filter.c:165->E:/robot/project/xilinx_fpga_class/hls/lab2/yuv_filter.c:51]   --->   Operation 34 'mul' 'mul_ln165' <Predicate = true> <Delay = 4.17> <CoreInst = "Multiplier">   --->   Core 3 'Multiplier' <Latency = 0> <II = 1> <Delay = 4.17> <FuncUnit> <Opcode : 'mul'> <InPorts = 2> <OutPorts = 1>
ST_3 : Operation 35 [1/1] (0.00ns)   --->   "%zext_ln166_1 = zext i8 %V" [E:/robot/project/xilinx_fpga_class/hls/lab2/yuv_filter.c:166->E:/robot/project/xilinx_fpga_class/hls/lab2/yuv_filter.c:51]   --->   Operation 35 'zext' 'zext_ln166_1' <Predicate = true> <Delay = 0.00>
ST_3 : Operation 36 [1/1] (4.17ns)   --->   "%mul_ln166 = mul i15 %zext_ln166_1, i15 %zext_ln166_cast" [E:/robot/project/xilinx_fpga_class/hls/lab2/yuv_filter.c:166->E:/robot/project/xilinx_fpga_class/hls/lab2/yuv_filter.c:51]   --->   Operation 36 'mul' 'mul_ln166' <Predicate = true> <Delay = 4.17> <CoreInst = "Multiplier">   --->   Core 3 'Multiplier' <Latency = 0> <II = 1> <Delay = 4.17> <FuncUnit> <Opcode : 'mul'> <InPorts = 2> <OutPorts = 1>
ST_3 : Operation 37 [1/1] (0.00ns)   --->   "%trunc_ln = partselect i8 @_ssdm_op_PartSelect.i8.i15.i32.i32, i15 %mul_ln164, i32 7, i32 14" [E:/robot/project/xilinx_fpga_class/hls/lab2/yuv_filter.c:167->E:/robot/project/xilinx_fpga_class/hls/lab2/yuv_filter.c:51]   --->   Operation 37 'partselect' 'trunc_ln' <Predicate = true> <Delay = 0.00>
ST_3 : Operation 38 [1/1] (0.00ns)   --->   "%trunc_ln1 = partselect i8 @_ssdm_op_PartSelect.i8.i15.i32.i32, i15 %mul_ln165, i32 7, i32 14" [E:/robot/project/xilinx_fpga_class/hls/lab2/yuv_filter.c:168->E:/robot/project/xilinx_fpga_class/hls/lab2/yuv_filter.c:51]   --->   Operation 38 'partselect' 'trunc_ln1' <Predicate = true> <Delay = 0.00>
ST_3 : Operation 39 [1/1] (0.00ns)   --->   "%trunc_ln2 = partselect i8 @_ssdm_op_PartSelect.i8.i15.i32.i32, i15 %mul_ln166, i32 7, i32 14" [E:/robot/project/xilinx_fpga_class/hls/lab2/yuv_filter.c:169->E:/robot/project/xilinx_fpga_class/hls/lab2/yuv_filter.c:51]   --->   Operation 39 'partselect' 'trunc_ln2' <Predicate = true> <Delay = 0.00>
ST_3 : Operation 47 [1/1] (1.58ns)   --->   "%ret_ln0 = ret"   --->   Operation 47 'ret' 'ret_ln0' <Predicate = (icmp_ln156)> <Delay = 1.58>

State 4 <SV = 3> <Delay = 3.63>
ST_4 : Operation 40 [1/1] (0.00ns)   --->   "%specloopname_ln0 = specloopname void @_ssdm_op_SpecLoopName, void @YUV_SCALE_LOOP_X_YUV_SCALE_LOOP_Y_str"   --->   Operation 40 'specloopname' 'specloopname_ln0' <Predicate = true> <Delay = 0.00>
ST_4 : Operation 41 [1/1] (0.00ns)   --->   "%speclooptripcount_ln0 = speclooptripcount void @_ssdm_op_SpecLoopTripCount, i64 40000, i64 2457600, i64 784400"   --->   Operation 41 'speclooptripcount' 'speclooptripcount_ln0' <Predicate = true> <Delay = 0.00>
ST_4 : Operation 42 [1/1] (0.00ns)   --->   "%specpipeline_ln15 = specpipeline void @_ssdm_op_SpecPipeline, i32 4294967295, i32 0, i32 0, i32 0, void @empty_16" [E:/robot/project/xilinx_fpga_class/hls/lab2/w/yuv_filter_soultion4/hls_config.cfg:15->E:/robot/project/xilinx_fpga_class/hls/lab2/yuv_filter.c:51]   --->   Operation 42 'specpipeline' 'specpipeline_ln15' <Predicate = true> <Delay = 0.00>
ST_4 : Operation 43 [1/1] ( I:3.63ns O:3.63ns )   --->   "%write_ln167 = write void @_ssdm_op_Write.ap_fifo.volatile.i8P0A, i8 %p_scale_channels_ch1, i8 %trunc_ln" [E:/robot/project/xilinx_fpga_class/hls/lab2/yuv_filter.c:167->E:/robot/project/xilinx_fpga_class/hls/lab2/yuv_filter.c:51]   --->   Operation 43 'write' 'write_ln167' <Predicate = true> <Delay = 3.63> <CoreInst = "FIFO_SRL">   --->   Core 80 'FIFO_SRL' <Latency = 0> <II = 1> <Delay = 3.63> <Storage> <Opcode : 'read' 'write' 'nbread' 'nbwrite'> <Ports = 0> <Width = 8> <Depth = 2> <FIFO>
ST_4 : Operation 44 [1/1] ( I:3.63ns O:3.63ns )   --->   "%write_ln168 = write void @_ssdm_op_Write.ap_fifo.volatile.i8P0A, i8 %p_scale_channels_ch2, i8 %trunc_ln1" [E:/robot/project/xilinx_fpga_class/hls/lab2/yuv_filter.c:168->E:/robot/project/xilinx_fpga_class/hls/lab2/yuv_filter.c:51]   --->   Operation 44 'write' 'write_ln168' <Predicate = true> <Delay = 3.63> <CoreInst = "FIFO_SRL">   --->   Core 80 'FIFO_SRL' <Latency = 0> <II = 1> <Delay = 3.63> <Storage> <Opcode : 'read' 'write' 'nbread' 'nbwrite'> <Ports = 0> <Width = 8> <Depth = 2> <FIFO>
ST_4 : Operation 45 [1/1] ( I:3.63ns O:3.63ns )   --->   "%write_ln169 = write void @_ssdm_op_Write.ap_fifo.volatile.i8P0A, i8 %p_scale_channels_ch3, i8 %trunc_ln2" [E:/robot/project/xilinx_fpga_class/hls/lab2/yuv_filter.c:169->E:/robot/project/xilinx_fpga_class/hls/lab2/yuv_filter.c:51]   --->   Operation 45 'write' 'write_ln169' <Predicate = true> <Delay = 3.63> <CoreInst = "FIFO_SRL">   --->   Core 80 'FIFO_SRL' <Latency = 0> <II = 1> <Delay = 3.63> <Storage> <Opcode : 'read' 'write' 'nbread' 'nbwrite'> <Ports = 0> <Width = 8> <Depth = 2> <FIFO>
ST_4 : Operation 46 [1/1] (0.00ns)   --->   "%br_ln159 = br void %for.inc.i" [E:/robot/project/xilinx_fpga_class/hls/lab2/yuv_filter.c:159->E:/robot/project/xilinx_fpga_class/hls/lab2/yuv_filter.c:51]   --->   Operation 46 'br' 'br_ln159' <Predicate = true> <Delay = 0.00>


============================================================
+ Verbose Summary: Timing violations
============================================================
Target clock period: 10.000ns, clock uncertainty: 2.700ns.

 <State 1>: 5.728ns
The critical path consists of the following:
	'store' operation 0 bit ('store_ln0') of constant 0 on local variable 'indvar_flatten' [25]  (1.588 ns)
	'load' operation 32 bit ('indvar_flatten_load', E:/robot/project/xilinx_fpga_class/hls/lab2/yuv_filter.c:156->E:/robot/project/xilinx_fpga_class/hls/lab2/yuv_filter.c:51) on local variable 'indvar_flatten' [28]  (0.000 ns)
	'icmp' operation 1 bit ('icmp_ln156', E:/robot/project/xilinx_fpga_class/hls/lab2/yuv_filter.c:156->E:/robot/project/xilinx_fpga_class/hls/lab2/yuv_filter.c:51) [29]  (2.552 ns)
	'store' operation 0 bit ('store_ln156', E:/robot/project/xilinx_fpga_class/hls/lab2/yuv_filter.c:156->E:/robot/project/xilinx_fpga_class/hls/lab2/yuv_filter.c:51) of variable 'add_ln156', E:/robot/project/xilinx_fpga_class/hls/lab2/yuv_filter.c:156->E:/robot/project/xilinx_fpga_class/hls/lab2/yuv_filter.c:51 on local variable 'indvar_flatten' [51]  (1.588 ns)

 <State 2>: 3.634ns
The critical path consists of the following:
	fifo read operation ('Y', E:/robot/project/xilinx_fpga_class/hls/lab2/yuv_filter.c:161->E:/robot/project/xilinx_fpga_class/hls/lab2/yuv_filter.c:51) on port 'p_yuv_channels_ch1' (E:/robot/project/xilinx_fpga_class/hls/lab2/yuv_filter.c:161->E:/robot/project/xilinx_fpga_class/hls/lab2/yuv_filter.c:51) [36]  (3.634 ns)

 <State 3>: 4.170ns
The critical path consists of the following:
	'mul' operation 15 bit ('mul_ln164', E:/robot/project/xilinx_fpga_class/hls/lab2/yuv_filter.c:164->E:/robot/project/xilinx_fpga_class/hls/lab2/yuv_filter.c:51) [40]  (4.170 ns)

 <State 4>: 3.634ns
The critical path consists of the following:
	fifo write operation ('write_ln167', E:/robot/project/xilinx_fpga_class/hls/lab2/yuv_filter.c:167->E:/robot/project/xilinx_fpga_class/hls/lab2/yuv_filter.c:51) on port 'p_scale_channels_ch1' (E:/robot/project/xilinx_fpga_class/hls/lab2/yuv_filter.c:167->E:/robot/project/xilinx_fpga_class/hls/lab2/yuv_filter.c:51) [46]  (3.634 ns)


============================================================
+ Verbose Summary: Binding
============================================================
N/A
* FSMD analyzer results:
  - Output states:
 - Input state : 
  - Chain level:
	State 1
	State 2
	State 3
	State 4


============================================================
+ Verbose Summary: Datapath Resource usage 
============================================================
N/A
