02/14/25 10:50:38: Running xcd server. This server was built by gradle.
02/14/25 10:50:38: Server was asked to start on port: '49823'
02/14/25 10:50:38: Server is using token UUID: '31c54c81-4ccf-4047-ba31-6093b4ee3431'
02/14/25 10:50:38: SESSION_MGR: creating session with session uuid: '6d04a3e9-ade5-4ab9-8d63-1f78fcd2ec76' and name 'default'
02/14/25 10:50:38: Attempting to start server on port '49823'
02/14/25 10:50:38: Running Dispatch Server
02/14/25 10:50:38: Version 2.2.0
02/14/25 10:50:39: Dispatch Server: Accepted socket connection from client
02/14/25 10:50:39: Starting Socket connection
02/14/25 10:50:39: EXCHANGE_TOKEN received, server token: 31c54c81-4ccf-4047-ba31-6093b4ee3431, passed token: 31c54c81-4ccf-4047-ba31-6093b4ee3431
02/14/25 10:50:40: DISPATCH_HANDLER: Adding handler from function makeHandler in library xv_system_diagram
02/14/25 10:50:40: SESSION_MGR: creating session with session uuid: '588ecd47-f807-4ecc-8713-85531454545b' and name 'v++_compile_dct_solution5'
02/14/25 10:50:40: KERNEL_SVC: creating session with uuid: '588ecd47-f807-4ecc-8713-85531454545b' and name 'v++_compile_dct_solution5'
02/14/25 10:50:40: GUIDANCE_SMGR: creating guidance session with uuid: '588ecd47-f807-4ecc-8713-85531454545b' and name 'v++_compile_dct_solution5'
02/14/25 10:50:40: SYSTEM_DIAGRAM: creating session with uuid: '588ecd47-f807-4ecc-8713-85531454545b' and name 'v++_compile_dct_solution5'
02/14/25 10:50:45: Dispatch Server: Accepted socket connection from client
02/14/25 10:50:45: Starting Socket connection
02/14/25 10:51:05: SESSION_MGR: closing session for UUID '588ecd47-f807-4ecc-8713-85531454545b' with name 'v++_compile_dct_solution5'
02/14/25 10:51:05: KERNEL_SVC: closing session for UUID '588ecd47-f807-4ecc-8713-85531454545b' with name 'v++_compile_dct_solution5'
02/14/25 10:51:05: GUIDANCE_SMGR: closing session for UUID '588ecd47-f807-4ecc-8713-85531454545b' with name 'v++_compile_dct_solution5'
02/14/25 10:51:05: SYSTEM_DIAGRAM: closing session for UUID '588ecd47-f807-4ecc-8713-85531454545b' with name 'v++_compile_dct_solution5'
02/14/25 10:51:05: STOP_SERVER received, server token: 31c54c81-4ccf-4047-ba31-6093b4ee3431, passed token: 31c54c81-4ccf-4047-ba31-6093b4ee3431
02/14/25 10:51:05: Socket received request to stop server.
02/14/25 10:51:05: Dispatch Server: do_await_stop
02/14/25 10:51:05: SERVER: destructor for server bound to port 49823
