02/11/25 15:26:59: Running xcd server. This server was built by gradle.
02/11/25 15:26:59: Server was asked to start on port: '51224'
02/11/25 15:26:59: Server is using token UUID: '93073d48-e849-11ef-8624-744ca175a020'
02/11/25 15:26:59: SESSION_MGR: creating session with session uuid: '6d04a3e9-ade5-4ab9-8d63-1f78fcd2ec76' and name 'default'
02/11/25 15:26:59: Attempting to start server on port '51224'
02/11/25 15:26:59: Running Dispatch Server
02/11/25 15:26:59: Version 2.2.0
02/11/25 15:26:59: Dispatch Server: Accepted socket connection from client
02/11/25 15:26:59: Starting Socket connection
02/11/25 15:26:59: EXCHANGE_TOKEN received, server token: 93073d48-e849-11ef-8624-744ca175a020, passed token: 93073d48-e849-11ef-8624-744ca175a020
02/11/25 15:26:59: SESSION_MGR: creating session with session uuid: '58c9108a-6f40-490d-b1bb-940fefa274bd' and name 'Code Analyzer'
02/11/25 15:26:59: KERNEL_SVC: creating session with uuid: '58c9108a-6f40-490d-b1bb-940fefa274bd' and name 'Code Analyzer'
02/11/25 15:26:59: GUIDANCE_SMGR: creating guidance session with uuid: '58c9108a-6f40-490d-b1bb-940fefa274bd' and name 'Code Analyzer'
02/11/25 15:27:04: SESSION_MGR: closing session for UUID '58c9108a-6f40-490d-b1bb-940fefa274bd' with name ''
02/11/25 15:27:04: KERNEL_SVC: closing session for UUID '58c9108a-6f40-490d-b1bb-940fefa274bd' with name ''
02/11/25 15:27:04: GUIDANCE_SMGR: closing session for UUID '58c9108a-6f40-490d-b1bb-940fefa274bd' with name ''
02/11/25 15:27:04: STOP_SERVER received, server token: 93073d48-e849-11ef-8624-744ca175a020, passed token: 93073d48-e849-11ef-8624-744ca175a020
02/11/25 15:27:04: Socket received request to stop server.
02/11/25 15:27:04: Dispatch Server: do_await_stop
02/11/25 15:27:04: SERVER: destructor for server bound to port 51224
02/11/25 15:27:04: Server exiting with status 0.
02/11/25 15:27:04: Closing log file.
