
*** Running vivado
    with args -log system_fir_0_0.vds -m64 -product Vivado -mode batch -messageDb vivado.pb -notrace -source system_fir_0_0.tcl



****** Vivado v2024.2 (64-bit)
  **** SW Build 5239630 on Fri Nov 08 22:35:27 MST 2024
  **** IP Build 5239520 on Sun Nov 10 16:12:51 MST 2024
  **** SharedData Build 5239561 on Fri Nov 08 14:39:27 MST 2024
  **** Start of session at: Tue Feb 18 10:02:00 2025
    ** Copyright 1986-2022 Xilinx, Inc. All Rights Reserved.
    ** Copyright 2022-2024 Advanced Micro Devices, Inc. All Rights Reserved.

source system_fir_0_0.tcl -notrace
INFO: [IP_Flow 19-234] Refreshing IP repositories
INFO: [IP_Flow 19-1700] Loaded user IP repository 'e:/robot/project/xilinx_fpga_class/hls/lab4/ip_repo'.
INFO: [IP_Flow 19-1700] Loaded user IP repository 'e:/robot/project/xilinx_fpga_class/hls/lab4_zynq_z2/prj/fir/fir/hls/impl/ip'.
INFO: [IP_Flow 19-2313] Loaded Vivado IP repository 'E:/xilinx/Vivado/2024.2/data/ip'.
INFO: [IP_Flow 19-6924] IPCACHE: Running cache check for IP inst: system_fir_0_0
Command: synth_design -top system_fir_0_0 -part xc7z020clg400-1 -incremental_mode off -mode out_of_context
Starting synth_design
Attempting to get a license for feature 'Synthesis' and/or device 'xc7z020'
INFO: [Common 17-349] Got license for feature 'Synthesis' and/or device 'xc7z020'
INFO: [Device 21-403] Loading part xc7z020clg400-1
INFO: [Synth 8-7079] Multithreading enabled for synth_design using a maximum of 2 processes.
INFO: [Synth 8-7078] Launching helper process for spawning children vivado processes
INFO: [Synth 8-7075] Helper process launched with PID 42972
---------------------------------------------------------------------------------
Starting RTL Elaboration : Time (s): cpu = 00:00:11 ; elapsed = 00:00:12 . Memory (MB): peak = 1087.793 ; gain = 472.949
---------------------------------------------------------------------------------
INFO: [Synth 8-6157] synthesizing module 'system_fir_0_0' [e:/robot/project/xilinx_fpga_class/hls/lab4/audio/audio.gen/sources_1/bd/system/ip/system_fir_0_0/synth/system_fir_0_0.v:53]
INFO: [Synth 8-6157] synthesizing module 'fir' [e:/robot/project/xilinx_fpga_class/hls/lab4/audio/audio.gen/sources_1/bd/system/ipshared/fcad/hdl/verilog/fir.v:9]
INFO: [Synth 8-6157] synthesizing module 'fir_shift_reg_RAM_AUTO_1R1W' [e:/robot/project/xilinx_fpga_class/hls/lab4/audio/audio.gen/sources_1/bd/system/ipshared/fcad/hdl/verilog/fir_shift_reg_RAM_AUTO_1R1W.v:7]
INFO: [Synth 8-3876] $readmem data file './fir_shift_reg_RAM_AUTO_1R1W.dat' is read successfully [e:/robot/project/xilinx_fpga_class/hls/lab4/audio/audio.gen/sources_1/bd/system/ipshared/fcad/hdl/verilog/fir_shift_reg_RAM_AUTO_1R1W.v:40]
INFO: [Synth 8-6155] done synthesizing module 'fir_shift_reg_RAM_AUTO_1R1W' (0#1) [e:/robot/project/xilinx_fpga_class/hls/lab4/audio/audio.gen/sources_1/bd/system/ipshared/fcad/hdl/verilog/fir_shift_reg_RAM_AUTO_1R1W.v:7]
INFO: [Synth 8-6157] synthesizing module 'fir_fir_Pipeline_loop' [e:/robot/project/xilinx_fpga_class/hls/lab4/audio/audio.gen/sources_1/bd/system/ipshared/fcad/hdl/verilog/fir_fir_Pipeline_loop.v:9]
INFO: [Synth 8-6157] synthesizing module 'fir_fir_Pipeline_loop_c_ROM_AUTO_1R' [e:/robot/project/xilinx_fpga_class/hls/lab4/audio/audio.gen/sources_1/bd/system/ipshared/fcad/hdl/verilog/fir_fir_Pipeline_loop_c_ROM_AUTO_1R.v:7]
INFO: [Synth 8-3876] $readmem data file './fir_fir_Pipeline_loop_c_ROM_AUTO_1R.dat' is read successfully [e:/robot/project/xilinx_fpga_class/hls/lab4/audio/audio.gen/sources_1/bd/system/ipshared/fcad/hdl/verilog/fir_fir_Pipeline_loop_c_ROM_AUTO_1R.v:28]
INFO: [Synth 8-6155] done synthesizing module 'fir_fir_Pipeline_loop_c_ROM_AUTO_1R' (0#1) [e:/robot/project/xilinx_fpga_class/hls/lab4/audio/audio.gen/sources_1/bd/system/ipshared/fcad/hdl/verilog/fir_fir_Pipeline_loop_c_ROM_AUTO_1R.v:7]
INFO: [Synth 8-6157] synthesizing module 'fir_mac_muladd_16s_16s_37s_37_4_1' [e:/robot/project/xilinx_fpga_class/hls/lab4/audio/audio.gen/sources_1/bd/system/ipshared/fcad/hdl/verilog/fir_mac_muladd_16s_16s_37s_37_4_1.v:54]
INFO: [Synth 8-6157] synthesizing module 'fir_mac_muladd_16s_16s_37s_37_4_1_DSP48_0' [e:/robot/project/xilinx_fpga_class/hls/lab4/audio/audio.gen/sources_1/bd/system/ipshared/fcad/hdl/verilog/fir_mac_muladd_16s_16s_37s_37_4_1.v:11]
INFO: [Synth 8-6155] done synthesizing module 'fir_mac_muladd_16s_16s_37s_37_4_1_DSP48_0' (0#1) [e:/robot/project/xilinx_fpga_class/hls/lab4/audio/audio.gen/sources_1/bd/system/ipshared/fcad/hdl/verilog/fir_mac_muladd_16s_16s_37s_37_4_1.v:11]
INFO: [Synth 8-6155] done synthesizing module 'fir_mac_muladd_16s_16s_37s_37_4_1' (0#1) [e:/robot/project/xilinx_fpga_class/hls/lab4/audio/audio.gen/sources_1/bd/system/ipshared/fcad/hdl/verilog/fir_mac_muladd_16s_16s_37s_37_4_1.v:54]
INFO: [Synth 8-6157] synthesizing module 'fir_flow_control_loop_pipe_sequential_init' [e:/robot/project/xilinx_fpga_class/hls/lab4/audio/audio.gen/sources_1/bd/system/ipshared/fcad/hdl/verilog/fir_flow_control_loop_pipe_sequential_init.v:11]
INFO: [Synth 8-6155] done synthesizing module 'fir_flow_control_loop_pipe_sequential_init' (0#1) [e:/robot/project/xilinx_fpga_class/hls/lab4/audio/audio.gen/sources_1/bd/system/ipshared/fcad/hdl/verilog/fir_flow_control_loop_pipe_sequential_init.v:11]
INFO: [Synth 8-6155] done synthesizing module 'fir_fir_Pipeline_loop' (0#1) [e:/robot/project/xilinx_fpga_class/hls/lab4/audio/audio.gen/sources_1/bd/system/ipshared/fcad/hdl/verilog/fir_fir_Pipeline_loop.v:9]
INFO: [Synth 8-6157] synthesizing module 'fir_fir_io_s_axi' [e:/robot/project/xilinx_fpga_class/hls/lab4/audio/audio.gen/sources_1/bd/system/ipshared/fcad/hdl/verilog/fir_fir_io_s_axi.v:9]
INFO: [Synth 8-155] case statement is not full and has no default [e:/robot/project/xilinx_fpga_class/hls/lab4/audio/audio.gen/sources_1/bd/system/ipshared/fcad/hdl/verilog/fir_fir_io_s_axi.v:217]
INFO: [Synth 8-6155] done synthesizing module 'fir_fir_io_s_axi' (0#1) [e:/robot/project/xilinx_fpga_class/hls/lab4/audio/audio.gen/sources_1/bd/system/ipshared/fcad/hdl/verilog/fir_fir_io_s_axi.v:9]
INFO: [Synth 8-6157] synthesizing module 'fir_mul_16s_10s_25_1_1' [e:/robot/project/xilinx_fpga_class/hls/lab4/audio/audio.gen/sources_1/bd/system/ipshared/fcad/hdl/verilog/fir_mul_16s_10s_25_1_1.v:5]
INFO: [Synth 8-6155] done synthesizing module 'fir_mul_16s_10s_25_1_1' (0#1) [e:/robot/project/xilinx_fpga_class/hls/lab4/audio/audio.gen/sources_1/bd/system/ipshared/fcad/hdl/verilog/fir_mul_16s_10s_25_1_1.v:5]
INFO: [Synth 8-6157] synthesizing module 'fir_mac_muladd_16s_10s_31s_31_4_1' [e:/robot/project/xilinx_fpga_class/hls/lab4/audio/audio.gen/sources_1/bd/system/ipshared/fcad/hdl/verilog/fir_mac_muladd_16s_10s_31s_31_4_1.v:54]
INFO: [Synth 8-6157] synthesizing module 'fir_mac_muladd_16s_10s_31s_31_4_1_DSP48_0' [e:/robot/project/xilinx_fpga_class/hls/lab4/audio/audio.gen/sources_1/bd/system/ipshared/fcad/hdl/verilog/fir_mac_muladd_16s_10s_31s_31_4_1.v:11]
INFO: [Synth 8-6155] done synthesizing module 'fir_mac_muladd_16s_10s_31s_31_4_1_DSP48_0' (0#1) [e:/robot/project/xilinx_fpga_class/hls/lab4/audio/audio.gen/sources_1/bd/system/ipshared/fcad/hdl/verilog/fir_mac_muladd_16s_10s_31s_31_4_1.v:11]
INFO: [Synth 8-6155] done synthesizing module 'fir_mac_muladd_16s_10s_31s_31_4_1' (0#1) [e:/robot/project/xilinx_fpga_class/hls/lab4/audio/audio.gen/sources_1/bd/system/ipshared/fcad/hdl/verilog/fir_mac_muladd_16s_10s_31s_31_4_1.v:54]
INFO: [Synth 8-6155] done synthesizing module 'fir' (0#1) [e:/robot/project/xilinx_fpga_class/hls/lab4/audio/audio.gen/sources_1/bd/system/ipshared/fcad/hdl/verilog/fir.v:9]
INFO: [Synth 8-6155] done synthesizing module 'system_fir_0_0' (0#1) [e:/robot/project/xilinx_fpga_class/hls/lab4/audio/audio.gen/sources_1/bd/system/ip/system_fir_0_0/synth/system_fir_0_0.v:53]
WARNING: [Synth 8-6014] Unused sequential element int_ap_done_reg was removed.  [e:/robot/project/xilinx_fpga_class/hls/lab4/audio/audio.gen/sources_1/bd/system/ipshared/fcad/hdl/verilog/fir_fir_io_s_axi.v:284]
INFO: [Synth 8-4490] FSM extraction disabled for register 'ap_CS_fsm_reg' through user attribute
WARNING: [Synth 8-7129] Port rst in module fir_mac_muladd_16s_10s_31s_31_4_1_DSP48_0 is either unconnected or has no load
WARNING: [Synth 8-7129] Port AWADDR[1] in module fir_fir_io_s_axi is either unconnected or has no load
WARNING: [Synth 8-7129] Port AWADDR[0] in module fir_fir_io_s_axi is either unconnected or has no load
WARNING: [Synth 8-7129] Port WDATA[31] in module fir_fir_io_s_axi is either unconnected or has no load
WARNING: [Synth 8-7129] Port WDATA[30] in module fir_fir_io_s_axi is either unconnected or has no load
WARNING: [Synth 8-7129] Port WDATA[29] in module fir_fir_io_s_axi is either unconnected or has no load
WARNING: [Synth 8-7129] Port WDATA[28] in module fir_fir_io_s_axi is either unconnected or has no load
WARNING: [Synth 8-7129] Port WDATA[27] in module fir_fir_io_s_axi is either unconnected or has no load
WARNING: [Synth 8-7129] Port WDATA[26] in module fir_fir_io_s_axi is either unconnected or has no load
WARNING: [Synth 8-7129] Port WDATA[25] in module fir_fir_io_s_axi is either unconnected or has no load
WARNING: [Synth 8-7129] Port WDATA[24] in module fir_fir_io_s_axi is either unconnected or has no load
WARNING: [Synth 8-7129] Port WDATA[23] in module fir_fir_io_s_axi is either unconnected or has no load
WARNING: [Synth 8-7129] Port WDATA[22] in module fir_fir_io_s_axi is either unconnected or has no load
WARNING: [Synth 8-7129] Port WDATA[21] in module fir_fir_io_s_axi is either unconnected or has no load
WARNING: [Synth 8-7129] Port WDATA[20] in module fir_fir_io_s_axi is either unconnected or has no load
WARNING: [Synth 8-7129] Port WDATA[19] in module fir_fir_io_s_axi is either unconnected or has no load
WARNING: [Synth 8-7129] Port WDATA[18] in module fir_fir_io_s_axi is either unconnected or has no load
WARNING: [Synth 8-7129] Port WDATA[17] in module fir_fir_io_s_axi is either unconnected or has no load
WARNING: [Synth 8-7129] Port WDATA[16] in module fir_fir_io_s_axi is either unconnected or has no load
WARNING: [Synth 8-7129] Port rst in module fir_mac_muladd_16s_16s_37s_37_4_1_DSP48_0 is either unconnected or has no load
WARNING: [Synth 8-7129] Port reset in module fir_fir_Pipeline_loop_c_ROM_AUTO_1R is either unconnected or has no load
WARNING: [Synth 8-7129] Port reset in module fir_shift_reg_RAM_AUTO_1R1W is either unconnected or has no load
---------------------------------------------------------------------------------
Finished RTL Elaboration : Time (s): cpu = 00:00:13 ; elapsed = 00:00:15 . Memory (MB): peak = 1200.332 ; gain = 585.488
---------------------------------------------------------------------------------
---------------------------------------------------------------------------------
Start Handling Custom Attributes
---------------------------------------------------------------------------------
---------------------------------------------------------------------------------
Finished Handling Custom Attributes : Time (s): cpu = 00:00:13 ; elapsed = 00:00:15 . Memory (MB): peak = 1200.332 ; gain = 585.488
---------------------------------------------------------------------------------
---------------------------------------------------------------------------------
Finished RTL Optimization Phase 1 : Time (s): cpu = 00:00:13 ; elapsed = 00:00:15 . Memory (MB): peak = 1200.332 ; gain = 585.488
---------------------------------------------------------------------------------
Netlist sorting complete. Time (s): cpu = 00:00:00 ; elapsed = 00:00:00.013 . Memory (MB): peak = 1200.332 ; gain = 0.000
INFO: [Project 1-570] Preparing netlist for logic optimization

Processing XDC Constraints
Initializing timing engine
Parsing XDC File [e:/robot/project/xilinx_fpga_class/hls/lab4/audio/audio.gen/sources_1/bd/system/ip/system_fir_0_0/constraints/fir_ooc.xdc] for cell 'inst'
Finished Parsing XDC File [e:/robot/project/xilinx_fpga_class/hls/lab4/audio/audio.gen/sources_1/bd/system/ip/system_fir_0_0/constraints/fir_ooc.xdc] for cell 'inst'
Parsing XDC File [E:/robot/project/xilinx_fpga_class/hls/lab4/audio/audio.runs/system_fir_0_0_synth_1/dont_touch.xdc]
Finished Parsing XDC File [E:/robot/project/xilinx_fpga_class/hls/lab4/audio/audio.runs/system_fir_0_0_synth_1/dont_touch.xdc]
Completed Processing XDC Constraints

Netlist sorting complete. Time (s): cpu = 00:00:00 ; elapsed = 00:00:00 . Memory (MB): peak = 1289.320 ; gain = 0.000
INFO: [Project 1-111] Unisim Transformation Summary:
No Unisim elements were transformed.

Constraint Validation Runtime : Time (s): cpu = 00:00:00 ; elapsed = 00:00:00.042 . Memory (MB): peak = 1290.434 ; gain = 1.113
INFO: [Designutils 20-5008] Incremental synthesis strategy off
---------------------------------------------------------------------------------
Finished Constraint Validation : Time (s): cpu = 00:00:25 ; elapsed = 00:00:27 . Memory (MB): peak = 1290.434 ; gain = 675.590
---------------------------------------------------------------------------------
---------------------------------------------------------------------------------
Start Loading Part and Timing Information
---------------------------------------------------------------------------------
Loading part: xc7z020clg400-1
---------------------------------------------------------------------------------
Finished Loading Part and Timing Information : Time (s): cpu = 00:00:25 ; elapsed = 00:00:27 . Memory (MB): peak = 1290.434 ; gain = 675.590
---------------------------------------------------------------------------------
---------------------------------------------------------------------------------
Start Applying 'set_property' XDC Constraints
---------------------------------------------------------------------------------
Applied set_property KEEP_HIERARCHY = SOFT for inst. (constraint file  E:/robot/project/xilinx_fpga_class/hls/lab4/audio/audio.runs/system_fir_0_0_synth_1/dont_touch.xdc, line 9).
---------------------------------------------------------------------------------
Finished applying 'set_property' XDC Constraints : Time (s): cpu = 00:00:25 ; elapsed = 00:00:27 . Memory (MB): peak = 1290.434 ; gain = 675.590
---------------------------------------------------------------------------------
INFO: [Synth 8-802] inferred FSM for state register 'wstate_reg' in module 'fir_fir_io_s_axi'
INFO: [Synth 8-802] inferred FSM for state register 'rstate_reg' in module 'fir_fir_io_s_axi'
INFO: [Synth 8-4490] FSM extraction disabled for register 'ap_CS_fsm_reg' through user attribute
INFO: [Synth 8-4490] FSM extraction disabled for register 'ap_CS_fsm_reg' through user attribute
---------------------------------------------------------------------------------------------------
                   State |                     New Encoding |                Previous Encoding 
---------------------------------------------------------------------------------------------------
                  iSTATE |                             0001 |                               11
*
                  WRIDLE |                             0010 |                               00
                  WRDATA |                             0100 |                               01
                  WRRESP |                             1000 |                               10
---------------------------------------------------------------------------------------------------
INFO: [Synth 8-3354] encoded FSM with state register 'wstate_reg' using encoding 'one-hot' in module 'fir_fir_io_s_axi'
---------------------------------------------------------------------------------------------------
                   State |                     New Encoding |                Previous Encoding 
---------------------------------------------------------------------------------------------------
                  iSTATE |                              001 |                               10
*
                  RDIDLE |                              010 |                               00
                  RDDATA |                              100 |                               01
---------------------------------------------------------------------------------------------------
INFO: [Synth 8-3354] encoded FSM with state register 'rstate_reg' using encoding 'one-hot' in module 'fir_fir_io_s_axi'
---------------------------------------------------------------------------------
Finished RTL Optimization Phase 2 : Time (s): cpu = 00:00:26 ; elapsed = 00:00:28 . Memory (MB): peak = 1290.434 ; gain = 675.590
---------------------------------------------------------------------------------
---------------------------------------------------------------------------------
Start RTL Component Statistics 
---------------------------------------------------------------------------------
Detailed RTL Component Info : 
+---Adders : 
	   2 Input    6 Bit       Adders := 2     
+---XORs : 
	   2 Input      1 Bit         XORs := 2     
+---Registers : 
	               37 Bit    Registers := 1     
	               32 Bit    Registers := 1     
	               31 Bit    Registers := 1     
	               25 Bit    Registers := 1     
	               18 Bit    Registers := 2     
	               16 Bit    Registers := 7     
	                7 Bit    Registers := 1     
	                6 Bit    Registers := 3     
	                2 Bit    Registers := 1     
	                1 Bit    Registers := 28    
+---RAMs : 
	              928 Bit	(58 X 16 bit)          RAMs := 1     
+---Muxes : 
	   2 Input   37 Bit        Muxes := 2     
	  60 Input   16 Bit        Muxes := 1     
	   2 Input   16 Bit        Muxes := 1     
	   2 Input    6 Bit        Muxes := 3     
	   3 Input    6 Bit        Muxes := 1     
	   4 Input    4 Bit        Muxes := 1     
	   2 Input    4 Bit        Muxes := 3     
	   3 Input    3 Bit        Muxes := 1     
	   2 Input    3 Bit        Muxes := 2     
	   2 Input    2 Bit        Muxes := 1     
	   2 Input    1 Bit        Muxes := 12    
---------------------------------------------------------------------------------
Finished RTL Component Statistics 
---------------------------------------------------------------------------------
---------------------------------------------------------------------------------
Start Part Resource Summary
---------------------------------------------------------------------------------
Part Resources:
DSPs: 220 (col length:60)
BRAMs: 280 (col length: RAMB18 60 RAMB36 30)
---------------------------------------------------------------------------------
Finished Part Resource Summary
---------------------------------------------------------------------------------
---------------------------------------------------------------------------------
Start Cross Boundary and Area Optimization
---------------------------------------------------------------------------------
WARNING: [Synth 8-7080] Parallel synthesis criteria is not met
WARNING: [Synth 8-3936] Found unconnected internal register 'mac_muladd_16s_10s_31s_31_4_1_U8/fir_mac_muladd_16s_10s_31s_31_4_1_DSP48_0_U/p_reg_reg' and it is trimmed from '44' to '31' bits. [e:/robot/project/xilinx_fpga_class/hls/lab4/audio/audio.gen/sources_1/bd/system/ipshared/fcad/hdl/verilog/fir_mac_muladd_16s_10s_31s_31_4_1.v:44]
WARNING: [Synth 8-3936] Found unconnected internal register 'grp_fir_Pipeline_loop_fu_80/mac_muladd_16s_16s_37s_37_4_1_U1/fir_mac_muladd_16s_16s_37s_37_4_1_DSP48_0_U/p_reg_reg' and it is trimmed from '44' to '37' bits. [e:/robot/project/xilinx_fpga_class/hls/lab4/audio/audio.gen/sources_1/bd/system/ipshared/fcad/hdl/verilog/fir_mac_muladd_16s_16s_37s_37_4_1.v:44]
WARNING: [Synth 8-3936] Found unconnected internal register 'grp_fir_Pipeline_loop_fu_80/mac_muladd_16s_16s_37s_37_4_1_U1/fir_mac_muladd_16s_16s_37s_37_4_1_DSP48_0_U/m_reg_reg' and it is trimmed from '43' to '37' bits. [e:/robot/project/xilinx_fpga_class/hls/lab4/audio/audio.gen/sources_1/bd/system/ipshared/fcad/hdl/verilog/fir_mac_muladd_16s_16s_37s_37_4_1.v:36]
WARNING: [Synth 8-3936] Found unconnected internal register 'mac_muladd_16s_10s_31s_31_4_1_U8/fir_mac_muladd_16s_10s_31s_31_4_1_DSP48_0_U/m_reg_reg' and it is trimmed from '43' to '31' bits. [e:/robot/project/xilinx_fpga_class/hls/lab4/audio/audio.gen/sources_1/bd/system/ipshared/fcad/hdl/verilog/fir_mac_muladd_16s_10s_31s_31_4_1.v:36]
DSP Report: Generating DSP mul_ln44_reg_136_reg, operation Mode is: (A2*(B:0x3fe86))'.
DSP Report: register shift_reg_load_reg_131_reg is absorbed into DSP mul_ln44_reg_136_reg.
DSP Report: register mul_ln44_reg_136_reg is absorbed into DSP mul_ln44_reg_136_reg.
DSP Report: operator mul_16s_10s_25_1_1_U7/tmp_product is absorbed into DSP mul_ln44_reg_136_reg.
DSP Report: Generating DSP grp_fir_Pipeline_loop_fu_80/mac_muladd_16s_16s_37s_37_4_1_U1/fir_mac_muladd_16s_16s_37s_37_4_1_DSP48_0_U/p_reg_reg, operation Mode is: (P or C)+(A''*B2)'.
DSP Report: register grp_fir_Pipeline_loop_fu_80/mac_muladd_16s_16s_37s_37_4_1_U1/fir_mac_muladd_16s_16s_37s_37_4_1_DSP48_0_U/b_reg_reg is absorbed into DSP grp_fir_Pipeline_loop_fu_80/mac_muladd_16s_16s_37s_37_4_1_U1/fir_mac_muladd_16s_16s_37s_37_4_1_DSP48_0_U/p_reg_reg.
DSP Report: register grp_fir_Pipeline_loop_fu_80/mac_muladd_16s_16s_37s_37_4_1_U1/fir_mac_muladd_16s_16s_37s_37_4_1_DSP48_0_U/p_reg_reg is absorbed into DSP grp_fir_Pipeline_loop_fu_80/mac_muladd_16s_16s_37s_37_4_1_U1/fir_mac_muladd_16s_16s_37s_37_4_1_DSP48_0_U/p_reg_reg.
DSP Report: register grp_fir_Pipeline_loop_fu_80/mac_muladd_16s_16s_37s_37_4_1_U1/fir_mac_muladd_16s_16s_37s_37_4_1_DSP48_0_U/p_reg_reg is absorbed into DSP grp_fir_Pipeline_loop_fu_80/mac_muladd_16s_16s_37s_37_4_1_U1/fir_mac_muladd_16s_16s_37s_37_4_1_DSP48_0_U/p_reg_reg.
DSP Report: register grp_fir_Pipeline_loop_fu_80/mac_muladd_16s_16s_37s_37_4_1_U1/fir_mac_muladd_16s_16s_37s_37_4_1_DSP48_0_U/p_reg_reg is absorbed into DSP grp_fir_Pipeline_loop_fu_80/mac_muladd_16s_16s_37s_37_4_1_U1/fir_mac_muladd_16s_16s_37s_37_4_1_DSP48_0_U/p_reg_reg.
DSP Report: register grp_fir_Pipeline_loop_fu_80/mac_muladd_16s_16s_37s_37_4_1_U1/fir_mac_muladd_16s_16s_37s_37_4_1_DSP48_0_U/m_reg_reg is absorbed into DSP grp_fir_Pipeline_loop_fu_80/mac_muladd_16s_16s_37s_37_4_1_U1/fir_mac_muladd_16s_16s_37s_37_4_1_DSP48_0_U/p_reg_reg.
DSP Report: operator grp_fir_Pipeline_loop_fu_80/mac_muladd_16s_16s_37s_37_4_1_U1/fir_mac_muladd_16s_16s_37s_37_4_1_DSP48_0_U/p is absorbed into DSP grp_fir_Pipeline_loop_fu_80/mac_muladd_16s_16s_37s_37_4_1_U1/fir_mac_muladd_16s_16s_37s_37_4_1_DSP48_0_U/p_reg_reg.
DSP Report: operator grp_fir_Pipeline_loop_fu_80/mac_muladd_16s_16s_37s_37_4_1_U1/fir_mac_muladd_16s_16s_37s_37_4_1_DSP48_0_U/m is absorbed into DSP grp_fir_Pipeline_loop_fu_80/mac_muladd_16s_16s_37s_37_4_1_U1/fir_mac_muladd_16s_16s_37s_37_4_1_DSP48_0_U/p_reg_reg.
DSP Report: Generating DSP mac_muladd_16s_10s_31s_31_4_1_U8/fir_mac_muladd_16s_10s_31s_31_4_1_DSP48_0_U/p_reg_reg, operation Mode is: (C'+((A:0x3ffffe86)'*B2)')'.
DSP Report: register mac_muladd_16s_10s_31s_31_4_1_U8/fir_mac_muladd_16s_10s_31s_31_4_1_DSP48_0_U/p_reg_reg is absorbed into DSP mac_muladd_16s_10s_31s_31_4_1_U8/fir_mac_muladd_16s_10s_31s_31_4_1_DSP48_0_U/p_reg_reg.
DSP Report: register mac_muladd_16s_10s_31s_31_4_1_U8/fir_mac_muladd_16s_10s_31s_31_4_1_DSP48_0_U/b_reg_reg is absorbed into DSP mac_muladd_16s_10s_31s_31_4_1_U8/fir_mac_muladd_16s_10s_31s_31_4_1_DSP48_0_U/p_reg_reg.
DSP Report: register acc_2_loc_fu_56_reg is absorbed into DSP mac_muladd_16s_10s_31s_31_4_1_U8/fir_mac_muladd_16s_10s_31s_31_4_1_DSP48_0_U/p_reg_reg.
DSP Report: register mac_muladd_16s_10s_31s_31_4_1_U8/fir_mac_muladd_16s_10s_31s_31_4_1_DSP48_0_U/p_reg_reg is absorbed into DSP mac_muladd_16s_10s_31s_31_4_1_U8/fir_mac_muladd_16s_10s_31s_31_4_1_DSP48_0_U/p_reg_reg.
DSP Report: register mac_muladd_16s_10s_31s_31_4_1_U8/fir_mac_muladd_16s_10s_31s_31_4_1_DSP48_0_U/m_reg_reg is absorbed into DSP mac_muladd_16s_10s_31s_31_4_1_U8/fir_mac_muladd_16s_10s_31s_31_4_1_DSP48_0_U/p_reg_reg.
DSP Report: operator mac_muladd_16s_10s_31s_31_4_1_U8/fir_mac_muladd_16s_10s_31s_31_4_1_DSP48_0_U/p is absorbed into DSP mac_muladd_16s_10s_31s_31_4_1_U8/fir_mac_muladd_16s_10s_31s_31_4_1_DSP48_0_U/p_reg_reg.
DSP Report: operator mac_muladd_16s_10s_31s_31_4_1_U8/fir_mac_muladd_16s_10s_31s_31_4_1_DSP48_0_U/m is absorbed into DSP mac_muladd_16s_10s_31s_31_4_1_U8/fir_mac_muladd_16s_10s_31s_31_4_1_DSP48_0_U/p_reg_reg.
WARNING: [Synth 8-7129] Port s_axi_fir_io_AWADDR[1] in module fir is either unconnected or has no load
WARNING: [Synth 8-7129] Port s_axi_fir_io_AWADDR[0] in module fir is either unconnected or has no load
WARNING: [Synth 8-7129] Port s_axi_fir_io_WDATA[31] in module fir is either unconnected or has no load
WARNING: [Synth 8-7129] Port s_axi_fir_io_WDATA[30] in module fir is either unconnected or has no load
WARNING: [Synth 8-7129] Port s_axi_fir_io_WDATA[29] in module fir is either unconnected or has no load
WARNING: [Synth 8-7129] Port s_axi_fir_io_WDATA[28] in module fir is either unconnected or has no load
WARNING: [Synth 8-7129] Port s_axi_fir_io_WDATA[27] in module fir is either unconnected or has no load
WARNING: [Synth 8-7129] Port s_axi_fir_io_WDATA[26] in module fir is either unconnected or has no load
WARNING: [Synth 8-7129] Port s_axi_fir_io_WDATA[25] in module fir is either unconnected or has no load
WARNING: [Synth 8-7129] Port s_axi_fir_io_WDATA[24] in module fir is either unconnected or has no load
WARNING: [Synth 8-7129] Port s_axi_fir_io_WDATA[23] in module fir is either unconnected or has no load
WARNING: [Synth 8-7129] Port s_axi_fir_io_WDATA[22] in module fir is either unconnected or has no load
WARNING: [Synth 8-7129] Port s_axi_fir_io_WDATA[21] in module fir is either unconnected or has no load
WARNING: [Synth 8-7129] Port s_axi_fir_io_WDATA[20] in module fir is either unconnected or has no load
WARNING: [Synth 8-7129] Port s_axi_fir_io_WDATA[19] in module fir is either unconnected or has no load
WARNING: [Synth 8-7129] Port s_axi_fir_io_WDATA[18] in module fir is either unconnected or has no load
WARNING: [Synth 8-7129] Port s_axi_fir_io_WDATA[17] in module fir is either unconnected or has no load
WARNING: [Synth 8-7129] Port s_axi_fir_io_WDATA[16] in module fir is either unconnected or has no load
WARNING: [Synth 8-7129] Port s_axi_fir_io_WSTRB[3] in module fir is either unconnected or has no load
WARNING: [Synth 8-7129] Port s_axi_fir_io_WSTRB[2] in module fir is either unconnected or has no load
WARNING: [Synth 8-3332] Sequential element (fir_io_s_axi_U/FSM_onehot_wstate_reg[0]) is unused and will be removed from module fir.
WARNING: [Synth 8-3332] Sequential element (fir_io_s_axi_U/FSM_onehot_rstate_reg[0]) is unused and will be removed from module fir.
---------------------------------------------------------------------------------
Finished Cross Boundary and Area Optimization : Time (s): cpu = 00:00:28 ; elapsed = 00:00:31 . Memory (MB): peak = 1290.434 ; gain = 675.590
---------------------------------------------------------------------------------
 Sort Area is  mac_muladd_16s_10s_31s_31_4_1_U8/fir_mac_muladd_16s_10s_31s_31_4_1_DSP48_0_U/p_reg_reg_4 : 0 0 : 2587 2587 : Used 1 time 0
 Sort Area is  grp_fir_Pipeline_loop_fu_80/mac_muladd_16s_16s_37s_37_4_1_U1/fir_mac_muladd_16s_16s_37s_37_4_1_DSP48_0_U/p_reg_reg_2 : 0 0 : 2538 2538 : Used 1 time 0
 Sort Area is  mul_ln44_reg_136_reg_0 : 0 0 : 445 445 : Used 1 time 0
---------------------------------------------------------------------------------
Start ROM, RAM, DSP, Shift Register and Retiming Reporting
---------------------------------------------------------------------------------

Block RAM: Preliminary Mapping Report (see note below)
+------------+---------------------+------------------------+---+---+------------------------+---+---+------------------+--------+--------+
|Module Name | RTL Object          | PORT A (Depth x Width) | W | R | PORT B (Depth x Width) | W | R | Ports driving FF | RAMB18 | RAMB36 | 
+------------+---------------------+------------------------+---+---+------------------------+---+---+------------------+--------+--------+
|inst        | shift_reg_U/ram_reg | 58 x 16(READ_FIRST)    | W | R | 58 x 16(WRITE_FIRST)   |   | R | Port A and B     | 1      | 0      | 
+------------+---------------------+------------------------+---+---+------------------------+---+---+------------------+--------+--------+

Note: The table above is a preliminary report that shows the Block RAMs at the current stage of the synthesis flow. Some Block RAMs may be reimplemented as non Block RAM primitives later in the synthesis flow. Multiple instantiated Block RAMs are reported only once. 

DSP: Preliminary Mapping Report (see note below. The ' indicates corresponding REG is set)
+------------------------------------------+-----------------------------+--------+--------+--------+--------+--------+------+------+------+------+-------+------+------+
|Module Name                               | DSP Mapping                 | A Size | B Size | C Size | D Size | P Size | AREG | BREG | CREG | DREG | ADREG | MREG | PREG | 
+------------------------------------------+-----------------------------+--------+--------+--------+--------+--------+------+------+------+------+-------+------+------+
|fir                                       | (A2*(B:0x3fe86))'           | 16     | 10     | -      | -      | 26     | 1    | 0    | -    | -    | -     | 1    | 0    | 
|fir_mac_muladd_16s_16s_37s_37_4_1_DSP48_0 | (P or C)+(A''*B2)'          | 17     | 17     | 37     | -      | 37     | 2    | 1    | 0    | -    | -     | 1    | 1    | 
|fir                                       | (C'+((A:0x3ffffe86)'*B2)')' | 17     | 18     | 31     | -      | 31     | 1    | 1    | 1    | -    | -     | 1    | 1    | 
+------------------------------------------+-----------------------------+--------+--------+--------+--------+--------+------+------+------+------+-------+------+------+

Note: The table above is a preliminary report that shows the DSPs inferred at the current stage of the synthesis flow. Some DSP may be reimplemented as non DSP primitives later in the synthesis flow. Multiple instantiated DSPs are reported only once.
---------------------------------------------------------------------------------
Finished ROM, RAM, DSP, Shift Register and Retiming Reporting
---------------------------------------------------------------------------------
---------------------------------------------------------------------------------
Start Applying XDC Timing Constraints
---------------------------------------------------------------------------------
---------------------------------------------------------------------------------
Finished Applying XDC Timing Constraints : Time (s): cpu = 00:00:41 ; elapsed = 00:00:45 . Memory (MB): peak = 1439.469 ; gain = 824.625
---------------------------------------------------------------------------------
---------------------------------------------------------------------------------
Start Timing Optimization
---------------------------------------------------------------------------------
---------------------------------------------------------------------------------
Finished Timing Optimization : Time (s): cpu = 00:00:42 ; elapsed = 00:00:45 . Memory (MB): peak = 1475.750 ; gain = 860.906
---------------------------------------------------------------------------------
---------------------------------------------------------------------------------
Start ROM, RAM, DSP, Shift Register and Retiming Reporting
---------------------------------------------------------------------------------

Block RAM: Final Mapping Report
+------------+---------------------+------------------------+---+---+------------------------+---+---+------------------+--------+--------+
|Module Name | RTL Object          | PORT A (Depth x Width) | W | R | PORT B (Depth x Width) | W | R | Ports driving FF | RAMB18 | RAMB36 | 
+------------+---------------------+------------------------+---+---+------------------------+---+---+------------------+--------+--------+
|inst        | shift_reg_U/ram_reg | 58 x 16(READ_FIRST)    | W | R | 58 x 16(WRITE_FIRST)   |   | R | Port A and B     | 1      | 0      | 
+------------+---------------------+------------------------+---+---+------------------------+---+---+------------------+--------+--------+

---------------------------------------------------------------------------------
Finished ROM, RAM, DSP, Shift Register and Retiming Reporting
---------------------------------------------------------------------------------
---------------------------------------------------------------------------------
Start Technology Mapping
---------------------------------------------------------------------------------
INFO: [Synth 8-7052] The timing for the instance inst/shift_reg_U/ram_reg (implemented as a Block RAM) might be sub-optimal as no optional output register could be merged into the ram block. Providing additional output register may help in improving timing.
INFO: [Synth 8-7052] The timing for the instance inst/shift_reg_U/ram_reg (implemented as a Block RAM) might be sub-optimal as no optional output register could be merged into the ram block. Providing additional output register may help in improving timing.
---------------------------------------------------------------------------------
Finished Technology Mapping : Time (s): cpu = 00:00:42 ; elapsed = 00:00:46 . Memory (MB): peak = 1477.609 ; gain = 862.766
---------------------------------------------------------------------------------
---------------------------------------------------------------------------------
Start IO Insertion
---------------------------------------------------------------------------------
---------------------------------------------------------------------------------
Start Flattening Before IO Insertion
---------------------------------------------------------------------------------
---------------------------------------------------------------------------------
Finished Flattening Before IO Insertion
---------------------------------------------------------------------------------
---------------------------------------------------------------------------------
Start Final Netlist Cleanup
---------------------------------------------------------------------------------
---------------------------------------------------------------------------------
Finished Final Netlist Cleanup
---------------------------------------------------------------------------------
---------------------------------------------------------------------------------
Finished IO Insertion : Time (s): cpu = 00:00:52 ; elapsed = 00:00:56 . Memory (MB): peak = 1672.598 ; gain = 1057.754
---------------------------------------------------------------------------------
---------------------------------------------------------------------------------
Start Renaming Generated Instances
---------------------------------------------------------------------------------
---------------------------------------------------------------------------------
Finished Renaming Generated Instances : Time (s): cpu = 00:00:52 ; elapsed = 00:00:56 . Memory (MB): peak = 1672.598 ; gain = 1057.754
---------------------------------------------------------------------------------
---------------------------------------------------------------------------------
Start Rebuilding User Hierarchy
---------------------------------------------------------------------------------
---------------------------------------------------------------------------------
Finished Rebuilding User Hierarchy : Time (s): cpu = 00:00:52 ; elapsed = 00:00:56 . Memory (MB): peak = 1672.598 ; gain = 1057.754
---------------------------------------------------------------------------------
---------------------------------------------------------------------------------
Start Renaming Generated Ports
---------------------------------------------------------------------------------
---------------------------------------------------------------------------------
Finished Renaming Generated Ports : Time (s): cpu = 00:00:52 ; elapsed = 00:00:57 . Memory (MB): peak = 1672.598 ; gain = 1057.754
---------------------------------------------------------------------------------
---------------------------------------------------------------------------------
Start Handling Custom Attributes
---------------------------------------------------------------------------------
---------------------------------------------------------------------------------
Finished Handling Custom Attributes : Time (s): cpu = 00:00:52 ; elapsed = 00:00:57 . Memory (MB): peak = 1673.551 ; gain = 1058.707
---------------------------------------------------------------------------------
---------------------------------------------------------------------------------
Start Renaming Generated Nets
---------------------------------------------------------------------------------
---------------------------------------------------------------------------------
Finished Renaming Generated Nets : Time (s): cpu = 00:00:52 ; elapsed = 00:00:57 . Memory (MB): peak = 1673.551 ; gain = 1058.707
---------------------------------------------------------------------------------
---------------------------------------------------------------------------------
Start ROM, RAM, DSP, Shift Register and Retiming Reporting
---------------------------------------------------------------------------------

Static Shift Register Report:
+------------+--------------------------------------------------------------------+--------+-------+--------------+--------------------+-------------------+--------+---------+
|Module Name | RTL Name                                                           | Length | Width | Reset Signal | Pull out first Reg | Pull out last Reg | SRL16E | SRLC32E | 
+------------+--------------------------------------------------------------------+--------+-------+--------------+--------------------+-------------------+--------+---------+
|fir         | grp_fir_Pipeline_loop_fu_80/icmp_ln48_reg_200_pp0_iter3_reg_reg[0] | 4      | 1     | NO           | NO                 | YES               | 1      | 0       | 
|fir         | grp_fir_Pipeline_loop_fu_80/ap_loop_exit_ready_pp0_iter4_reg_reg   | 4      | 1     | NO           | NO                 | YES               | 1      | 0       | 
+------------+--------------------------------------------------------------------+--------+-------+--------------+--------------------+-------------------+--------+---------+

---------------------------------------------------------------------------------
Finished ROM, RAM, DSP, Shift Register and Retiming Reporting
---------------------------------------------------------------------------------
---------------------------------------------------------------------------------
Start Writing Synthesis Report
---------------------------------------------------------------------------------

DSP Final Report (the ' indicates corresponding REG is set)
+------------------------------------------+----------------+--------+--------+--------+--------+--------+------+------+------+------+-------+------+------+
|Module Name                               | DSP Mapping    | A Size | B Size | C Size | D Size | P Size | AREG | BREG | CREG | DREG | ADREG | MREG | PREG | 
+------------------------------------------+----------------+--------+--------+--------+--------+--------+------+------+------+------+-------+------+------+
|fir                                       | (A'*B)'        | 30     | 18     | -      | -      | 25     | 1    | 0    | -    | -    | -     | 0    | 1    | 
|fir_mac_muladd_16s_16s_37s_37_4_1_DSP48_0 | Dynamic        | -      | -      | -      | -      | 37     | -    | -    | -    | -    | -     | 1    | 1    | 
|fir                                       | (C'+(A'*B')')' | 30     | 18     | 48     | -      | 31     | 1    | 1    | 1    | -    | -     | 1    | 1    | 
+------------------------------------------+----------------+--------+--------+--------+--------+--------+------+------+------+------+-------+------+------+


Report BlackBoxes: 
+-+--------------+----------+
| |BlackBox name |Instances |
+-+--------------+----------+
+-+--------------+----------+

Report Cell Usage: 
+------+---------+------+
|      |Cell     |Count |
+------+---------+------+
|1     |DSP48E1  |     3|
|4     |LUT1     |     2|
|5     |LUT2     |     7|
|6     |LUT3     |    55|
|7     |LUT4     |    51|
|8     |LUT5     |    17|
|9     |LUT6     |    45|
|10    |MUXF7    |     1|
|11    |RAMB18E1 |     1|
|12    |SRL16E   |     2|
|13    |FDRE     |   129|
|14    |FDSE     |     1|
+------+---------+------+
---------------------------------------------------------------------------------
Finished Writing Synthesis Report : Time (s): cpu = 00:00:52 ; elapsed = 00:00:57 . Memory (MB): peak = 1673.551 ; gain = 1058.707
---------------------------------------------------------------------------------
Synthesis finished with 0 errors, 0 critical warnings and 27 warnings.
Synthesis Optimization Runtime : Time (s): cpu = 00:00:37 ; elapsed = 00:00:54 . Memory (MB): peak = 1673.551 ; gain = 968.605
Synthesis Optimization Complete : Time (s): cpu = 00:00:53 ; elapsed = 00:00:57 . Memory (MB): peak = 1673.551 ; gain = 1058.707
INFO: [Project 1-571] Translating synthesized netlist
Netlist sorting complete. Time (s): cpu = 00:00:00 ; elapsed = 00:00:00.013 . Memory (MB): peak = 1673.551 ; gain = 0.000
INFO: [Netlist 29-17] Analyzing 5 Unisim elements for replacement
INFO: [Netlist 29-28] Unisim Transformation completed in 0 CPU seconds
INFO: [Project 1-570] Preparing netlist for logic optimization
INFO: [Opt 31-138] Pushed 0 inverter(s) to 0 load pin(s).
Netlist sorting complete. Time (s): cpu = 00:00:00 ; elapsed = 00:00:00 . Memory (MB): peak = 1673.551 ; gain = 0.000
INFO: [Project 1-111] Unisim Transformation Summary:
No Unisim elements were transformed.

Synth Design complete | Checksum: ccbacd97
INFO: [Common 17-83] Releasing license: Synthesis
56 Infos, 50 Warnings, 0 Critical Warnings and 0 Errors encountered.
synth_design completed successfully
synth_design: Time (s): cpu = 00:00:59 ; elapsed = 00:01:06 . Memory (MB): peak = 1673.551 ; gain = 1288.516
Write ShapeDB Complete: Time (s): cpu = 00:00:00 ; elapsed = 00:00:00.001 . Memory (MB): peak = 1673.551 ; gain = 0.000
INFO: [Common 17-1381] The checkpoint 'E:/robot/project/xilinx_fpga_class/hls/lab4/audio/audio.runs/system_fir_0_0_synth_1/system_fir_0_0.dcp' has been generated.
INFO: [Coretcl 2-1648] Added synthesis output to IP cache for IP system_fir_0_0, cache-ID = a1029921a5c35c2d
INFO: [Coretcl 2-1174] Renamed 9 cell refs.
Write ShapeDB Complete: Time (s): cpu = 00:00:00 ; elapsed = 00:00:00.001 . Memory (MB): peak = 1673.551 ; gain = 0.000
INFO: [Common 17-1381] The checkpoint 'E:/robot/project/xilinx_fpga_class/hls/lab4/audio/audio.runs/system_fir_0_0_synth_1/system_fir_0_0.dcp' has been generated.
INFO: [Vivado 12-24828] Executing command : report_utilization -file system_fir_0_0_utilization_synth.rpt -pb system_fir_0_0_utilization_synth.pb
INFO: [Common 17-206] Exiting Vivado at Tue Feb 18 10:03:14 2025...
