Copyright 1986-2022 Xilinx, Inc. All Rights Reserved. Copyright 2022-2024 Advanced Micro Devices, Inc. All Rights Reserved.
--------------------------------------------------------------------------------------------------------------------------------------------------
| Tool Version      : Vivado v.2024.2 (win64) Build 5239630 Fri Nov 08 22:35:27 MST 2024
| Date              : Sun Feb 16 18:54:00 2025
| Host              : nightt_insider running 64-bit major release  (build 9200)
| Command           : report_timing_summary -file ./report/fir_timing_synth.rpt
| Design            : bd_0_wrapper
| Device            : xczu5eg-sfvc784
| Speed File        : -1  PRODUCTION 1.30 05-15-2022
| Design State      : Synthesized
| Temperature Grade : E
--------------------------------------------------------------------------------------------------------------------------------------------------

Timing Summary Report

------------------------------------------------------------------------------------------------
| Timer Settings
| --------------
------------------------------------------------------------------------------------------------

  Enable Multi Corner Analysis               :  Yes
  Enable Pessimism Removal                   :  Yes
  Pessimism Removal Resolution               :  Nearest Common Node
  Enable Input Delay Default Clock           :  No
  Enable Preset / Clear Arcs                 :  No
  Disable Flight Delays                      :  No
  Ignore I/O Paths                           :  No
  Timing Early Launch at Borrowing Latches   :  No
  Borrow Time for Max Delay Exceptions       :  Yes
  Merge Timing Exceptions                    :  Yes
  Inter-SLR Compensation                     :  Conservative

  Corner  Analyze    Analyze    
  Name    Max Paths  Min Paths  
  ------  ---------  ---------  
  Slow    Yes        Yes        
  Fast    Yes        Yes        


------------------------------------------------------------------------------------------------
| Report Methodology
| ------------------
------------------------------------------------------------------------------------------------

No report available as report_methodology has not been run prior. Run report_methodology on the current design for the summary of methodology violations.



check_timing report

Table of Contents
-----------------
1. checking no_clock (0)
2. checking constant_clock (0)
3. checking pulse_width_clock (0)
4. checking unconstrained_internal_endpoints (0)
5. checking no_input_delay (34)
6. checking no_output_delay (22)
7. checking multiple_clock (0)
8. checking generated_clocks (0)
9. checking loops (0)
10. checking partial_input_delay (0)
11. checking partial_output_delay (0)
12. checking latch_loops (0)

1. checking no_clock (0)
------------------------
 There are 0 register/latch pins with no clock.


2. checking constant_clock (0)
------------------------------
 There are 0 register/latch pins with constant_clock.


3. checking pulse_width_clock (0)
---------------------------------
 There are 0 register/latch pins which need pulse_width check


4. checking unconstrained_internal_endpoints (0)
------------------------------------------------
 There are 0 pins that are not constrained for maximum delay.

 There are 0 pins that are not constrained for maximum delay due to constant clock.


5. checking no_input_delay (34)
-------------------------------
 There are 34 input ports with no input delay specified. (HIGH)

 There are 0 input ports with no input delay but user has a false path constraint.


6. checking no_output_delay (22)
--------------------------------
 There are 22 ports with no output delay specified. (HIGH)

 There are 0 ports with no output delay but user has a false path constraint

 There are 0 ports with no output delay but with a timing clock defined on it or propagating through it


7. checking multiple_clock (0)
------------------------------
 There are 0 register/latch pins with multiple clocks.


8. checking generated_clocks (0)
--------------------------------
 There are 0 generated clocks that are not connected to a clock source.


9. checking loops (0)
---------------------
 There are 0 combinational loops in the design.


10. checking partial_input_delay (0)
------------------------------------
 There are 0 input ports with partial input delay specified.


11. checking partial_output_delay (0)
-------------------------------------
 There are 0 ports with partial output delay specified.


12. checking latch_loops (0)
----------------------------
 There are 0 combinational latch loops in the design through latch input



------------------------------------------------------------------------------------------------
| Design Timing Summary
| ---------------------
------------------------------------------------------------------------------------------------

    WNS(ns)      TNS(ns)  TNS Failing Endpoints  TNS Total Endpoints      WHS(ns)      THS(ns)  THS Failing Endpoints  THS Total Endpoints     WPWS(ns)     TPWS(ns)  TPWS Failing Endpoints  TPWS Total Endpoints  
    -------      -------  ---------------------  -------------------      -------      -------  ---------------------  -------------------     --------     --------  ----------------------  --------------------  
      8.140        0.000                      0                 1395        0.071        0.000                      0                 1395        4.427        0.000                       0                   247  


All user specified timing constraints are met.


------------------------------------------------------------------------------------------------
| Clock Summary
| -------------
------------------------------------------------------------------------------------------------

Clock   Waveform(ns)       Period(ns)      Frequency(MHz)
-----   ------------       ----------      --------------
ap_clk  {0.000 5.000}      10.000          100.000         


------------------------------------------------------------------------------------------------
| Intra Clock Table
| -----------------
------------------------------------------------------------------------------------------------

Clock             WNS(ns)      TNS(ns)  TNS Failing Endpoints  TNS Total Endpoints      WHS(ns)      THS(ns)  THS Failing Endpoints  THS Total Endpoints     WPWS(ns)     TPWS(ns)  TPWS Failing Endpoints  TPWS Total Endpoints  
-----             -------      -------  ---------------------  -------------------      -------      -------  ---------------------  -------------------     --------     --------  ----------------------  --------------------  
ap_clk              8.140        0.000                      0                 1395        0.071        0.000                      0                 1395        4.427        0.000                       0                   247  


------------------------------------------------------------------------------------------------
| Inter Clock Table
| -----------------
------------------------------------------------------------------------------------------------

From Clock    To Clock          WNS(ns)      TNS(ns)  TNS Failing Endpoints  TNS Total Endpoints      WHS(ns)      THS(ns)  THS Failing Endpoints  THS Total Endpoints  
----------    --------          -------      -------  ---------------------  -------------------      -------      -------  ---------------------  -------------------  


------------------------------------------------------------------------------------------------
| Other Path Groups Table
| -----------------------
------------------------------------------------------------------------------------------------

Path Group    From Clock    To Clock          WNS(ns)      TNS(ns)  TNS Failing Endpoints  TNS Total Endpoints      WHS(ns)      THS(ns)  THS Failing Endpoints  THS Total Endpoints  
----------    ----------    --------          -------      -------  ---------------------  -------------------      -------      -------  ---------------------  -------------------  


------------------------------------------------------------------------------------------------
| Timing Details
| --------------
------------------------------------------------------------------------------------------------


---------------------------------------------------------------------------------------------------
From Clock:  ap_clk
  To Clock:  ap_clk

Setup :            0  Failing Endpoints,  Worst Slack        8.140ns,  Total Violation        0.000ns
Hold  :            0  Failing Endpoints,  Worst Slack        0.071ns,  Total Violation        0.000ns
PW    :            0  Failing Endpoints,  Worst Slack        4.427ns,  Total Violation        0.000ns
---------------------------------------------------------------------------------------------------


Max Delay Paths
--------------------------------------------------------------------------------------
Slack (MET) :             8.140ns  (required time - arrival time)
  Source:                 bd_0_i/hls_inst/inst/mul_ln44_reg_132_reg/DSP_A_B_DATA_INST/CLK
                            (rising edge-triggered cell DSP_A_B_DATA clocked by ap_clk  {rise@0.000ns fall@5.000ns period=10.000ns})
  Destination:            bd_0_i/hls_inst/inst/mul_ln44_reg_132_reg/DSP_OUTPUT_INST/ALU_OUT[10]
                            (rising edge-triggered cell DSP_OUTPUT clocked by ap_clk  {rise@0.000ns fall@5.000ns period=10.000ns})
  Path Group:             ap_clk
  Path Type:              Setup (Max at Slow Process Corner)
  Requirement:            10.000ns  (ap_clk rise@10.000ns - ap_clk rise@0.000ns)
  Data Path Delay:        1.804ns  (logic 1.804ns (100.000%)  route 0.000ns (0.000%))
  Logic Levels:           4  (DSP_ALU=1 DSP_M_DATA=1 DSP_MULTIPLIER=1 DSP_PREADD_DATA=1)
  Clock Path Skew:        -0.031ns (DCD - SCD + CPR)
    Destination Clock Delay (DCD):    0.044ns = ( 10.044 - 10.000 ) 
    Source Clock Delay      (SCD):    0.075ns
    Clock Pessimism Removal (CPR):    0.000ns
  Clock Uncertainty:      0.035ns  ((TSJ^2 + TIJ^2)^1/2 + DJ) / 2 + PE
    Total System Jitter     (TSJ):    0.071ns
    Total Input Jitter      (TIJ):    0.000ns
    Discrete Jitter          (DJ):    0.000ns
    Phase Error              (PE):    0.000ns

    Location             Delay type                Incr(ns)  Path(ns)    Netlist Resource(s)
  -------------------------------------------------------------------    -------------------
                         (clock ap_clk rise edge)     0.000     0.000 r  
                                                      0.000     0.000 r  ap_clk (IN)
                         net (fo=260, unset)          0.075     0.075    bd_0_i/hls_inst/inst/mul_ln44_reg_132_reg/CLK
                         DSP_A_B_DATA                                 r  bd_0_i/hls_inst/inst/mul_ln44_reg_132_reg/DSP_A_B_DATA_INST/CLK
  -------------------------------------------------------------------    -------------------
                         DSP_A_B_DATA (Prop_DSP_A_B_DATA_CLK_A2_DATA[9])
                                                      0.301     0.376 r  bd_0_i/hls_inst/inst/mul_ln44_reg_132_reg/DSP_A_B_DATA_INST/A2_DATA[9]
                         net (fo=1, unplaced)         0.000     0.376    bd_0_i/hls_inst/inst/mul_ln44_reg_132_reg/DSP_A_B_DATA.A2_DATA<9>
                         DSP_PREADD_DATA (Prop_DSP_PREADD_DATA_A2_DATA[9]_A2A1[9])
                                                      0.098     0.474 r  bd_0_i/hls_inst/inst/mul_ln44_reg_132_reg/DSP_PREADD_DATA_INST/A2A1[9]
                         net (fo=1, unplaced)         0.000     0.474    bd_0_i/hls_inst/inst/mul_ln44_reg_132_reg/DSP_PREADD_DATA.A2A1<9>
                         DSP_MULTIPLIER (Prop_DSP_MULTIPLIER_A2A1[9]_U[10])
                                                      0.647     1.121 f  bd_0_i/hls_inst/inst/mul_ln44_reg_132_reg/DSP_MULTIPLIER_INST/U[10]
                         net (fo=1, unplaced)         0.000     1.121    bd_0_i/hls_inst/inst/mul_ln44_reg_132_reg/DSP_MULTIPLIER.U<10>
                         DSP_M_DATA (Prop_DSP_M_DATA_U[10]_U_DATA[10])
                                                      0.059     1.180 r  bd_0_i/hls_inst/inst/mul_ln44_reg_132_reg/DSP_M_DATA_INST/U_DATA[10]
                         net (fo=1, unplaced)         0.000     1.180    bd_0_i/hls_inst/inst/mul_ln44_reg_132_reg/DSP_M_DATA.U_DATA<10>
                         DSP_ALU (Prop_DSP_ALU_U_DATA[10]_ALU_OUT[10])
                                                      0.699     1.879 r  bd_0_i/hls_inst/inst/mul_ln44_reg_132_reg/DSP_ALU_INST/ALU_OUT[10]
                         net (fo=1, unplaced)         0.000     1.879    bd_0_i/hls_inst/inst/mul_ln44_reg_132_reg/DSP_ALU.ALU_OUT<10>
                         DSP_OUTPUT                                   r  bd_0_i/hls_inst/inst/mul_ln44_reg_132_reg/DSP_OUTPUT_INST/ALU_OUT[10]
  -------------------------------------------------------------------    -------------------

                         (clock ap_clk rise edge)    10.000    10.000 r  
                                                      0.000    10.000 r  ap_clk (IN)
                         net (fo=260, unset)          0.044    10.044    bd_0_i/hls_inst/inst/mul_ln44_reg_132_reg/CLK
                         DSP_OUTPUT                                   r  bd_0_i/hls_inst/inst/mul_ln44_reg_132_reg/DSP_OUTPUT_INST/CLK
                         clock pessimism              0.000    10.044    
                         clock uncertainty           -0.035    10.009    
                         DSP_OUTPUT (Setup_DSP_OUTPUT_CLK_ALU_OUT[10])
                                                      0.010    10.019    bd_0_i/hls_inst/inst/mul_ln44_reg_132_reg/DSP_OUTPUT_INST
  -------------------------------------------------------------------
                         required time                         10.019    
                         arrival time                          -1.879    
  -------------------------------------------------------------------
                         slack                                  8.140    





Min Delay Paths
--------------------------------------------------------------------------------------
Slack (MET) :             0.071ns  (arrival time - required time)
  Source:                 bd_0_i/hls_inst/inst/fir_io_s_axi_U/FSM_onehot_wstate_reg[3]/C
                            (rising edge-triggered cell FDRE clocked by ap_clk  {rise@0.000ns fall@5.000ns period=10.000ns})
  Destination:            bd_0_i/hls_inst/inst/fir_io_s_axi_U/FSM_onehot_wstate_reg[1]/D
                            (rising edge-triggered cell FDRE clocked by ap_clk  {rise@0.000ns fall@5.000ns period=10.000ns})
  Path Group:             ap_clk
  Path Type:              Hold (Min at Fast Process Corner)
  Requirement:            0.000ns  (ap_clk rise@0.000ns - ap_clk rise@0.000ns)
  Data Path Delay:        0.123ns  (logic 0.061ns (49.593%)  route 0.062ns (50.407%))
  Logic Levels:           1  (LUT5=1)
  Clock Path Skew:        0.006ns (DCD - SCD - CPR)
    Destination Clock Delay (DCD):    0.018ns
    Source Clock Delay      (SCD):    0.012ns
    Clock Pessimism Removal (CPR):    -0.000ns

    Location             Delay type                Incr(ns)  Path(ns)    Netlist Resource(s)
  -------------------------------------------------------------------    -------------------
                         (clock ap_clk rise edge)     0.000     0.000 r  
                                                      0.000     0.000 r  ap_clk (IN)
                         net (fo=260, unset)          0.012     0.012    bd_0_i/hls_inst/inst/fir_io_s_axi_U/ap_clk
                         FDRE                                         r  bd_0_i/hls_inst/inst/fir_io_s_axi_U/FSM_onehot_wstate_reg[3]/C
  -------------------------------------------------------------------    -------------------
                         FDRE (Prop_FDRE_C_Q)         0.039     0.051 r  bd_0_i/hls_inst/inst/fir_io_s_axi_U/FSM_onehot_wstate_reg[3]/Q
                         net (fo=2, unplaced)         0.046     0.097    bd_0_i/hls_inst/inst/fir_io_s_axi_U/s_axi_fir_io_BVALID
                         LUT5 (Prop_LUT5_I3_O)        0.022     0.119 r  bd_0_i/hls_inst/inst/fir_io_s_axi_U/FSM_onehot_wstate[1]_i_2/O
                         net (fo=1, unplaced)         0.016     0.135    bd_0_i/hls_inst/inst/fir_io_s_axi_U/FSM_onehot_wstate[1]_i_2_n_0
                         FDRE                                         r  bd_0_i/hls_inst/inst/fir_io_s_axi_U/FSM_onehot_wstate_reg[1]/D
  -------------------------------------------------------------------    -------------------

                         (clock ap_clk rise edge)     0.000     0.000 r  
                                                      0.000     0.000 r  ap_clk (IN)
                         net (fo=260, unset)          0.018     0.018    bd_0_i/hls_inst/inst/fir_io_s_axi_U/ap_clk
                         FDRE                                         r  bd_0_i/hls_inst/inst/fir_io_s_axi_U/FSM_onehot_wstate_reg[1]/C
                         clock pessimism              0.000     0.018    
                         FDRE (Hold_FDRE_C_D)         0.046     0.064    bd_0_i/hls_inst/inst/fir_io_s_axi_U/FSM_onehot_wstate_reg[1]
  -------------------------------------------------------------------
                         required time                         -0.064    
                         arrival time                           0.135    
  -------------------------------------------------------------------
                         slack                                  0.071    





Pulse Width Checks
--------------------------------------------------------------------------------------
Clock Name:         ap_clk
Waveform(ns):       { 0.000 5.000 }
Period(ns):         10.000
Sources:            { ap_clk }

Check Type        Corner  Lib Pin     Reference Pin  Required(ns)  Actual(ns)  Slack(ns)  Location  Pin
Min Period        n/a     SRL16E/CLK  n/a            1.146         10.000      8.854                bd_0_i/hls_inst/inst/grp_fir_Pipeline_loop_fu_80/ap_loop_exit_ready_pp0_iter3_reg_reg_srl3/CLK
Low Pulse Width   Slow    SRL16E/CLK  n/a            0.573         5.000       4.427                bd_0_i/hls_inst/inst/grp_fir_Pipeline_loop_fu_80/ap_loop_exit_ready_pp0_iter3_reg_reg_srl3/CLK
High Pulse Width  Slow    SRL16E/CLK  n/a            0.573         5.000       4.427                bd_0_i/hls_inst/inst/grp_fir_Pipeline_loop_fu_80/ap_loop_exit_ready_pp0_iter3_reg_reg_srl3/CLK



