================================================================
== Vivado RTL Synthesis Results
================================================================
+ General Information:
    * Date:            Sun Feb 16 18:57:11 +0800 2025
    * Version:         2024.2 (Build 5238294 on Nov  8 2024)
    * Project:         fir
    * Solution:        hls (Vivado IP Flow Target)
    * Product family:  zynquplus
    * Target device:   xczu5eg-sfvc784-1-e


================================================================
== Run Constraints & Options
================================================================
+ Design Constraints & Options:
    * RTL Synthesis target clock:  10 ns
    * C-Synthesis uncertainty:     27%

+ RTL Synthesis Options:
    * config_export -vivado_synth_strategy:     default
    * config_export -vivado_synth_design_args:  -directive sdx_optimization_effort_high

+ Reporting Options:
    * config_export -vivado_report_level:      2
    * config_export -vivado_max_timing_paths:  10


================================================================
== RTL Synthesis Resource Summary
================================================================
LUT:              274
FF:               145
DSP:              3
BRAM:             0
URAM:             0
SRL:              2


================================================================
== RTL Synthesis Timing Summary
================================================================
* Timing was met
+----------------+-------------+
| Timing         | Period (ns) |
+----------------+-------------+
| Target         | 10.000      |
| Post-Synthesis | 1.860       |
+----------------+-------------+


================================================================
== RTL Synthesis Resources
================================================================
+----------------------------------------------+-----+-----+-----+------+------+-----+--------+------+---------+----------+--------+
| Name                                         | LUT | FF  | DSP | BRAM | URAM | SRL | Pragma | Impl | Latency | Variable | Source |
+----------------------------------------------+-----+-----+-----+------+------+-----+--------+------+---------+----------+--------+
| inst                                         | 274 | 145 | 3   |      |      |     |        |      |         |          |        |
|   (inst)                                     |     | 23  | 1   |      |      |     |        |      |         |          |        |
|   fir_io_s_axi_U                             | 59  | 70  |     |      |      |     |        |      |         |          |        |
|   grp_fir_Pipeline_loop_fu_80                | 71  | 20  | 1   |      |      |     |        |      |         |          |        |
|     (grp_fir_Pipeline_loop_fu_80)            | 12  | 18  |     |      |      |     |        |      |         |          |        |
|     flow_control_loop_pipe_sequential_init_U | 58  | 2   |     |      |      |     |        |      |         |          |        |
|     mac_muladd_16s_16s_37s_37_4_1_U1         | 1   |     | 1   |      |      |     |        |      |         |          |        |
|   mac_muladd_16s_10s_31s_31_4_1_U8           |     | 16  | 1   |      |      |     |        |      |         |          |        |
|   shift_reg_U                                | 144 | 16  |     |      |      |     |        |      |         |          |        |
+----------------------------------------------+-----+-----+-----+------+------+-----+--------+------+---------+----------+--------+


================================================================
== RTL Synthesis Fail Fast
================================================================
+-----------------------------------------------------------+-----------+--------+--------+
| Criteria                                                  | Guideline | Actual | Status |
+-----------------------------------------------------------+-----------+--------+--------+
| LUT                                                       | 70%       | 0.23%  | OK     |
| FD                                                        | 50%       | 0.06%  | OK     |
| LUTRAM+SRL                                                | 25%       | 0.17%  | OK     |
| CARRY8                                                    | 25%       | 0.00%  | OK     |
| MUXF7                                                     | 15%       | 0.01%  | OK     |
| DSP                                                       | 80%       | 0.24%  | OK     |
| RAMB/FIFO                                                 | 80%       | 0.00%  | OK     |
| URAM                                                      | 80%       | 0.00%  | OK     |
| DSP+RAMB+URAM (Avg)                                       | 70%       | 0.24%  | OK     |
| BUFGCE* + BUFGCTRL                                        | 24        | 0      | OK     |
| DONT_TOUCH (cells/nets)                                   | 0         | 0      | OK     |
| MARK_DEBUG (nets)                                         | 0         | 0      | OK     |
| Control Sets                                              | 2196      | 13     | OK     |
| Average Fanout for modules > 100k cells                   | 4         | 1.26   | OK     |
| Max Average Fanout for modules > 100k cells               | 4         | 0      | OK     |
| Non-FD high fanout nets > 10k loads                       | 0         | 0      | OK     |
+-----------------------------------------------------------+-----------+--------+--------+
| TIMING-6 (No common primary clock between related clocks) | 0         | 0      | OK     |
| TIMING-7 (No common node between related clocks)          | 0         | 0      | OK     |
| TIMING-8 (No common period between related clocks)        | 0         | 0      | OK     |
| TIMING-14 (LUT on the clock tree)                         | 0         | 0      | OK     |
| TIMING-35 (No common node in paths with the same clock)   | 0         | 0      | OK     |
+-----------------------------------------------------------+-----------+--------+--------+
| Number of paths above max LUT budgeting (0.350ns)         | 0         | 0      | OK     |
| Number of paths above max Net budgeting (0.239ns)         | 0         | 0      | OK     |
+-----------------------------------------------------------+-----------+--------+--------+


================================================================
== RTL Synthesis Timing Paths
================================================================
* Timing was met
+-------+-------+--------------------------------------------+--------------------------------------------------+--------------+------------+----------------+----------------+--------------+
| Path  | SLACK | STARTPOINT PIN                             | ENDPOINT PIN                                     | LOGIC LEVELS | MAX FANOUT | DATAPATH DELAY | DATAPATH LOGIC | DATAPATH NET |
|       |       |                                            |                                                  |              |            |                |          DELAY |        DELAY |
+-------+-------+--------------------------------------------+--------------------------------------------------+--------------+------------+----------------+----------------+--------------+
| Path1 | 8.140 | mul_ln44_reg_132_reg/DSP_A_B_DATA_INST/CLK | mul_ln44_reg_132_reg/DSP_OUTPUT_INST/ALU_OUT[10] |            4 |          1 |          1.804 |          1.804 |        0.000 |
| Path2 | 8.140 | mul_ln44_reg_132_reg/DSP_A_B_DATA_INST/CLK | mul_ln44_reg_132_reg/DSP_OUTPUT_INST/ALU_OUT[11] |            4 |          1 |          1.804 |          1.804 |        0.000 |
| Path3 | 8.140 | mul_ln44_reg_132_reg/DSP_A_B_DATA_INST/CLK | mul_ln44_reg_132_reg/DSP_OUTPUT_INST/ALU_OUT[12] |            4 |          1 |          1.804 |          1.804 |        0.000 |
| Path4 | 8.140 | mul_ln44_reg_132_reg/DSP_A_B_DATA_INST/CLK | mul_ln44_reg_132_reg/DSP_OUTPUT_INST/ALU_OUT[13] |            4 |          1 |          1.804 |          1.804 |        0.000 |
| Path5 | 8.140 | mul_ln44_reg_132_reg/DSP_A_B_DATA_INST/CLK | mul_ln44_reg_132_reg/DSP_OUTPUT_INST/ALU_OUT[14] |            4 |          1 |          1.804 |          1.804 |        0.000 |
+-------+-------+--------------------------------------------+--------------------------------------------------+--------------+------------+----------------+----------------+--------------+

    +-------------------------------------------+------------------------+
    | Path1 Cells                               | Primitive Type         |
    +-------------------------------------------+------------------------+
    | mul_ln44_reg_132_reg/DSP_A_B_DATA_INST    | ARITHMETIC.DSP.DSP48E2 |
    | mul_ln44_reg_132_reg/DSP_PREADD_DATA_INST | ARITHMETIC.DSP.DSP48E2 |
    | mul_ln44_reg_132_reg/DSP_MULTIPLIER_INST  | ARITHMETIC.DSP.DSP48E2 |
    | mul_ln44_reg_132_reg/DSP_M_DATA_INST      | ARITHMETIC.DSP.DSP48E2 |
    | mul_ln44_reg_132_reg/DSP_ALU_INST         | ARITHMETIC.DSP.DSP48E2 |
    | mul_ln44_reg_132_reg/DSP_OUTPUT_INST      | ARITHMETIC.DSP.DSP48E2 |
    | mul_ln44_reg_132_reg/DSP_A_B_DATA_INST    | ARITHMETIC.DSP.DSP48E2 |
    | mul_ln44_reg_132_reg/DSP_PREADD_DATA_INST | ARITHMETIC.DSP.DSP48E2 |
    | mul_ln44_reg_132_reg/DSP_MULTIPLIER_INST  | ARITHMETIC.DSP.DSP48E2 |
    | mul_ln44_reg_132_reg/DSP_M_DATA_INST      | ARITHMETIC.DSP.DSP48E2 |
    | mul_ln44_reg_132_reg/DSP_ALU_INST         | ARITHMETIC.DSP.DSP48E2 |
    | mul_ln44_reg_132_reg/DSP_OUTPUT_INST      | ARITHMETIC.DSP.DSP48E2 |
    | mul_ln44_reg_132_reg/DSP_A_B_DATA_INST    | ARITHMETIC.DSP.DSP48E2 |
    | mul_ln44_reg_132_reg/DSP_PREADD_DATA_INST | ARITHMETIC.DSP.DSP48E2 |
    | mul_ln44_reg_132_reg/DSP_MULTIPLIER_INST  | ARITHMETIC.DSP.DSP48E2 |
    | mul_ln44_reg_132_reg/DSP_M_DATA_INST      | ARITHMETIC.DSP.DSP48E2 |
    | mul_ln44_reg_132_reg/DSP_ALU_INST         | ARITHMETIC.DSP.DSP48E2 |
    | mul_ln44_reg_132_reg/DSP_OUTPUT_INST      | ARITHMETIC.DSP.DSP48E2 |
    | mul_ln44_reg_132_reg/DSP_A_B_DATA_INST    | ARITHMETIC.DSP.DSP48E2 |
    | mul_ln44_reg_132_reg/DSP_PREADD_DATA_INST | ARITHMETIC.DSP.DSP48E2 |
    | mul_ln44_reg_132_reg/DSP_MULTIPLIER_INST  | ARITHMETIC.DSP.DSP48E2 |
    | mul_ln44_reg_132_reg/DSP_M_DATA_INST      | ARITHMETIC.DSP.DSP48E2 |
    | mul_ln44_reg_132_reg/DSP_ALU_INST         | ARITHMETIC.DSP.DSP48E2 |
    | mul_ln44_reg_132_reg/DSP_OUTPUT_INST      | ARITHMETIC.DSP.DSP48E2 |
    | mul_ln44_reg_132_reg/DSP_A_B_DATA_INST    | ARITHMETIC.DSP.DSP48E2 |
    | mul_ln44_reg_132_reg/DSP_PREADD_DATA_INST | ARITHMETIC.DSP.DSP48E2 |
    | mul_ln44_reg_132_reg/DSP_MULTIPLIER_INST  | ARITHMETIC.DSP.DSP48E2 |
    | mul_ln44_reg_132_reg/DSP_M_DATA_INST      | ARITHMETIC.DSP.DSP48E2 |
    | mul_ln44_reg_132_reg/DSP_ALU_INST         | ARITHMETIC.DSP.DSP48E2 |
    | mul_ln44_reg_132_reg/DSP_OUTPUT_INST      | ARITHMETIC.DSP.DSP48E2 |
    +-------------------------------------------+------------------------+

    +-------------------------------------------+------------------------+
    | Path2 Cells                               | Primitive Type         |
    +-------------------------------------------+------------------------+
    | mul_ln44_reg_132_reg/DSP_A_B_DATA_INST    | ARITHMETIC.DSP.DSP48E2 |
    | mul_ln44_reg_132_reg/DSP_PREADD_DATA_INST | ARITHMETIC.DSP.DSP48E2 |
    | mul_ln44_reg_132_reg/DSP_MULTIPLIER_INST  | ARITHMETIC.DSP.DSP48E2 |
    | mul_ln44_reg_132_reg/DSP_M_DATA_INST      | ARITHMETIC.DSP.DSP48E2 |
    | mul_ln44_reg_132_reg/DSP_ALU_INST         | ARITHMETIC.DSP.DSP48E2 |
    | mul_ln44_reg_132_reg/DSP_OUTPUT_INST      | ARITHMETIC.DSP.DSP48E2 |
    | mul_ln44_reg_132_reg/DSP_A_B_DATA_INST    | ARITHMETIC.DSP.DSP48E2 |
    | mul_ln44_reg_132_reg/DSP_PREADD_DATA_INST | ARITHMETIC.DSP.DSP48E2 |
    | mul_ln44_reg_132_reg/DSP_MULTIPLIER_INST  | ARITHMETIC.DSP.DSP48E2 |
    | mul_ln44_reg_132_reg/DSP_M_DATA_INST      | ARITHMETIC.DSP.DSP48E2 |
    | mul_ln44_reg_132_reg/DSP_ALU_INST         | ARITHMETIC.DSP.DSP48E2 |
    | mul_ln44_reg_132_reg/DSP_OUTPUT_INST      | ARITHMETIC.DSP.DSP48E2 |
    | mul_ln44_reg_132_reg/DSP_A_B_DATA_INST    | ARITHMETIC.DSP.DSP48E2 |
    | mul_ln44_reg_132_reg/DSP_PREADD_DATA_INST | ARITHMETIC.DSP.DSP48E2 |
    | mul_ln44_reg_132_reg/DSP_MULTIPLIER_INST  | ARITHMETIC.DSP.DSP48E2 |
    | mul_ln44_reg_132_reg/DSP_M_DATA_INST      | ARITHMETIC.DSP.DSP48E2 |
    | mul_ln44_reg_132_reg/DSP_ALU_INST         | ARITHMETIC.DSP.DSP48E2 |
    | mul_ln44_reg_132_reg/DSP_OUTPUT_INST      | ARITHMETIC.DSP.DSP48E2 |
    | mul_ln44_reg_132_reg/DSP_A_B_DATA_INST    | ARITHMETIC.DSP.DSP48E2 |
    | mul_ln44_reg_132_reg/DSP_PREADD_DATA_INST | ARITHMETIC.DSP.DSP48E2 |
    | mul_ln44_reg_132_reg/DSP_MULTIPLIER_INST  | ARITHMETIC.DSP.DSP48E2 |
    | mul_ln44_reg_132_reg/DSP_M_DATA_INST      | ARITHMETIC.DSP.DSP48E2 |
    | mul_ln44_reg_132_reg/DSP_ALU_INST         | ARITHMETIC.DSP.DSP48E2 |
    | mul_ln44_reg_132_reg/DSP_OUTPUT_INST      | ARITHMETIC.DSP.DSP48E2 |
    | mul_ln44_reg_132_reg/DSP_A_B_DATA_INST    | ARITHMETIC.DSP.DSP48E2 |
    | mul_ln44_reg_132_reg/DSP_PREADD_DATA_INST | ARITHMETIC.DSP.DSP48E2 |
    | mul_ln44_reg_132_reg/DSP_MULTIPLIER_INST  | ARITHMETIC.DSP.DSP48E2 |
    | mul_ln44_reg_132_reg/DSP_M_DATA_INST      | ARITHMETIC.DSP.DSP48E2 |
    | mul_ln44_reg_132_reg/DSP_ALU_INST         | ARITHMETIC.DSP.DSP48E2 |
    | mul_ln44_reg_132_reg/DSP_OUTPUT_INST      | ARITHMETIC.DSP.DSP48E2 |
    +-------------------------------------------+------------------------+

    +-------------------------------------------+------------------------+
    | Path3 Cells                               | Primitive Type         |
    +-------------------------------------------+------------------------+
    | mul_ln44_reg_132_reg/DSP_A_B_DATA_INST    | ARITHMETIC.DSP.DSP48E2 |
    | mul_ln44_reg_132_reg/DSP_PREADD_DATA_INST | ARITHMETIC.DSP.DSP48E2 |
    | mul_ln44_reg_132_reg/DSP_MULTIPLIER_INST  | ARITHMETIC.DSP.DSP48E2 |
    | mul_ln44_reg_132_reg/DSP_M_DATA_INST      | ARITHMETIC.DSP.DSP48E2 |
    | mul_ln44_reg_132_reg/DSP_ALU_INST         | ARITHMETIC.DSP.DSP48E2 |
    | mul_ln44_reg_132_reg/DSP_OUTPUT_INST      | ARITHMETIC.DSP.DSP48E2 |
    | mul_ln44_reg_132_reg/DSP_A_B_DATA_INST    | ARITHMETIC.DSP.DSP48E2 |
    | mul_ln44_reg_132_reg/DSP_PREADD_DATA_INST | ARITHMETIC.DSP.DSP48E2 |
    | mul_ln44_reg_132_reg/DSP_MULTIPLIER_INST  | ARITHMETIC.DSP.DSP48E2 |
    | mul_ln44_reg_132_reg/DSP_M_DATA_INST      | ARITHMETIC.DSP.DSP48E2 |
    | mul_ln44_reg_132_reg/DSP_ALU_INST         | ARITHMETIC.DSP.DSP48E2 |
    | mul_ln44_reg_132_reg/DSP_OUTPUT_INST      | ARITHMETIC.DSP.DSP48E2 |
    | mul_ln44_reg_132_reg/DSP_A_B_DATA_INST    | ARITHMETIC.DSP.DSP48E2 |
    | mul_ln44_reg_132_reg/DSP_PREADD_DATA_INST | ARITHMETIC.DSP.DSP48E2 |
    | mul_ln44_reg_132_reg/DSP_MULTIPLIER_INST  | ARITHMETIC.DSP.DSP48E2 |
    | mul_ln44_reg_132_reg/DSP_M_DATA_INST      | ARITHMETIC.DSP.DSP48E2 |
    | mul_ln44_reg_132_reg/DSP_ALU_INST         | ARITHMETIC.DSP.DSP48E2 |
    | mul_ln44_reg_132_reg/DSP_OUTPUT_INST      | ARITHMETIC.DSP.DSP48E2 |
    | mul_ln44_reg_132_reg/DSP_A_B_DATA_INST    | ARITHMETIC.DSP.DSP48E2 |
    | mul_ln44_reg_132_reg/DSP_PREADD_DATA_INST | ARITHMETIC.DSP.DSP48E2 |
    | mul_ln44_reg_132_reg/DSP_MULTIPLIER_INST  | ARITHMETIC.DSP.DSP48E2 |
    | mul_ln44_reg_132_reg/DSP_M_DATA_INST      | ARITHMETIC.DSP.DSP48E2 |
    | mul_ln44_reg_132_reg/DSP_ALU_INST         | ARITHMETIC.DSP.DSP48E2 |
    | mul_ln44_reg_132_reg/DSP_OUTPUT_INST      | ARITHMETIC.DSP.DSP48E2 |
    | mul_ln44_reg_132_reg/DSP_A_B_DATA_INST    | ARITHMETIC.DSP.DSP48E2 |
    | mul_ln44_reg_132_reg/DSP_PREADD_DATA_INST | ARITHMETIC.DSP.DSP48E2 |
    | mul_ln44_reg_132_reg/DSP_MULTIPLIER_INST  | ARITHMETIC.DSP.DSP48E2 |
    | mul_ln44_reg_132_reg/DSP_M_DATA_INST      | ARITHMETIC.DSP.DSP48E2 |
    | mul_ln44_reg_132_reg/DSP_ALU_INST         | ARITHMETIC.DSP.DSP48E2 |
    | mul_ln44_reg_132_reg/DSP_OUTPUT_INST      | ARITHMETIC.DSP.DSP48E2 |
    +-------------------------------------------+------------------------+

    +-------------------------------------------+------------------------+
    | Path4 Cells                               | Primitive Type         |
    +-------------------------------------------+------------------------+
    | mul_ln44_reg_132_reg/DSP_A_B_DATA_INST    | ARITHMETIC.DSP.DSP48E2 |
    | mul_ln44_reg_132_reg/DSP_PREADD_DATA_INST | ARITHMETIC.DSP.DSP48E2 |
    | mul_ln44_reg_132_reg/DSP_MULTIPLIER_INST  | ARITHMETIC.DSP.DSP48E2 |
    | mul_ln44_reg_132_reg/DSP_M_DATA_INST      | ARITHMETIC.DSP.DSP48E2 |
    | mul_ln44_reg_132_reg/DSP_ALU_INST         | ARITHMETIC.DSP.DSP48E2 |
    | mul_ln44_reg_132_reg/DSP_OUTPUT_INST      | ARITHMETIC.DSP.DSP48E2 |
    | mul_ln44_reg_132_reg/DSP_A_B_DATA_INST    | ARITHMETIC.DSP.DSP48E2 |
    | mul_ln44_reg_132_reg/DSP_PREADD_DATA_INST | ARITHMETIC.DSP.DSP48E2 |
    | mul_ln44_reg_132_reg/DSP_MULTIPLIER_INST  | ARITHMETIC.DSP.DSP48E2 |
    | mul_ln44_reg_132_reg/DSP_M_DATA_INST      | ARITHMETIC.DSP.DSP48E2 |
    | mul_ln44_reg_132_reg/DSP_ALU_INST         | ARITHMETIC.DSP.DSP48E2 |
    | mul_ln44_reg_132_reg/DSP_OUTPUT_INST      | ARITHMETIC.DSP.DSP48E2 |
    | mul_ln44_reg_132_reg/DSP_A_B_DATA_INST    | ARITHMETIC.DSP.DSP48E2 |
    | mul_ln44_reg_132_reg/DSP_PREADD_DATA_INST | ARITHMETIC.DSP.DSP48E2 |
    | mul_ln44_reg_132_reg/DSP_MULTIPLIER_INST  | ARITHMETIC.DSP.DSP48E2 |
    | mul_ln44_reg_132_reg/DSP_M_DATA_INST      | ARITHMETIC.DSP.DSP48E2 |
    | mul_ln44_reg_132_reg/DSP_ALU_INST         | ARITHMETIC.DSP.DSP48E2 |
    | mul_ln44_reg_132_reg/DSP_OUTPUT_INST      | ARITHMETIC.DSP.DSP48E2 |
    | mul_ln44_reg_132_reg/DSP_A_B_DATA_INST    | ARITHMETIC.DSP.DSP48E2 |
    | mul_ln44_reg_132_reg/DSP_PREADD_DATA_INST | ARITHMETIC.DSP.DSP48E2 |
    | mul_ln44_reg_132_reg/DSP_MULTIPLIER_INST  | ARITHMETIC.DSP.DSP48E2 |
    | mul_ln44_reg_132_reg/DSP_M_DATA_INST      | ARITHMETIC.DSP.DSP48E2 |
    | mul_ln44_reg_132_reg/DSP_ALU_INST         | ARITHMETIC.DSP.DSP48E2 |
    | mul_ln44_reg_132_reg/DSP_OUTPUT_INST      | ARITHMETIC.DSP.DSP48E2 |
    | mul_ln44_reg_132_reg/DSP_A_B_DATA_INST    | ARITHMETIC.DSP.DSP48E2 |
    | mul_ln44_reg_132_reg/DSP_PREADD_DATA_INST | ARITHMETIC.DSP.DSP48E2 |
    | mul_ln44_reg_132_reg/DSP_MULTIPLIER_INST  | ARITHMETIC.DSP.DSP48E2 |
    | mul_ln44_reg_132_reg/DSP_M_DATA_INST      | ARITHMETIC.DSP.DSP48E2 |
    | mul_ln44_reg_132_reg/DSP_ALU_INST         | ARITHMETIC.DSP.DSP48E2 |
    | mul_ln44_reg_132_reg/DSP_OUTPUT_INST      | ARITHMETIC.DSP.DSP48E2 |
    +-------------------------------------------+------------------------+

    +-------------------------------------------+------------------------+
    | Path5 Cells                               | Primitive Type         |
    +-------------------------------------------+------------------------+
    | mul_ln44_reg_132_reg/DSP_A_B_DATA_INST    | ARITHMETIC.DSP.DSP48E2 |
    | mul_ln44_reg_132_reg/DSP_PREADD_DATA_INST | ARITHMETIC.DSP.DSP48E2 |
    | mul_ln44_reg_132_reg/DSP_MULTIPLIER_INST  | ARITHMETIC.DSP.DSP48E2 |
    | mul_ln44_reg_132_reg/DSP_M_DATA_INST      | ARITHMETIC.DSP.DSP48E2 |
    | mul_ln44_reg_132_reg/DSP_ALU_INST         | ARITHMETIC.DSP.DSP48E2 |
    | mul_ln44_reg_132_reg/DSP_OUTPUT_INST      | ARITHMETIC.DSP.DSP48E2 |
    | mul_ln44_reg_132_reg/DSP_A_B_DATA_INST    | ARITHMETIC.DSP.DSP48E2 |
    | mul_ln44_reg_132_reg/DSP_PREADD_DATA_INST | ARITHMETIC.DSP.DSP48E2 |
    | mul_ln44_reg_132_reg/DSP_MULTIPLIER_INST  | ARITHMETIC.DSP.DSP48E2 |
    | mul_ln44_reg_132_reg/DSP_M_DATA_INST      | ARITHMETIC.DSP.DSP48E2 |
    | mul_ln44_reg_132_reg/DSP_ALU_INST         | ARITHMETIC.DSP.DSP48E2 |
    | mul_ln44_reg_132_reg/DSP_OUTPUT_INST      | ARITHMETIC.DSP.DSP48E2 |
    | mul_ln44_reg_132_reg/DSP_A_B_DATA_INST    | ARITHMETIC.DSP.DSP48E2 |
    | mul_ln44_reg_132_reg/DSP_PREADD_DATA_INST | ARITHMETIC.DSP.DSP48E2 |
    | mul_ln44_reg_132_reg/DSP_MULTIPLIER_INST  | ARITHMETIC.DSP.DSP48E2 |
    | mul_ln44_reg_132_reg/DSP_M_DATA_INST      | ARITHMETIC.DSP.DSP48E2 |
    | mul_ln44_reg_132_reg/DSP_ALU_INST         | ARITHMETIC.DSP.DSP48E2 |
    | mul_ln44_reg_132_reg/DSP_OUTPUT_INST      | ARITHMETIC.DSP.DSP48E2 |
    | mul_ln44_reg_132_reg/DSP_A_B_DATA_INST    | ARITHMETIC.DSP.DSP48E2 |
    | mul_ln44_reg_132_reg/DSP_PREADD_DATA_INST | ARITHMETIC.DSP.DSP48E2 |
    | mul_ln44_reg_132_reg/DSP_MULTIPLIER_INST  | ARITHMETIC.DSP.DSP48E2 |
    | mul_ln44_reg_132_reg/DSP_M_DATA_INST      | ARITHMETIC.DSP.DSP48E2 |
    | mul_ln44_reg_132_reg/DSP_ALU_INST         | ARITHMETIC.DSP.DSP48E2 |
    | mul_ln44_reg_132_reg/DSP_OUTPUT_INST      | ARITHMETIC.DSP.DSP48E2 |
    | mul_ln44_reg_132_reg/DSP_A_B_DATA_INST    | ARITHMETIC.DSP.DSP48E2 |
    | mul_ln44_reg_132_reg/DSP_PREADD_DATA_INST | ARITHMETIC.DSP.DSP48E2 |
    | mul_ln44_reg_132_reg/DSP_MULTIPLIER_INST  | ARITHMETIC.DSP.DSP48E2 |
    | mul_ln44_reg_132_reg/DSP_M_DATA_INST      | ARITHMETIC.DSP.DSP48E2 |
    | mul_ln44_reg_132_reg/DSP_ALU_INST         | ARITHMETIC.DSP.DSP48E2 |
    | mul_ln44_reg_132_reg/DSP_OUTPUT_INST      | ARITHMETIC.DSP.DSP48E2 |
    +-------------------------------------------+------------------------+


================================================================
== RTL Synthesis Vivado Reports
================================================================
+--------------------------+------------------------------------------------------------+
| Report Type              | Report Location                                            |
+--------------------------+------------------------------------------------------------+
| design_analysis          | impl/verilog/report/fir_design_analysis_synth.rpt          |
| failfast                 | impl/verilog/report/fir_failfast_synth.rpt                 |
| power                    | impl/verilog/report/fir_power_synth.rpt                    |
| timing                   | impl/verilog/report/fir_timing_synth.rpt                   |
| timing_paths             | impl/verilog/report/fir_timing_paths_synth.rpt             |
| utilization              | impl/verilog/report/fir_utilization_synth.rpt              |
| utilization_hierarchical | impl/verilog/report/fir_utilization_hierarchical_synth.rpt |
+--------------------------+------------------------------------------------------------+


