

================================================================
== Vitis HLS Report for 'matrixmul'
================================================================
* Date:           Tue Feb 11 15:45:38 2025

* Version:        2024.2 (Build 5238294 on Nov  8 2024)
* Project:        matrixmul
* Solution:       hls (Vivado IP Flow Target)
* Product family: zynq
* Target device:  xc7z020-clg400-1


================================================================
== Performance Estimates
================================================================
+ Timing: 
    * Summary: 
    +--------+----------+----------+------------+
    |  Clock |  Target  | Estimated| Uncertainty|
    +--------+----------+----------+------------+
    |ap_clk  |  10.00 ns|  6.638 ns|     2.70 ns|
    +--------+----------+----------+------------+

+ Latency: 
    * Summary: 
    +---------+---------+----------+----------+-----+-----+------------------------------------------------+
    |  Latency (cycles) |  Latency (absolute) |  Interval |                    Pipeline                    |
    |   min   |   max   |    min   |    max   | min | max |                      Type                      |
    +---------+---------+----------+----------+-----+-----+------------------------------------------------+
    |       24|       24|  0.240 us|  0.240 us|   21|   21|  loop auto-rewind stp (delay=3 clock cycles(s))|
    +---------+---------+----------+----------+-----+-----+------------------------------------------------+

    + Detail: 
        * Instance: 
        N/A

        * Loop: 
        +-----------+---------+---------+----------+-----------+-----------+------+----------+
        |           |  Latency (cycles) | Iteration|  Initiation Interval  | Trip |          |
        | Loop Name |   min   |   max   |  Latency |  achieved |   target  | Count| Pipelined|
        +-----------+---------+---------+----------+-----------+-----------+------+----------+
        |- Row_Col  |       22|       22|         7|          2|          1|     9|       yes|
        +-----------+---------+---------+----------+-----------+-----------+------+----------+



================================================================
== Utilization Estimates
================================================================
* Summary: 
+-----------------+---------+-----+--------+-------+-----+
|       Name      | BRAM_18K| DSP |   FF   |  LUT  | URAM|
+-----------------+---------+-----+--------+-------+-----+
|DSP              |        -|    2|       -|      -|    -|
|Expression       |        -|    -|       0|    142|    -|
|FIFO             |        -|    -|       -|      -|    -|
|Instance         |        -|    0|       0|     41|    -|
|Memory           |        -|    -|       -|      -|    -|
|Multiplexer      |        -|    -|       0|    159|    -|
|Register         |        -|    -|     135|     32|    -|
+-----------------+---------+-----+--------+-------+-----+
|Total            |        0|    2|     135|    374|    0|
+-----------------+---------+-----+--------+-------+-----+
|Available        |      280|  220|  106400|  53200|    0|
+-----------------+---------+-----+--------+-------+-----+
|Utilization (%)  |        0|   ~0|      ~0|     ~0|    0|
+-----------------+---------+-----+--------+-------+-----+

+ Detail: 
    * Instance: 
    +---------------------+------------------+---------+----+---+----+-----+
    |       Instance      |      Module      | BRAM_18K| DSP| FF| LUT| URAM|
    +---------------------+------------------+---------+----+---+----+-----+
    |mul_8s_8s_16_1_1_U1  |mul_8s_8s_16_1_1  |        0|   0|  0|  41|    0|
    +---------------------+------------------+---------+----+---+----+-----+
    |Total                |                  |        0|   0|  0|  41|    0|
    +---------------------+------------------+---------+----+---+----+-----+

    * DSP: 
    +---------------------------------+------------------------------+--------------+
    |             Instance            |            Module            |  Expression  |
    +---------------------------------+------------------------------+--------------+
    |mac_muladd_8s_8s_16ns_16_4_1_U3  |mac_muladd_8s_8s_16ns_16_4_1  |  i0 + i1 * i2|
    |mac_muladd_8s_8s_16s_16_4_1_U2   |mac_muladd_8s_8s_16s_16_4_1   |  i0 + i1 * i2|
    +---------------------------------+------------------------------+--------------+

    * Memory: 
    N/A

    * FIFO: 
    N/A

    * Expression: 
    +-----------------------+----------+----+---+----+------------+------------+
    |     Variable Name     | Operation| DSP| FF| LUT| Bitwidth P0| Bitwidth P1|
    +-----------------------+----------+----+---+----+------------+------------+
    |add_ln37_1_fu_285_p2   |         +|   0|  0|  13|           4|           1|
    |add_ln37_fu_184_p2     |         +|   0|  0|  10|           2|           1|
    |add_ln43_2_fu_269_p2   |         +|   0|  0|  11|           3|           2|
    |add_ln43_3_fu_215_p2   |         +|   0|  0|  13|           4|           3|
    |add_ln43_4_fu_327_p2   |         +|   0|  0|  13|           4|           4|
    |empty_4_fu_313_p2      |         +|   0|  0|  13|           4|           1|
    |empty_5_fu_255_p2      |         +|   0|  0|  13|           4|           2|
    |j_fu_280_p2            |         +|   0|  0|  10|           2|           1|
    |empty_fu_244_p2        |         -|   0|  0|  13|           4|           4|
    |ap_condition_202       |       and|   0|  0|   2|           1|           1|
    |ap_condition_414       |       and|   0|  0|   2|           1|           1|
    |icmp_ln37_fu_297_p2    |      icmp|   0|  0|  13|           4|           5|
    |icmp_ln39_fu_291_p2    |      icmp|   0|  0|  10|           2|           2|
    |i_fu_198_p3            |    select|   0|  0|   2|           1|           2|
    |select_ln37_fu_190_p3  |    select|   0|  0|   2|           1|           1|
    |ap_enable_pp0          |       xor|   0|  0|   2|           1|           2|
    +-----------------------+----------+----+---+----+------------+------------+
    |Total                  |          |   0|  0| 142|          42|          33|
    +-----------------------+----------+----+---+----+------------+------------+

    * Multiplexer: 
    +--------------------------------------------------+----+-----------+-----+-----------+
    |                       Name                       | LUT| Input Size| Bits| Total Bits|
    +--------------------------------------------------+----+-----------+-----+-----------+
    |a_address0_local                                  |  14|          3|    4|         12|
    |ap_NS_fsm                                         |  14|          3|    1|          3|
    |ap_condition_exit_pp0_iter0_stage1_pp0_iter1_reg  |   9|          2|    1|          2|
    |ap_done_int                                       |   9|          2|    1|          2|
    |ap_enable_reg_pp0_iter0                           |   9|          2|    1|          2|
    |ap_enable_reg_pp0_iter3                           |   9|          2|    1|          2|
    |ap_loop_exit_ready_pp0_iter1_reg                  |   9|          2|    1|          2|
    |ap_loop_exit_ready_pp0_iter2_reg                  |   9|          2|    1|          2|
    |ap_loop_exit_ready_pp0_iter3_reg                  |   9|          2|    1|          2|
    |ap_phi_mux_icmp_ln394_phi_fu_152_p4               |   9|          2|    1|          2|
    |ap_sig_allocacmp_i2_load                          |   9|          2|    2|          4|
    |ap_sig_allocacmp_j3_load                          |   9|          2|    2|          4|
    |b_address0_local                                  |  14|          3|    4|         12|
    |i2_fu_62                                          |   9|          2|    2|          4|
    |indvar_flatten1_fu_58                             |   9|          2|    4|          8|
    |j3_fu_66                                          |   9|          2|    2|          4|
    +--------------------------------------------------+----+-----------+-----+-----------+
    |Total                                             | 159|         35|   29|         67|
    +--------------------------------------------------+----+-----------+-----+-----------+

    * Register: 
    +--------------------------------------------------+----+----+-----+-----------+
    |                       Name                       | FF | LUT| Bits| Const Bits|
    +--------------------------------------------------+----+----+-----+-----------+
    |a_load_reg_464                                    |   8|   0|    8|          0|
    |add_ln43_4_reg_474                                |   4|   0|    4|          0|
    |add_ln43_4_reg_474_pp0_iter2_reg                  |   4|   0|    4|          0|
    |ap_CS_fsm                                         |   2|   0|    2|          0|
    |ap_condition_exit_pp0_iter0_stage1_pp0_iter1_reg  |   1|   0|    1|          0|
    |ap_done_reg                                       |   1|   0|    1|          0|
    |ap_enable_reg_pp0_iter0_reg                       |   1|   0|    1|          0|
    |ap_enable_reg_pp0_iter1                           |   1|   0|    1|          0|
    |ap_enable_reg_pp0_iter2                           |   1|   0|    1|          0|
    |ap_enable_reg_pp0_iter3                           |   1|   0|    1|          0|
    |ap_loop_exit_ready_pp0_iter1_reg                  |   1|   0|    1|          0|
    |ap_loop_exit_ready_pp0_iter2_reg                  |   1|   0|    1|          0|
    |ap_loop_exit_ready_pp0_iter3_reg                  |   1|   0|    1|          0|
    |b_load_reg_445                                    |   8|   0|    8|          0|
    |b_load_reg_445_pp0_iter1_reg                      |   8|   0|    8|          0|
    |empty_reg_424                                     |   4|   0|    4|          0|
    |i2_fu_62                                          |   2|   0|    2|          0|
    |i_reg_403                                         |   2|   0|    2|          0|
    |icmp_ln37_reg_455                                 |   1|   0|    1|          0|
    |icmp_ln39_reg_450                                 |   1|   0|    1|          0|
    |indvar_flatten1_fu_58                             |   4|   0|    4|          0|
    |j3_fu_66                                          |   2|   0|    2|          0|
    |reg_159                                           |   8|   0|    8|          0|
    |select_ln37_reg_397                               |   2|   0|    2|          0|
    |zext_ln43_reg_409                                 |   2|   0|    4|          2|
    |icmp_ln37_reg_455                                 |  64|  32|    1|          0|
    +--------------------------------------------------+----+----+-----+-----------+
    |Total                                             | 135|  32|   74|          2|
    +--------------------------------------------------+----+----+-----+-----------+



================================================================
== Interface
================================================================
* Summary: 
+--------------+-----+-----+------------+--------------+--------------+
|   RTL Ports  | Dir | Bits|  Protocol  | Source Object|    C Type    |
+--------------+-----+-----+------------+--------------+--------------+
|ap_clk        |   in|    1|  ap_ctrl_hs|     matrixmul|  return value|
|ap_rst        |   in|    1|  ap_ctrl_hs|     matrixmul|  return value|
|ap_start      |   in|    1|  ap_ctrl_hs|     matrixmul|  return value|
|ap_done       |  out|    1|  ap_ctrl_hs|     matrixmul|  return value|
|ap_idle       |  out|    1|  ap_ctrl_hs|     matrixmul|  return value|
|ap_ready      |  out|    1|  ap_ctrl_hs|     matrixmul|  return value|
|a_address0    |  out|    4|   ap_memory|             a|         array|
|a_ce0         |  out|    1|   ap_memory|             a|         array|
|a_q0          |   in|    8|   ap_memory|             a|         array|
|a_address1    |  out|    4|   ap_memory|             a|         array|
|a_ce1         |  out|    1|   ap_memory|             a|         array|
|a_q1          |   in|    8|   ap_memory|             a|         array|
|b_address0    |  out|    4|   ap_memory|             b|         array|
|b_ce0         |  out|    1|   ap_memory|             b|         array|
|b_q0          |   in|    8|   ap_memory|             b|         array|
|b_address1    |  out|    4|   ap_memory|             b|         array|
|b_ce1         |  out|    1|   ap_memory|             b|         array|
|b_q1          |   in|    8|   ap_memory|             b|         array|
|res_address0  |  out|    4|   ap_memory|           res|         array|
|res_ce0       |  out|    1|   ap_memory|           res|         array|
|res_we0       |  out|    1|   ap_memory|           res|         array|
|res_d0        |  out|   16|   ap_memory|           res|         array|
+--------------+-----+-----+------------+--------------+--------------+

============================================================
+ Verbose Summary: Synthesis Manager
============================================================
InlineROM: 1
ExposeGlobal: 0
============================================================
+ Verbose Summary: CDFG Model
============================================================
IsTopModel: 1
ResetActiveHigh: 1
IsCombinational: 2
IsDatapathOnly: 2
HasWiredReturn: 1
HasMFsm: 2
HasVarLatency: 1
IsPipeline: 0
IsRtlPipelined: 0
IsInstanceOverlapped: 0
IsDontTouch: 0
HasImplIP: 0
IsGatedGlobalClock: 0

+ Individual pipeline summary: 
  * Pipeline-0: initiation interval (II) = 2, depth = 7


============================================================
+ Verbose Summary: Schedule
============================================================
* Number of FSM states : 7
* Pipeline : 1
  Pipeline-0 : II = 2, D = 7, States = { 1 2 3 4 5 6 7 }
* Dataflow Pipeline: 0

* FSM state transitions: 
1 --> 2 
2 --> 3 
3 --> 4 
4 --> 5 
5 --> 6 
6 --> 7 
7 --> 

* FSM state operations: 

State 1 <SV = 0> <Delay = 6.63>
ST_1 : Operation 10 [1/1] (0.00ns)   --->   "%indvar_flatten1 = alloca i32 1"   --->   Operation 10 'alloca' 'indvar_flatten1' <Predicate = true> <Delay = 0.00>
ST_1 : Operation 11 [1/1] (0.00ns)   --->   "%i2 = alloca i32 1"   --->   Operation 11 'alloca' 'i2' <Predicate = true> <Delay = 0.00>
ST_1 : Operation 12 [1/1] (0.00ns)   --->   "%j3 = alloca i32 1"   --->   Operation 12 'alloca' 'j3' <Predicate = true> <Delay = 0.00>
ST_1 : Operation 13 [1/1] (0.00ns)   --->   "%spectopmodule_ln31 = spectopmodule void @_ssdm_op_SpecTopModule, void @empty_1" [../matrixmul.cpp:31]   --->   Operation 13 'spectopmodule' 'spectopmodule_ln31' <Predicate = true> <Delay = 0.00>
ST_1 : Operation 14 [1/1] (0.00ns)   --->   "%specinterface_ln0 = specinterface void @_ssdm_op_SpecInterface, i8 %a, void @empty, i32 0, i32 0, void @empty_0, i32 4294967295, i32 0, void @empty_0, void @empty_0, void @empty_0, i32 0, i32 0, i32 0, i32 0, void @empty_0, void @empty_0, i32 4294967295, i32 0, i32 0"   --->   Operation 14 'specinterface' 'specinterface_ln0' <Predicate = true> <Delay = 0.00>
ST_1 : Operation 15 [1/1] (0.00ns)   --->   "%specbitsmap_ln0 = specbitsmap void @_ssdm_op_SpecBitsMap, i8 %a"   --->   Operation 15 'specbitsmap' 'specbitsmap_ln0' <Predicate = true> <Delay = 0.00>
ST_1 : Operation 16 [1/1] (0.00ns)   --->   "%specinterface_ln0 = specinterface void @_ssdm_op_SpecInterface, i8 %b, void @empty, i32 0, i32 0, void @empty_0, i32 4294967295, i32 0, void @empty_0, void @empty_0, void @empty_0, i32 0, i32 0, i32 0, i32 0, void @empty_0, void @empty_0, i32 4294967295, i32 0, i32 0"   --->   Operation 16 'specinterface' 'specinterface_ln0' <Predicate = true> <Delay = 0.00>
ST_1 : Operation 17 [1/1] (0.00ns)   --->   "%specbitsmap_ln0 = specbitsmap void @_ssdm_op_SpecBitsMap, i8 %b"   --->   Operation 17 'specbitsmap' 'specbitsmap_ln0' <Predicate = true> <Delay = 0.00>
ST_1 : Operation 18 [1/1] (0.00ns)   --->   "%specinterface_ln0 = specinterface void @_ssdm_op_SpecInterface, i16 %res, void @empty, i32 0, i32 0, void @empty_0, i32 4294967295, i32 0, void @empty_0, void @empty_0, void @empty_0, i32 0, i32 0, i32 0, i32 0, void @empty_0, void @empty_0, i32 4294967295, i32 0, i32 0"   --->   Operation 18 'specinterface' 'specinterface_ln0' <Predicate = true> <Delay = 0.00>
ST_1 : Operation 19 [1/1] (0.00ns)   --->   "%specbitsmap_ln0 = specbitsmap void @_ssdm_op_SpecBitsMap, i16 %res"   --->   Operation 19 'specbitsmap' 'specbitsmap_ln0' <Predicate = true> <Delay = 0.00>
ST_1 : Operation 20 [1/1] (1.58ns)   --->   "%store_ln0 = store i2 0, i2 %j3"   --->   Operation 20 'store' 'store_ln0' <Predicate = true> <Delay = 1.58>
ST_1 : Operation 21 [1/1] (1.58ns)   --->   "%store_ln0 = store i2 0, i2 %i2"   --->   Operation 21 'store' 'store_ln0' <Predicate = true> <Delay = 1.58>
ST_1 : Operation 22 [1/1] (1.58ns)   --->   "%store_ln0 = store i4 0, i4 %indvar_flatten1"   --->   Operation 22 'store' 'store_ln0' <Predicate = true> <Delay = 1.58>
ST_1 : Operation 23 [1/1] (1.58ns)   --->   "%br_ln0 = br void %for.inc29"   --->   Operation 23 'br' 'br_ln0' <Predicate = true> <Delay = 1.58>
ST_1 : Operation 24 [1/1] (0.00ns)   --->   "%icmp_ln394 = phi i1 0, void %entry, i1 %icmp_ln39, void %for.inc29" [../matrixmul.cpp:39]   --->   Operation 24 'phi' 'icmp_ln394' <Predicate = true> <Delay = 0.00>
ST_1 : Operation 25 [1/1] (0.00ns)   --->   "%i2_load = load i2 %i2" [../matrixmul.cpp:37]   --->   Operation 25 'load' 'i2_load' <Predicate = true> <Delay = 0.00>
ST_1 : Operation 26 [1/1] (0.00ns)   --->   "%j3_load = load i2 %j3" [../matrixmul.cpp:37]   --->   Operation 26 'load' 'j3_load' <Predicate = true> <Delay = 0.00>
ST_1 : Operation 27 [1/1] (1.56ns)   --->   "%add_ln37 = add i2 %i2_load, i2 1" [../matrixmul.cpp:37]   --->   Operation 27 'add' 'add_ln37' <Predicate = true> <Delay = 1.56> <CoreInst = "Adder">   --->   Core 1 'Adder' <Latency = 0> <II = 1> <Delay = 1.56> <FuncUnit> <Opcode : 'add' 'sub'> <InPorts = 2> <OutPorts = 1>
ST_1 : Operation 28 [1/1] (0.99ns)   --->   "%select_ln37 = select i1 %icmp_ln394, i2 0, i2 %j3_load" [../matrixmul.cpp:37]   --->   Operation 28 'select' 'select_ln37' <Predicate = true> <Delay = 0.99> <CoreInst = "Sel">   --->   Core 73 'Sel' <Latency = 0> <II = 1> <Delay = 0.99> <FuncUnit> <Opcode : 'select'> <InPorts = 3> <OutPorts = 1>
ST_1 : Operation 29 [1/1] (0.99ns)   --->   "%i = select i1 %icmp_ln394, i2 %add_ln37, i2 %i2_load" [../matrixmul.cpp:37]   --->   Operation 29 'select' 'i' <Predicate = true> <Delay = 0.99> <CoreInst = "Sel">   --->   Core 73 'Sel' <Latency = 0> <II = 1> <Delay = 0.99> <FuncUnit> <Opcode : 'select'> <InPorts = 3> <OutPorts = 1>
ST_1 : Operation 30 [1/1] (0.00ns)   --->   "%zext_ln39 = zext i2 %select_ln37" [../matrixmul.cpp:39]   --->   Operation 30 'zext' 'zext_ln39' <Predicate = true> <Delay = 0.00>
ST_1 : Operation 31 [1/1] (0.00ns)   --->   "%zext_ln43 = zext i2 %select_ln37" [../matrixmul.cpp:43]   --->   Operation 31 'zext' 'zext_ln43' <Predicate = true> <Delay = 0.00>
ST_1 : Operation 32 [1/1] (0.00ns)   --->   "%b_addr = getelementptr i8 %b, i64 0, i64 %zext_ln39" [../matrixmul.cpp:43]   --->   Operation 32 'getelementptr' 'b_addr' <Predicate = true> <Delay = 0.00>
ST_1 : Operation 33 [1/1] (1.73ns)   --->   "%add_ln43_3 = add i4 %zext_ln43, i4 6" [../matrixmul.cpp:43]   --->   Operation 33 'add' 'add_ln43_3' <Predicate = true> <Delay = 1.73> <CoreInst = "Adder">   --->   Core 1 'Adder' <Latency = 0> <II = 1> <Delay = 1.73> <FuncUnit> <Opcode : 'add' 'sub'> <InPorts = 2> <OutPorts = 1>
ST_1 : Operation 34 [1/1] (0.00ns)   --->   "%zext_ln43_3 = zext i4 %add_ln43_3" [../matrixmul.cpp:43]   --->   Operation 34 'zext' 'zext_ln43_3' <Predicate = true> <Delay = 0.00>
ST_1 : Operation 35 [1/1] (0.00ns)   --->   "%b_addr_2 = getelementptr i8 %b, i64 0, i64 %zext_ln43_3" [../matrixmul.cpp:43]   --->   Operation 35 'getelementptr' 'b_addr_2' <Predicate = true> <Delay = 0.00>
ST_1 : Operation 36 [2/2] (2.32ns)   --->   "%b_load = load i4 %b_addr" [../matrixmul.cpp:43]   --->   Operation 36 'load' 'b_load' <Predicate = true> <Delay = 2.32> <CoreInst = "RAM">   --->   Core 81 'RAM' <Latency = 1> <II = 1> <Delay = 2.32> <Storage> <Opcode : 'load' 'store'> <Ports = 2> <Width = 8> <Depth = 9> <RAM>
ST_1 : Operation 37 [2/2] (2.32ns)   --->   "%b_load_2 = load i4 %b_addr_2" [../matrixmul.cpp:43]   --->   Operation 37 'load' 'b_load_2' <Predicate = true> <Delay = 2.32> <CoreInst = "RAM">   --->   Core 81 'RAM' <Latency = 1> <II = 1> <Delay = 2.32> <Storage> <Opcode : 'load' 'store'> <Ports = 2> <Width = 8> <Depth = 9> <RAM>
ST_1 : Operation 38 [1/1] (1.58ns)   --->   "%store_ln37 = store i2 %i, i2 %i2" [../matrixmul.cpp:37]   --->   Operation 38 'store' 'store_ln37' <Predicate = true> <Delay = 1.58>

State 2 <SV = 1> <Delay = 5.79>
ST_2 : Operation 39 [1/1] (0.00ns)   --->   "%indvar_flatten1_load = load i4 %indvar_flatten1" [../matrixmul.cpp:37]   --->   Operation 39 'load' 'indvar_flatten1_load' <Predicate = true> <Delay = 0.00>
ST_2 : Operation 40 [1/1] (0.00ns)   --->   "%select_ln37_1_cast = zext i2 %i" [../matrixmul.cpp:37]   --->   Operation 40 'zext' 'select_ln37_1_cast' <Predicate = true> <Delay = 0.00>
ST_2 : Operation 41 [1/1] (0.00ns)   --->   "%p_shl = bitconcatenate i4 @_ssdm_op_BitConcatenate.i4.i2.i2, i2 %i, i2 0" [../matrixmul.cpp:37]   --->   Operation 41 'bitconcatenate' 'p_shl' <Predicate = true> <Delay = 0.00>
ST_2 : Operation 42 [1/1] (1.73ns)   --->   "%empty = sub i4 %p_shl, i4 %select_ln37_1_cast" [../matrixmul.cpp:37]   --->   Operation 42 'sub' 'empty' <Predicate = true> <Delay = 1.73> <CoreInst = "Adder">   --->   Core 1 'Adder' <Latency = 0> <II = 1> <Delay = 1.73> <FuncUnit> <Opcode : 'add' 'sub'> <InPorts = 2> <OutPorts = 1>
ST_2 : Operation 43 [1/1] (0.00ns)   --->   "%p_cast = zext i4 %empty" [../matrixmul.cpp:37]   --->   Operation 43 'zext' 'p_cast' <Predicate = true> <Delay = 0.00>
ST_2 : Operation 44 [1/1] (0.00ns)   --->   "%a_addr = getelementptr i8 %a, i64 0, i64 %p_cast" [../matrixmul.cpp:37]   --->   Operation 44 'getelementptr' 'a_addr' <Predicate = true> <Delay = 0.00>
ST_2 : Operation 45 [1/1] (1.73ns)   --->   "%empty_5 = add i4 %empty, i4 2" [../matrixmul.cpp:37]   --->   Operation 45 'add' 'empty_5' <Predicate = true> <Delay = 1.73> <CoreInst = "Adder">   --->   Core 1 'Adder' <Latency = 0> <II = 1> <Delay = 1.73> <FuncUnit> <Opcode : 'add' 'sub'> <InPorts = 2> <OutPorts = 1>
ST_2 : Operation 46 [1/1] (0.00ns)   --->   "%p_cast7 = zext i4 %empty_5" [../matrixmul.cpp:37]   --->   Operation 46 'zext' 'p_cast7' <Predicate = true> <Delay = 0.00>
ST_2 : Operation 47 [1/1] (0.00ns)   --->   "%a_addr_2 = getelementptr i8 %a, i64 0, i64 %p_cast7" [../matrixmul.cpp:37]   --->   Operation 47 'getelementptr' 'a_addr_2' <Predicate = true> <Delay = 0.00>
ST_2 : Operation 48 [2/2] (2.32ns)   --->   "%a_load = load i4 %a_addr" [../matrixmul.cpp:37]   --->   Operation 48 'load' 'a_load' <Predicate = true> <Delay = 2.32> <CoreInst = "RAM">   --->   Core 81 'RAM' <Latency = 1> <II = 1> <Delay = 2.32> <Storage> <Opcode : 'load' 'store'> <Ports = 2> <Width = 8> <Depth = 9> <RAM>
ST_2 : Operation 49 [2/2] (2.32ns)   --->   "%a_load_2 = load i4 %a_addr_2" [../matrixmul.cpp:37]   --->   Operation 49 'load' 'a_load_2' <Predicate = true> <Delay = 2.32> <CoreInst = "RAM">   --->   Core 81 'RAM' <Latency = 1> <II = 1> <Delay = 2.32> <Storage> <Opcode : 'load' 'store'> <Ports = 2> <Width = 8> <Depth = 9> <RAM>
ST_2 : Operation 50 [1/1] (0.00ns)   --->   "%zext_ln43_1 = zext i2 %select_ln37" [../matrixmul.cpp:43]   --->   Operation 50 'zext' 'zext_ln43_1' <Predicate = true> <Delay = 0.00>
ST_2 : Operation 51 [1/1] (1.65ns)   --->   "%add_ln43_2 = add i3 %zext_ln43_1, i3 3" [../matrixmul.cpp:43]   --->   Operation 51 'add' 'add_ln43_2' <Predicate = true> <Delay = 1.65> <CoreInst = "Adder">   --->   Core 1 'Adder' <Latency = 0> <II = 1> <Delay = 1.65> <FuncUnit> <Opcode : 'add' 'sub'> <InPorts = 2> <OutPorts = 1>
ST_2 : Operation 52 [1/1] (0.00ns)   --->   "%zext_ln43_2 = zext i3 %add_ln43_2" [../matrixmul.cpp:43]   --->   Operation 52 'zext' 'zext_ln43_2' <Predicate = true> <Delay = 0.00>
ST_2 : Operation 53 [1/1] (0.00ns)   --->   "%b_addr_1 = getelementptr i8 %b, i64 0, i64 %zext_ln43_2" [../matrixmul.cpp:43]   --->   Operation 53 'getelementptr' 'b_addr_1' <Predicate = true> <Delay = 0.00>
ST_2 : Operation 54 [1/2] ( I:2.32ns O:2.32ns )   --->   "%b_load = load i4 %b_addr" [../matrixmul.cpp:43]   --->   Operation 54 'load' 'b_load' <Predicate = true> <Delay = 2.32> <CoreInst = "RAM">   --->   Core 81 'RAM' <Latency = 1> <II = 1> <Delay = 2.32> <Storage> <Opcode : 'load' 'store'> <Ports = 2> <Width = 8> <Depth = 9> <RAM>
ST_2 : Operation 55 [2/2] (2.32ns)   --->   "%b_load_1 = load i4 %b_addr_1" [../matrixmul.cpp:43]   --->   Operation 55 'load' 'b_load_1' <Predicate = true> <Delay = 2.32> <CoreInst = "RAM">   --->   Core 81 'RAM' <Latency = 1> <II = 1> <Delay = 2.32> <Storage> <Opcode : 'load' 'store'> <Ports = 2> <Width = 8> <Depth = 9> <RAM>
ST_2 : Operation 56 [1/2] ( I:2.32ns O:2.32ns )   --->   "%b_load_2 = load i4 %b_addr_2" [../matrixmul.cpp:43]   --->   Operation 56 'load' 'b_load_2' <Predicate = true> <Delay = 2.32> <CoreInst = "RAM">   --->   Core 81 'RAM' <Latency = 1> <II = 1> <Delay = 2.32> <Storage> <Opcode : 'load' 'store'> <Ports = 2> <Width = 8> <Depth = 9> <RAM>
ST_2 : Operation 57 [1/1] (1.56ns)   --->   "%j = add i2 %select_ln37, i2 1" [../matrixmul.cpp:39]   --->   Operation 57 'add' 'j' <Predicate = true> <Delay = 1.56> <CoreInst = "Adder">   --->   Core 1 'Adder' <Latency = 0> <II = 1> <Delay = 1.56> <FuncUnit> <Opcode : 'add' 'sub'> <InPorts = 2> <OutPorts = 1>
ST_2 : Operation 58 [1/1] (1.73ns)   --->   "%add_ln37_1 = add i4 %indvar_flatten1_load, i4 1" [../matrixmul.cpp:37]   --->   Operation 58 'add' 'add_ln37_1' <Predicate = true> <Delay = 1.73> <CoreInst = "Adder">   --->   Core 1 'Adder' <Latency = 0> <II = 1> <Delay = 1.73> <FuncUnit> <Opcode : 'add' 'sub'> <InPorts = 2> <OutPorts = 1>
ST_2 : Operation 59 [1/1] (1.56ns)   --->   "%icmp_ln39 = icmp_eq  i2 %j, i2 3" [../matrixmul.cpp:39]   --->   Operation 59 'icmp' 'icmp_ln39' <Predicate = true> <Delay = 1.56> <CoreInst = "Cmp">   --->   Core 9 'Cmp' <Latency = 0> <II = 1> <Delay = 1.56> <FuncUnit> <Opcode : 'seteq' 'setne' 'setle' 'setge' 'setlt' 'setgt'> <InPorts = 2> <OutPorts = 1>
ST_2 : Operation 60 [1/1] (1.73ns)   --->   "%icmp_ln37 = icmp_eq  i4 %indvar_flatten1_load, i4 8" [../matrixmul.cpp:37]   --->   Operation 60 'icmp' 'icmp_ln37' <Predicate = true> <Delay = 1.73> <CoreInst = "Cmp">   --->   Core 9 'Cmp' <Latency = 0> <II = 1> <Delay = 1.78> <FuncUnit> <Opcode : 'seteq' 'setne' 'setle' 'setge' 'setlt' 'setgt'> <InPorts = 2> <OutPorts = 1>
ST_2 : Operation 61 [1/1] (1.58ns)   --->   "%store_ln39 = store i2 %j, i2 %j3" [../matrixmul.cpp:39]   --->   Operation 61 'store' 'store_ln39' <Predicate = true> <Delay = 1.58>
ST_2 : Operation 62 [1/1] (1.58ns)   --->   "%store_ln37 = store i4 %add_ln37_1, i4 %indvar_flatten1" [../matrixmul.cpp:37]   --->   Operation 62 'store' 'store_ln37' <Predicate = true> <Delay = 1.58>
ST_2 : Operation 63 [1/1] (0.00ns)   --->   "%br_ln37 = br i1 %icmp_ln37, void %for.inc29, void %for.end31" [../matrixmul.cpp:37]   --->   Operation 63 'br' 'br_ln37' <Predicate = true> <Delay = 0.00>

State 3 <SV = 2> <Delay = 4.05>
ST_3 : Operation 64 [1/1] (1.73ns)   --->   "%empty_4 = add i4 %empty, i4 1" [../matrixmul.cpp:37]   --->   Operation 64 'add' 'empty_4' <Predicate = true> <Delay = 1.73> <CoreInst = "Adder">   --->   Core 1 'Adder' <Latency = 0> <II = 1> <Delay = 1.73> <FuncUnit> <Opcode : 'add' 'sub'> <InPorts = 2> <OutPorts = 1>
ST_3 : Operation 65 [1/1] (0.00ns)   --->   "%p_cast6 = zext i4 %empty_4" [../matrixmul.cpp:37]   --->   Operation 65 'zext' 'p_cast6' <Predicate = true> <Delay = 0.00>
ST_3 : Operation 66 [1/1] (0.00ns)   --->   "%a_addr_1 = getelementptr i8 %a, i64 0, i64 %p_cast6" [../matrixmul.cpp:37]   --->   Operation 66 'getelementptr' 'a_addr_1' <Predicate = true> <Delay = 0.00>
ST_3 : Operation 67 [1/2] ( I:2.32ns O:2.32ns )   --->   "%a_load = load i4 %a_addr" [../matrixmul.cpp:37]   --->   Operation 67 'load' 'a_load' <Predicate = true> <Delay = 2.32> <CoreInst = "RAM">   --->   Core 81 'RAM' <Latency = 1> <II = 1> <Delay = 2.32> <Storage> <Opcode : 'load' 'store'> <Ports = 2> <Width = 8> <Depth = 9> <RAM>
ST_3 : Operation 68 [2/2] (2.32ns)   --->   "%a_load_1 = load i4 %a_addr_1" [../matrixmul.cpp:37]   --->   Operation 68 'load' 'a_load_1' <Predicate = true> <Delay = 2.32> <CoreInst = "RAM">   --->   Core 81 'RAM' <Latency = 1> <II = 1> <Delay = 2.32> <Storage> <Opcode : 'load' 'store'> <Ports = 2> <Width = 8> <Depth = 9> <RAM>
ST_3 : Operation 69 [1/2] ( I:2.32ns O:2.32ns )   --->   "%a_load_2 = load i4 %a_addr_2" [../matrixmul.cpp:37]   --->   Operation 69 'load' 'a_load_2' <Predicate = true> <Delay = 2.32> <CoreInst = "RAM">   --->   Core 81 'RAM' <Latency = 1> <II = 1> <Delay = 2.32> <Storage> <Opcode : 'load' 'store'> <Ports = 2> <Width = 8> <Depth = 9> <RAM>
ST_3 : Operation 70 [1/1] (0.00ns)   --->   "%conv_2 = sext i8 %a_load_2" [../matrixmul.cpp:37]   --->   Operation 70 'sext' 'conv_2' <Predicate = true> <Delay = 0.00>
ST_3 : Operation 71 [1/1] (1.73ns)   --->   "%add_ln43_4 = add i4 %empty, i4 %zext_ln43" [../matrixmul.cpp:43]   --->   Operation 71 'add' 'add_ln43_4' <Predicate = true> <Delay = 1.73> <CoreInst = "Adder">   --->   Core 1 'Adder' <Latency = 0> <II = 1> <Delay = 1.73> <FuncUnit> <Opcode : 'add' 'sub'> <InPorts = 2> <OutPorts = 1>
ST_3 : Operation 72 [1/2] ( I:2.32ns O:2.32ns )   --->   "%b_load_1 = load i4 %b_addr_1" [../matrixmul.cpp:43]   --->   Operation 72 'load' 'b_load_1' <Predicate = true> <Delay = 2.32> <CoreInst = "RAM">   --->   Core 81 'RAM' <Latency = 1> <II = 1> <Delay = 2.32> <Storage> <Opcode : 'load' 'store'> <Ports = 2> <Width = 8> <Depth = 9> <RAM>
ST_3 : Operation 73 [1/1] (0.00ns)   --->   "%sext_ln43_2 = sext i8 %b_load_2" [../matrixmul.cpp:43]   --->   Operation 73 'sext' 'sext_ln43_2' <Predicate = true> <Delay = 0.00>
ST_3 : Operation 74 [3/3] (1.05ns) (grouped into DSP with root node add_ln43)   --->   "%mul_ln43_1 = mul i16 %sext_ln43_2, i16 %conv_2" [../matrixmul.cpp:43]   --->   Operation 74 'mul' 'mul_ln43_1' <Predicate = true> <Delay = 1.05> <CoreInst = "DSP48">   --->   Core 116 'DSP48' <Latency = 3> <II = 1> <Delay = 2.15> <IPBlock> <Opcode : '' 'add' 'sub' 'mul' 'select'> <InPorts = 0> <OutPorts = 1> <Sync> <CReg>

State 4 <SV = 3> <Delay = 3.37>
ST_4 : Operation 75 [1/2] ( I:2.32ns O:2.32ns )   --->   "%a_load_1 = load i4 %a_addr_1" [../matrixmul.cpp:37]   --->   Operation 75 'load' 'a_load_1' <Predicate = true> <Delay = 2.32> <CoreInst = "RAM">   --->   Core 81 'RAM' <Latency = 1> <II = 1> <Delay = 2.32> <Storage> <Opcode : 'load' 'store'> <Ports = 2> <Width = 8> <Depth = 9> <RAM>
ST_4 : Operation 76 [1/1] (0.00ns)   --->   "%conv_1 = sext i8 %a_load_1" [../matrixmul.cpp:37]   --->   Operation 76 'sext' 'conv_1' <Predicate = true> <Delay = 0.00>
ST_4 : Operation 77 [1/1] (0.00ns)   --->   "%sext_ln43_1 = sext i8 %b_load_1" [../matrixmul.cpp:43]   --->   Operation 77 'sext' 'sext_ln43_1' <Predicate = true> <Delay = 0.00>
ST_4 : Operation 78 [2/3] (1.05ns) (grouped into DSP with root node add_ln43)   --->   "%mul_ln43_1 = mul i16 %sext_ln43_2, i16 %conv_2" [../matrixmul.cpp:43]   --->   Operation 78 'mul' 'mul_ln43_1' <Predicate = true> <Delay = 1.05> <CoreInst = "DSP48">   --->   Core 116 'DSP48' <Latency = 3> <II = 1> <Delay = 2.15> <IPBlock> <Opcode : '' 'add' 'sub' 'mul' 'select'> <InPorts = 0> <OutPorts = 1> <Sync> <CReg>
ST_4 : Operation 79 [3/3] (1.05ns) (grouped into DSP with root node add_ln43_1)   --->   "%mul_ln43_2 = mul i16 %sext_ln43_1, i16 %conv_1" [../matrixmul.cpp:43]   --->   Operation 79 'mul' 'mul_ln43_2' <Predicate = true> <Delay = 1.05> <CoreInst = "DSP48">   --->   Core 116 'DSP48' <Latency = 3> <II = 1> <Delay = 2.15> <IPBlock> <Opcode : '' 'add' 'sub' 'mul' 'select'> <InPorts = 0> <OutPorts = 1> <Sync> <CReg>

State 5 <SV = 4> <Delay = 6.27>
ST_5 : Operation 80 [1/1] (0.00ns)   --->   "%conv = sext i8 %a_load" [../matrixmul.cpp:37]   --->   Operation 80 'sext' 'conv' <Predicate = true> <Delay = 0.00>
ST_5 : Operation 81 [1/1] (0.00ns)   --->   "%sext_ln43 = sext i8 %b_load" [../matrixmul.cpp:43]   --->   Operation 81 'sext' 'sext_ln43' <Predicate = true> <Delay = 0.00>
ST_5 : Operation 82 [1/1] (4.17ns)   --->   "%mul_ln43 = mul i16 %sext_ln43, i16 %conv" [../matrixmul.cpp:43]   --->   Operation 82 'mul' 'mul_ln43' <Predicate = true> <Delay = 4.17> <CoreInst = "Multiplier">   --->   Core 3 'Multiplier' <Latency = 0> <II = 1> <Delay = 4.17> <FuncUnit> <Opcode : 'mul'> <InPorts = 2> <OutPorts = 1>
ST_5 : Operation 83 [1/3] (0.00ns) (grouped into DSP with root node add_ln43)   --->   "%mul_ln43_1 = mul i16 %sext_ln43_2, i16 %conv_2" [../matrixmul.cpp:43]   --->   Operation 83 'mul' 'mul_ln43_1' <Predicate = true> <Delay = 0.00> <CoreInst = "DSP48">   --->   Core 116 'DSP48' <Latency = 3> <II = 1> <Delay = 2.15> <IPBlock> <Opcode : '' 'add' 'sub' 'mul' 'select'> <InPorts = 0> <OutPorts = 1> <Sync> <CReg>
ST_5 : Operation 84 [2/3] (1.05ns) (grouped into DSP with root node add_ln43_1)   --->   "%mul_ln43_2 = mul i16 %sext_ln43_1, i16 %conv_1" [../matrixmul.cpp:43]   --->   Operation 84 'mul' 'mul_ln43_2' <Predicate = true> <Delay = 1.05> <CoreInst = "DSP48">   --->   Core 116 'DSP48' <Latency = 3> <II = 1> <Delay = 2.15> <IPBlock> <Opcode : '' 'add' 'sub' 'mul' 'select'> <InPorts = 0> <OutPorts = 1> <Sync> <CReg>
ST_5 : Operation 85 [2/2] (2.10ns) (root node of the DSP)   --->   "%add_ln43 = add i16 %mul_ln43, i16 %mul_ln43_1" [../matrixmul.cpp:43]   --->   Operation 85 'add' 'add_ln43' <Predicate = true> <Delay = 2.10> <CoreInst = "DSP48">   --->   Core 116 'DSP48' <Latency = 3> <II = 1> <Delay = 2.15> <IPBlock> <Opcode : '' 'add' 'sub' 'mul' 'select'> <InPorts = 0> <OutPorts = 1> <Sync> <CReg>

State 6 <SV = 5> <Delay = 4.20>
ST_6 : Operation 86 [1/3] (0.00ns) (grouped into DSP with root node add_ln43_1)   --->   "%mul_ln43_2 = mul i16 %sext_ln43_1, i16 %conv_1" [../matrixmul.cpp:43]   --->   Operation 86 'mul' 'mul_ln43_2' <Predicate = true> <Delay = 0.00> <CoreInst = "DSP48">   --->   Core 116 'DSP48' <Latency = 3> <II = 1> <Delay = 2.15> <IPBlock> <Opcode : '' 'add' 'sub' 'mul' 'select'> <InPorts = 0> <OutPorts = 1> <Sync> <CReg>
ST_6 : Operation 87 [1/2] (2.10ns) (root node of the DSP)   --->   "%add_ln43 = add i16 %mul_ln43, i16 %mul_ln43_1" [../matrixmul.cpp:43]   --->   Operation 87 'add' 'add_ln43' <Predicate = true> <Delay = 2.10> <CoreInst = "DSP48">   --->   Core 116 'DSP48' <Latency = 3> <II = 1> <Delay = 2.15> <IPBlock> <Opcode : '' 'add' 'sub' 'mul' 'select'> <InPorts = 0> <OutPorts = 1> <Sync> <CReg>
ST_6 : Operation 88 [2/2] (2.10ns) (root node of the DSP)   --->   "%add_ln43_1 = add i16 %add_ln43, i16 %mul_ln43_2" [../matrixmul.cpp:43]   --->   Operation 88 'add' 'add_ln43_1' <Predicate = true> <Delay = 2.10> <CoreInst = "DSP48">   --->   Core 116 'DSP48' <Latency = 3> <II = 1> <Delay = 2.15> <IPBlock> <Opcode : '' 'add' 'sub' 'mul' 'select'> <InPorts = 0> <OutPorts = 1> <Sync> <CReg>

State 7 <SV = 6> <Delay = 4.42>
ST_7 : Operation 89 [1/1] (0.00ns)   --->   "%specloopname_ln0 = specloopname void @_ssdm_op_SpecLoopName, void @Row_Col_str"   --->   Operation 89 'specloopname' 'specloopname_ln0' <Predicate = true> <Delay = 0.00>
ST_7 : Operation 90 [1/1] (0.00ns)   --->   "%speclooptripcount_ln0 = speclooptripcount void @_ssdm_op_SpecLoopTripCount, i64 9, i64 9, i64 9"   --->   Operation 90 'speclooptripcount' 'speclooptripcount_ln0' <Predicate = true> <Delay = 0.00>
ST_7 : Operation 91 [1/1] (0.00ns)   --->   "%zext_ln43_4 = zext i4 %add_ln43_4" [../matrixmul.cpp:43]   --->   Operation 91 'zext' 'zext_ln43_4' <Predicate = true> <Delay = 0.00>
ST_7 : Operation 92 [1/1] (0.00ns)   --->   "%res_addr = getelementptr i16 %res, i64 0, i64 %zext_ln43_4" [../matrixmul.cpp:43]   --->   Operation 92 'getelementptr' 'res_addr' <Predicate = true> <Delay = 0.00>
ST_7 : Operation 93 [1/1] (0.00ns)   --->   "%specpipeline_ln39 = specpipeline void @_ssdm_op_SpecPipeline, i32 4294967295, i32 0, i32 0, i32 0, void @empty_0" [../matrixmul.cpp:39]   --->   Operation 93 'specpipeline' 'specpipeline_ln39' <Predicate = true> <Delay = 0.00>
ST_7 : Operation 94 [1/2] (2.10ns) (root node of the DSP)   --->   "%add_ln43_1 = add i16 %add_ln43, i16 %mul_ln43_2" [../matrixmul.cpp:43]   --->   Operation 94 'add' 'add_ln43_1' <Predicate = true> <Delay = 2.10> <CoreInst = "DSP48">   --->   Core 116 'DSP48' <Latency = 3> <II = 1> <Delay = 2.15> <IPBlock> <Opcode : '' 'add' 'sub' 'mul' 'select'> <InPorts = 0> <OutPorts = 1> <Sync> <CReg>
ST_7 : Operation 95 [1/1] ( I:2.32ns O:2.32ns )   --->   "%store_ln43 = store i16 %add_ln43_1, i4 %res_addr" [../matrixmul.cpp:43]   --->   Operation 95 'store' 'store_ln43' <Predicate = true> <Delay = 2.32> <CoreInst = "RAM">   --->   Core 81 'RAM' <Latency = 1> <II = 1> <Delay = 2.32> <Storage> <Opcode : 'load' 'store'> <Ports = 2> <Width = 16> <Depth = 9> <RAM>
ST_7 : Operation 96 [1/1] (1.58ns)   --->   "%ret_ln47 = ret" [../matrixmul.cpp:47]   --->   Operation 96 'ret' 'ret_ln47' <Predicate = (icmp_ln37)> <Delay = 1.58>


============================================================
+ Verbose Summary: Binding
============================================================
STG Binding: 
---------------- STG Properties BEGIN ----------------
- Is combinational: 0
- Is one-state seq: 0
- Is datapath-only: 0
- Is pipelined: 0
- Is top level: 1
Port [ Return ] is wired: 1; IO mode=ap_ctrl_hs:ce=0
Port [ a]:  wired=1; compound=1; hidden=0; nouse=0; global=0; static=0; extern=0; dir=0; type=1; pingpong=0; private_global=0; MemPort=[11]; IO mode=ap_memory:ce=0
Port [ b]:  wired=1; compound=1; hidden=0; nouse=0; global=0; static=0; extern=0; dir=0; type=1; pingpong=0; private_global=0; MemPort=[11]; IO mode=ap_memory:ce=0
Port [ res]:  wired=1; compound=1; hidden=0; nouse=0; global=0; static=0; extern=0; dir=1; type=1; pingpong=0; private_global=0; MemPort=[03]; IO mode=ap_memory:ce=0
---------------- STG Properties END ------------------

---------------- Datapath Model BEGIN ----------------

<LifeTime>
<method=bitvector/>
indvar_flatten1       (alloca           ) [ 01100000]
i2                    (alloca           ) [ 01000000]
j3                    (alloca           ) [ 01100000]
spectopmodule_ln31    (spectopmodule    ) [ 00000000]
specinterface_ln0     (specinterface    ) [ 00000000]
specbitsmap_ln0       (specbitsmap      ) [ 00000000]
specinterface_ln0     (specinterface    ) [ 00000000]
specbitsmap_ln0       (specbitsmap      ) [ 00000000]
specinterface_ln0     (specinterface    ) [ 00000000]
specbitsmap_ln0       (specbitsmap      ) [ 00000000]
store_ln0             (store            ) [ 00000000]
store_ln0             (store            ) [ 00000000]
store_ln0             (store            ) [ 00000000]
br_ln0                (br               ) [ 00000000]
icmp_ln394            (phi              ) [ 01000000]
i2_load               (load             ) [ 00000000]
j3_load               (load             ) [ 00000000]
add_ln37              (add              ) [ 00000000]
select_ln37           (select           ) [ 00100000]
i                     (select           ) [ 00100000]
zext_ln39             (zext             ) [ 00000000]
zext_ln43             (zext             ) [ 01110000]
b_addr                (getelementptr    ) [ 00100000]
add_ln43_3            (add              ) [ 00000000]
zext_ln43_3           (zext             ) [ 00000000]
b_addr_2              (getelementptr    ) [ 00100000]
store_ln37            (store            ) [ 00000000]
indvar_flatten1_load  (load             ) [ 00000000]
select_ln37_1_cast    (zext             ) [ 00000000]
p_shl                 (bitconcatenate   ) [ 00000000]
empty                 (sub              ) [ 01010000]
p_cast                (zext             ) [ 00000000]
a_addr                (getelementptr    ) [ 01010000]
empty_5               (add              ) [ 00000000]
p_cast7               (zext             ) [ 00000000]
a_addr_2              (getelementptr    ) [ 01010000]
zext_ln43_1           (zext             ) [ 00000000]
add_ln43_2            (add              ) [ 00000000]
zext_ln43_2           (zext             ) [ 00000000]
b_addr_1              (getelementptr    ) [ 01010000]
b_load                (load             ) [ 01111100]
b_load_2              (load             ) [ 01010000]
j                     (add              ) [ 00000000]
add_ln37_1            (add              ) [ 00000000]
icmp_ln39             (icmp             ) [ 01100000]
icmp_ln37             (icmp             ) [ 01111111]
store_ln39            (store            ) [ 00000000]
store_ln37            (store            ) [ 00000000]
br_ln37               (br               ) [ 01100000]
empty_4               (add              ) [ 00000000]
p_cast6               (zext             ) [ 00000000]
a_addr_1              (getelementptr    ) [ 00101000]
a_load                (load             ) [ 01101100]
a_load_2              (load             ) [ 00000000]
conv_2                (sext             ) [ 01101100]
add_ln43_4            (add              ) [ 01101111]
b_load_1              (load             ) [ 00101000]
sext_ln43_2           (sext             ) [ 01101100]
a_load_1              (load             ) [ 00000000]
conv_1                (sext             ) [ 01100110]
sext_ln43_1           (sext             ) [ 01100110]
conv                  (sext             ) [ 00000000]
sext_ln43             (sext             ) [ 00000000]
mul_ln43              (mul              ) [ 00100010]
mul_ln43_1            (mul              ) [ 00100010]
mul_ln43_2            (mul              ) [ 01000001]
add_ln43              (add              ) [ 01000001]
specloopname_ln0      (specloopname     ) [ 00000000]
speclooptripcount_ln0 (speclooptripcount) [ 00000000]
zext_ln43_4           (zext             ) [ 00000000]
res_addr              (getelementptr    ) [ 00000000]
specpipeline_ln39     (specpipeline     ) [ 00000000]
add_ln43_1            (add              ) [ 00000000]
store_ln43            (store            ) [ 00000000]
ret_ln47              (ret              ) [ 00000000]
</LifeTime>

<model>

<comp_list>
<comp id="0" class="1000" name="a">
<pin_list>
<pin id="1" dir="1" index="0" bw="1" slack="0"/>
</pin_list>
<bind>
<StgValue><ssdm name="a"/><MemPortTyVec>1 1 </MemPortTyVec>
</StgValue>
</bind>
</comp>

<comp id="2" class="1000" name="b">
<pin_list>
<pin id="3" dir="1" index="0" bw="1" slack="0"/>
</pin_list>
<bind>
<StgValue><ssdm name="b"/><MemPortTyVec>1 1 </MemPortTyVec>
</StgValue>
</bind>
</comp>

<comp id="4" class="1000" name="res">
<pin_list>
<pin id="5" dir="1" index="0" bw="1" slack="0"/>
</pin_list>
<bind>
<StgValue><ssdm name="res"/><MemPortTyVec>0 3 </MemPortTyVec>
</StgValue>
</bind>
</comp>

<comp id="6" class="1001" name="const_6">
<pin_list>
<pin id="7" dir="1" index="0" bw="1" slack="0"/>
</pin_list>
<bind>
<StgValue><ssdm name=""/></StgValue>
</bind>
</comp>

<comp id="8" class="1001" name="const_8">
<pin_list>
<pin id="9" dir="1" index="0" bw="1" slack="2147483647"/>
</pin_list>
<bind>
<StgValue><ssdm name="_ssdm_op_SpecTopModule"/></StgValue>
</bind>
</comp>

<comp id="10" class="1001" name="const_10">
<pin_list>
<pin id="11" dir="1" index="0" bw="1" slack="2147483647"/>
</pin_list>
<bind>
<StgValue><ssdm name="empty_1"/></StgValue>
</bind>
</comp>

<comp id="12" class="1001" name="const_12">
<pin_list>
<pin id="13" dir="1" index="0" bw="1" slack="2147483647"/>
</pin_list>
<bind>
<StgValue><ssdm name="_ssdm_op_SpecInterface"/></StgValue>
</bind>
</comp>

<comp id="14" class="1001" name="const_14">
<pin_list>
<pin id="15" dir="1" index="0" bw="1" slack="2147483647"/>
</pin_list>
<bind>
<StgValue><ssdm name="empty"/></StgValue>
</bind>
</comp>

<comp id="16" class="1001" name="const_16">
<pin_list>
<pin id="17" dir="1" index="0" bw="1" slack="2147483647"/>
</pin_list>
<bind>
<StgValue><ssdm name=""/></StgValue>
</bind>
</comp>

<comp id="18" class="1001" name="const_18">
<pin_list>
<pin id="19" dir="1" index="0" bw="1" slack="2147483647"/>
</pin_list>
<bind>
<StgValue><ssdm name="empty_0"/></StgValue>
</bind>
</comp>

<comp id="20" class="1001" name="const_20">
<pin_list>
<pin id="21" dir="1" index="0" bw="1" slack="2147483647"/>
</pin_list>
<bind>
<StgValue><ssdm name=""/></StgValue>
</bind>
</comp>

<comp id="22" class="1001" name="const_22">
<pin_list>
<pin id="23" dir="1" index="0" bw="1" slack="2147483647"/>
</pin_list>
<bind>
<StgValue><ssdm name="_ssdm_op_SpecBitsMap"/></StgValue>
</bind>
</comp>

<comp id="24" class="1001" name="const_24">
<pin_list>
<pin id="25" dir="1" index="0" bw="1" slack="0"/>
</pin_list>
<bind>
<StgValue><ssdm name=""/></StgValue>
</bind>
</comp>

<comp id="26" class="1001" name="const_26">
<pin_list>
<pin id="27" dir="1" index="0" bw="1" slack="0"/>
</pin_list>
<bind>
<StgValue><ssdm name=""/></StgValue>
</bind>
</comp>

<comp id="28" class="1001" name="const_28">
<pin_list>
<pin id="29" dir="1" index="0" bw="1" slack="0"/>
</pin_list>
<bind>
<StgValue><ssdm name=""/></StgValue>
</bind>
</comp>

<comp id="30" class="1001" name="const_30">
<pin_list>
<pin id="31" dir="1" index="0" bw="1" slack="0"/>
</pin_list>
<bind>
<StgValue><ssdm name=""/></StgValue>
</bind>
</comp>

<comp id="32" class="1001" name="const_32">
<pin_list>
<pin id="33" dir="1" index="0" bw="1" slack="0"/>
</pin_list>
<bind>
<StgValue><ssdm name=""/></StgValue>
</bind>
</comp>

<comp id="34" class="1001" name="const_34">
<pin_list>
<pin id="35" dir="1" index="0" bw="1" slack="0"/>
</pin_list>
<bind>
<StgValue><ssdm name=""/></StgValue>
</bind>
</comp>

<comp id="36" class="1001" name="const_36">
<pin_list>
<pin id="37" dir="1" index="0" bw="1" slack="0"/>
</pin_list>
<bind>
<StgValue><ssdm name="_ssdm_op_BitConcatenate.i4.i2.i2"/></StgValue>
</bind>
</comp>

<comp id="38" class="1001" name="const_38">
<pin_list>
<pin id="39" dir="1" index="0" bw="1" slack="0"/>
</pin_list>
<bind>
<StgValue><ssdm name=""/></StgValue>
</bind>
</comp>

<comp id="40" class="1001" name="const_40">
<pin_list>
<pin id="41" dir="1" index="0" bw="1" slack="0"/>
</pin_list>
<bind>
<StgValue><ssdm name=""/></StgValue>
</bind>
</comp>

<comp id="42" class="1001" name="const_42">
<pin_list>
<pin id="43" dir="1" index="0" bw="1" slack="0"/>
</pin_list>
<bind>
<StgValue><ssdm name=""/></StgValue>
</bind>
</comp>

<comp id="44" class="1001" name="const_44">
<pin_list>
<pin id="45" dir="1" index="0" bw="1" slack="0"/>
</pin_list>
<bind>
<StgValue><ssdm name=""/></StgValue>
</bind>
</comp>

<comp id="46" class="1001" name="const_46">
<pin_list>
<pin id="47" dir="1" index="0" bw="1" slack="0"/>
</pin_list>
<bind>
<StgValue><ssdm name=""/></StgValue>
</bind>
</comp>

<comp id="48" class="1001" name="const_48">
<pin_list>
<pin id="49" dir="1" index="0" bw="1" slack="2147483647"/>
</pin_list>
<bind>
<StgValue><ssdm name="_ssdm_op_SpecLoopName"/></StgValue>
</bind>
</comp>

<comp id="50" class="1001" name="const_50">
<pin_list>
<pin id="51" dir="1" index="0" bw="1" slack="2147483647"/>
</pin_list>
<bind>
<StgValue><ssdm name="Row_Col_str"/></StgValue>
</bind>
</comp>

<comp id="52" class="1001" name="const_52">
<pin_list>
<pin id="53" dir="1" index="0" bw="1" slack="2147483647"/>
</pin_list>
<bind>
<StgValue><ssdm name="_ssdm_op_SpecLoopTripCount"/></StgValue>
</bind>
</comp>

<comp id="54" class="1001" name="const_54">
<pin_list>
<pin id="55" dir="1" index="0" bw="1" slack="2147483647"/>
</pin_list>
<bind>
<StgValue><ssdm name=""/></StgValue>
</bind>
</comp>

<comp id="56" class="1001" name="const_56">
<pin_list>
<pin id="57" dir="1" index="0" bw="1" slack="2147483647"/>
</pin_list>
<bind>
<StgValue><ssdm name="_ssdm_op_SpecPipeline"/></StgValue>
</bind>
</comp>

<comp id="58" class="1004" name="indvar_flatten1_fu_58">
<pin_list>
<pin id="59" dir="0" index="0" bw="1" slack="0"/>
<pin id="60" dir="1" index="1" bw="4" slack="0"/>
</pin_list>
<bind>
<opcode="alloca(26) " fcode="alloca"/>
<opset="indvar_flatten1/1 "/>
</bind>
</comp>

<comp id="62" class="1004" name="i2_fu_62">
<pin_list>
<pin id="63" dir="0" index="0" bw="1" slack="0"/>
<pin id="64" dir="1" index="1" bw="2" slack="0"/>
</pin_list>
<bind>
<opcode="alloca(26) " fcode="alloca"/>
<opset="i2/1 "/>
</bind>
</comp>

<comp id="66" class="1004" name="j3_fu_66">
<pin_list>
<pin id="67" dir="0" index="0" bw="1" slack="0"/>
<pin id="68" dir="1" index="1" bw="2" slack="0"/>
</pin_list>
<bind>
<opcode="alloca(26) " fcode="alloca"/>
<opset="j3/1 "/>
</bind>
</comp>

<comp id="70" class="1004" name="b_addr_gep_fu_70">
<pin_list>
<pin id="71" dir="0" index="0" bw="8" slack="0"/>
<pin id="72" dir="0" index="1" bw="1" slack="0"/>
<pin id="73" dir="0" index="2" bw="2" slack="0"/>
<pin id="74" dir="1" index="3" bw="4" slack="0"/>
</pin_list>
<bind>
<opcode="getelementptr(29) " fcode="getelementptr"/>
<opset="b_addr/1 "/>
</bind>
</comp>

<comp id="77" class="1004" name="b_addr_2_gep_fu_77">
<pin_list>
<pin id="78" dir="0" index="0" bw="8" slack="0"/>
<pin id="79" dir="0" index="1" bw="1" slack="0"/>
<pin id="80" dir="0" index="2" bw="4" slack="0"/>
<pin id="81" dir="1" index="3" bw="4" slack="0"/>
</pin_list>
<bind>
<opcode="getelementptr(29) " fcode="getelementptr"/>
<opset="b_addr_2/1 "/>
</bind>
</comp>

<comp id="84" class="1004" name="grp_access_fu_84">
<pin_list>
<pin id="85" dir="0" index="0" bw="4" slack="0"/>
<pin id="86" dir="0" index="1" bw="8" slack="2147483647"/>
<pin id="87" dir="0" index="2" bw="0" slack="0"/>
<pin id="89" dir="0" index="4" bw="4" slack="2147483647"/>
<pin id="90" dir="0" index="5" bw="8" slack="2147483647"/>
<pin id="91" dir="0" index="6" bw="0" slack="2147483647"/>
<pin id="88" dir="1" index="3" bw="8" slack="1"/>
<pin id="92" dir="1" index="7" bw="8" slack="3"/>
</pin_list>
<bind>
<opcode="load(27) " fcode="load"/>
<opset="b_load/1 b_load_2/1 b_load_1/2 "/>
</bind>
</comp>

<comp id="95" class="1004" name="a_addr_gep_fu_95">
<pin_list>
<pin id="96" dir="0" index="0" bw="8" slack="0"/>
<pin id="97" dir="0" index="1" bw="1" slack="0"/>
<pin id="98" dir="0" index="2" bw="4" slack="0"/>
<pin id="99" dir="1" index="3" bw="4" slack="0"/>
</pin_list>
<bind>
<opcode="getelementptr(29) " fcode="getelementptr"/>
<opset="a_addr/2 "/>
</bind>
</comp>

<comp id="102" class="1004" name="a_addr_2_gep_fu_102">
<pin_list>
<pin id="103" dir="0" index="0" bw="8" slack="0"/>
<pin id="104" dir="0" index="1" bw="1" slack="0"/>
<pin id="105" dir="0" index="2" bw="4" slack="0"/>
<pin id="106" dir="1" index="3" bw="4" slack="0"/>
</pin_list>
<bind>
<opcode="getelementptr(29) " fcode="getelementptr"/>
<opset="a_addr_2/2 "/>
</bind>
</comp>

<comp id="109" class="1004" name="grp_access_fu_109">
<pin_list>
<pin id="110" dir="0" index="0" bw="4" slack="0"/>
<pin id="111" dir="0" index="1" bw="8" slack="2147483647"/>
<pin id="112" dir="0" index="2" bw="0" slack="0"/>
<pin id="114" dir="0" index="4" bw="4" slack="2147483647"/>
<pin id="115" dir="0" index="5" bw="8" slack="2147483647"/>
<pin id="116" dir="0" index="6" bw="0" slack="2147483647"/>
<pin id="113" dir="1" index="3" bw="8" slack="0"/>
<pin id="117" dir="1" index="7" bw="8" slack="2"/>
</pin_list>
<bind>
<opcode="load(27) " fcode="load"/>
<opset="a_load/2 a_load_2/2 a_load_1/3 "/>
</bind>
</comp>

<comp id="120" class="1004" name="b_addr_1_gep_fu_120">
<pin_list>
<pin id="121" dir="0" index="0" bw="8" slack="0"/>
<pin id="122" dir="0" index="1" bw="1" slack="0"/>
<pin id="123" dir="0" index="2" bw="3" slack="0"/>
<pin id="124" dir="1" index="3" bw="4" slack="0"/>
</pin_list>
<bind>
<opcode="getelementptr(29) " fcode="getelementptr"/>
<opset="b_addr_1/2 "/>
</bind>
</comp>

<comp id="128" class="1004" name="a_addr_1_gep_fu_128">
<pin_list>
<pin id="129" dir="0" index="0" bw="8" slack="0"/>
<pin id="130" dir="0" index="1" bw="1" slack="0"/>
<pin id="131" dir="0" index="2" bw="4" slack="0"/>
<pin id="132" dir="1" index="3" bw="4" slack="0"/>
</pin_list>
<bind>
<opcode="getelementptr(29) " fcode="getelementptr"/>
<opset="a_addr_1/3 "/>
</bind>
</comp>

<comp id="136" class="1004" name="res_addr_gep_fu_136">
<pin_list>
<pin id="137" dir="0" index="0" bw="16" slack="0"/>
<pin id="138" dir="0" index="1" bw="1" slack="0"/>
<pin id="139" dir="0" index="2" bw="4" slack="0"/>
<pin id="140" dir="1" index="3" bw="4" slack="0"/>
</pin_list>
<bind>
<opcode="getelementptr(29) " fcode="getelementptr"/>
<opset="res_addr/7 "/>
</bind>
</comp>

<comp id="143" class="1004" name="store_ln43_access_fu_143">
<pin_list>
<pin id="144" dir="0" index="0" bw="4" slack="0"/>
<pin id="145" dir="0" index="1" bw="16" slack="0"/>
<pin id="146" dir="0" index="2" bw="0" slack="2147483647"/>
<pin id="147" dir="1" index="3" bw="16" slack="2147483647"/>
</pin_list>
<bind>
<opcode="store(28) " fcode="store"/>
<opset="store_ln43/7 "/>
</bind>
</comp>

<comp id="149" class="1005" name="icmp_ln394_reg_149">
<pin_list>
<pin id="150" dir="0" index="0" bw="1" slack="2147483647"/>
<pin id="151" dir="1" index="1" bw="1" slack="2147483647"/>
</pin_list>
<bind>
<opset="icmp_ln394 (phireg) "/>
</bind>
</comp>

<comp id="152" class="1004" name="icmp_ln394_phi_fu_152">
<pin_list>
<pin id="153" dir="0" index="0" bw="1" slack="0"/>
<pin id="154" dir="0" index="1" bw="0" slack="2147483647"/>
<pin id="155" dir="0" index="2" bw="1" slack="1"/>
<pin id="156" dir="0" index="3" bw="0" slack="2147483647"/>
<pin id="157" dir="1" index="4" bw="1" slack="0"/>
</pin_list>
<bind>
<opcode="phi(47) " fcode="phi"/>
<opset="icmp_ln394/1 "/>
</bind>
</comp>

<comp id="159" class="1005" name="reg_159">
<pin_list>
<pin id="160" dir="0" index="0" bw="8" slack="1"/>
<pin id="161" dir="1" index="1" bw="8" slack="1"/>
</pin_list>
<bind>
<opset="b_load_2 b_load_1 "/>
</bind>
</comp>

<comp id="163" class="1004" name="store_ln0_store_fu_163">
<pin_list>
<pin id="164" dir="0" index="0" bw="1" slack="0"/>
<pin id="165" dir="0" index="1" bw="2" slack="0"/>
<pin id="166" dir="1" index="2" bw="0" slack="2147483647"/>
</pin_list>
<bind>
<opcode="store(28) " fcode="store"/>
<opset="store_ln0/1 "/>
</bind>
</comp>

<comp id="168" class="1004" name="store_ln0_store_fu_168">
<pin_list>
<pin id="169" dir="0" index="0" bw="1" slack="0"/>
<pin id="170" dir="0" index="1" bw="2" slack="0"/>
<pin id="171" dir="1" index="2" bw="0" slack="2147483647"/>
</pin_list>
<bind>
<opcode="store(28) " fcode="store"/>
<opset="store_ln0/1 "/>
</bind>
</comp>

<comp id="173" class="1004" name="store_ln0_store_fu_173">
<pin_list>
<pin id="174" dir="0" index="0" bw="1" slack="0"/>
<pin id="175" dir="0" index="1" bw="4" slack="0"/>
<pin id="176" dir="1" index="2" bw="0" slack="2147483647"/>
</pin_list>
<bind>
<opcode="store(28) " fcode="store"/>
<opset="store_ln0/1 "/>
</bind>
</comp>

<comp id="178" class="1004" name="i2_load_load_fu_178">
<pin_list>
<pin id="179" dir="0" index="0" bw="2" slack="0"/>
<pin id="180" dir="1" index="1" bw="2" slack="0"/>
</pin_list>
<bind>
<opcode="load(27) " fcode="load"/>
<opset="i2_load/1 "/>
</bind>
</comp>

<comp id="181" class="1004" name="j3_load_load_fu_181">
<pin_list>
<pin id="182" dir="0" index="0" bw="2" slack="0"/>
<pin id="183" dir="1" index="1" bw="2" slack="0"/>
</pin_list>
<bind>
<opcode="load(27) " fcode="load"/>
<opset="j3_load/1 "/>
</bind>
</comp>

<comp id="184" class="1004" name="add_ln37_fu_184">
<pin_list>
<pin id="185" dir="0" index="0" bw="2" slack="0"/>
<pin id="186" dir="0" index="1" bw="1" slack="0"/>
<pin id="187" dir="1" index="2" bw="2" slack="0"/>
</pin_list>
<bind>
<opcode="add(8) " fcode="add"/>
<opset="add_ln37/1 "/>
</bind>
</comp>

<comp id="190" class="1004" name="select_ln37_fu_190">
<pin_list>
<pin id="191" dir="0" index="0" bw="1" slack="0"/>
<pin id="192" dir="0" index="1" bw="2" slack="0"/>
<pin id="193" dir="0" index="2" bw="2" slack="0"/>
<pin id="194" dir="1" index="3" bw="2" slack="0"/>
</pin_list>
<bind>
<opcode="select(49) " fcode="select"/>
<opset="select_ln37/1 "/>
</bind>
</comp>

<comp id="198" class="1004" name="i_fu_198">
<pin_list>
<pin id="199" dir="0" index="0" bw="1" slack="0"/>
<pin id="200" dir="0" index="1" bw="2" slack="0"/>
<pin id="201" dir="0" index="2" bw="2" slack="0"/>
<pin id="202" dir="1" index="3" bw="2" slack="0"/>
</pin_list>
<bind>
<opcode="select(49) " fcode="select"/>
<opset="i/1 "/>
</bind>
</comp>

<comp id="206" class="1004" name="zext_ln39_fu_206">
<pin_list>
<pin id="207" dir="0" index="0" bw="2" slack="0"/>
<pin id="208" dir="1" index="1" bw="64" slack="0"/>
</pin_list>
<bind>
<opcode="zext(34) " fcode="zext"/>
<opset="zext_ln39/1 "/>
</bind>
</comp>

<comp id="211" class="1004" name="zext_ln43_fu_211">
<pin_list>
<pin id="212" dir="0" index="0" bw="2" slack="0"/>
<pin id="213" dir="1" index="1" bw="4" slack="0"/>
</pin_list>
<bind>
<opcode="zext(34) " fcode="zext"/>
<opset="zext_ln43/1 "/>
</bind>
</comp>

<comp id="215" class="1004" name="add_ln43_3_fu_215">
<pin_list>
<pin id="216" dir="0" index="0" bw="2" slack="0"/>
<pin id="217" dir="0" index="1" bw="4" slack="0"/>
<pin id="218" dir="1" index="2" bw="4" slack="0"/>
</pin_list>
<bind>
<opcode="add(8) " fcode="add"/>
<opset="add_ln43_3/1 "/>
</bind>
</comp>

<comp id="221" class="1004" name="zext_ln43_3_fu_221">
<pin_list>
<pin id="222" dir="0" index="0" bw="4" slack="0"/>
<pin id="223" dir="1" index="1" bw="64" slack="0"/>
</pin_list>
<bind>
<opcode="zext(34) " fcode="zext"/>
<opset="zext_ln43_3/1 "/>
</bind>
</comp>

<comp id="226" class="1004" name="store_ln37_store_fu_226">
<pin_list>
<pin id="227" dir="0" index="0" bw="2" slack="0"/>
<pin id="228" dir="0" index="1" bw="2" slack="0"/>
<pin id="229" dir="1" index="2" bw="0" slack="2147483647"/>
</pin_list>
<bind>
<opcode="store(28) " fcode="store"/>
<opset="store_ln37/1 "/>
</bind>
</comp>

<comp id="231" class="1004" name="indvar_flatten1_load_load_fu_231">
<pin_list>
<pin id="232" dir="0" index="0" bw="4" slack="1"/>
<pin id="233" dir="1" index="1" bw="4" slack="0"/>
</pin_list>
<bind>
<opcode="load(27) " fcode="load"/>
<opset="indvar_flatten1_load/2 "/>
</bind>
</comp>

<comp id="234" class="1004" name="select_ln37_1_cast_fu_234">
<pin_list>
<pin id="235" dir="0" index="0" bw="2" slack="1"/>
<pin id="236" dir="1" index="1" bw="4" slack="0"/>
</pin_list>
<bind>
<opcode="zext(34) " fcode="zext"/>
<opset="select_ln37_1_cast/2 "/>
</bind>
</comp>

<comp id="237" class="1004" name="p_shl_fu_237">
<pin_list>
<pin id="238" dir="0" index="0" bw="4" slack="0"/>
<pin id="239" dir="0" index="1" bw="2" slack="1"/>
<pin id="240" dir="0" index="2" bw="1" slack="0"/>
<pin id="241" dir="1" index="3" bw="4" slack="0"/>
</pin_list>
<bind>
<opcode="bitconcatenate(1004) " fcode="bitconcatenate"/>
<opset="p_shl/2 "/>
</bind>
</comp>

<comp id="244" class="1004" name="empty_fu_244">
<pin_list>
<pin id="245" dir="0" index="0" bw="4" slack="0"/>
<pin id="246" dir="0" index="1" bw="2" slack="0"/>
<pin id="247" dir="1" index="2" bw="4" slack="0"/>
</pin_list>
<bind>
<opcode="sub(10) " fcode="sub"/>
<opset="empty/2 "/>
</bind>
</comp>

<comp id="250" class="1004" name="p_cast_fu_250">
<pin_list>
<pin id="251" dir="0" index="0" bw="4" slack="0"/>
<pin id="252" dir="1" index="1" bw="64" slack="0"/>
</pin_list>
<bind>
<opcode="zext(34) " fcode="zext"/>
<opset="p_cast/2 "/>
</bind>
</comp>

<comp id="255" class="1004" name="empty_5_fu_255">
<pin_list>
<pin id="256" dir="0" index="0" bw="4" slack="0"/>
<pin id="257" dir="0" index="1" bw="3" slack="0"/>
<pin id="258" dir="1" index="2" bw="4" slack="0"/>
</pin_list>
<bind>
<opcode="add(8) " fcode="add"/>
<opset="empty_5/2 "/>
</bind>
</comp>

<comp id="261" class="1004" name="p_cast7_fu_261">
<pin_list>
<pin id="262" dir="0" index="0" bw="4" slack="0"/>
<pin id="263" dir="1" index="1" bw="64" slack="0"/>
</pin_list>
<bind>
<opcode="zext(34) " fcode="zext"/>
<opset="p_cast7/2 "/>
</bind>
</comp>

<comp id="266" class="1004" name="zext_ln43_1_fu_266">
<pin_list>
<pin id="267" dir="0" index="0" bw="2" slack="1"/>
<pin id="268" dir="1" index="1" bw="3" slack="0"/>
</pin_list>
<bind>
<opcode="zext(34) " fcode="zext"/>
<opset="zext_ln43_1/2 "/>
</bind>
</comp>

<comp id="269" class="1004" name="add_ln43_2_fu_269">
<pin_list>
<pin id="270" dir="0" index="0" bw="2" slack="0"/>
<pin id="271" dir="0" index="1" bw="3" slack="0"/>
<pin id="272" dir="1" index="2" bw="3" slack="0"/>
</pin_list>
<bind>
<opcode="add(8) " fcode="add"/>
<opset="add_ln43_2/2 "/>
</bind>
</comp>

<comp id="275" class="1004" name="zext_ln43_2_fu_275">
<pin_list>
<pin id="276" dir="0" index="0" bw="3" slack="0"/>
<pin id="277" dir="1" index="1" bw="64" slack="0"/>
</pin_list>
<bind>
<opcode="zext(34) " fcode="zext"/>
<opset="zext_ln43_2/2 "/>
</bind>
</comp>

<comp id="280" class="1004" name="j_fu_280">
<pin_list>
<pin id="281" dir="0" index="0" bw="2" slack="1"/>
<pin id="282" dir="0" index="1" bw="1" slack="0"/>
<pin id="283" dir="1" index="2" bw="2" slack="0"/>
</pin_list>
<bind>
<opcode="add(8) " fcode="add"/>
<opset="j/2 "/>
</bind>
</comp>

<comp id="285" class="1004" name="add_ln37_1_fu_285">
<pin_list>
<pin id="286" dir="0" index="0" bw="4" slack="0"/>
<pin id="287" dir="0" index="1" bw="1" slack="0"/>
<pin id="288" dir="1" index="2" bw="4" slack="0"/>
</pin_list>
<bind>
<opcode="add(8) " fcode="add"/>
<opset="add_ln37_1/2 "/>
</bind>
</comp>

<comp id="291" class="1004" name="icmp_ln39_fu_291">
<pin_list>
<pin id="292" dir="0" index="0" bw="2" slack="0"/>
<pin id="293" dir="0" index="1" bw="2" slack="0"/>
<pin id="294" dir="1" index="2" bw="1" slack="1"/>
</pin_list>
<bind>
<opcode="icmp(45) " fcode="icmp"/>
<opset="icmp_ln39/2 "/>
</bind>
</comp>

<comp id="297" class="1004" name="icmp_ln37_fu_297">
<pin_list>
<pin id="298" dir="0" index="0" bw="4" slack="0"/>
<pin id="299" dir="0" index="1" bw="4" slack="0"/>
<pin id="300" dir="1" index="2" bw="1" slack="1"/>
</pin_list>
<bind>
<opcode="icmp(45) " fcode="icmp"/>
<opset="icmp_ln37/2 "/>
</bind>
</comp>

<comp id="303" class="1004" name="store_ln39_store_fu_303">
<pin_list>
<pin id="304" dir="0" index="0" bw="2" slack="0"/>
<pin id="305" dir="0" index="1" bw="2" slack="1"/>
<pin id="306" dir="1" index="2" bw="0" slack="2147483647"/>
</pin_list>
<bind>
<opcode="store(28) " fcode="store"/>
<opset="store_ln39/2 "/>
</bind>
</comp>

<comp id="308" class="1004" name="store_ln37_store_fu_308">
<pin_list>
<pin id="309" dir="0" index="0" bw="4" slack="0"/>
<pin id="310" dir="0" index="1" bw="4" slack="1"/>
<pin id="311" dir="1" index="2" bw="0" slack="2147483647"/>
</pin_list>
<bind>
<opcode="store(28) " fcode="store"/>
<opset="store_ln37/2 "/>
</bind>
</comp>

<comp id="313" class="1004" name="empty_4_fu_313">
<pin_list>
<pin id="314" dir="0" index="0" bw="4" slack="1"/>
<pin id="315" dir="0" index="1" bw="1" slack="0"/>
<pin id="316" dir="1" index="2" bw="4" slack="0"/>
</pin_list>
<bind>
<opcode="add(8) " fcode="add"/>
<opset="empty_4/3 "/>
</bind>
</comp>

<comp id="318" class="1004" name="p_cast6_fu_318">
<pin_list>
<pin id="319" dir="0" index="0" bw="4" slack="0"/>
<pin id="320" dir="1" index="1" bw="64" slack="0"/>
</pin_list>
<bind>
<opcode="zext(34) " fcode="zext"/>
<opset="p_cast6/3 "/>
</bind>
</comp>

<comp id="323" class="1004" name="conv_2_fu_323">
<pin_list>
<pin id="324" dir="0" index="0" bw="8" slack="0"/>
<pin id="325" dir="1" index="1" bw="16" slack="0"/>
</pin_list>
<bind>
<opcode="sext(35) " fcode="sext"/>
<opset="conv_2/3 "/>
</bind>
</comp>

<comp id="327" class="1004" name="add_ln43_4_fu_327">
<pin_list>
<pin id="328" dir="0" index="0" bw="4" slack="1"/>
<pin id="329" dir="0" index="1" bw="2" slack="2"/>
<pin id="330" dir="1" index="2" bw="4" slack="4"/>
</pin_list>
<bind>
<opcode="add(8) " fcode="add"/>
<opset="add_ln43_4/3 "/>
</bind>
</comp>

<comp id="331" class="1004" name="sext_ln43_2_fu_331">
<pin_list>
<pin id="332" dir="0" index="0" bw="8" slack="1"/>
<pin id="333" dir="1" index="1" bw="16" slack="0"/>
</pin_list>
<bind>
<opcode="sext(35) " fcode="sext"/>
<opset="sext_ln43_2/3 "/>
</bind>
</comp>

<comp id="335" class="1004" name="conv_1_fu_335">
<pin_list>
<pin id="336" dir="0" index="0" bw="8" slack="0"/>
<pin id="337" dir="1" index="1" bw="16" slack="0"/>
</pin_list>
<bind>
<opcode="sext(35) " fcode="sext"/>
<opset="conv_1/4 "/>
</bind>
</comp>

<comp id="339" class="1004" name="sext_ln43_1_fu_339">
<pin_list>
<pin id="340" dir="0" index="0" bw="8" slack="1"/>
<pin id="341" dir="1" index="1" bw="16" slack="0"/>
</pin_list>
<bind>
<opcode="sext(35) " fcode="sext"/>
<opset="sext_ln43_1/4 "/>
</bind>
</comp>

<comp id="343" class="1004" name="conv_fu_343">
<pin_list>
<pin id="344" dir="0" index="0" bw="8" slack="2"/>
<pin id="345" dir="1" index="1" bw="16" slack="0"/>
</pin_list>
<bind>
<opcode="sext(35) " fcode="sext"/>
<opset="conv/5 "/>
</bind>
</comp>

<comp id="346" class="1004" name="sext_ln43_fu_346">
<pin_list>
<pin id="347" dir="0" index="0" bw="8" slack="3"/>
<pin id="348" dir="1" index="1" bw="16" slack="0"/>
</pin_list>
<bind>
<opcode="sext(35) " fcode="sext"/>
<opset="sext_ln43/5 "/>
</bind>
</comp>

<comp id="349" class="1004" name="mul_ln43_fu_349">
<pin_list>
<pin id="350" dir="0" index="0" bw="8" slack="0"/>
<pin id="351" dir="0" index="1" bw="8" slack="0"/>
<pin id="352" dir="1" index="2" bw="16" slack="0"/>
</pin_list>
<bind>
<opcode="mul(12) " fcode="mul"/>
<opset="mul_ln43/5 "/>
</bind>
</comp>

<comp id="355" class="1004" name="zext_ln43_4_fu_355">
<pin_list>
<pin id="356" dir="0" index="0" bw="4" slack="4"/>
<pin id="357" dir="1" index="1" bw="64" slack="0"/>
</pin_list>
<bind>
<opcode="zext(34) " fcode="zext"/>
<opset="zext_ln43_4/7 "/>
</bind>
</comp>

<comp id="359" class="1007" name="grp_fu_359">
<pin_list>
<pin id="360" dir="0" index="0" bw="8" slack="0"/>
<pin id="361" dir="0" index="1" bw="8" slack="0"/>
<pin id="362" dir="0" index="2" bw="16" slack="0"/>
<pin id="363" dir="1" index="3" bw="16" slack="0"/>
</pin_list>
<bind>
<opcode="muladd(1172) " fcode="muladd"/>
<opset="mul_ln43_1/3 add_ln43/5 "/>
</bind>
</comp>

<comp id="367" class="1007" name="grp_fu_367">
<pin_list>
<pin id="368" dir="0" index="0" bw="8" slack="0"/>
<pin id="369" dir="0" index="1" bw="8" slack="0"/>
<pin id="370" dir="0" index="2" bw="16" slack="0"/>
<pin id="371" dir="1" index="3" bw="16" slack="0"/>
</pin_list>
<bind>
<opcode="muladd(1172) " fcode="muladd"/>
<opset="mul_ln43_2/4 add_ln43_1/6 "/>
</bind>
</comp>

<comp id="376" class="1005" name="indvar_flatten1_reg_376">
<pin_list>
<pin id="377" dir="0" index="0" bw="4" slack="0"/>
<pin id="378" dir="1" index="1" bw="4" slack="0"/>
</pin_list>
<bind>
<opset="indvar_flatten1 "/>
</bind>
</comp>

<comp id="383" class="1005" name="i2_reg_383">
<pin_list>
<pin id="384" dir="0" index="0" bw="2" slack="0"/>
<pin id="385" dir="1" index="1" bw="2" slack="0"/>
</pin_list>
<bind>
<opset="i2 "/>
</bind>
</comp>

<comp id="390" class="1005" name="j3_reg_390">
<pin_list>
<pin id="391" dir="0" index="0" bw="2" slack="0"/>
<pin id="392" dir="1" index="1" bw="2" slack="0"/>
</pin_list>
<bind>
<opset="j3 "/>
</bind>
</comp>

<comp id="397" class="1005" name="select_ln37_reg_397">
<pin_list>
<pin id="398" dir="0" index="0" bw="2" slack="1"/>
<pin id="399" dir="1" index="1" bw="2" slack="1"/>
</pin_list>
<bind>
<opset="select_ln37 "/>
</bind>
</comp>

<comp id="403" class="1005" name="i_reg_403">
<pin_list>
<pin id="404" dir="0" index="0" bw="2" slack="1"/>
<pin id="405" dir="1" index="1" bw="2" slack="1"/>
</pin_list>
<bind>
<opset="i "/>
</bind>
</comp>

<comp id="409" class="1005" name="zext_ln43_reg_409">
<pin_list>
<pin id="410" dir="0" index="0" bw="4" slack="2"/>
<pin id="411" dir="1" index="1" bw="4" slack="2"/>
</pin_list>
<bind>
<opset="zext_ln43 "/>
</bind>
</comp>

<comp id="414" class="1005" name="b_addr_reg_414">
<pin_list>
<pin id="415" dir="0" index="0" bw="4" slack="1"/>
<pin id="416" dir="1" index="1" bw="4" slack="1"/>
</pin_list>
<bind>
<opset="b_addr "/>
</bind>
</comp>

<comp id="419" class="1005" name="b_addr_2_reg_419">
<pin_list>
<pin id="420" dir="0" index="0" bw="4" slack="1"/>
<pin id="421" dir="1" index="1" bw="4" slack="1"/>
</pin_list>
<bind>
<opset="b_addr_2 "/>
</bind>
</comp>

<comp id="424" class="1005" name="empty_reg_424">
<pin_list>
<pin id="425" dir="0" index="0" bw="4" slack="1"/>
<pin id="426" dir="1" index="1" bw="4" slack="1"/>
</pin_list>
<bind>
<opset="empty "/>
</bind>
</comp>

<comp id="430" class="1005" name="a_addr_reg_430">
<pin_list>
<pin id="431" dir="0" index="0" bw="4" slack="1"/>
<pin id="432" dir="1" index="1" bw="4" slack="1"/>
</pin_list>
<bind>
<opset="a_addr "/>
</bind>
</comp>

<comp id="435" class="1005" name="a_addr_2_reg_435">
<pin_list>
<pin id="436" dir="0" index="0" bw="4" slack="1"/>
<pin id="437" dir="1" index="1" bw="4" slack="1"/>
</pin_list>
<bind>
<opset="a_addr_2 "/>
</bind>
</comp>

<comp id="440" class="1005" name="b_addr_1_reg_440">
<pin_list>
<pin id="441" dir="0" index="0" bw="4" slack="1"/>
<pin id="442" dir="1" index="1" bw="4" slack="1"/>
</pin_list>
<bind>
<opset="b_addr_1 "/>
</bind>
</comp>

<comp id="445" class="1005" name="b_load_reg_445">
<pin_list>
<pin id="446" dir="0" index="0" bw="8" slack="3"/>
<pin id="447" dir="1" index="1" bw="8" slack="3"/>
</pin_list>
<bind>
<opset="b_load "/>
</bind>
</comp>

<comp id="450" class="1005" name="icmp_ln39_reg_450">
<pin_list>
<pin id="451" dir="0" index="0" bw="1" slack="1"/>
<pin id="452" dir="1" index="1" bw="1" slack="1"/>
</pin_list>
<bind>
<opset="icmp_ln39 "/>
</bind>
</comp>

<comp id="455" class="1005" name="icmp_ln37_reg_455">
<pin_list>
<pin id="456" dir="0" index="0" bw="1" slack="1"/>
<pin id="457" dir="1" index="1" bw="1" slack="2147483647"/>
</pin_list>
<bind>
<opset="icmp_ln37 "/>
</bind>
</comp>

<comp id="459" class="1005" name="a_addr_1_reg_459">
<pin_list>
<pin id="460" dir="0" index="0" bw="4" slack="1"/>
<pin id="461" dir="1" index="1" bw="4" slack="1"/>
</pin_list>
<bind>
<opset="a_addr_1 "/>
</bind>
</comp>

<comp id="464" class="1005" name="a_load_reg_464">
<pin_list>
<pin id="465" dir="0" index="0" bw="8" slack="2"/>
<pin id="466" dir="1" index="1" bw="8" slack="2"/>
</pin_list>
<bind>
<opset="a_load "/>
</bind>
</comp>

<comp id="469" class="1005" name="conv_2_reg_469">
<pin_list>
<pin id="470" dir="0" index="0" bw="16" slack="1"/>
<pin id="471" dir="1" index="1" bw="16" slack="1"/>
</pin_list>
<bind>
<opset="conv_2 "/>
</bind>
</comp>

<comp id="474" class="1005" name="add_ln43_4_reg_474">
<pin_list>
<pin id="475" dir="0" index="0" bw="4" slack="4"/>
<pin id="476" dir="1" index="1" bw="4" slack="4"/>
</pin_list>
<bind>
<opset="add_ln43_4 "/>
</bind>
</comp>

<comp id="479" class="1005" name="sext_ln43_2_reg_479">
<pin_list>
<pin id="480" dir="0" index="0" bw="16" slack="1"/>
<pin id="481" dir="1" index="1" bw="16" slack="1"/>
</pin_list>
<bind>
<opset="sext_ln43_2 "/>
</bind>
</comp>

<comp id="484" class="1005" name="conv_1_reg_484">
<pin_list>
<pin id="485" dir="0" index="0" bw="16" slack="1"/>
<pin id="486" dir="1" index="1" bw="16" slack="1"/>
</pin_list>
<bind>
<opset="conv_1 "/>
</bind>
</comp>

<comp id="489" class="1005" name="sext_ln43_1_reg_489">
<pin_list>
<pin id="490" dir="0" index="0" bw="16" slack="1"/>
<pin id="491" dir="1" index="1" bw="16" slack="1"/>
</pin_list>
<bind>
<opset="sext_ln43_1 "/>
</bind>
</comp>

<comp id="494" class="1005" name="mul_ln43_reg_494">
<pin_list>
<pin id="495" dir="0" index="0" bw="16" slack="1"/>
<pin id="496" dir="1" index="1" bw="16" slack="1"/>
</pin_list>
<bind>
<opset="mul_ln43 "/>
</bind>
</comp>

<comp id="499" class="1005" name="add_ln43_reg_499">
<pin_list>
<pin id="500" dir="0" index="0" bw="16" slack="1"/>
<pin id="501" dir="1" index="1" bw="16" slack="1"/>
</pin_list>
<bind>
<opset="add_ln43 "/>
</bind>
</comp>

</comp_list>

<net_list>
<net id="61"><net_src comp="6" pin="0"/><net_sink comp="58" pin=0"/></net>

<net id="65"><net_src comp="6" pin="0"/><net_sink comp="62" pin=0"/></net>

<net id="69"><net_src comp="6" pin="0"/><net_sink comp="66" pin=0"/></net>

<net id="75"><net_src comp="2" pin="0"/><net_sink comp="70" pin=0"/></net>

<net id="76"><net_src comp="32" pin="0"/><net_sink comp="70" pin=1"/></net>

<net id="82"><net_src comp="2" pin="0"/><net_sink comp="77" pin=0"/></net>

<net id="83"><net_src comp="32" pin="0"/><net_sink comp="77" pin=1"/></net>

<net id="93"><net_src comp="70" pin="3"/><net_sink comp="84" pin=2"/></net>

<net id="94"><net_src comp="77" pin="3"/><net_sink comp="84" pin=0"/></net>

<net id="100"><net_src comp="0" pin="0"/><net_sink comp="95" pin=0"/></net>

<net id="101"><net_src comp="32" pin="0"/><net_sink comp="95" pin=1"/></net>

<net id="107"><net_src comp="0" pin="0"/><net_sink comp="102" pin=0"/></net>

<net id="108"><net_src comp="32" pin="0"/><net_sink comp="102" pin=1"/></net>

<net id="118"><net_src comp="95" pin="3"/><net_sink comp="109" pin=2"/></net>

<net id="119"><net_src comp="102" pin="3"/><net_sink comp="109" pin=0"/></net>

<net id="125"><net_src comp="2" pin="0"/><net_sink comp="120" pin=0"/></net>

<net id="126"><net_src comp="32" pin="0"/><net_sink comp="120" pin=1"/></net>

<net id="127"><net_src comp="120" pin="3"/><net_sink comp="84" pin=0"/></net>

<net id="133"><net_src comp="0" pin="0"/><net_sink comp="128" pin=0"/></net>

<net id="134"><net_src comp="32" pin="0"/><net_sink comp="128" pin=1"/></net>

<net id="135"><net_src comp="128" pin="3"/><net_sink comp="109" pin=0"/></net>

<net id="141"><net_src comp="4" pin="0"/><net_sink comp="136" pin=0"/></net>

<net id="142"><net_src comp="32" pin="0"/><net_sink comp="136" pin=1"/></net>

<net id="148"><net_src comp="136" pin="3"/><net_sink comp="143" pin=0"/></net>

<net id="158"><net_src comp="28" pin="0"/><net_sink comp="152" pin=0"/></net>

<net id="162"><net_src comp="84" pin="3"/><net_sink comp="159" pin=0"/></net>

<net id="167"><net_src comp="24" pin="0"/><net_sink comp="163" pin=0"/></net>

<net id="172"><net_src comp="24" pin="0"/><net_sink comp="168" pin=0"/></net>

<net id="177"><net_src comp="26" pin="0"/><net_sink comp="173" pin=0"/></net>

<net id="188"><net_src comp="178" pin="1"/><net_sink comp="184" pin=0"/></net>

<net id="189"><net_src comp="30" pin="0"/><net_sink comp="184" pin=1"/></net>

<net id="195"><net_src comp="152" pin="4"/><net_sink comp="190" pin=0"/></net>

<net id="196"><net_src comp="24" pin="0"/><net_sink comp="190" pin=1"/></net>

<net id="197"><net_src comp="181" pin="1"/><net_sink comp="190" pin=2"/></net>

<net id="203"><net_src comp="152" pin="4"/><net_sink comp="198" pin=0"/></net>

<net id="204"><net_src comp="184" pin="2"/><net_sink comp="198" pin=1"/></net>

<net id="205"><net_src comp="178" pin="1"/><net_sink comp="198" pin=2"/></net>

<net id="209"><net_src comp="190" pin="3"/><net_sink comp="206" pin=0"/></net>

<net id="210"><net_src comp="206" pin="1"/><net_sink comp="70" pin=2"/></net>

<net id="214"><net_src comp="190" pin="3"/><net_sink comp="211" pin=0"/></net>

<net id="219"><net_src comp="211" pin="1"/><net_sink comp="215" pin=0"/></net>

<net id="220"><net_src comp="34" pin="0"/><net_sink comp="215" pin=1"/></net>

<net id="224"><net_src comp="215" pin="2"/><net_sink comp="221" pin=0"/></net>

<net id="225"><net_src comp="221" pin="1"/><net_sink comp="77" pin=2"/></net>

<net id="230"><net_src comp="198" pin="3"/><net_sink comp="226" pin=0"/></net>

<net id="242"><net_src comp="36" pin="0"/><net_sink comp="237" pin=0"/></net>

<net id="243"><net_src comp="24" pin="0"/><net_sink comp="237" pin=2"/></net>

<net id="248"><net_src comp="237" pin="3"/><net_sink comp="244" pin=0"/></net>

<net id="249"><net_src comp="234" pin="1"/><net_sink comp="244" pin=1"/></net>

<net id="253"><net_src comp="244" pin="2"/><net_sink comp="250" pin=0"/></net>

<net id="254"><net_src comp="250" pin="1"/><net_sink comp="95" pin=2"/></net>

<net id="259"><net_src comp="244" pin="2"/><net_sink comp="255" pin=0"/></net>

<net id="260"><net_src comp="38" pin="0"/><net_sink comp="255" pin=1"/></net>

<net id="264"><net_src comp="255" pin="2"/><net_sink comp="261" pin=0"/></net>

<net id="265"><net_src comp="261" pin="1"/><net_sink comp="102" pin=2"/></net>

<net id="273"><net_src comp="266" pin="1"/><net_sink comp="269" pin=0"/></net>

<net id="274"><net_src comp="40" pin="0"/><net_sink comp="269" pin=1"/></net>

<net id="278"><net_src comp="269" pin="2"/><net_sink comp="275" pin=0"/></net>

<net id="279"><net_src comp="275" pin="1"/><net_sink comp="120" pin=2"/></net>

<net id="284"><net_src comp="30" pin="0"/><net_sink comp="280" pin=1"/></net>

<net id="289"><net_src comp="231" pin="1"/><net_sink comp="285" pin=0"/></net>

<net id="290"><net_src comp="42" pin="0"/><net_sink comp="285" pin=1"/></net>

<net id="295"><net_src comp="280" pin="2"/><net_sink comp="291" pin=0"/></net>

<net id="296"><net_src comp="44" pin="0"/><net_sink comp="291" pin=1"/></net>

<net id="301"><net_src comp="231" pin="1"/><net_sink comp="297" pin=0"/></net>

<net id="302"><net_src comp="46" pin="0"/><net_sink comp="297" pin=1"/></net>

<net id="307"><net_src comp="280" pin="2"/><net_sink comp="303" pin=0"/></net>

<net id="312"><net_src comp="285" pin="2"/><net_sink comp="308" pin=0"/></net>

<net id="317"><net_src comp="42" pin="0"/><net_sink comp="313" pin=1"/></net>

<net id="321"><net_src comp="313" pin="2"/><net_sink comp="318" pin=0"/></net>

<net id="322"><net_src comp="318" pin="1"/><net_sink comp="128" pin=2"/></net>

<net id="326"><net_src comp="109" pin="3"/><net_sink comp="323" pin=0"/></net>

<net id="334"><net_src comp="159" pin="1"/><net_sink comp="331" pin=0"/></net>

<net id="338"><net_src comp="109" pin="3"/><net_sink comp="335" pin=0"/></net>

<net id="342"><net_src comp="159" pin="1"/><net_sink comp="339" pin=0"/></net>

<net id="353"><net_src comp="346" pin="1"/><net_sink comp="349" pin=0"/></net>

<net id="354"><net_src comp="343" pin="1"/><net_sink comp="349" pin=1"/></net>

<net id="358"><net_src comp="355" pin="1"/><net_sink comp="136" pin=2"/></net>

<net id="364"><net_src comp="331" pin="1"/><net_sink comp="359" pin=0"/></net>

<net id="365"><net_src comp="323" pin="1"/><net_sink comp="359" pin=1"/></net>

<net id="366"><net_src comp="349" pin="2"/><net_sink comp="359" pin=2"/></net>

<net id="372"><net_src comp="339" pin="1"/><net_sink comp="367" pin=0"/></net>

<net id="373"><net_src comp="335" pin="1"/><net_sink comp="367" pin=1"/></net>

<net id="374"><net_src comp="359" pin="3"/><net_sink comp="367" pin=2"/></net>

<net id="375"><net_src comp="367" pin="3"/><net_sink comp="143" pin=1"/></net>

<net id="379"><net_src comp="58" pin="1"/><net_sink comp="376" pin=0"/></net>

<net id="380"><net_src comp="376" pin="1"/><net_sink comp="173" pin=1"/></net>

<net id="381"><net_src comp="376" pin="1"/><net_sink comp="231" pin=0"/></net>

<net id="382"><net_src comp="376" pin="1"/><net_sink comp="308" pin=1"/></net>

<net id="386"><net_src comp="62" pin="1"/><net_sink comp="383" pin=0"/></net>

<net id="387"><net_src comp="383" pin="1"/><net_sink comp="168" pin=1"/></net>

<net id="388"><net_src comp="383" pin="1"/><net_sink comp="178" pin=0"/></net>

<net id="389"><net_src comp="383" pin="1"/><net_sink comp="226" pin=1"/></net>

<net id="393"><net_src comp="66" pin="1"/><net_sink comp="390" pin=0"/></net>

<net id="394"><net_src comp="390" pin="1"/><net_sink comp="163" pin=1"/></net>

<net id="395"><net_src comp="390" pin="1"/><net_sink comp="181" pin=0"/></net>

<net id="396"><net_src comp="390" pin="1"/><net_sink comp="303" pin=1"/></net>

<net id="400"><net_src comp="190" pin="3"/><net_sink comp="397" pin=0"/></net>

<net id="401"><net_src comp="397" pin="1"/><net_sink comp="266" pin=0"/></net>

<net id="402"><net_src comp="397" pin="1"/><net_sink comp="280" pin=0"/></net>

<net id="406"><net_src comp="198" pin="3"/><net_sink comp="403" pin=0"/></net>

<net id="407"><net_src comp="403" pin="1"/><net_sink comp="234" pin=0"/></net>

<net id="408"><net_src comp="403" pin="1"/><net_sink comp="237" pin=1"/></net>

<net id="412"><net_src comp="211" pin="1"/><net_sink comp="409" pin=0"/></net>

<net id="413"><net_src comp="409" pin="1"/><net_sink comp="327" pin=1"/></net>

<net id="417"><net_src comp="70" pin="3"/><net_sink comp="414" pin=0"/></net>

<net id="418"><net_src comp="414" pin="1"/><net_sink comp="84" pin=2"/></net>

<net id="422"><net_src comp="77" pin="3"/><net_sink comp="419" pin=0"/></net>

<net id="423"><net_src comp="419" pin="1"/><net_sink comp="84" pin=0"/></net>

<net id="427"><net_src comp="244" pin="2"/><net_sink comp="424" pin=0"/></net>

<net id="428"><net_src comp="424" pin="1"/><net_sink comp="313" pin=0"/></net>

<net id="429"><net_src comp="424" pin="1"/><net_sink comp="327" pin=0"/></net>

<net id="433"><net_src comp="95" pin="3"/><net_sink comp="430" pin=0"/></net>

<net id="434"><net_src comp="430" pin="1"/><net_sink comp="109" pin=2"/></net>

<net id="438"><net_src comp="102" pin="3"/><net_sink comp="435" pin=0"/></net>

<net id="439"><net_src comp="435" pin="1"/><net_sink comp="109" pin=0"/></net>

<net id="443"><net_src comp="120" pin="3"/><net_sink comp="440" pin=0"/></net>

<net id="444"><net_src comp="440" pin="1"/><net_sink comp="84" pin=0"/></net>

<net id="448"><net_src comp="84" pin="7"/><net_sink comp="445" pin=0"/></net>

<net id="449"><net_src comp="445" pin="1"/><net_sink comp="346" pin=0"/></net>

<net id="453"><net_src comp="291" pin="2"/><net_sink comp="450" pin=0"/></net>

<net id="454"><net_src comp="450" pin="1"/><net_sink comp="152" pin=2"/></net>

<net id="458"><net_src comp="297" pin="2"/><net_sink comp="455" pin=0"/></net>

<net id="462"><net_src comp="128" pin="3"/><net_sink comp="459" pin=0"/></net>

<net id="463"><net_src comp="459" pin="1"/><net_sink comp="109" pin=0"/></net>

<net id="467"><net_src comp="109" pin="7"/><net_sink comp="464" pin=0"/></net>

<net id="468"><net_src comp="464" pin="1"/><net_sink comp="343" pin=0"/></net>

<net id="472"><net_src comp="323" pin="1"/><net_sink comp="469" pin=0"/></net>

<net id="473"><net_src comp="469" pin="1"/><net_sink comp="359" pin=1"/></net>

<net id="477"><net_src comp="327" pin="2"/><net_sink comp="474" pin=0"/></net>

<net id="478"><net_src comp="474" pin="1"/><net_sink comp="355" pin=0"/></net>

<net id="482"><net_src comp="331" pin="1"/><net_sink comp="479" pin=0"/></net>

<net id="483"><net_src comp="479" pin="1"/><net_sink comp="359" pin=0"/></net>

<net id="487"><net_src comp="335" pin="1"/><net_sink comp="484" pin=0"/></net>

<net id="488"><net_src comp="484" pin="1"/><net_sink comp="367" pin=1"/></net>

<net id="492"><net_src comp="339" pin="1"/><net_sink comp="489" pin=0"/></net>

<net id="493"><net_src comp="489" pin="1"/><net_sink comp="367" pin=0"/></net>

<net id="497"><net_src comp="349" pin="2"/><net_sink comp="494" pin=0"/></net>

<net id="498"><net_src comp="494" pin="1"/><net_sink comp="359" pin=0"/></net>

<net id="502"><net_src comp="359" pin="3"/><net_sink comp="499" pin=0"/></net>

<net id="503"><net_src comp="499" pin="1"/><net_sink comp="367" pin=0"/></net>

</net_list>

</model> 
---------------- Datapath Model END ------------------

* FSMD analyzer results:
  - Output states:
	Port: res | {7 }
 - Input state : 
	Port: matrixmul : a | {2 3 4 }
	Port: matrixmul : b | {1 2 3 }
  - Chain level:
	State 1
		store_ln0 : 1
		store_ln0 : 1
		store_ln0 : 1
		icmp_ln394 : 1
		i2_load : 1
		j3_load : 1
		add_ln37 : 2
		select_ln37 : 2
		i : 3
		zext_ln39 : 3
		zext_ln43 : 3
		b_addr : 4
		add_ln43_3 : 4
		zext_ln43_3 : 5
		b_addr_2 : 6
		b_load : 5
		b_load_2 : 7
		store_ln37 : 4
	State 2
		empty : 1
		p_cast : 2
		a_addr : 3
		empty_5 : 2
		p_cast7 : 3
		a_addr_2 : 4
		a_load : 4
		a_load_2 : 5
		add_ln43_2 : 1
		zext_ln43_2 : 2
		b_addr_1 : 3
		b_load_1 : 4
		add_ln37_1 : 1
		icmp_ln39 : 1
		icmp_ln37 : 1
		store_ln39 : 1
		store_ln37 : 2
		br_ln37 : 2
	State 3
		p_cast6 : 1
		a_addr_1 : 2
		a_load_1 : 3
		conv_2 : 1
		mul_ln43_1 : 2
	State 4
		conv_1 : 1
		mul_ln43_2 : 2
	State 5
		mul_ln43 : 1
		add_ln43 : 2
	State 6
		add_ln43_1 : 1
	State 7
		res_addr : 1
		store_ln43 : 2


============================================================
+ Verbose Summary: Datapath Resource usage 
============================================================

* Functional unit list:
|----------|---------------------------|---------|---------|---------|
| Operation|      Functional Unit      |   DSP   |    FF   |   LUT   |
|----------|---------------------------|---------|---------|---------|
|          |      add_ln37_fu_184      |    0    |    0    |    10   |
|          |     add_ln43_3_fu_215     |    0    |    0    |    13   |
|          |       empty_5_fu_255      |    0    |    0    |    13   |
|    add   |     add_ln43_2_fu_269     |    0    |    0    |    11   |
|          |          j_fu_280         |    0    |    0    |    10   |
|          |     add_ln37_1_fu_285     |    0    |    0    |    13   |
|          |       empty_4_fu_313      |    0    |    0    |    13   |
|          |     add_ln43_4_fu_327     |    0    |    0    |    13   |
|----------|---------------------------|---------|---------|---------|
|    mul   |      mul_ln43_fu_349      |    0    |    0    |    41   |
|----------|---------------------------|---------|---------|---------|
|   icmp   |      icmp_ln39_fu_291     |    0    |    0    |    10   |
|          |      icmp_ln37_fu_297     |    0    |    0    |    13   |
|----------|---------------------------|---------|---------|---------|
|    sub   |        empty_fu_244       |    0    |    0    |    13   |
|----------|---------------------------|---------|---------|---------|
|  select  |     select_ln37_fu_190    |    0    |    0    |    2    |
|          |          i_fu_198         |    0    |    0    |    2    |
|----------|---------------------------|---------|---------|---------|
|  muladd  |         grp_fu_359        |    1    |    0    |    0    |
|          |         grp_fu_367        |    1    |    0    |    0    |
|----------|---------------------------|---------|---------|---------|
|          |      zext_ln39_fu_206     |    0    |    0    |    0    |
|          |      zext_ln43_fu_211     |    0    |    0    |    0    |
|          |     zext_ln43_3_fu_221    |    0    |    0    |    0    |
|          | select_ln37_1_cast_fu_234 |    0    |    0    |    0    |
|   zext   |       p_cast_fu_250       |    0    |    0    |    0    |
|          |       p_cast7_fu_261      |    0    |    0    |    0    |
|          |     zext_ln43_1_fu_266    |    0    |    0    |    0    |
|          |     zext_ln43_2_fu_275    |    0    |    0    |    0    |
|          |       p_cast6_fu_318      |    0    |    0    |    0    |
|          |     zext_ln43_4_fu_355    |    0    |    0    |    0    |
|----------|---------------------------|---------|---------|---------|
|bitconcatenate|        p_shl_fu_237       |    0    |    0    |    0    |
|----------|---------------------------|---------|---------|---------|
|          |       conv_2_fu_323       |    0    |    0    |    0    |
|          |     sext_ln43_2_fu_331    |    0    |    0    |    0    |
|   sext   |       conv_1_fu_335       |    0    |    0    |    0    |
|          |     sext_ln43_1_fu_339    |    0    |    0    |    0    |
|          |        conv_fu_343        |    0    |    0    |    0    |
|          |      sext_ln43_fu_346     |    0    |    0    |    0    |
|----------|---------------------------|---------|---------|---------|
|   Total  |                           |    2    |    0    |   177   |
|----------|---------------------------|---------|---------|---------|

Memories:
N/A

* Register list:
+-----------------------+--------+
|                       |   FF   |
+-----------------------+--------+
|    a_addr_1_reg_459   |    4   |
|    a_addr_2_reg_435   |    4   |
|     a_addr_reg_430    |    4   |
|     a_load_reg_464    |    8   |
|   add_ln43_4_reg_474  |    4   |
|    add_ln43_reg_499   |   16   |
|    b_addr_1_reg_440   |    4   |
|    b_addr_2_reg_419   |    4   |
|     b_addr_reg_414    |    4   |
|     b_load_reg_445    |    8   |
|     conv_1_reg_484    |   16   |
|     conv_2_reg_469    |   16   |
|     empty_reg_424     |    4   |
|       i2_reg_383      |    2   |
|       i_reg_403       |    2   |
|   icmp_ln37_reg_455   |    1   |
|   icmp_ln394_reg_149  |    1   |
|   icmp_ln39_reg_450   |    1   |
|indvar_flatten1_reg_376|    4   |
|       j3_reg_390      |    2   |
|    mul_ln43_reg_494   |   16   |
|        reg_159        |    8   |
|  select_ln37_reg_397  |    2   |
|  sext_ln43_1_reg_489  |   16   |
|  sext_ln43_2_reg_479  |   16   |
|   zext_ln43_reg_409   |    4   |
+-----------------------+--------+
|         Total         |   171  |
+-----------------------+--------+

* Multiplexer (MUX) list: 
|-------------------|------|------|------|--------||---------||---------||---------|
|        Comp       |  Pin | Size |  BW  | S x BW ||  Delay  ||    FF   ||   LUT   |
|-------------------|------|------|------|--------||---------||---------||---------|
|  grp_access_fu_84 |  p0  |   4  |   4  |   16   ||    0    ||    20   |
|  grp_access_fu_84 |  p2  |   2  |   0  |    0   ||    0    ||    9    |
| grp_access_fu_109 |  p0  |   4  |   4  |   16   ||    0    ||    20   |
| grp_access_fu_109 |  p2  |   2  |   0  |    0   ||    0    ||    9    |
|     grp_fu_359    |  p0  |   3  |   8  |   24   ||    0    ||    14   |
|     grp_fu_359    |  p1  |   2  |   8  |   16   ||    0    ||    9    |
|     grp_fu_367    |  p0  |   3  |   8  |   24   ||    0    ||    14   |
|     grp_fu_367    |  p1  |   2  |   8  |   16   ||    0    ||    9    |
|-------------------|------|------|------|--------||---------||---------||---------|
|       Total       |      |      |      |   112  || 13.4198 ||    0    ||   104   |
|-------------------|------|------|------|--------||---------||---------||---------|



* Summary:
+-----------+--------+--------+--------+--------+
|           |   DSP  |  Delay |   FF   |   LUT  |
+-----------+--------+--------+--------+--------+
|  Function |    2   |    -   |    0   |   177  |
|   Memory  |    -   |    -   |    -   |    -   |
|Multiplexer|    -   |   13   |    0   |   104  |
|  Register |    -   |    -   |   171  |    -   |
+-----------+--------+--------+--------+--------+
|   Total   |    2   |   13   |   171  |   281  |
+-----------+--------+--------+--------+--------+
