================================================================
== Design Size Report
================================================================

* Total Instructions per Compilation Phase
+---------------+-----------------------------+--------------+----------------------------------------------------------------------------------------+
| Phase         | Step                        | Instructions | Description                                                                            |
+---------------+-----------------------------+--------------+----------------------------------------------------------------------------------------+
| Compile/Link  |                             | 455          | After all functions are compiled and linked into a single design                       |
|               |                             |              |                                                                                        |
| Unroll/Inline |                             |              | After user unroll and inline pragmas are applied                                       |
|               | (1) unroll                  | 326          | user unroll pragmas are applied                                                        |
|               | (2) simplification          | 197          | simplification of applied user unroll pragmas                                          |
|               | (3) inline                  | 241          | user inline pragmas are applied                                                        |
|               | (4) simplification          | 241          | simplification of applied user inline pragmas                                          |
|               |                             |              |                                                                                        |
| Array/Struct  |                             |              | After user array partition and struct aggregate/disaggregate pragmas are applied       |
|               | (1) array partition         | 235          | user array partition pragmas are applied                                               |
|               | (2) simplification          | 235          | simplification of applied user array partition & struct aggregate/disaggregate pragmas |
|               | (3) aggregate/disaggregate  | 235          | user struct aggregate/disaggregate pragmas are applied                                 |
|               | (4) array reshape           | 235          | apply array reshape pragmas                                                            |
|               | (5) access patterns         | 253          | array access pattern optmizations                                                      |
|               |                             |              |                                                                                        |
| Performance   |                             |              | After transformations are applied to meet performance pragma targets                   |
|               | (1) loop simplification     | 253          | loop and instruction simplification                                                    |
|               | (2) parallelization         | 251          | loops are unrolled or pipelined to meet performance targets                            |
|               | (3) array partition         | 247          | arrays are partitioned to meet performance targets                                     |
|               | (4) simplification          | 247          | simplification of design after performance transformations                             |
|               |                             |              |                                                                                        |
| HW Transforms |                             |              | After hardware transfomations                                                          |
|               | (1) lowering                | 292          | initial conversion to HW specific instructions                                         |
|               | (2) optimizations           | 310          | high level synthesis optimizations                                                     |
+---------------+-----------------------------+--------------+----------------------------------------------------------------------------------------+

* Instructions per Function for each Compilation Phase
+--------------+------------------+--------------+---------------+--------------+-------------+---------------+
| Function     | Location         | Compile/Link | Unroll/Inline | Array/Struct | Performance | HW Transforms |
+--------------+------------------+--------------+---------------+--------------+-------------+---------------+
| + yuv_filter | yuv_filter.c:30  | 455          | 241           | 253          | 247         | 310           |
|    rgb2yuv   | yuv_filter.c:56  | 125          |  65           |  71          |  68         |  89           |
|    yuv_scale | yuv_filter.c:137 |  89          |  50           |  50          |  46         |  49           |
|    yuv2rgb   | yuv_filter.c:94  | 227          |  74           |  80          |  75         | 112           |
+--------------+------------------+--------------+---------------+--------------+-------------+---------------+

* Design Size Message Settings
+---------------------------------------------+--------+------------------------------------------------------------------+
| Message Setting                             | Value  | Description                                                      |
+---------------------------------------------+--------+------------------------------------------------------------------+
| config_compile -design_size_maximum_warning | 100000 | Show a warning when total design instructions exceeds this value |
+---------------------------------------------+--------+------------------------------------------------------------------+


