dfgPass::INFOR: DFG Pass going to run on Module: E:\robot\project\xilinx_fpga_class\hls\lab4_zynq_z2\prj\fir\fir\hls\csim\code_analyzer\.internal\instrument\app_0\project.symbols.bc
dfgPass::INFOR:     Parsing the provided input trace files...
dfgPass::INFOR:     Initializing InstructionCounter...
dfgPass::VERBO:     +0 is not a loop
dfgPass::VERBO:     +1 fails R.hasBlockSchema
dfgPass::VERBO:     +0 is not a loop
dfgPass::VERBO:     +0 is not a loop
dfgPass::VERBO:       - BEFORE BREAK
dfgPass::VERBO:       - for.cond
dfgPass::VERBO:         - memlocal of :i:0
dfgPass::VERBO:         - LCV conditional branch 6:48
dfgPass::VERBO:       - AFTER BREAK
dfgPass::VERBO:       - for.body
dfgPass::VERBO:         - memlocal of :i:0
dfgPass::VERBO:         - memlocal of :i:0
dfgPass::VERBO:         - memlocal offset is invalid:0:4
dfgPass::VERBO:         - memlocal of :acc:0
dfgPass::VERBO:         - memlocal of :acc:1
dfgPass::VERBO:         - memlocal of :i:0
dfgPass::VERBO:         - memlocal of :i:0
dfgPass::VERBO:       - AFTER BREAK
dfgPass::VERBO:       - for.inc
dfgPass::VERBO:         - memlocal of :i:0
dfgPass::VERBO:         - memlocal of :i:1
dfgPass::VERBO:       - AFTER BREAK
dfgPass::INFOR:     Parsing trace...
dfgPass::INFOR:     End of the trace parse
