directive:1:9: warning: HLS pragma dump _XLX_SEP_ PragmaIsValid=1_XLX_SEP_ PragmaType=top_XLX_SEP_ PragmaContext=directive_XLX_SEP_ PragmaFunction=yuv_filter_XLX_SEP_ PragmaOptions=name=yuv_filter_XLX_SEP_ [-Wdump-hls-pragmas]
#pragma HLSDIRECTIVE TOP name=yuv_filter
        ^
E:/robot/project/xilinx_fpga_class/hls/lab2/yuv_filter.c:76:9: warning: HLS pragma dump _XLX_SEP_ PragmaIsValid=1_XLX_SEP_ PragmaType=loop_tripcount_XLX_SEP_ PragmaContext=_XLX_SEP_ PragmaFunction=rgb2yuv_XLX_SEP_ PragmaOptions=min=200 max=1920_XLX_SEP_ [-Wdump-hls-pragmas]
#pragma HLS loop_tripcount min=200 max=1920
        ^
E:/robot/project/xilinx_fpga_class/hls/lab2/w/yuv_filter_solution3/hls_config.cfg:14:9: warning: HLS pragma dump _XLX_SEP_ PragmaIsValid=1_XLX_SEP_ PragmaType=pipeline_XLX_SEP_ PragmaContext=directive_XLX_SEP_ PragmaFunction=rgb2yuv_XLX_SEP_ PragmaOptions=_XLX_SEP_ [-Wdump-hls-pragmas]
#pragma HLSDIRECTIVE PIPELINE
        ^
E:/robot/project/xilinx_fpga_class/hls/lab2/yuv_filter.c:79:9: warning: HLS pragma dump _XLX_SEP_ PragmaIsValid=1_XLX_SEP_ PragmaType=loop_tripcount_XLX_SEP_ PragmaContext=_XLX_SEP_ PragmaFunction=rgb2yuv_XLX_SEP_ PragmaOptions=min=200 max=1280_XLX_SEP_ [-Wdump-hls-pragmas]
#pragma HLS loop_tripcount min=200 max=1280
        ^
E:/robot/project/xilinx_fpga_class/hls/lab2/yuv_filter.c:116:9: warning: HLS pragma dump _XLX_SEP_ PragmaIsValid=1_XLX_SEP_ PragmaType=loop_tripcount_XLX_SEP_ PragmaContext=_XLX_SEP_ PragmaFunction=yuv2rgb_XLX_SEP_ PragmaOptions=min=200 max=1920_XLX_SEP_ [-Wdump-hls-pragmas]
#pragma HLS loop_tripcount min=200 max=1920
        ^
E:/robot/project/xilinx_fpga_class/hls/lab2/w/yuv_filter_solution3/hls_config.cfg:16:9: warning: HLS pragma dump _XLX_SEP_ PragmaIsValid=1_XLX_SEP_ PragmaType=pipeline_XLX_SEP_ PragmaContext=directive_XLX_SEP_ PragmaFunction=yuv2rgb_XLX_SEP_ PragmaOptions=_XLX_SEP_ [-Wdump-hls-pragmas]
#pragma HLSDIRECTIVE PIPELINE
        ^
E:/robot/project/xilinx_fpga_class/hls/lab2/yuv_filter.c:119:9: warning: HLS pragma dump _XLX_SEP_ PragmaIsValid=1_XLX_SEP_ PragmaType=loop_tripcount_XLX_SEP_ PragmaContext=_XLX_SEP_ PragmaFunction=yuv2rgb_XLX_SEP_ PragmaOptions=min=200 max=1280_XLX_SEP_ [-Wdump-hls-pragmas]
#pragma HLS loop_tripcount min=200 max=1280
        ^
E:/robot/project/xilinx_fpga_class/hls/lab2/yuv_filter.c:156:9: warning: HLS pragma dump _XLX_SEP_ PragmaIsValid=1_XLX_SEP_ PragmaType=loop_tripcount_XLX_SEP_ PragmaContext=_XLX_SEP_ PragmaFunction=yuv_scale_XLX_SEP_ PragmaOptions=min=200 max=1920_XLX_SEP_ [-Wdump-hls-pragmas]
#pragma HLS loop_tripcount min=200 max=1920
        ^
E:/robot/project/xilinx_fpga_class/hls/lab2/w/yuv_filter_solution3/hls_config.cfg:15:9: warning: HLS pragma dump _XLX_SEP_ PragmaIsValid=1_XLX_SEP_ PragmaType=pipeline_XLX_SEP_ PragmaContext=directive_XLX_SEP_ PragmaFunction=yuv_scale_XLX_SEP_ PragmaOptions=_XLX_SEP_ [-Wdump-hls-pragmas]
#pragma HLSDIRECTIVE PIPELINE
        ^
E:/robot/project/xilinx_fpga_class/hls/lab2/yuv_filter.c:159:9: warning: HLS pragma dump _XLX_SEP_ PragmaIsValid=1_XLX_SEP_ PragmaType=loop_tripcount_XLX_SEP_ PragmaContext=_XLX_SEP_ PragmaFunction=yuv_scale_XLX_SEP_ PragmaOptions=min=200 max=1280_XLX_SEP_ [-Wdump-hls-pragmas]
#pragma HLS loop_tripcount min=200 max=1280
        ^
10 warnings generated.
