  **** HLS Build v2024.2 5238294
INFO: [HLS 200-2005] Using work_dir E:/robot/project/xilinx_fpga_class/hls/lab1/sources/matrixmul/matrixmul 
INFO: [HLS 200-1611] Setting target device to 'xc7z020-clg400-1'
INFO: [HLS 200-1505] Using default flow_target 'vivado'
Resolution: For help on HLS 200-1505 see docs.xilinx.com/access/sources/dita/topic?Doc_Version=2024.2%20English&url=ug1448-hls-guidance&resourceid=200-1505.html
INFO: [HLS 200-1465] Applying ini 'syn.file=E:/robot/project/xilinx_fpga_class/hls/lab1/sources/matrixmul.cpp' from E:/robot/project/xilinx_fpga_class/hls/lab1/sources/matrixmul/hls_config.cfg(8)
INFO: [HLS 200-10] Adding design file 'E:/robot/project/xilinx_fpga_class/hls/lab1/sources/matrixmul.cpp' to the project
INFO: [HLS 200-1465] Applying ini 'tb.file=E:/robot/project/xilinx_fpga_class/hls/lab1/sources/matrixmul_test.cpp' from E:/robot/project/xilinx_fpga_class/hls/lab1/sources/matrixmul/hls_config.cfg(9)
INFO: [HLS 200-10] Adding test bench file 'E:/robot/project/xilinx_fpga_class/hls/lab1/sources/matrixmul_test.cpp' to the project
INFO: [HLS 200-1465] Applying ini 'tb.file_cflags=E:/robot/project/xilinx_fpga_class/hls/lab1/sources/matrixmul_test.cpp,-DHW_COSIM' from E:/robot/project/xilinx_fpga_class/hls/lab1/sources/matrixmul/hls_config.cfg(10)
INFO: [HLS 200-1465] Applying ini 'syn.top=matrixmul' from E:/robot/project/xilinx_fpga_class/hls/lab1/sources/matrixmul/hls_config.cfg(7)
INFO: [HLS 200-1465] Applying ini 'flow_target=vivado' from E:/robot/project/xilinx_fpga_class/hls/lab1/sources/matrixmul/hls_config.cfg(4)
INFO: [HLS 200-1505] Using flow_target 'vivado'
Resolution: For help on HLS 200-1505 see docs.xilinx.com/access/sources/dita/topic?Doc_Version=2024.2%20English&url=ug1448-hls-guidance&resourceid=200-1505.html
INFO: [HLS 200-1465] Applying ini 'part=xc7z020clg400-1' from E:/robot/project/xilinx_fpga_class/hls/lab1/sources/matrixmul/hls_config.cfg(1)
INFO: [HLS 200-1465] Applying ini 'clock=10ns' from E:/robot/project/xilinx_fpga_class/hls/lab1/sources/matrixmul/hls_config.cfg(11)
INFO: [SYN 201-201] Setting up clock 'default' with a period of 10ns.
INFO: [HLS 200-1465] Applying ini 'csim.code_analyzer=1' from E:/robot/project/xilinx_fpga_class/hls/lab1/sources/matrixmul/hls_config.cfg(12)
INFO: [HLS 200-1465] Applying ini 'package.output.format=ip_catalog' from E:/robot/project/xilinx_fpga_class/hls/lab1/sources/matrixmul/hls_config.cfg(5)
INFO: [COSIM 212-47] Using XSIM for RTL simulation.
INFO: [COSIM 212-14] Instrumenting C test bench ...
   Build using "E:/xilinx/Vitis/2024.2/vcxx/libexec/clang++"
   Compiling matrixmul.cpp_pre.cpp.tb.cpp
   Compiling apatb_matrixmul.cpp
   Compiling matrixmul_test.cpp_pre.cpp.tb.cpp
   Compiling apatb_matrixmul_ir.ll
   Generating cosim.tv.exe
INFO: [COSIM 212-302] Starting C TB testing ... 
{
{870,906,942}
{1086,1131,1176}
{1302,1356,1410}
}
Test passed.
INFO: [COSIM 212-333] Generating C post check test bench ...
INFO: [COSIM 212-12] Generating RTL test bench ...
INFO: [COSIM 212-1] *** C/RTL co-simulation file generation completed. ***
INFO: [COSIM 212-323] Starting verilog simulation. 
INFO: [COSIM 212-15] Starting XSIM ...

E:\robot\project\xilinx_fpga_class\hls\lab1\sources\matrixmul\matrixmul\hls\sim\verilog>set PATH= 

E:\robot\project\xilinx_fpga_class\hls\lab1\sources\matrixmul\matrixmul\hls\sim\verilog>call E:/xilinx/Vivado/2024.2/bin/xelab xil_defaultlib.apatb_matrixmul_top glbl -Oenable_linking_all_libraries  -prj matrixmul.prj -L smartconnect_v1_0 -L axi_protocol_checker_v1_1_12 -L axi_protocol_checker_v1_1_13 -L axis_protocol_checker_v1_1_11 -L axis_protocol_checker_v1_1_12 -L xil_defaultlib -L unisims_ver -L xpm  -L floating_point_v7_0_24 -L floating_point_v7_1_19 --lib "ieee_proposed=./ieee_proposed" -s matrixmul  
Vivado Simulator v2024.2.0
Copyright 1986-2022 Xilinx, Inc. All Rights Reserved.
Copyright 2022-2024 Advanced Micro Devices, Inc. All Rights Reserved.
Running: E:/xilinx/Vivado/2024.2/bin/unwrapped/win64.o/xelab.exe xil_defaultlib.apatb_matrixmul_top glbl -Oenable_linking_all_libraries -prj matrixmul.prj -L smartconnect_v1_0 -L axi_protocol_checker_v1_1_12 -L axi_protocol_checker_v1_1_13 -L axis_protocol_checker_v1_1_11 -L axis_protocol_checker_v1_1_12 -L xil_defaultlib -L unisims_ver -L xpm -L floating_point_v7_0_24 -L floating_point_v7_1_19 --lib ieee_proposed=./ieee_proposed -s matrixmul 
Multi-threading is on. Using 14 slave threads.
INFO: [VRFC 10-2263] Analyzing SystemVerilog file "E:/robot/project/xilinx_fpga_class/hls/lab1/sources/matrixmul/matrixmul/hls/sim/verilog/glbl.v" into library work
INFO: [VRFC 10-311] analyzing module glbl
INFO: [VRFC 10-2263] Analyzing SystemVerilog file "E:/robot/project/xilinx_fpga_class/hls/lab1/sources/matrixmul/matrixmul/hls/sim/verilog/AESL_automem_a.v" into library xil_defaultlib
INFO: [VRFC 10-311] analyzing module AESL_automem_a
INFO: [VRFC 10-2263] Analyzing SystemVerilog file "E:/robot/project/xilinx_fpga_class/hls/lab1/sources/matrixmul/matrixmul/hls/sim/verilog/AESL_automem_b.v" into library xil_defaultlib
INFO: [VRFC 10-311] analyzing module AESL_automem_b
INFO: [VRFC 10-2263] Analyzing SystemVerilog file "E:/robot/project/xilinx_fpga_class/hls/lab1/sources/matrixmul/matrixmul/hls/sim/verilog/AESL_automem_res.v" into library xil_defaultlib
INFO: [VRFC 10-311] analyzing module AESL_automem_res
INFO: [VRFC 10-2263] Analyzing SystemVerilog file "E:/robot/project/xilinx_fpga_class/hls/lab1/sources/matrixmul/matrixmul/hls/sim/verilog/matrixmul.autotb.v" into library xil_defaultlib
INFO: [VRFC 10-311] analyzing module apatb_matrixmul_top
INFO: [VRFC 10-2263] Analyzing SystemVerilog file "E:/robot/project/xilinx_fpga_class/hls/lab1/sources/matrixmul/matrixmul/hls/sim/verilog/matrixmul.v" into library xil_defaultlib
INFO: [VRFC 10-311] analyzing module matrixmul
INFO: [VRFC 10-2263] Analyzing SystemVerilog file "E:/robot/project/xilinx_fpga_class/hls/lab1/sources/matrixmul/matrixmul/hls/sim/verilog/matrixmul_flow_control_loop_delay_pipe.v" into library xil_defaultlib
INFO: [VRFC 10-311] analyzing module matrixmul_flow_control_loop_delay_pipe
INFO: [VRFC 10-2263] Analyzing SystemVerilog file "E:/robot/project/xilinx_fpga_class/hls/lab1/sources/matrixmul/matrixmul/hls/sim/verilog/matrixmul_mac_muladd_8s_8s_16ns_16_4_1.v" into library xil_defaultlib
INFO: [VRFC 10-311] analyzing module matrixmul_mac_muladd_8s_8s_16ns_16_4_1_DSP48_0
INFO: [VRFC 10-311] analyzing module matrixmul_mac_muladd_8s_8s_16ns_16_4_1
INFO: [VRFC 10-2263] Analyzing SystemVerilog file "E:/robot/project/xilinx_fpga_class/hls/lab1/sources/matrixmul/matrixmul/hls/sim/verilog/matrixmul_mac_muladd_8s_8s_16s_16_4_1.v" into library xil_defaultlib
INFO: [VRFC 10-311] analyzing module matrixmul_mac_muladd_8s_8s_16s_16_4_1_DSP48_0
INFO: [VRFC 10-311] analyzing module matrixmul_mac_muladd_8s_8s_16s_16_4_1
INFO: [VRFC 10-2263] Analyzing SystemVerilog file "E:/robot/project/xilinx_fpga_class/hls/lab1/sources/matrixmul/matrixmul/hls/sim/verilog/matrixmul_mul_8s_8s_16_1_1.v" into library xil_defaultlib
INFO: [VRFC 10-311] analyzing module matrixmul_mul_8s_8s_16_1_1
INFO: [VRFC 10-2263] Analyzing SystemVerilog file "E:/robot/project/xilinx_fpga_class/hls/lab1/sources/matrixmul/matrixmul/hls/sim/verilog/dataflow_monitor.sv" into library xil_defaultlib
INFO: [VRFC 10-311] analyzing module dataflow_monitor
Starting static elaboration
Pass Through NonSizing Optimizer
Completed static elaboration
Starting simulation data flow analysis
Completed simulation data flow analysis
Time Resolution for simulation is 1ps
Compiling package xil_defaultlib.$unit_dataflow_monitor_sv
Compiling module xil_defaultlib.matrixmul_mul_8s_8s_16_1_1(NUM_S...
Compiling module xil_defaultlib.matrixmul_mac_muladd_8s_8s_16s_1...
Compiling module xil_defaultlib.matrixmul_mac_muladd_8s_8s_16s_1...
Compiling module xil_defaultlib.matrixmul_mac_muladd_8s_8s_16ns_...
Compiling module xil_defaultlib.matrixmul_mac_muladd_8s_8s_16ns_...
Compiling module xil_defaultlib.matrixmul_flow_control_loop_dela...
Compiling module xil_defaultlib.matrixmul
Compiling module xil_defaultlib.AESL_automem_a
Compiling module xil_defaultlib.AESL_automem_b
Compiling module xil_defaultlib.AESL_automem_res
Compiling module xil_defaultlib.nodf_module_intf_default
Compiling module xil_defaultlib.upc_loop_intf_default
Compiling module xil_defaultlib.dataflow_monitor_1
Compiling module xil_defaultlib.apatb_matrixmul_top
Compiling module work.glbl
Built simulation snapshot matrixmul

****** xsim v2024.2 (64-bit)
  **** SW Build 5239630 on Fri Nov 08 22:35:27 MST 2024
  **** IP Build 5239520 on Sun Nov 10 16:12:51 MST 2024
  **** SharedData Build 5239561 on Fri Nov 08 14:39:27 MST 2024
  **** Start of session at: Tue Feb 11 16:13:10 2025
    ** Copyright 1986-2022 Xilinx, Inc. All Rights Reserved.
    ** Copyright 2022-2024 Advanced Micro Devices, Inc. All Rights Reserved.

source xsim.dir/matrixmul/xsim_script.tcl
# xsim {matrixmul} -autoloadwcfg -tclbatch {matrixmul.tcl}
Time resolution is 1 ps
source matrixmul.tcl
## run all
////////////////////////////////////////////////////////////////////////////////////
// Inter-Transaction Progress: Completed Transaction / Total Transaction
// Intra-Transaction Progress: Measured Latency / Latency Estimation * 100%
//
// RTL Simulation : "Inter-Transaction Progress" ["Intra-Transaction Progress"] @ "Simulation Time"
////////////////////////////////////////////////////////////////////////////////////
// RTL Simulation : 0 / 1 [0.00%] @ "125000"
// RTL Simulation : 1 / 1 [100.00%] @ "365000"
////////////////////////////////////////////////////////////////////////////////////
$finish called at time : 425 ns : File "E:/robot/project/xilinx_fpga_class/hls/lab1/sources/matrixmul/matrixmul/hls/sim/verilog/matrixmul.autotb.v" Line 337
## quit
INFO: [Common 17-206] Exiting xsim at Tue Feb 11 16:13:16 2025...
INFO: [COSIM 212-316] Starting C post checking ...
{
{870,906,942}
{1086,1131,1176}
{1302,1356,1410}
}
Test passed.
INFO: [COSIM 212-1000] *** C/RTL co-simulation finished: PASS ***
INFO: [COSIM 212-211] II is measurable only when transaction number is greater than 1 in RTL simulation. Otherwise, they will be marked as all NA. If user wants to calculate them, please make sure there are at least 2 transactions in RTL simulation.
INFO: [HLS 200-112] Total CPU user time: 2 seconds. Total CPU system time: 2 seconds. Total elapsed time: 39.559 seconds; peak allocated memory: 226.164 MB.
INFO: [vitis-run 60-791] Total elapsed time: 0h 0m 45s
