  **** HLS Build v2024.2 5238294
INFO: [HLS 200-2005] Using work_dir E:/robot/project/xilinx_fpga_class/hls/lab1/sources/matrixmul/matrixmul 
INFO: [HLS 200-1505] Using default flow_target 'vivado'
Resolution: For help on HLS 200-1505 see docs.xilinx.com/access/sources/dita/topic?Doc_Version=2024.2%20English&url=ug1448-hls-guidance&resourceid=200-1505.html
INFO: [HLS 200-1465] Applying ini 'syn.file=E:/robot/project/xilinx_fpga_class/hls/lab1/sources/matrixmul.cpp' from E:/robot/project/xilinx_fpga_class/hls/lab1/sources/matrixmul/hls_config.cfg(8)
INFO: [HLS 200-10] Adding design file 'E:/robot/project/xilinx_fpga_class/hls/lab1/sources/matrixmul.cpp' to the project
INFO: [HLS 200-1465] Applying ini 'tb.file=E:/robot/project/xilinx_fpga_class/hls/lab1/sources/matrixmul_test.cpp' from E:/robot/project/xilinx_fpga_class/hls/lab1/sources/matrixmul/hls_config.cfg(9)
INFO: [HLS 200-10] Adding test bench file 'E:/robot/project/xilinx_fpga_class/hls/lab1/sources/matrixmul_test.cpp' to the project
INFO: [HLS 200-1465] Applying ini 'tb.file_cflags=E:/robot/project/xilinx_fpga_class/hls/lab1/sources/matrixmul_test.cpp,-DHW_COSIM' from E:/robot/project/xilinx_fpga_class/hls/lab1/sources/matrixmul/hls_config.cfg(10)
INFO: [HLS 200-1465] Applying ini 'syn.top=matrixmul' from E:/robot/project/xilinx_fpga_class/hls/lab1/sources/matrixmul/hls_config.cfg(7)
INFO: [HLS 200-1465] Applying ini 'flow_target=vivado' from E:/robot/project/xilinx_fpga_class/hls/lab1/sources/matrixmul/hls_config.cfg(4)
INFO: [HLS 200-1505] Using flow_target 'vivado'
Resolution: For help on HLS 200-1505 see docs.xilinx.com/access/sources/dita/topic?Doc_Version=2024.2%20English&url=ug1448-hls-guidance&resourceid=200-1505.html
INFO: [HLS 200-1465] Applying ini 'part=xc7z020clg400-1' from E:/robot/project/xilinx_fpga_class/hls/lab1/sources/matrixmul/hls_config.cfg(1)
INFO: [HLS 200-1611] Setting target device to 'xc7z020-clg400-1'
INFO: [HLS 200-1465] Applying ini 'clock=10ns' from E:/robot/project/xilinx_fpga_class/hls/lab1/sources/matrixmul/hls_config.cfg(11)
INFO: [SYN 201-201] Setting up clock 'default' with a period of 10ns.
INFO: [HLS 200-1465] Applying ini 'csim.code_analyzer=1' from E:/robot/project/xilinx_fpga_class/hls/lab1/sources/matrixmul/hls_config.cfg(12)
INFO: [HLS 200-1465] Applying ini 'package.output.format=ip_catalog' from E:/robot/project/xilinx_fpga_class/hls/lab1/sources/matrixmul/hls_config.cfg(5)
INFO: [SIM 211-200] Executing Code Analyzer instead of classic HLS C simulation
INFO: [HLS 211-200] Compiling source code ../matrixmul.cpp as hardware code with instrumentation
INFO: [HLS 211-200] Compiling source code E:/robot/project/xilinx_fpga_class/hls/lab1/sources/matrixmul_test.cpp as test bench code with instrumentation
INFO: [HLS 211-200] Compiling source code ../matrixmul.cpp as test bench code with instrumentation
INFO: [HLS 211-200] Linking hardware code
INFO: [HLS 211-200] Transforming hardware bitcode
INFO: [HLS 211-200] Linking executable
INFO: [HLS 211-200] Computing HLS IR Information
INFO: [HLS 211-200] Determining source code dependencies
INFO: [SIM 211-200] Running executable
{
{870,906,942}
{1086,1131,1176}
{1302,1356,1410}
}
Test passed.
INFO: [SIM 211-200] Analyzing trace data
INFO: [SIM 211-208] Running Code Analyzer
INFO: [SIM 211-210] Code Analyzer finished
INFO: [HLS 200-112] Total CPU user time: 2 seconds. Total CPU system time: 1 seconds. Total elapsed time: 12.373 seconds; peak allocated memory: 162.594 MB.
INFO: [vitis-run 60-791] Total elapsed time: 0h 0m 18s
