02/14/25 09:36:47: Running xcd server. This server was built by gradle.
02/14/25 09:36:47: Server was asked to start on port: '64177'
02/14/25 09:36:47: Server is using token UUID: '4cafff38-1534-40b7-aaa7-be76050d9353'
02/14/25 09:36:47: SESSION_MGR: creating session with session uuid: '6d04a3e9-ade5-4ab9-8d63-1f78fcd2ec76' and name 'default'
02/14/25 09:36:47: Attempting to start server on port '64177'
02/14/25 09:36:47: Running Dispatch Server
02/14/25 09:36:47: Version 2.2.0
02/14/25 09:36:49: Dispatch Server: Accepted socket connection from client
02/14/25 09:36:49: Starting Socket connection
02/14/25 09:36:49: EXCHANGE_TOKEN received, server token: 4cafff38-1534-40b7-aaa7-be76050d9353, passed token: 4cafff38-1534-40b7-aaa7-be76050d9353
02/14/25 09:36:49: DISPATCH_HANDLER: Adding handler from function makeHandler in library xv_system_diagram
02/14/25 09:36:49: SESSION_MGR: creating session with session uuid: 'c36b1a9f-dcfe-4f07-bb34-20196a5a554a' and name 'v++_compile_dct_solution2'
02/14/25 09:36:49: KERNEL_SVC: creating session with uuid: 'c36b1a9f-dcfe-4f07-bb34-20196a5a554a' and name 'v++_compile_dct_solution2'
02/14/25 09:36:49: GUIDANCE_SMGR: creating guidance session with uuid: 'c36b1a9f-dcfe-4f07-bb34-20196a5a554a' and name 'v++_compile_dct_solution2'
02/14/25 09:36:49: SYSTEM_DIAGRAM: creating session with uuid: 'c36b1a9f-dcfe-4f07-bb34-20196a5a554a' and name 'v++_compile_dct_solution2'
02/14/25 09:36:57: Dispatch Server: Accepted socket connection from client
02/14/25 09:36:57: Starting Socket connection
02/14/25 09:37:11: SESSION_MGR: closing session for UUID 'c36b1a9f-dcfe-4f07-bb34-20196a5a554a' with name 'v++_compile_dct_solution2'
02/14/25 09:37:11: KERNEL_SVC: closing session for UUID 'c36b1a9f-dcfe-4f07-bb34-20196a5a554a' with name 'v++_compile_dct_solution2'
02/14/25 09:37:11: GUIDANCE_SMGR: closing session for UUID 'c36b1a9f-dcfe-4f07-bb34-20196a5a554a' with name 'v++_compile_dct_solution2'
02/14/25 09:37:12: SYSTEM_DIAGRAM: closing session for UUID 'c36b1a9f-dcfe-4f07-bb34-20196a5a554a' with name 'v++_compile_dct_solution2'
02/14/25 09:37:12: STOP_SERVER received, server token: 4cafff38-1534-40b7-aaa7-be76050d9353, passed token: 4cafff38-1534-40b7-aaa7-be76050d9353
02/14/25 09:37:12: Socket received request to stop server.
02/14/25 09:37:12: Dispatch Server: do_await_stop
02/14/25 09:37:12: SERVER: destructor for server bound to port 64177
