================================================================
== Design Size Report
================================================================

* Total Instructions per Compilation Phase
+---------------+-----------------------------+--------------+----------------------------------------------------------------------------------------+
| Phase         | Step                        | Instructions | Description                                                                            |
+---------------+-----------------------------+--------------+----------------------------------------------------------------------------------------+
| Compile/Link  |                             | 244          | After all functions are compiled and linked into a single design                       |
|               |                             |              |                                                                                        |
| Unroll/Inline |                             |              | After user unroll and inline pragmas are applied                                       |
|               | (1) unroll                  | 276          | user unroll pragmas are applied                                                        |
|               | (2) simplification          | 259          | simplification of applied user unroll pragmas                                          |
|               | (3) inline                  | 245          | user inline pragmas are applied                                                        |
|               | (4) simplification          | 245          | simplification of applied user inline pragmas                                          |
|               |                             |              |                                                                                        |
| Array/Struct  |                             |              | After user array partition and struct aggregate/disaggregate pragmas are applied       |
|               | (1) array partition         | 374          | user array partition pragmas are applied                                               |
|               | (2) simplification          | 374          | simplification of applied user array partition & struct aggregate/disaggregate pragmas |
|               | (3) aggregate/disaggregate  | 374          | user struct aggregate/disaggregate pragmas are applied                                 |
|               | (4) array reshape           | 374          | apply array reshape pragmas                                                            |
|               | (5) access patterns         | 374          | array access pattern optmizations                                                      |
|               |                             |              |                                                                                        |
| Performance   |                             |              | After transformations are applied to meet performance pragma targets                   |
|               | (1) loop simplification     | 374          | loop and instruction simplification                                                    |
|               | (2) parallelization         | 374          | loops are unrolled or pipelined to meet performance targets                            |
|               | (3) array partition         | 494          | arrays are partitioned to meet performance targets                                     |
|               | (4) simplification          | 382          | simplification of design after performance transformations                             |
|               |                             |              |                                                                                        |
| HW Transforms |                             |              | After hardware transfomations                                                          |
|               | (1) lowering                | 386          | initial conversion to HW specific instructions                                         |
|               | (2) optimizations           | 413          | high level synthesis optimizations                                                     |
+---------------+-----------------------------+--------------+----------------------------------------------------------------------------------------+

* Instructions per Function for each Compilation Phase
+---------------+-----------+---------------+---------------+---------------+---------------+---------------+
| Function      | Location  | Compile/Link  | Unroll/Inline | Array/Struct  | Performance   | HW Transforms |
+---------------+-----------+---------------+---------------+---------------+---------------+---------------+
| + dct         | dct.c:117 | 244           | 245           | 374           | 382           | 413           |
|    read_data  | dct.c:89  |  27           |  17           |  58           |  58           |  65           |
|  + dct_2d     | dct.c:50  | 171           |               |               |               |               |
|     dct_1d    | dct.c:30  |  72 (2 calls) |               |               |               |               |
|    write_data | dct.c:103 |  27           |  17           |  17           |  17           |  24           |
|    dct_1d     | dct.c:30  |               | 146 (2 calls) | 132 (2 calls) | 116 (2 calls) |               |
+---------------+-----------+---------------+---------------+---------------+---------------+---------------+

* Design Size Message Settings
+---------------------------------------------+--------+------------------------------------------------------------------+
| Message Setting                             | Value  | Description                                                      |
+---------------------------------------------+--------+------------------------------------------------------------------+
| config_compile -design_size_maximum_warning | 100000 | Show a warning when total design instructions exceeds this value |
+---------------------------------------------+--------+------------------------------------------------------------------+


