

================================================================
== Vitis HLS Report for 'dct'
================================================================
* Date:           Fri Feb 14 14:37:57 2025

* Version:        2024.2 (Build 5238294 on Nov  8 2024)
* Project:        dct_solution6
* Solution:       hls (Vivado IP Flow Target)
* Product family: zynq
* Target device:  xc7z020-clg400-1


================================================================
== Performance Estimates
================================================================
+ Timing: 
    * Summary: 
    +--------+----------+----------+------------+
    |  Clock |  Target  | Estimated| Uncertainty|
    +--------+----------+----------+------------+
    |ap_clk  |  10.00 ns|  6.669 ns|     2.70 ns|
    +--------+----------+----------+------------+

+ Latency: 
    * Summary: 
    +---------+---------+----------+----------+-----+-----+----------+
    |  Latency (cycles) |  Latency (absolute) |  Interval | Pipeline |
    |   min   |   max   |    min   |    max   | min | max |   Type   |
    +---------+---------+----------+----------+-----+-----+----------+
    |      417|      417|  4.170 us|  4.170 us|   64|   64|  dataflow|
    +---------+---------+----------+----------+-----+-----+----------+

    + Detail: 
        * Instance: 
        N/A

        * Loop: 
        N/A

============================================================
+ Verbose Summary: Synthesis Manager
============================================================
InlineROM: 1
ExposeGlobal: 0
============================================================
+ Verbose Summary: CDFG Model
============================================================
IsTopModel: 1
ResetActiveHigh: 1
IsCombinational: 2
IsDatapathOnly: 0
HasWiredReturn: 1
HasMFsm: 0
HasVarLatency: 1
IsPipeline: 0
IsRtlPipelined: 0
IsInstanceOverlapped: 0
IsDontTouch: 0
HasImplIP: 0
IsGatedGlobalClock: 0


============================================================
+ Verbose Summary: Schedule
============================================================
* Number of FSM states : 12
* Pipeline : 0
* Dataflow Pipeline: 1
  DF-Pipeline-0: Size = 12, States = { 1 2 3 4 5 6 7 8 9 10 11 12 }

* FSM state transitions: 
1 --> 2 
2 --> 3 
3 --> 4 
4 --> 5 
5 --> 6 
6 --> 7 
7 --> 8 
8 --> 9 
9 --> 10 
10 --> 11 
11 --> 12 
12 --> 

* FSM state operations: 

State 1 <SV = 0> <Delay = 0.00>
ST_1 : Operation 13 [1/1] (0.00ns)   --->   "%row_outbuf = alloca i64 1" [E:/robot/project/xilinx_fpga_class/hls/lab3/dct.c:54->E:/robot/project/xilinx_fpga_class/hls/lab3/dct.c:128]   --->   Operation 13 'alloca' 'row_outbuf' <Predicate = true> <Delay = 0.00>
ST_1 : Operation 14 [1/1] (0.00ns)   --->   "%col_outbuf = alloca i64 1" [E:/robot/project/xilinx_fpga_class/hls/lab3/dct.c:55->E:/robot/project/xilinx_fpga_class/hls/lab3/dct.c:128]   --->   Operation 14 'alloca' 'col_outbuf' <Predicate = true> <Delay = 0.00>
ST_1 : Operation 15 [1/1] (0.00ns)   --->   "%col_inbuf = alloca i64 1" [E:/robot/project/xilinx_fpga_class/hls/lab3/dct.c:55->E:/robot/project/xilinx_fpga_class/hls/lab3/dct.c:128]   --->   Operation 15 'alloca' 'col_inbuf' <Predicate = true> <Delay = 0.00>
ST_1 : Operation 16 [1/1] (0.00ns)   --->   "%col_inbuf_1 = alloca i64 1" [E:/robot/project/xilinx_fpga_class/hls/lab3/dct.c:55->E:/robot/project/xilinx_fpga_class/hls/lab3/dct.c:128]   --->   Operation 16 'alloca' 'col_inbuf_1' <Predicate = true> <Delay = 0.00>
ST_1 : Operation 17 [1/1] (0.00ns)   --->   "%col_inbuf_2 = alloca i64 1" [E:/robot/project/xilinx_fpga_class/hls/lab3/dct.c:55->E:/robot/project/xilinx_fpga_class/hls/lab3/dct.c:128]   --->   Operation 17 'alloca' 'col_inbuf_2' <Predicate = true> <Delay = 0.00>
ST_1 : Operation 18 [1/1] (0.00ns)   --->   "%col_inbuf_3 = alloca i64 1" [E:/robot/project/xilinx_fpga_class/hls/lab3/dct.c:55->E:/robot/project/xilinx_fpga_class/hls/lab3/dct.c:128]   --->   Operation 18 'alloca' 'col_inbuf_3' <Predicate = true> <Delay = 0.00>
ST_1 : Operation 19 [1/1] (0.00ns)   --->   "%col_inbuf_4 = alloca i64 1" [E:/robot/project/xilinx_fpga_class/hls/lab3/dct.c:55->E:/robot/project/xilinx_fpga_class/hls/lab3/dct.c:128]   --->   Operation 19 'alloca' 'col_inbuf_4' <Predicate = true> <Delay = 0.00>
ST_1 : Operation 20 [1/1] (0.00ns)   --->   "%col_inbuf_5 = alloca i64 1" [E:/robot/project/xilinx_fpga_class/hls/lab3/dct.c:55->E:/robot/project/xilinx_fpga_class/hls/lab3/dct.c:128]   --->   Operation 20 'alloca' 'col_inbuf_5' <Predicate = true> <Delay = 0.00>
ST_1 : Operation 21 [1/1] (0.00ns)   --->   "%col_inbuf_6 = alloca i64 1" [E:/robot/project/xilinx_fpga_class/hls/lab3/dct.c:55->E:/robot/project/xilinx_fpga_class/hls/lab3/dct.c:128]   --->   Operation 21 'alloca' 'col_inbuf_6' <Predicate = true> <Delay = 0.00>
ST_1 : Operation 22 [1/1] (0.00ns)   --->   "%col_inbuf_7 = alloca i64 1" [E:/robot/project/xilinx_fpga_class/hls/lab3/dct.c:55->E:/robot/project/xilinx_fpga_class/hls/lab3/dct.c:128]   --->   Operation 22 'alloca' 'col_inbuf_7' <Predicate = true> <Delay = 0.00>
ST_1 : Operation 23 [1/1] (0.00ns)   --->   "%buf_2d_in = alloca i64 1" [E:/robot/project/xilinx_fpga_class/hls/lab3/dct.c:121]   --->   Operation 23 'alloca' 'buf_2d_in' <Predicate = true> <Delay = 0.00>
ST_1 : Operation 24 [1/1] (0.00ns)   --->   "%buf_2d_in_8 = alloca i64 1" [E:/robot/project/xilinx_fpga_class/hls/lab3/dct.c:121]   --->   Operation 24 'alloca' 'buf_2d_in_8' <Predicate = true> <Delay = 0.00>
ST_1 : Operation 25 [1/1] (0.00ns)   --->   "%buf_2d_in_9 = alloca i64 1" [E:/robot/project/xilinx_fpga_class/hls/lab3/dct.c:121]   --->   Operation 25 'alloca' 'buf_2d_in_9' <Predicate = true> <Delay = 0.00>
ST_1 : Operation 26 [1/1] (0.00ns)   --->   "%buf_2d_in_10 = alloca i64 1" [E:/robot/project/xilinx_fpga_class/hls/lab3/dct.c:121]   --->   Operation 26 'alloca' 'buf_2d_in_10' <Predicate = true> <Delay = 0.00>
ST_1 : Operation 27 [1/1] (0.00ns)   --->   "%buf_2d_in_11 = alloca i64 1" [E:/robot/project/xilinx_fpga_class/hls/lab3/dct.c:121]   --->   Operation 27 'alloca' 'buf_2d_in_11' <Predicate = true> <Delay = 0.00>
ST_1 : Operation 28 [1/1] (0.00ns)   --->   "%buf_2d_in_12 = alloca i64 1" [E:/robot/project/xilinx_fpga_class/hls/lab3/dct.c:121]   --->   Operation 28 'alloca' 'buf_2d_in_12' <Predicate = true> <Delay = 0.00>
ST_1 : Operation 29 [1/1] (0.00ns)   --->   "%buf_2d_in_13 = alloca i64 1" [E:/robot/project/xilinx_fpga_class/hls/lab3/dct.c:121]   --->   Operation 29 'alloca' 'buf_2d_in_13' <Predicate = true> <Delay = 0.00>
ST_1 : Operation 30 [1/1] (0.00ns)   --->   "%buf_2d_in_14 = alloca i64 1" [E:/robot/project/xilinx_fpga_class/hls/lab3/dct.c:121]   --->   Operation 30 'alloca' 'buf_2d_in_14' <Predicate = true> <Delay = 0.00>
ST_1 : Operation 31 [1/1] (0.00ns)   --->   "%buf_2d_out = alloca i64 1" [E:/robot/project/xilinx_fpga_class/hls/lab3/dct.c:123]   --->   Operation 31 'alloca' 'buf_2d_out' <Predicate = true> <Delay = 0.00>
ST_1 : Operation 32 [2/2] (0.00ns)   --->   "%call_ln126 = call void @read_data, i16 %input_r, i16 %buf_2d_in, i16 %buf_2d_in_8, i16 %buf_2d_in_9, i16 %buf_2d_in_10, i16 %buf_2d_in_11, i16 %buf_2d_in_12, i16 %buf_2d_in_13, i16 %buf_2d_in_14" [E:/robot/project/xilinx_fpga_class/hls/lab3/dct.c:126]   --->   Operation 32 'call' 'call_ln126' <Predicate = true> <Delay = 0.00> <CoreType = "Generic">   --->   Generic Core

State 2 <SV = 1> <Delay = 0.00>
ST_2 : Operation 33 [1/2] (0.00ns)   --->   "%call_ln126 = call void @read_data, i16 %input_r, i16 %buf_2d_in, i16 %buf_2d_in_8, i16 %buf_2d_in_9, i16 %buf_2d_in_10, i16 %buf_2d_in_11, i16 %buf_2d_in_12, i16 %buf_2d_in_13, i16 %buf_2d_in_14" [E:/robot/project/xilinx_fpga_class/hls/lab3/dct.c:126]   --->   Operation 33 'call' 'call_ln126' <Predicate = true> <Delay = 0.00> <CoreType = "Generic">   --->   Generic Core

State 3 <SV = 2> <Delay = 0.00>
ST_3 : Operation 34 [2/2] (0.00ns)   --->   "%call_ln57 = call void @Loop_Row_DCT_Loop_proc, i16 %buf_2d_in, i16 %buf_2d_in_8, i16 %buf_2d_in_9, i16 %buf_2d_in_10, i16 %buf_2d_in_11, i16 %buf_2d_in_12, i16 %buf_2d_in_13, i16 %buf_2d_in_14, i16 %row_outbuf, i14 %dct_1d_dct_coeff_table_02, i15 %dct_1d_dct_coeff_table_13, i15 %dct_1d_dct_coeff_table_24, i15 %dct_1d_dct_coeff_table_35, i15 %dct_1d_dct_coeff_table_46, i15 %dct_1d_dct_coeff_table_57, i15 %dct_1d_dct_coeff_table_68, i15 %dct_1d_dct_coeff_table_79" [E:/robot/project/xilinx_fpga_class/hls/lab3/dct.c:57->E:/robot/project/xilinx_fpga_class/hls/lab3/dct.c:128]   --->   Operation 34 'call' 'call_ln57' <Predicate = true> <Delay = 0.00> <CoreType = "Generic">   --->   Generic Core

State 4 <SV = 3> <Delay = 0.00>
ST_4 : Operation 35 [1/2] (0.00ns)   --->   "%call_ln57 = call void @Loop_Row_DCT_Loop_proc, i16 %buf_2d_in, i16 %buf_2d_in_8, i16 %buf_2d_in_9, i16 %buf_2d_in_10, i16 %buf_2d_in_11, i16 %buf_2d_in_12, i16 %buf_2d_in_13, i16 %buf_2d_in_14, i16 %row_outbuf, i14 %dct_1d_dct_coeff_table_02, i15 %dct_1d_dct_coeff_table_13, i15 %dct_1d_dct_coeff_table_24, i15 %dct_1d_dct_coeff_table_35, i15 %dct_1d_dct_coeff_table_46, i15 %dct_1d_dct_coeff_table_57, i15 %dct_1d_dct_coeff_table_68, i15 %dct_1d_dct_coeff_table_79" [E:/robot/project/xilinx_fpga_class/hls/lab3/dct.c:57->E:/robot/project/xilinx_fpga_class/hls/lab3/dct.c:128]   --->   Operation 35 'call' 'call_ln57' <Predicate = true> <Delay = 0.00> <CoreType = "Generic">   --->   Generic Core

State 5 <SV = 4> <Delay = 0.00>
ST_5 : Operation 36 [2/2] (0.00ns)   --->   "%call_ln57 = call void @Loop_Xpose_Row_Outer_Loop_proc, i16 %col_inbuf_7, i16 %col_inbuf_6, i16 %col_inbuf_5, i16 %col_inbuf_4, i16 %col_inbuf_3, i16 %col_inbuf_2, i16 %col_inbuf_1, i16 %col_inbuf, i16 %row_outbuf" [E:/robot/project/xilinx_fpga_class/hls/lab3/dct.c:57->E:/robot/project/xilinx_fpga_class/hls/lab3/dct.c:128]   --->   Operation 36 'call' 'call_ln57' <Predicate = true> <Delay = 0.00> <CoreType = "Generic">   --->   Generic Core

State 6 <SV = 5> <Delay = 0.00>
ST_6 : Operation 37 [1/2] (0.00ns)   --->   "%call_ln57 = call void @Loop_Xpose_Row_Outer_Loop_proc, i16 %col_inbuf_7, i16 %col_inbuf_6, i16 %col_inbuf_5, i16 %col_inbuf_4, i16 %col_inbuf_3, i16 %col_inbuf_2, i16 %col_inbuf_1, i16 %col_inbuf, i16 %row_outbuf" [E:/robot/project/xilinx_fpga_class/hls/lab3/dct.c:57->E:/robot/project/xilinx_fpga_class/hls/lab3/dct.c:128]   --->   Operation 37 'call' 'call_ln57' <Predicate = true> <Delay = 0.00> <CoreType = "Generic">   --->   Generic Core

State 7 <SV = 6> <Delay = 0.00>
ST_7 : Operation 38 [2/2] (0.00ns)   --->   "%call_ln57 = call void @Loop_Col_DCT_Loop_proc, i16 %col_inbuf, i16 %col_inbuf_1, i16 %col_inbuf_2, i16 %col_inbuf_3, i16 %col_inbuf_4, i16 %col_inbuf_5, i16 %col_inbuf_6, i16 %col_inbuf_7, i16 %col_outbuf, i14 %dct_1d_dct_coeff_table_0, i15 %dct_1d_dct_coeff_table_1, i15 %dct_1d_dct_coeff_table_2, i15 %dct_1d_dct_coeff_table_3, i15 %dct_1d_dct_coeff_table_4, i15 %dct_1d_dct_coeff_table_5, i15 %dct_1d_dct_coeff_table_6, i15 %dct_1d_dct_coeff_table_7" [E:/robot/project/xilinx_fpga_class/hls/lab3/dct.c:57->E:/robot/project/xilinx_fpga_class/hls/lab3/dct.c:128]   --->   Operation 38 'call' 'call_ln57' <Predicate = true> <Delay = 0.00> <CoreType = "Generic">   --->   Generic Core

State 8 <SV = 7> <Delay = 0.00>
ST_8 : Operation 39 [1/2] (0.00ns)   --->   "%call_ln57 = call void @Loop_Col_DCT_Loop_proc, i16 %col_inbuf, i16 %col_inbuf_1, i16 %col_inbuf_2, i16 %col_inbuf_3, i16 %col_inbuf_4, i16 %col_inbuf_5, i16 %col_inbuf_6, i16 %col_inbuf_7, i16 %col_outbuf, i14 %dct_1d_dct_coeff_table_0, i15 %dct_1d_dct_coeff_table_1, i15 %dct_1d_dct_coeff_table_2, i15 %dct_1d_dct_coeff_table_3, i15 %dct_1d_dct_coeff_table_4, i15 %dct_1d_dct_coeff_table_5, i15 %dct_1d_dct_coeff_table_6, i15 %dct_1d_dct_coeff_table_7" [E:/robot/project/xilinx_fpga_class/hls/lab3/dct.c:57->E:/robot/project/xilinx_fpga_class/hls/lab3/dct.c:128]   --->   Operation 39 'call' 'call_ln57' <Predicate = true> <Delay = 0.00> <CoreType = "Generic">   --->   Generic Core

State 9 <SV = 8> <Delay = 0.00>
ST_9 : Operation 40 [2/2] (0.00ns)   --->   "%call_ln57 = call void @Loop_Xpose_Col_Outer_Loop_proc, i16 %col_outbuf, i16 %buf_2d_out" [E:/robot/project/xilinx_fpga_class/hls/lab3/dct.c:57->E:/robot/project/xilinx_fpga_class/hls/lab3/dct.c:128]   --->   Operation 40 'call' 'call_ln57' <Predicate = true> <Delay = 0.00> <CoreType = "Generic">   --->   Generic Core

State 10 <SV = 9> <Delay = 0.00>
ST_10 : Operation 41 [1/2] (0.00ns)   --->   "%call_ln57 = call void @Loop_Xpose_Col_Outer_Loop_proc, i16 %col_outbuf, i16 %buf_2d_out" [E:/robot/project/xilinx_fpga_class/hls/lab3/dct.c:57->E:/robot/project/xilinx_fpga_class/hls/lab3/dct.c:128]   --->   Operation 41 'call' 'call_ln57' <Predicate = true> <Delay = 0.00> <CoreType = "Generic">   --->   Generic Core

State 11 <SV = 10> <Delay = 0.00>
ST_11 : Operation 42 [2/2] (0.00ns)   --->   "%call_ln131 = call void @write_data, i16 %buf_2d_out, i16 %output_r" [E:/robot/project/xilinx_fpga_class/hls/lab3/dct.c:131]   --->   Operation 42 'call' 'call_ln131' <Predicate = true> <Delay = 0.00> <CoreType = "Generic">   --->   Generic Core

State 12 <SV = 11> <Delay = 0.00>
ST_12 : Operation 43 [1/1] (0.00ns)   --->   "%specdataflowpipeline_ln119 = specdataflowpipeline void @_ssdm_op_SpecDataflowPipeline, i32 4294967295, i32 0, void @empty_0" [E:/robot/project/xilinx_fpga_class/hls/lab3/dct.c:119]   --->   Operation 43 'specdataflowpipeline' 'specdataflowpipeline_ln119' <Predicate = true> <Delay = 0.00>
ST_12 : Operation 44 [1/1] (0.00ns)   --->   "%spectopmodule_ln117 = spectopmodule void @_ssdm_op_SpecTopModule, void @empty_1" [E:/robot/project/xilinx_fpga_class/hls/lab3/dct.c:117]   --->   Operation 44 'spectopmodule' 'spectopmodule_ln117' <Predicate = true> <Delay = 0.00>
ST_12 : Operation 45 [1/1] (0.00ns)   --->   "%specinterface_ln0 = specinterface void @_ssdm_op_SpecInterface, i16 %input_r, void @empty, i32 0, i32 0, void @empty_0, i32 4294967295, i32 0, void @empty_0, void @empty_0, void @empty_0, i32 0, i32 0, i32 0, i32 0, void @empty_0, void @empty_0, i32 4294967295, i32 0, i32 0"   --->   Operation 45 'specinterface' 'specinterface_ln0' <Predicate = true> <Delay = 0.00>
ST_12 : Operation 46 [1/1] (0.00ns)   --->   "%specbitsmap_ln0 = specbitsmap void @_ssdm_op_SpecBitsMap, i16 %input_r"   --->   Operation 46 'specbitsmap' 'specbitsmap_ln0' <Predicate = true> <Delay = 0.00>
ST_12 : Operation 47 [1/1] (0.00ns)   --->   "%specinterface_ln0 = specinterface void @_ssdm_op_SpecInterface, i16 %output_r, void @empty, i32 0, i32 0, void @empty_0, i32 4294967295, i32 0, void @empty_0, void @empty_0, void @empty_0, i32 0, i32 0, i32 0, i32 0, void @empty_0, void @empty_0, i32 4294967295, i32 0, i32 0"   --->   Operation 47 'specinterface' 'specinterface_ln0' <Predicate = true> <Delay = 0.00>
ST_12 : Operation 48 [1/1] (0.00ns)   --->   "%specbitsmap_ln0 = specbitsmap void @_ssdm_op_SpecBitsMap, i16 %output_r"   --->   Operation 48 'specbitsmap' 'specbitsmap_ln0' <Predicate = true> <Delay = 0.00>
ST_12 : Operation 49 [1/2] (0.00ns)   --->   "%call_ln131 = call void @write_data, i16 %buf_2d_out, i16 %output_r" [E:/robot/project/xilinx_fpga_class/hls/lab3/dct.c:131]   --->   Operation 49 'call' 'call_ln131' <Predicate = true> <Delay = 0.00> <CoreType = "Generic">   --->   Generic Core
ST_12 : Operation 50 [1/1] (0.00ns)   --->   "%ret_ln132 = ret" [E:/robot/project/xilinx_fpga_class/hls/lab3/dct.c:132]   --->   Operation 50 'ret' 'ret_ln132' <Predicate = true> <Delay = 0.00>


============================================================
+ Verbose Summary: Timing violations
============================================================
Target clock period: 10.000ns, clock uncertainty: 2.700ns.

 <State 1>: 0.000ns
The critical path consists of the following:

 <State 2>: 0.000ns
The critical path consists of the following:

 <State 3>: 0.000ns
The critical path consists of the following:

 <State 4>: 0.000ns
The critical path consists of the following:

 <State 5>: 0.000ns
The critical path consists of the following:

 <State 6>: 0.000ns
The critical path consists of the following:

 <State 7>: 0.000ns
The critical path consists of the following:

 <State 8>: 0.000ns
The critical path consists of the following:

 <State 9>: 0.000ns
The critical path consists of the following:

 <State 10>: 0.000ns
The critical path consists of the following:

 <State 11>: 0.000ns
The critical path consists of the following:

 <State 12>: 0.000ns
The critical path consists of the following:


============================================================
+ Verbose Summary: Binding
============================================================
N/A
* FSMD analyzer results:
  - Output states:
 - Input state : 
  - Chain level:
	State 1
	State 2
	State 3
	State 4
	State 5
	State 6
	State 7
	State 8
	State 9
	State 10
	State 11
	State 12


============================================================
+ Verbose Summary: Datapath Resource usage 
============================================================
N/A
