

================================================================
== Vitis HLS Report for 'Loop_Xpose_Row_Outer_Loop_proc'
================================================================
* Date:           Fri Feb 14 14:37:55 2025

* Version:        2024.2 (Build 5238294 on Nov  8 2024)
* Project:        dct_solution6
* Solution:       hls (Vivado IP Flow Target)
* Product family: zynq
* Target device:  xc7z020-clg400-1


================================================================
== Performance Estimates
================================================================
+ Timing: 
    * Summary: 
    +--------+----------+----------+------------+
    |  Clock |  Target  | Estimated| Uncertainty|
    +--------+----------+----------+------------+
    |ap_clk  |  10.00 ns|  6.082 ns|     2.70 ns|
    +--------+----------+----------+------------+

+ Latency: 
    * Summary: 
    +---------+---------+----------+----------+-----+-----+------------------------------------------------+
    |  Latency (cycles) |  Latency (absolute) |  Interval |                    Pipeline                    |
    |   min   |   max   |    min   |    max   | min | max |                      Type                      |
    +---------+---------+----------+----------+-----+-----+------------------------------------------------+
    |       67|       67|  0.670 us|  0.670 us|   65|   65|  loop auto-rewind stp (delay=1 clock cycles(s))|
    +---------+---------+----------+----------+-----+-----+------------------------------------------------+

    + Detail: 
        * Instance: 
        N/A

        * Loop: 
        +---------------------------------------------+---------+---------+----------+-----------+-----------+------+----------+
        |                                             |  Latency (cycles) | Iteration|  Initiation Interval  | Trip |          |
        |                  Loop Name                  |   min   |   max   |  Latency |  achieved |   target  | Count| Pipelined|
        +---------------------------------------------+---------+---------+----------+-----------+-----------+------+----------+
        |- Xpose_Row_Outer_Loop_Xpose_Row_Inner_Loop  |       65|       65|         3|          1|          1|    64|       yes|
        +---------------------------------------------+---------+---------+----------+-----------+-----------+------+----------+

============================================================
+ Verbose Summary: Synthesis Manager
============================================================
InlineROM: 1
ExposeGlobal: 0
============================================================
+ Verbose Summary: CDFG Model
============================================================
IsTopModel: 0
ResetActiveHigh: 1
IsCombinational: 2
IsDatapathOnly: 0
HasWiredReturn: 1
HasMFsm: 2
HasVarLatency: 1
IsPipeline: 0
IsRtlPipelined: 0
IsInstanceOverlapped: 0
IsDontTouch: 0
HasImplIP: 0
IsGatedGlobalClock: 0

+ Individual pipeline summary: 
  * Pipeline-0: initiation interval (II) = 1, depth = 3


============================================================
+ Verbose Summary: Schedule
============================================================
* Number of FSM states : 3
* Pipeline : 1
  Pipeline-0 : II = 1, D = 3, States = { 1 2 3 }
* Dataflow Pipeline: 0

* FSM state transitions: 
1 --> 2 
2 --> 3 
3 --> 

* FSM state operations: 

State 1 <SV = 0> <Delay = 6.08>
ST_1 : Operation 6 [1/1] (0.00ns)   --->   "%indvar_flatten1 = alloca i32 1"   --->   Operation 6 'alloca' 'indvar_flatten1' <Predicate = true> <Delay = 0.00>
ST_1 : Operation 7 [1/1] (0.00ns)   --->   "%j2 = alloca i32 1"   --->   Operation 7 'alloca' 'j2' <Predicate = true> <Delay = 0.00>
ST_1 : Operation 8 [1/1] (0.00ns)   --->   "%i3 = alloca i32 1"   --->   Operation 8 'alloca' 'i3' <Predicate = true> <Delay = 0.00>
ST_1 : Operation 9 [1/1] (1.58ns)   --->   "%store_ln0 = store i4 0, i4 %i3"   --->   Operation 9 'store' 'store_ln0' <Predicate = true> <Delay = 1.58>
ST_1 : Operation 10 [1/1] (1.58ns)   --->   "%store_ln0 = store i4 0, i4 %j2"   --->   Operation 10 'store' 'store_ln0' <Predicate = true> <Delay = 1.58>
ST_1 : Operation 11 [1/1] (1.58ns)   --->   "%store_ln0 = store i6 0, i6 %indvar_flatten1"   --->   Operation 11 'store' 'store_ln0' <Predicate = true> <Delay = 1.58>
ST_1 : Operation 12 [1/1] (1.58ns)   --->   "%br_ln0 = br void %for.end20.i"   --->   Operation 12 'br' 'br_ln0' <Predicate = true> <Delay = 1.58>
ST_1 : Operation 13 [1/1] (0.00ns)   --->   "%icmp_ln694 = phi i1 0, void %entry, i1 %icmp_ln69, void %arrayidx176.i.exit" [E:/robot/project/xilinx_fpga_class/hls/lab3/dct.c:69]   --->   Operation 13 'phi' 'icmp_ln694' <Predicate = true> <Delay = 0.00>
ST_1 : Operation 14 [1/1] (0.00ns)   --->   "%indvar_flatten1_load = load i6 %indvar_flatten1" [E:/robot/project/xilinx_fpga_class/hls/lab3/dct.c:66]   --->   Operation 14 'load' 'indvar_flatten1_load' <Predicate = true> <Delay = 0.00>
ST_1 : Operation 15 [1/1] (0.00ns)   --->   "%j2_load = load i4 %j2" [E:/robot/project/xilinx_fpga_class/hls/lab3/dct.c:66]   --->   Operation 15 'load' 'j2_load' <Predicate = true> <Delay = 0.00>
ST_1 : Operation 16 [1/1] (0.00ns)   --->   "%i3_load = load i4 %i3" [E:/robot/project/xilinx_fpga_class/hls/lab3/dct.c:57]   --->   Operation 16 'load' 'i3_load' <Predicate = true> <Delay = 0.00>
ST_1 : Operation 17 [1/1] (1.73ns)   --->   "%add_ln66 = add i4 %j2_load, i4 1" [E:/robot/project/xilinx_fpga_class/hls/lab3/dct.c:66]   --->   Operation 17 'add' 'add_ln66' <Predicate = true> <Delay = 1.73> <CoreInst = "Adder">   --->   Core 1 'Adder' <Latency = 0> <II = 1> <Delay = 1.73> <FuncUnit> <Opcode : 'add' 'sub'> <InPorts = 2> <OutPorts = 1>
ST_1 : Operation 18 [1/1] (1.02ns)   --->   "%select_ln57 = select i1 %icmp_ln694, i4 0, i4 %i3_load" [E:/robot/project/xilinx_fpga_class/hls/lab3/dct.c:57]   --->   Operation 18 'select' 'select_ln57' <Predicate = true> <Delay = 1.02> <CoreInst = "Sel">   --->   Core 73 'Sel' <Latency = 0> <II = 1> <Delay = 1.02> <FuncUnit> <Opcode : 'select'> <InPorts = 3> <OutPorts = 1>
ST_1 : Operation 19 [1/1] (0.00ns)   --->   "%trunc_ln66 = trunc i4 %select_ln57" [E:/robot/project/xilinx_fpga_class/hls/lab3/dct.c:66]   --->   Operation 19 'trunc' 'trunc_ln66' <Predicate = true> <Delay = 0.00>
ST_1 : Operation 20 [1/1] (1.02ns)   --->   "%j = select i1 %icmp_ln694, i4 %add_ln66, i4 %j2_load" [E:/robot/project/xilinx_fpga_class/hls/lab3/dct.c:66]   --->   Operation 20 'select' 'j' <Predicate = true> <Delay = 1.02> <CoreInst = "Sel">   --->   Core 73 'Sel' <Latency = 0> <II = 1> <Delay = 1.02> <FuncUnit> <Opcode : 'select'> <InPorts = 3> <OutPorts = 1>
ST_1 : Operation 21 [1/1] (1.82ns)   --->   "%add_ln66_1 = add i6 %indvar_flatten1_load, i6 1" [E:/robot/project/xilinx_fpga_class/hls/lab3/dct.c:66]   --->   Operation 21 'add' 'add_ln66_1' <Predicate = true> <Delay = 1.82> <CoreInst = "Adder">   --->   Core 1 'Adder' <Latency = 0> <II = 1> <Delay = 1.82> <FuncUnit> <Opcode : 'add' 'sub'> <InPorts = 2> <OutPorts = 1>
ST_1 : Operation 22 [1/1] (1.65ns)   --->   "%switch_ln72 = switch i3 %trunc_ln66, void %arrayidx176.i.case.7, i3 0, void %arrayidx176.i.case.0, i3 1, void %arrayidx176.i.case.1, i3 2, void %arrayidx176.i.case.2, i3 3, void %arrayidx176.i.case.3, i3 4, void %arrayidx176.i.case.4, i3 5, void %arrayidx176.i.case.5, i3 6, void %arrayidx176.i.case.6" [E:/robot/project/xilinx_fpga_class/hls/lab3/dct.c:72]   --->   Operation 22 'switch' 'switch_ln72' <Predicate = true> <Delay = 1.65>
ST_1 : Operation 23 [1/1] (1.73ns)   --->   "%i = add i4 %select_ln57, i4 1" [E:/robot/project/xilinx_fpga_class/hls/lab3/dct.c:69]   --->   Operation 23 'add' 'i' <Predicate = true> <Delay = 1.73> <CoreInst = "Adder">   --->   Core 1 'Adder' <Latency = 0> <II = 1> <Delay = 1.73> <FuncUnit> <Opcode : 'add' 'sub'> <InPorts = 2> <OutPorts = 1>
ST_1 : Operation 24 [1/1] (1.73ns)   --->   "%icmp_ln69 = icmp_eq  i4 %i, i4 8" [E:/robot/project/xilinx_fpga_class/hls/lab3/dct.c:69]   --->   Operation 24 'icmp' 'icmp_ln69' <Predicate = true> <Delay = 1.73> <CoreInst = "Cmp">   --->   Core 9 'Cmp' <Latency = 0> <II = 1> <Delay = 1.73> <FuncUnit> <Opcode : 'seteq' 'setne' 'setle' 'setge' 'setlt' 'setgt'> <InPorts = 2> <OutPorts = 1>
ST_1 : Operation 25 [1/1] (1.82ns)   --->   "%icmp_ln66 = icmp_eq  i6 %indvar_flatten1_load, i6 63" [E:/robot/project/xilinx_fpga_class/hls/lab3/dct.c:66]   --->   Operation 25 'icmp' 'icmp_ln66' <Predicate = true> <Delay = 1.82> <CoreInst = "Cmp">   --->   Core 9 'Cmp' <Latency = 0> <II = 1> <Delay = 1.82> <FuncUnit> <Opcode : 'seteq' 'setne' 'setle' 'setge' 'setlt' 'setgt'> <InPorts = 2> <OutPorts = 1>
ST_1 : Operation 26 [1/1] (1.58ns)   --->   "%store_ln69 = store i4 %i, i4 %i3" [E:/robot/project/xilinx_fpga_class/hls/lab3/dct.c:69]   --->   Operation 26 'store' 'store_ln69' <Predicate = true> <Delay = 1.58>
ST_1 : Operation 27 [1/1] (1.58ns)   --->   "%store_ln66 = store i4 %j, i4 %j2" [E:/robot/project/xilinx_fpga_class/hls/lab3/dct.c:66]   --->   Operation 27 'store' 'store_ln66' <Predicate = true> <Delay = 1.58>
ST_1 : Operation 28 [1/1] (1.58ns)   --->   "%store_ln66 = store i6 %add_ln66_1, i6 %indvar_flatten1" [E:/robot/project/xilinx_fpga_class/hls/lab3/dct.c:66]   --->   Operation 28 'store' 'store_ln66' <Predicate = true> <Delay = 1.58>
ST_1 : Operation 29 [1/1] (0.00ns)   --->   "%br_ln66 = br i1 %icmp_ln66, void %for.end20.i, void %for.end23.i.exitStub" [E:/robot/project/xilinx_fpga_class/hls/lab3/dct.c:66]   --->   Operation 29 'br' 'br_ln66' <Predicate = true> <Delay = 0.00>

State 2 <SV = 1> <Delay = 5.07>
ST_2 : Operation 30 [1/1] (0.00ns)   --->   "%select_ln66_cast = zext i4 %j" [E:/robot/project/xilinx_fpga_class/hls/lab3/dct.c:66]   --->   Operation 30 'zext' 'select_ln66_cast' <Predicate = true> <Delay = 0.00>
ST_2 : Operation 31 [1/1] (0.00ns)   --->   "%tmp = bitconcatenate i6 @_ssdm_op_BitConcatenate.i6.i3.i3, i3 %trunc_ln66, i3 0" [E:/robot/project/xilinx_fpga_class/hls/lab3/dct.c:72]   --->   Operation 31 'bitconcatenate' 'tmp' <Predicate = true> <Delay = 0.00>
ST_2 : Operation 32 [1/1] (1.82ns)   --->   "%add_ln72 = add i6 %tmp, i6 %select_ln66_cast" [E:/robot/project/xilinx_fpga_class/hls/lab3/dct.c:72]   --->   Operation 32 'add' 'add_ln72' <Predicate = true> <Delay = 1.82> <CoreInst = "Adder">   --->   Core 1 'Adder' <Latency = 0> <II = 1> <Delay = 1.82> <FuncUnit> <Opcode : 'add' 'sub'> <InPorts = 2> <OutPorts = 1>
ST_2 : Operation 33 [1/1] (0.00ns)   --->   "%zext_ln72 = zext i6 %add_ln72" [E:/robot/project/xilinx_fpga_class/hls/lab3/dct.c:72]   --->   Operation 33 'zext' 'zext_ln72' <Predicate = true> <Delay = 0.00>
ST_2 : Operation 34 [1/1] (0.00ns)   --->   "%row_outbuf_i_addr = getelementptr i16 %row_outbuf_i, i64 0, i64 %zext_ln72" [E:/robot/project/xilinx_fpga_class/hls/lab3/dct.c:72]   --->   Operation 34 'getelementptr' 'row_outbuf_i_addr' <Predicate = true> <Delay = 0.00>
ST_2 : Operation 35 [2/2] (3.25ns)   --->   "%row_outbuf_i_load = load i6 %row_outbuf_i_addr" [E:/robot/project/xilinx_fpga_class/hls/lab3/dct.c:72]   --->   Operation 35 'load' 'row_outbuf_i_load' <Predicate = true> <Delay = 3.25> <CoreInst = "RAM">   --->   Core 81 'RAM' <Latency = 1> <II = 1> <Delay = 3.25> <Storage> <Opcode : 'load' 'store'> <Ports = 2> <Width = 16> <Depth = 64> <RAM>

State 3 <SV = 2> <Delay = 5.57>
ST_3 : Operation 36 [1/1] (0.00ns)   --->   "%specloopname_ln0 = specloopname void @_ssdm_op_SpecLoopName, void @Xpose_Row_Outer_Loop_Xpose_Row_Inner_Loop_str"   --->   Operation 36 'specloopname' 'specloopname_ln0' <Predicate = true> <Delay = 0.00>
ST_3 : Operation 37 [1/1] (0.00ns)   --->   "%speclooptripcount_ln0 = speclooptripcount void @_ssdm_op_SpecLoopTripCount, i64 64, i64 64, i64 64"   --->   Operation 37 'speclooptripcount' 'speclooptripcount_ln0' <Predicate = true> <Delay = 0.00>
ST_3 : Operation 38 [1/1] (0.00ns)   --->   "%zext_ln66 = zext i4 %j" [E:/robot/project/xilinx_fpga_class/hls/lab3/dct.c:66]   --->   Operation 38 'zext' 'zext_ln66' <Predicate = true> <Delay = 0.00>
ST_3 : Operation 39 [1/1] (0.00ns)   --->   "%col_inbuf_i_0_addr = getelementptr i16 %col_inbuf_i_0, i64 0, i64 %zext_ln66" [E:/robot/project/xilinx_fpga_class/hls/lab3/dct.c:66]   --->   Operation 39 'getelementptr' 'col_inbuf_i_0_addr' <Predicate = true> <Delay = 0.00>
ST_3 : Operation 40 [1/1] (0.00ns)   --->   "%col_inbuf_i_1_addr = getelementptr i16 %col_inbuf_i_1, i64 0, i64 %zext_ln66" [E:/robot/project/xilinx_fpga_class/hls/lab3/dct.c:66]   --->   Operation 40 'getelementptr' 'col_inbuf_i_1_addr' <Predicate = true> <Delay = 0.00>
ST_3 : Operation 41 [1/1] (0.00ns)   --->   "%col_inbuf_i_2_addr = getelementptr i16 %col_inbuf_i_2, i64 0, i64 %zext_ln66" [E:/robot/project/xilinx_fpga_class/hls/lab3/dct.c:66]   --->   Operation 41 'getelementptr' 'col_inbuf_i_2_addr' <Predicate = true> <Delay = 0.00>
ST_3 : Operation 42 [1/1] (0.00ns)   --->   "%col_inbuf_i_3_addr = getelementptr i16 %col_inbuf_i_3, i64 0, i64 %zext_ln66" [E:/robot/project/xilinx_fpga_class/hls/lab3/dct.c:66]   --->   Operation 42 'getelementptr' 'col_inbuf_i_3_addr' <Predicate = true> <Delay = 0.00>
ST_3 : Operation 43 [1/1] (0.00ns)   --->   "%col_inbuf_i_4_addr = getelementptr i16 %col_inbuf_i_4, i64 0, i64 %zext_ln66" [E:/robot/project/xilinx_fpga_class/hls/lab3/dct.c:66]   --->   Operation 43 'getelementptr' 'col_inbuf_i_4_addr' <Predicate = true> <Delay = 0.00>
ST_3 : Operation 44 [1/1] (0.00ns)   --->   "%col_inbuf_i_5_addr = getelementptr i16 %col_inbuf_i_5, i64 0, i64 %zext_ln66" [E:/robot/project/xilinx_fpga_class/hls/lab3/dct.c:66]   --->   Operation 44 'getelementptr' 'col_inbuf_i_5_addr' <Predicate = true> <Delay = 0.00>
ST_3 : Operation 45 [1/1] (0.00ns)   --->   "%col_inbuf_i_6_addr = getelementptr i16 %col_inbuf_i_6, i64 0, i64 %zext_ln66" [E:/robot/project/xilinx_fpga_class/hls/lab3/dct.c:66]   --->   Operation 45 'getelementptr' 'col_inbuf_i_6_addr' <Predicate = true> <Delay = 0.00>
ST_3 : Operation 46 [1/1] (0.00ns)   --->   "%col_inbuf_i_7_addr = getelementptr i16 %col_inbuf_i_7, i64 0, i64 %zext_ln66" [E:/robot/project/xilinx_fpga_class/hls/lab3/dct.c:66]   --->   Operation 46 'getelementptr' 'col_inbuf_i_7_addr' <Predicate = true> <Delay = 0.00>
ST_3 : Operation 47 [1/1] (0.00ns)   --->   "%specpipeline_ln70 = specpipeline void @_ssdm_op_SpecPipeline, i32 4294967295, i32 0, i32 0, i32 0, void @empty_0" [E:/robot/project/xilinx_fpga_class/hls/lab3/dct.c:70]   --->   Operation 47 'specpipeline' 'specpipeline_ln70' <Predicate = true> <Delay = 0.00>
ST_3 : Operation 48 [1/2] ( I:3.25ns O:3.25ns )   --->   "%row_outbuf_i_load = load i6 %row_outbuf_i_addr" [E:/robot/project/xilinx_fpga_class/hls/lab3/dct.c:72]   --->   Operation 48 'load' 'row_outbuf_i_load' <Predicate = true> <Delay = 3.25> <CoreInst = "RAM">   --->   Core 81 'RAM' <Latency = 1> <II = 1> <Delay = 3.25> <Storage> <Opcode : 'load' 'store'> <Ports = 2> <Width = 16> <Depth = 64> <RAM>
ST_3 : Operation 49 [1/1] ( I:2.32ns O:2.32ns )   --->   "%store_ln72 = store i16 %row_outbuf_i_load, i3 %col_inbuf_i_6_addr" [E:/robot/project/xilinx_fpga_class/hls/lab3/dct.c:72]   --->   Operation 49 'store' 'store_ln72' <Predicate = (trunc_ln66 == 6)> <Delay = 2.32> <CoreInst = "RAM">   --->   Core 81 'RAM' <Latency = 1> <II = 1> <Delay = 2.32> <Storage> <Opcode : 'load' 'store'> <Ports = 2> <Width = 16> <Depth = 8> <RAM>
ST_3 : Operation 50 [1/1] (0.00ns)   --->   "%br_ln72 = br void %arrayidx176.i.exit" [E:/robot/project/xilinx_fpga_class/hls/lab3/dct.c:72]   --->   Operation 50 'br' 'br_ln72' <Predicate = (trunc_ln66 == 6)> <Delay = 0.00>
ST_3 : Operation 51 [1/1] ( I:2.32ns O:2.32ns )   --->   "%store_ln72 = store i16 %row_outbuf_i_load, i3 %col_inbuf_i_5_addr" [E:/robot/project/xilinx_fpga_class/hls/lab3/dct.c:72]   --->   Operation 51 'store' 'store_ln72' <Predicate = (trunc_ln66 == 5)> <Delay = 2.32> <CoreInst = "RAM">   --->   Core 81 'RAM' <Latency = 1> <II = 1> <Delay = 2.32> <Storage> <Opcode : 'load' 'store'> <Ports = 2> <Width = 16> <Depth = 8> <RAM>
ST_3 : Operation 52 [1/1] (0.00ns)   --->   "%br_ln72 = br void %arrayidx176.i.exit" [E:/robot/project/xilinx_fpga_class/hls/lab3/dct.c:72]   --->   Operation 52 'br' 'br_ln72' <Predicate = (trunc_ln66 == 5)> <Delay = 0.00>
ST_3 : Operation 53 [1/1] ( I:2.32ns O:2.32ns )   --->   "%store_ln72 = store i16 %row_outbuf_i_load, i3 %col_inbuf_i_4_addr" [E:/robot/project/xilinx_fpga_class/hls/lab3/dct.c:72]   --->   Operation 53 'store' 'store_ln72' <Predicate = (trunc_ln66 == 4)> <Delay = 2.32> <CoreInst = "RAM">   --->   Core 81 'RAM' <Latency = 1> <II = 1> <Delay = 2.32> <Storage> <Opcode : 'load' 'store'> <Ports = 2> <Width = 16> <Depth = 8> <RAM>
ST_3 : Operation 54 [1/1] (0.00ns)   --->   "%br_ln72 = br void %arrayidx176.i.exit" [E:/robot/project/xilinx_fpga_class/hls/lab3/dct.c:72]   --->   Operation 54 'br' 'br_ln72' <Predicate = (trunc_ln66 == 4)> <Delay = 0.00>
ST_3 : Operation 55 [1/1] ( I:2.32ns O:2.32ns )   --->   "%store_ln72 = store i16 %row_outbuf_i_load, i3 %col_inbuf_i_3_addr" [E:/robot/project/xilinx_fpga_class/hls/lab3/dct.c:72]   --->   Operation 55 'store' 'store_ln72' <Predicate = (trunc_ln66 == 3)> <Delay = 2.32> <CoreInst = "RAM">   --->   Core 81 'RAM' <Latency = 1> <II = 1> <Delay = 2.32> <Storage> <Opcode : 'load' 'store'> <Ports = 2> <Width = 16> <Depth = 8> <RAM>
ST_3 : Operation 56 [1/1] (0.00ns)   --->   "%br_ln72 = br void %arrayidx176.i.exit" [E:/robot/project/xilinx_fpga_class/hls/lab3/dct.c:72]   --->   Operation 56 'br' 'br_ln72' <Predicate = (trunc_ln66 == 3)> <Delay = 0.00>
ST_3 : Operation 57 [1/1] ( I:2.32ns O:2.32ns )   --->   "%store_ln72 = store i16 %row_outbuf_i_load, i3 %col_inbuf_i_2_addr" [E:/robot/project/xilinx_fpga_class/hls/lab3/dct.c:72]   --->   Operation 57 'store' 'store_ln72' <Predicate = (trunc_ln66 == 2)> <Delay = 2.32> <CoreInst = "RAM">   --->   Core 81 'RAM' <Latency = 1> <II = 1> <Delay = 2.32> <Storage> <Opcode : 'load' 'store'> <Ports = 2> <Width = 16> <Depth = 8> <RAM>
ST_3 : Operation 58 [1/1] (0.00ns)   --->   "%br_ln72 = br void %arrayidx176.i.exit" [E:/robot/project/xilinx_fpga_class/hls/lab3/dct.c:72]   --->   Operation 58 'br' 'br_ln72' <Predicate = (trunc_ln66 == 2)> <Delay = 0.00>
ST_3 : Operation 59 [1/1] ( I:2.32ns O:2.32ns )   --->   "%store_ln72 = store i16 %row_outbuf_i_load, i3 %col_inbuf_i_1_addr" [E:/robot/project/xilinx_fpga_class/hls/lab3/dct.c:72]   --->   Operation 59 'store' 'store_ln72' <Predicate = (trunc_ln66 == 1)> <Delay = 2.32> <CoreInst = "RAM">   --->   Core 81 'RAM' <Latency = 1> <II = 1> <Delay = 2.32> <Storage> <Opcode : 'load' 'store'> <Ports = 2> <Width = 16> <Depth = 8> <RAM>
ST_3 : Operation 60 [1/1] (0.00ns)   --->   "%br_ln72 = br void %arrayidx176.i.exit" [E:/robot/project/xilinx_fpga_class/hls/lab3/dct.c:72]   --->   Operation 60 'br' 'br_ln72' <Predicate = (trunc_ln66 == 1)> <Delay = 0.00>
ST_3 : Operation 61 [1/1] ( I:2.32ns O:2.32ns )   --->   "%store_ln72 = store i16 %row_outbuf_i_load, i3 %col_inbuf_i_0_addr" [E:/robot/project/xilinx_fpga_class/hls/lab3/dct.c:72]   --->   Operation 61 'store' 'store_ln72' <Predicate = (trunc_ln66 == 0)> <Delay = 2.32> <CoreInst = "RAM">   --->   Core 81 'RAM' <Latency = 1> <II = 1> <Delay = 2.32> <Storage> <Opcode : 'load' 'store'> <Ports = 2> <Width = 16> <Depth = 8> <RAM>
ST_3 : Operation 62 [1/1] (0.00ns)   --->   "%br_ln72 = br void %arrayidx176.i.exit" [E:/robot/project/xilinx_fpga_class/hls/lab3/dct.c:72]   --->   Operation 62 'br' 'br_ln72' <Predicate = (trunc_ln66 == 0)> <Delay = 0.00>
ST_3 : Operation 63 [1/1] ( I:2.32ns O:2.32ns )   --->   "%store_ln72 = store i16 %row_outbuf_i_load, i3 %col_inbuf_i_7_addr" [E:/robot/project/xilinx_fpga_class/hls/lab3/dct.c:72]   --->   Operation 63 'store' 'store_ln72' <Predicate = (trunc_ln66 == 7)> <Delay = 2.32> <CoreInst = "RAM">   --->   Core 81 'RAM' <Latency = 1> <II = 1> <Delay = 2.32> <Storage> <Opcode : 'load' 'store'> <Ports = 2> <Width = 16> <Depth = 8> <RAM>
ST_3 : Operation 64 [1/1] (0.00ns)   --->   "%br_ln72 = br void %arrayidx176.i.exit" [E:/robot/project/xilinx_fpga_class/hls/lab3/dct.c:72]   --->   Operation 64 'br' 'br_ln72' <Predicate = (trunc_ln66 == 7)> <Delay = 0.00>
ST_3 : Operation 65 [1/1] (1.58ns)   --->   "%ret_ln0 = ret"   --->   Operation 65 'ret' 'ret_ln0' <Predicate = (icmp_ln66)> <Delay = 1.58>


============================================================
+ Verbose Summary: Timing violations
============================================================
Target clock period: 10.000ns, clock uncertainty: 2.700ns.

 <State 1>: 6.082ns
The critical path consists of the following:
	'store' operation 0 bit ('store_ln0') of constant 0 on local variable 'i3' [13]  (1.588 ns)
	'load' operation 4 bit ('i3_load', E:/robot/project/xilinx_fpga_class/hls/lab3/dct.c:57) on local variable 'i3' [21]  (0.000 ns)
	'select' operation 4 bit ('select_ln57', E:/robot/project/xilinx_fpga_class/hls/lab3/dct.c:57) [25]  (1.024 ns)
	'add' operation 4 bit ('i', E:/robot/project/xilinx_fpga_class/hls/lab3/dct.c:69) [71]  (1.735 ns)
	'icmp' operation 1 bit ('icmp_ln69', E:/robot/project/xilinx_fpga_class/hls/lab3/dct.c:69) [72]  (1.735 ns)

 <State 2>: 5.079ns
The critical path consists of the following:
	'add' operation 6 bit ('add_ln72', E:/robot/project/xilinx_fpga_class/hls/lab3/dct.c:72) [39]  (1.825 ns)
	'getelementptr' operation 6 bit ('row_outbuf_i_addr', E:/robot/project/xilinx_fpga_class/hls/lab3/dct.c:72) [41]  (0.000 ns)
	'load' operation 16 bit ('row_outbuf_i_load', E:/robot/project/xilinx_fpga_class/hls/lab3/dct.c:72) on array 'row_outbuf_i' [43]  (3.254 ns)

 <State 3>: 5.576ns
The critical path consists of the following:
	'load' operation 16 bit ('row_outbuf_i_load', E:/robot/project/xilinx_fpga_class/hls/lab3/dct.c:72) on array 'row_outbuf_i' [43]  (3.254 ns)
	'store' operation 0 bit ('store_ln72', E:/robot/project/xilinx_fpga_class/hls/lab3/dct.c:72) of variable 'row_outbuf_i_load', E:/robot/project/xilinx_fpga_class/hls/lab3/dct.c:72 on array 'col_inbuf_i_4' [53]  (2.322 ns)


============================================================
+ Verbose Summary: Binding
============================================================
N/A
* FSMD analyzer results:
  - Output states:
 - Input state : 
  - Chain level:
	State 1
	State 2
	State 3


============================================================
+ Verbose Summary: Datapath Resource usage 
============================================================
N/A
