{
{870,906,942}
{1086,1131,1176}
{1302,1356,1410}
}
Test passed.

E:\robot\project\xilinx_fpga_class\hls\lab1\sources\matrixmul\matrixmul\hls\sim\verilog>set PATH= 

E:\robot\project\xilinx_fpga_class\hls\lab1\sources\matrixmul\matrixmul\hls\sim\verilog>call E:/xilinx/Vivado/2024.2/bin/xelab xil_defaultlib.apatb_matrixmul_top glbl -Oenable_linking_all_libraries  -prj matrixmul.prj -L smartconnect_v1_0 -L axi_protocol_checker_v1_1_12 -L axi_protocol_checker_v1_1_13 -L axis_protocol_checker_v1_1_11 -L axis_protocol_checker_v1_1_12 -L xil_defaultlib -L unisims_ver -L xpm  -L floating_point_v7_0_24 -L floating_point_v7_1_19 --lib "ieee_proposed=./ieee_proposed" -s matrixmul -debug all 
Vivado Simulator v2024.2.0
Copyright 1986-2022 Xilinx, Inc. All Rights Reserved.
Copyright 2022-2024 Advanced Micro Devices, Inc. All Rights Reserved.
Running: E:/xilinx/Vivado/2024.2/bin/unwrapped/win64.o/xelab.exe xil_defaultlib.apatb_matrixmul_top glbl -Oenable_linking_all_libraries -prj matrixmul.prj -L smartconnect_v1_0 -L axi_protocol_checker_v1_1_12 -L axi_protocol_checker_v1_1_13 -L axis_protocol_checker_v1_1_11 -L axis_protocol_checker_v1_1_12 -L xil_defaultlib -L unisims_ver -L xpm -L floating_point_v7_0_24 -L floating_point_v7_1_19 --lib ieee_proposed=./ieee_proposed -s matrixmul -debug all 
Multi-threading is on. Using 14 slave threads.
INFO: [VRFC 10-2263] Analyzing SystemVerilog file "E:/robot/project/xilinx_fpga_class/hls/lab1/sources/matrixmul/matrixmul/hls/sim/verilog/glbl.v" into library work
INFO: [VRFC 10-311] analyzing module glbl
INFO: [VRFC 10-2263] Analyzing SystemVerilog file "E:/robot/project/xilinx_fpga_class/hls/lab1/sources/matrixmul/matrixmul/hls/sim/verilog/AESL_automem_a.v" into library xil_defaultlib
INFO: [VRFC 10-311] analyzing module AESL_automem_a
INFO: [VRFC 10-2263] Analyzing SystemVerilog file "E:/robot/project/xilinx_fpga_class/hls/lab1/sources/matrixmul/matrixmul/hls/sim/verilog/AESL_automem_b.v" into library xil_defaultlib
INFO: [VRFC 10-311] analyzing module AESL_automem_b
INFO: [VRFC 10-2263] Analyzing SystemVerilog file "E:/robot/project/xilinx_fpga_class/hls/lab1/sources/matrixmul/matrixmul/hls/sim/verilog/AESL_automem_res.v" into library xil_defaultlib
INFO: [VRFC 10-311] analyzing module AESL_automem_res
INFO: [VRFC 10-2263] Analyzing SystemVerilog file "E:/robot/project/xilinx_fpga_class/hls/lab1/sources/matrixmul/matrixmul/hls/sim/verilog/matrixmul.autotb.v" into library xil_defaultlib
INFO: [VRFC 10-311] analyzing module apatb_matrixmul_top
INFO: [VRFC 10-2263] Analyzing SystemVerilog file "E:/robot/project/xilinx_fpga_class/hls/lab1/sources/matrixmul/matrixmul/hls/sim/verilog/matrixmul.v" into library xil_defaultlib
INFO: [VRFC 10-311] analyzing module matrixmul
INFO: [VRFC 10-2263] Analyzing SystemVerilog file "E:/robot/project/xilinx_fpga_class/hls/lab1/sources/matrixmul/matrixmul/hls/sim/verilog/matrixmul_flow_control_loop_delay_pipe.v" into library xil_defaultlib
INFO: [VRFC 10-311] analyzing module matrixmul_flow_control_loop_delay_pipe
INFO: [VRFC 10-2263] Analyzing SystemVerilog file "E:/robot/project/xilinx_fpga_class/hls/lab1/sources/matrixmul/matrixmul/hls/sim/verilog/matrixmul_mac_muladd_8s_8s_16ns_16_4_1.v" into library xil_defaultlib
INFO: [VRFC 10-311] analyzing module matrixmul_mac_muladd_8s_8s_16ns_16_4_1_DSP48_0
INFO: [VRFC 10-311] analyzing module matrixmul_mac_muladd_8s_8s_16ns_16_4_1
INFO: [VRFC 10-2263] Analyzing SystemVerilog file "E:/robot/project/xilinx_fpga_class/hls/lab1/sources/matrixmul/matrixmul/hls/sim/verilog/matrixmul_mac_muladd_8s_8s_16s_16_4_1.v" into library xil_defaultlib
INFO: [VRFC 10-311] analyzing module matrixmul_mac_muladd_8s_8s_16s_16_4_1_DSP48_0
INFO: [VRFC 10-311] analyzing module matrixmul_mac_muladd_8s_8s_16s_16_4_1
INFO: [VRFC 10-2263] Analyzing SystemVerilog file "E:/robot/project/xilinx_fpga_class/hls/lab1/sources/matrixmul/matrixmul/hls/sim/verilog/matrixmul_mul_8s_8s_16_1_1.v" into library xil_defaultlib
INFO: [VRFC 10-311] analyzing module matrixmul_mul_8s_8s_16_1_1
INFO: [VRFC 10-2263] Analyzing SystemVerilog file "E:/robot/project/xilinx_fpga_class/hls/lab1/sources/matrixmul/matrixmul/hls/sim/verilog/dataflow_monitor.sv" into library xil_defaultlib
INFO: [VRFC 10-311] analyzing module dataflow_monitor
Starting static elaboration
Pass Through NonSizing Optimizer
Completed static elaboration
Starting simulation data flow analysis
Completed simulation data flow analysis
Time Resolution for simulation is 1ps
Compiling package xil_defaultlib.$unit_dataflow_monitor_sv
Compiling module xil_defaultlib.matrixmul_mul_8s_8s_16_1_1(NUM_S...
Compiling module xil_defaultlib.matrixmul_mac_muladd_8s_8s_16s_1...
Compiling module xil_defaultlib.matrixmul_mac_muladd_8s_8s_16s_1...
Compiling module xil_defaultlib.matrixmul_mac_muladd_8s_8s_16ns_...
Compiling module xil_defaultlib.matrixmul_mac_muladd_8s_8s_16ns_...
Compiling module xil_defaultlib.matrixmul_flow_control_loop_dela...
Compiling module xil_defaultlib.matrixmul
Compiling module xil_defaultlib.AESL_automem_a
Compiling module xil_defaultlib.AESL_automem_b
Compiling module xil_defaultlib.AESL_automem_res
Compiling module xil_defaultlib.nodf_module_intf_default
Compiling module xil_defaultlib.upc_loop_intf_default
Compiling module xil_defaultlib.dataflow_monitor_1
Compiling module xil_defaultlib.apatb_matrixmul_top
Compiling module work.glbl
Built simulation snapshot matrixmul

****** xsim v2024.2 (64-bit)
  **** SW Build 5239630 on Fri Nov 08 22:35:27 MST 2024
  **** IP Build 5239520 on Sun Nov 10 16:12:51 MST 2024
  **** SharedData Build 5239561 on Fri Nov 08 14:39:27 MST 2024
  **** Start of session at: Tue Feb 11 16:24:52 2025
    ** Copyright 1986-2022 Xilinx, Inc. All Rights Reserved.
    ** Copyright 2022-2024 Advanced Micro Devices, Inc. All Rights Reserved.

start_gui
INFO: [Common 17-206] Exiting xsim at Tue Feb 11 16:32:40 2025...
{
{870,906,942}
{1086,1131,1176}
{1302,1356,1410}
}
Test passed.
