# 
# Steps log generated by v++
# This log file contains a collection of steps that describe the kernel compilation flow
# Note: Some steps are tagged as internal, these steps are for debugging purposes and 
#       are not expected to be able to run independently.
# 

# The following environment variables are set when running vitis-run
Environment variables :
------------------------------------------
ADS_LICENES_FILE=E:\Keysight\license.lic
ADS_LICENSE_FILE=E:\Keysight\license.lic
ALLUSERSPROFILE=C:\ProgramData
APPDATA=C:\Users\14692\AppData\Roaming
arr.length=0
arr.Ubound=-1
CHARPOP=1
CMAKE_OBJECT_PATH_MAX=4096
CommonProgramFiles=C:\Program Files\Common Files
CommonProgramFiles(x86)=C:\Program Files (x86)\Common Files
CommonProgramW6432=C:\Program Files\Common Files
COMPUTERNAME=NIGHTT_INSIDER
ComSpec=C:\WINDOWS\system32\cmd.exe
CONDA_BAT=E:\anaconda\condabin\conda.bat
CONDA_EXE=E:\anaconda\Scripts\conda.exe
CONDA_SHLVL=0
CUDA_PATH=C:\Program Files\NVIDIA GPU Computing Toolkit\CUDA\v12.2
CUDA_PATH_V12_2=C:\Program Files\NVIDIA GPU Computing Toolkit\CUDA\v12.2
DevEco Studio=E:\HUAWEI\DevEco Studio\bin;
DriverData=C:\Windows\System32\Drivers\DriverData
EFC_7064=1
ffmpeg=E:\robot\tool\ffmpeg\bin
FPS_BROWSER_APP_PROFILE_STRING=Internet Explorer
FPS_BROWSER_USER_PROFILE_STRING=Default
GnuWin32=C:\Program Files (x86)\GnuWin32\bin
HDC_SERVER_PORT=65037
HDI_APPROOT=E:/xilinx/Vitis/2024.2
HDI_PROCESSOR=i686
HOMEDRIVE=C:
HOMEPATH=\Users\14692
HW_SERVER_DJTG_DISABLE=1
HW_SERVER_FTDIMGR_DISABLE=1
IDE_SKIP_SERVER_LICENSE=1
INT_VARIABLE_NAME=XILINX_PATH
ISL_IOSTREAMS_RSA=E:/xilinx/Vitis/2024.2/tps/isl
JAVA_EXE=E:/xilinx\Vitis\2024.2\tps\win64\jre11.0.16_1\bin\java.exe
JAVA_HOME=E:/xilinx\Vitis\2024.2\tps\win64\jre11.0.16_1
LC_NUMERIC=C
LD_LIBRARY_PATH=C:\Program Files\NVIDIA GPU Computing Toolkit\CUDA\v12.2\lib64;%LD_LIBRARY_PATH%
LM_LICENSE_FILE=E:\modelsim\LICENSE.TXT
LOCALAPPDATA=C:\Users\14692\AppData\Local
LOGONSERVER=\\NIGHTT_INSIDER
LOPPER_DTC_FLAGS=-b 0 -@
NOSPLASH=false
NUMBER_OF_PROCESSORS=16
OneDrive=C:\Users\14692\OneDrive
OneDriveConsumer=C:\Users\14692\OneDrive
ORIGINAL_XDG_CURRENT_DESKTOP=undefined
OS=Windows_NT
PATH=E:/xilinx/Vivado/2024.2/tps/win64/binutils-2.26/bin;E:/xilinx/Vitis/2024.2/bin/../gnu/aarch64/nt/aarch64-linux/bin;E:/xilinx/Vitis/2024.2/bin/../gnu/ppc64le/4.9.3/win64/bin;E:/xilinx/Vitis/2024.2/bin/../gnu/aarch32/nt/gcc-arm-linux-gnueabi/bin;E:/xilinx/Vitis/2024.2/tps/mingw/6.2.0/win64.o/nt/bin;E:/xilinx/Vivado/2024.2\gnuwin\bin;E:/xilinx/Vivado/2024.2\gnu\microblaze\nt\bin;E:/xilinx/Vitis/2024.2/bin;E:/xilinx/Vitis/2024.2/tps/win64/javafx-sdk-11.0.2/lib;E:/xilinx/Vitis/2024.2/tps/win64/javafx-sdk-11.0.2/bin;E:/xilinx/Vitis/2024.2/lib/win64.o;E:/xilinx/Vitis/2024.2/tps/win64/jre11.0.16_1/bin/server;E:/xilinx/Vitis/2024.2/tps/win64/jre11.0.16_1/bin;E:\xilinx\Vitis\2024.2\tps\win64\lopper-1.1.0-packages\min_sdk\\usr\bin;E:/xilinx\Vitis\2024.2\tps\win64\cmake-3.24.2\bin;E:/xilinx\Vitis\2024.2\gnu\microblaze\nt\bin;E:/xilinx\Vitis\2024.2\gnu\microblaze\linux_toolchain\nt64_le\bin;E:/xilinx\Vitis\2024.2\gnu\aarch32\nt\gcc-arm-linux-gnueabi\bin;E:/xilinx\Vitis\2024.2\gnu\aarch32\nt\gcc-arm-none-eabi\bin;E:/xilinx\Vitis\2024.2\gnu\aarch64\nt\aarch64-linux\bin;E:/xilinx\Vitis\2024.2\gnu\aarch64\nt\aarch64-none\bin;E:/xilinx\Vitis\2024.2\gnu\armr5\nt\gcc-arm-none-eabi\bin;E:/xilinx\Vitis\2024.2\gnuwin\bin;E:/xilinx\Vitis\2024.2\tps\win64\python-3.8.3;E:/xilinx\Vitis\2024.2\tps\win64\libxslt\bin;E:/xilinx/Vivado/2024.2\bin;E:/xilinx/Vitis/2024.2\gnu\arm\nt\bin;E:/xilinx/Vitis/2024.2\gnu\microblaze\linux_toolchain\nt64_be\bin;E:/xilinx/Vitis/2024.2\gnu\riscv\nt\riscv64-unknown-elf\bin;E:/xilinx/Vivado/2024.2\tps\win64\python-3.8.3;E:/xilinx/Vivado/2024.2\tps\win64\git-2.45.0\bin;E:/xilinx/Vivado/2024.2\tps\win64\cmake-3.24.2\bin;E:/xilinx/Vitis/2024.2\win64\tools\clang\bin;E:\anaconda\condabin;C:\Program Files\Eclipse Adoptium\jdk-21.0.4.7-hotspot\bin;c:\Users\14692\AppData\Local\Programs\cursor\resources\app\bin;C:\Program Files\NVIDIA GPU Computing Toolkit\CUDA\v12.2\bin;C:\Program Files\NVIDIA GPU Computing Toolkit\CUDA\v12.2\libnvvp;C:\Windows\system32;C:\Windows;C:\Windows\System32\Wbem;C:\Windows\System32\WindowsPowerShell\v1.0\;C:\Windows\System32\OpenSSH\;C:\Program Files (x86)\NVIDIA Corporation\PhysX\Common;C:\Program Files\NVIDIA Corporation\NVIDIA NvDLISR;E:\mingw64\bin;E:\robot\M2_DOCK\platform-tools;C:\Program Files\NVIDIA Corporation\Nsight Compute 2023.2.0\;C:\Program Files\NVIDIA GPU Computing Toolkit\CUDA\v12.2\lib;C:\Program Files\NVIDIA GPU Computing Toolkit\CUDA\v12.2\include;C:\Program Files\Git\cmd;E:\anaconda;E:\anaconda\Scripts;E:\anaconda\Library\bin;E:\wechat_mini_program\微信web开发者工具\dll;E:\robot\arduino-ide_nightly-20240511_Windows_64bit;E:\vivado\Vivado\2024.1\bin;E:\modelsim\win64;C:\Users\14692\AppDa;C:\Program Files\dotnet\;C:\Program Files (x86)\GnuWin32\bin;E:\vivado\Vitis_HLS\2024.1\bin;E:\vivado\Vitis\2024.1\gnuwin\bin;E:\vivado\Vitis\2024.1\gnu\microblaze\nt\bin;E:\vivado\Vitis\2024.1\gnu\microblaze\linux_toolchain\nt64_le\bin;C:\Program Files\Tailscale\;%SystemRoot%\system32;%SystemRoot%;%SystemRoot%\System32\Wbem;%SYSTEMROOT%\System32\WindowsPowerShell\v1.0\;%SYSTEMROOT%\System32\OpenSSH\;C:\Users;E:\Microsoft VS Code Insiders\bin;E:/xilinx/Vitis/2024.2\tps\mingw\6.2.0\win64.o\nt\bin;E:/xilinx/Vitis/2024.2\tps\mingw\6.2.0\win64.o\nt\libexec\gcc\x86_64-w64-mingw32\6.2.0
PATHEXT=.COM;.EXE;.BAT;.CMD;.VBS;.VBE;.JS;.JSE;.WSF;.WSH;.MSC
PROCESSOR_ARCHITECTURE=AMD64
PROCESSOR_IDENTIFIER=AMD64 Family 25 Model 80 Stepping 0, AuthenticAMD
PROCESSOR_LEVEL=25
PROCESSOR_REVISION=5000
PRODVERSION_EXE=E:/xilinx/Vitis/2024.2/bin/unwrapped/win64.o/prodversion.exe
ProgramData=C:\ProgramData
ProgramFiles=C:\Program Files
ProgramFiles(x86)=C:\Program Files (x86)
ProgramW6432=C:\Program Files
PROMPT=$P$G
PSModulePath=C:\Program Files\WindowsPowerShell\Modules;C:\WINDOWS\system32\WindowsPowerShell\v1.0\Modules
PUBLIC=C:\Users\Public
PyCharm=E:\PyCharm 2023.1.3\bin;
PyCharm Community Edition=E:\PyCharm Community Edition 2024.1.4\bin;
PYTHONPATH=;E:/xilinx/Vitis/2024.2\cli;E:/xilinx/Vitis/2024.2\cli\python-packages\win64;E:/xilinx/Vitis/2024.2\cli\python-packages\site-packages;E:/xilinx/Vitis/2024.2\cli\proto;E:/xilinx/Vitis/2024.2\scripts\python_pkg;
python_path=;E:/xilinx/Vitis/2024.2\cli;E:/xilinx/Vitis/2024.2\cli\python-packages\win64;E:/xilinx/Vitis/2024.2\cli\python-packages\site-packages;E:/xilinx/Vitis/2024.2\cli\proto;E:/xilinx/Vitis/2024.2\scripts\python_pkg;
RDI_APPROOT=E:/xilinx/Vitis/2024.2
RDI_ARGS= --mode hls --csim --config E:\robot\project\xilinx_fpga_class\hls\lab4\prj\fir\hls_config.cfg --work_dir fir
RDI_ARGS_FUNCTION=RDI_EXEC_DEFAULT
RDI_BASEROOT=E:/xilinx/Vitis
RDI_BINDIR=E:/xilinx/Vitis/2024.2/bin
RDI_BINROOT=E:/xilinx/Vitis/2024.2/bin
RDI_BUILD=yes
RDI_CHECK_PROG=True
RDI_DATADIR=E:/xilinx/Vitis/2024.2/data
RDI_INSTALLROOT=E:/xilinx
RDI_INSTALLVER=2024.2
RDI_INSTALLVERSION=2024.2
RDI_JAVACEFROOT=E:/xilinx/Vitis/2024.2/tps/win64/java-cef-95.0.4638.69
RDI_JAVAFXROOT=E:/xilinx/Vitis/2024.2/tps/win64/javafx-sdk-11.0.2
RDI_JAVAROOT=E:/xilinx/Vitis/2024.2/tps/win64/jre11.0.16_1
RDI_JAVA_VERSION=11.0.16_1
RDI_LIBDIR=E:/xilinx/Vitis/2024.2/lib/win64.o
RDI_MINGW_LIB=E:/xilinx/Vitis/2024.2\tps\mingw\6.2.0\win64.o\nt\bin;E:/xilinx/Vitis/2024.2\tps\mingw\6.2.0\win64.o\nt\libexec\gcc\x86_64-w64-mingw32\6.2.0
RDI_OPT_EXT=.o
RDI_OS_ARCH=64
RDI_PLATFORM=win64
RDI_PREPEND_PATH=E:/xilinx/Vitis/2024.2/bin
RDI_PROG=E:/xilinx/Vitis/2024.2/bin/unwrapped/win64.o/vitis-run.exe
RDI_PROGNAME=vitis-run.exe
RDI_SESSION_INFO=E:\xilinx\Vitis\2024.2\bin:NIGHTT_INSIDER-2025-02-16周日_10-02-14.26
RDI_SHARED_DATA=E:/xilinx/SharedData/2024.2/data
RDI_TPS_ROOT=E:/xilinx/Vivado/2024.2/tps/win64
RDI_USE_JDK11=1
RDI_VERBOSE=False
RT_LIBPATH=E:/xilinx/Vitis/2024.2/scripts/rt/data
RT_TCL_PATH=E:/xilinx/Vitis/2024.2/scripts/rt/base_tcl/tcl
SDKROOT=E:\xilinx\Vitis\2024.2\tps\win64\lopper-1.1.0-packages\min_sdk\
SESSIONNAME=Console
session_string=E:\robot\project\xilinx_fpga_class\hls\lab4\prj\fir:NIGHTT_INSIDER-2025-02-16周日_10-10-50.21
supports_classic_ide=false
SWIG_LIB=E:\xilinx\Vitis\2024.2\tps\win64\lopper-1.1.0-packages\min_sdk\\usr\lib\swig\4.2.1
SYNTH_COMMON=E:/xilinx/Vitis/2024.2/scripts/rt/data
SystemDrive=C:
SystemRoot=C:\WINDOWS
TCL_LIBRARY=E:/xilinx/Vitis/2024.2/tps/tcl/tcl8.6
TCMALLOC_LARGE_ALLOC_REPORT_THRESHOLD=4294967296
TEMP=C:\Users\14692\AppData\Local\Temp
THEIA_APP_PROJECT_PATH=E:\xilinx\Vitis\2024.2\ide\electron-app\win64\resources\app
THEIA_DEFAULT_PLUGINS=local-dir:E:\xilinx\Vitis\2024.2\ide\electron-app\win64\resources\app\plugins
THEIA_ELECTRON_TOKEN={"value":"3896412a-4e28-474b-89b6-ab031f11a66f"}
THEIA_ELECTRON_VERSION=15.5.7
THEIA_PLUGINS=local-dir:C:\Users\14692\.theia\plugins
TMP=C:\Users\14692\AppData\Local\Temp
tooldir=tps\win64\git-2.41.0
TOOLS_CLANG=E:/xilinx/Vitis/2024.2\win64\tools\clang
TPS_CMAKE=E:/xilinx/Vivado/2024.2\tps\win64\cmake-3.24.2
TPS_GIT=E:/xilinx/Vivado/2024.2\tps\win64\git-2.45.0
TPS_LIBXSLT=E:/xilinx/Vitis/2024.2\tps\win64\libxslt
TPS_PYTHON=E:/xilinx/Vivado/2024.2\tps\win64\python-3.8.3
USERDOMAIN=NIGHTT_INSIDER
USERDOMAIN_ROAMINGPROFILE=NIGHTT_INSIDER
USERNAME=14692
USERPROFILE=C:\Users\14692
vitis=E:\vivado\Vitis_HLS\2024.1\bin
VITISNEW=true
VITIS_HLS_INSTALL=true
VSCODE_API_VERSION=1.53.2
w64devkit=C:\Users\14692\Downloads\w64devkit\bin
windir=C:\WINDOWS
XILINX_HLS=E:/xilinx/Vitis/2024.2
XILINX_PLANAHEAD=E:/xilinx/Vitis/2024.2
XILINX_SDK=E:/xilinx/Vitis/2024.2
XILINX_VCXX=E:/xilinx/Vitis/2024.2/vcxx
XILINX_VITIS=E:/xilinx\Vitis\2024.2
XILINX_VITIS_GIT=E:/xilinx/Vivado/2024.2\tps\win64\git-2.45.0\bin
XILINX_VITIS_HLS_ENCAPSULATED=1
XILINX_VITIS_VERSION=Vitis v2024.2 (64-bit)
XILINX_VIVADO=E:/xilinx/Vivado/2024.2
XILINX_VIVADO_HLS=E:/xilinx/Vivado/2024.2
XIL_CHECK_TCL_DEBUG=False
XIL_NO_OVERRIDE=0
XIL_SUPPRESS_OVERRIDE_WARNINGS=1
XVREDIST=E:/xilinx/Vitis/2024.2\tps\win64\xvcredist.exe
_RDI_BINROOT=E:\xilinx\Vitis\2024.2\bin
_RDI_CWD=E:\robot\project\xilinx_fpga_class\hls\lab4\prj\fir
_RDI_DONT_SET_XILINX_AS_PATH=True
_RDI_VERSION_PROG=vitis-run
_valid=False
XILINX_CD_CONNECT_ID=53306
XILINX_CD_SESSION=838caac2-ebfe-4409-a29e-d5ee24e2b0c7


VITIS-RUN command line:
------------------------------------------
E:/xilinx/Vitis/2024.2/bin/unwrapped/win64.o/vitis-run.exe --mode hls --csim --config E:\robot\project\xilinx_fpga_class\hls\lab4\prj\fir\hls_config.cfg --work_dir fir 

FINAL PROGRAM OPTIONS
--config E:\robot\project\xilinx_fpga_class\hls\lab4\prj\fir\hls_config.cfg
--csim
--hls.csim.code_analyzer 1
--hls.flow_target vivado
--hls.package.output.format ip_catalog
--hls.package.output.syn false
--hls.syn.file E:/robot/project/xilinx_fpga_class/hls/lab4/fir.c
--hls.syn.file E:/robot/project/xilinx_fpga_class/hls/lab4/fir_coef.dat
--hls.syn.top fir
--hls.tb.file E:/robot/project/xilinx_fpga_class/hls/lab4/fir_test.c
--mode hls
--part xczu5eg-sfvc784-1-e
--work_dir fir

PARSED COMMAND LINE OPTIONS
--mode hls 
--csim 
--config E:\robot\project\xilinx_fpga_class\hls\lab4\prj\fir\hls_config.cfg 
--work_dir fir 

PARSED CONFIG FILE (1) OPTIONS
file: E:\robot\project\xilinx_fpga_class\hls\lab4\prj\fir\hls_config.cfg
part xczu5eg-sfvc784-1-e 
hls.flow_target vivado 
hls.package.output.format ip_catalog 
hls.package.output.syn false 
hls.syn.top fir 
hls.syn.file E:/robot/project/xilinx_fpga_class/hls/lab4/fir.c 
hls.syn.file E:/robot/project/xilinx_fpga_class/hls/lab4/fir_coef.dat 
hls.tb.file E:/robot/project/xilinx_fpga_class/hls/lab4/fir_test.c 
hls.csim.code_analyzer 1 


==========================================
new:  steps log generated by v++ for new launch 
timestamp: 16 Feb 2025 10:10:56

------------------------------------------
VITIS-RUN command line :
------------------------------------------
E:/xilinx/Vitis/2024.2/bin/unwrapped/win64.o/vitis-run.exe --mode hls --csim --config E:\robot\project\xilinx_fpga_class\hls\lab4\prj\fir\hls_config.cfg --work_dir fir 
  Options from -O    : 
  Options from *.ini : 
  Options from Hw Platform : 

==========================================
new:  steps log generated by v++ for new launch 
timestamp: 16 Feb 2025 10:11:58

------------------------------------------
VITIS-RUN command line :
------------------------------------------
E:/xilinx/Vitis/2024.2/bin/unwrapped/win64.o/vitis-run.exe --mode hls --csim --config E:\robot\project\xilinx_fpga_class\hls\lab4\prj\fir\hls_config.cfg --work_dir fir 
  Options from -O    : 
  Options from *.ini : 
  Options from Hw Platform : 

==========================================
new:  steps log generated by v++ for new launch 
timestamp: 16 Feb 2025 10:14:28

------------------------------------------
VITIS-RUN command line :
------------------------------------------
E:/xilinx/Vitis/2024.2/bin/unwrapped/win64.o/vitis-run.exe --mode hls --csim --config E:\robot\project\xilinx_fpga_class\hls\lab4\prj\fir\hls_config.cfg --work_dir fir 
  Options from -O    : 
  Options from *.ini : 
  Options from Hw Platform : 

==========================================
new:  steps log generated by v++ for new launch 
timestamp: 16 Feb 2025 10:16:14

------------------------------------------
VITIS-RUN command line :
------------------------------------------
E:/xilinx/Vitis/2024.2/bin/unwrapped/win64.o/vitis-run.exe --mode hls --csim --config E:\robot\project\xilinx_fpga_class\hls\lab4\prj\fir\hls_config.cfg --work_dir fir 
  Options from -O    : 
  Options from *.ini : 
  Options from Hw Platform : 

==========================================
new:  steps log generated by v++ for new launch 
timestamp: 16 Feb 2025 10:16:46

------------------------------------------
VITIS-RUN command line :
------------------------------------------
E:/xilinx/Vitis/2024.2/bin/unwrapped/win64.o/vitis-run.exe --mode hls --csim --config E:\robot\project\xilinx_fpga_class\hls\lab4\prj\fir\hls_config.cfg --work_dir fir 
  Options from -O    : 
  Options from *.ini : 
  Options from Hw Platform : 

==========================================
new:  steps log generated by v++ for new launch 
timestamp: 16 Feb 2025 10:18:33

------------------------------------------
VITIS-RUN command line :
------------------------------------------
E:/xilinx/Vitis/2024.2/bin/unwrapped/win64.o/vitis-run.exe --mode hls --csim --config E:\robot\project\xilinx_fpga_class\hls\lab4\prj\fir\hls_config.cfg --work_dir fir 
  Options from -O    : 
  Options from *.ini : 
  Options from Hw Platform : 

==========================================
new:  steps log generated by v++ for new launch 
timestamp: 16 Feb 2025 10:19:22

------------------------------------------
VITIS-RUN command line :
------------------------------------------
E:/xilinx/Vitis/2024.2/bin/unwrapped/win64.o/vitis-run.exe --mode hls --csim --config E:\robot\project\xilinx_fpga_class\hls\lab4\prj\fir\hls_config.cfg --work_dir fir 
  Options from -O    : 
  Options from *.ini : 
  Options from Hw Platform : 

==========================================
new:  steps log generated by v++ for new launch 
timestamp: 16 Feb 2025 10:20:50

------------------------------------------
VITIS-RUN command line :
------------------------------------------
E:/xilinx/Vitis/2024.2/bin/unwrapped/win64.o/vitis-run.exe --mode hls --csim --config E:\robot\project\xilinx_fpga_class\hls\lab4\prj\fir\hls_config.cfg --work_dir fir 
  Options from -O    : 
  Options from *.ini : 
  Options from Hw Platform : 

==========================================
new:  steps log generated by v++ for new launch 
timestamp: 16 Feb 2025 10:23:07

------------------------------------------
VITIS-RUN command line :
------------------------------------------
E:/xilinx/Vitis/2024.2/bin/unwrapped/win64.o/vitis-run.exe --mode hls --csim --config E:\robot\project\xilinx_fpga_class\hls\lab4\prj\fir\hls_config.cfg --work_dir fir 
  Options from -O    : 
  Options from *.ini : 
  Options from Hw Platform : 

==========================================
new:  steps log generated by v++ for new launch 
timestamp: 16 Feb 2025 10:24:07

------------------------------------------
VITIS-RUN command line :
------------------------------------------
E:/xilinx/Vitis/2024.2/bin/unwrapped/win64.o/vitis-run.exe --mode hls --csim --config E:\robot\project\xilinx_fpga_class\hls\lab4\prj\fir\hls_config.cfg --work_dir fir 
  Options from -O    : 
  Options from *.ini : 
  Options from Hw Platform : 

==========================================
new:  steps log generated by v++ for new launch 
timestamp: 16 Feb 2025 10:25:12

------------------------------------------
VITIS-RUN command line :
------------------------------------------
E:/xilinx/Vitis/2024.2/bin/unwrapped/win64.o/vitis-run.exe --mode hls --csim --config E:\robot\project\xilinx_fpga_class\hls\lab4\prj\fir\hls_config.cfg --work_dir fir 
  Options from -O    : 
  Options from *.ini : 
  Options from Hw Platform : 

==========================================
new:  steps log generated by v++ for new launch 
timestamp: 16 Feb 2025 10:25:33

------------------------------------------
VITIS-RUN command line :
------------------------------------------
E:/xilinx/Vitis/2024.2/bin/unwrapped/win64.o/vitis-run.exe --mode hls --csim --config E:\robot\project\xilinx_fpga_class\hls\lab4\prj\fir\hls_config.cfg --work_dir fir 
  Options from -O    : 
  Options from *.ini : 
  Options from Hw Platform : 

==========================================
new:  steps log generated by v++ for new launch 
timestamp: 16 Feb 2025 10:26:01

------------------------------------------
VITIS-RUN command line :
------------------------------------------
E:/xilinx/Vitis/2024.2/bin/unwrapped/win64.o/vitis-run.exe --mode hls --csim --config E:\robot\project\xilinx_fpga_class\hls\lab4\prj\fir\hls_config.cfg --work_dir fir 
  Options from -O    : 
  Options from *.ini : 
  Options from Hw Platform : 

==========================================
new:  steps log generated by v++ for new launch 
timestamp: 16 Feb 2025 10:46:19

------------------------------------------
VITIS-RUN command line :
------------------------------------------
E:/xilinx/Vitis/2024.2/bin/unwrapped/win64.o/vitis-run.exe --mode hls --csim --config E:\robot\project\xilinx_fpga_class\hls\lab4\prj\fir\hls_config.cfg --work_dir fir 
  Options from -O    : 
  Options from *.ini : 
  Options from Hw Platform : 

==========================================
new:  steps log generated by v++ for new launch 
timestamp: 16 Feb 2025 10:46:50

------------------------------------------
VITIS-RUN command line :
------------------------------------------
E:/xilinx/Vitis/2024.2/bin/unwrapped/win64.o/vitis-run.exe --mode hls --csim --config E:\robot\project\xilinx_fpga_class\hls\lab4\prj\fir\hls_config.cfg --work_dir fir 
  Options from -O    : 
  Options from *.ini : 
  Options from Hw Platform : 

==========================================
new:  steps log generated by v++ for new launch 
timestamp: 16 Feb 2025 10:56:05

------------------------------------------
VITIS-RUN command line :
------------------------------------------
E:/xilinx/Vitis/2024.2/bin/unwrapped/win64.o/vitis-run.exe --mode hls --csim --config E:\robot\project\xilinx_fpga_class\hls\lab4\prj\fir\hls_config.cfg --work_dir fir 
  Options from -O    : 
  Options from *.ini : 
  Options from Hw Platform : 

==========================================
new:  steps log generated by v++ for new launch 
timestamp: 16 Feb 2025 10:56:45

------------------------------------------
VITIS-RUN command line :
------------------------------------------
E:/xilinx/Vitis/2024.2/bin/unwrapped/win64.o/vitis-run.exe --mode hls --csim --config E:\robot\project\xilinx_fpga_class\hls\lab4\prj\fir\hls_config.cfg --work_dir fir 
  Options from -O    : 
  Options from *.ini : 
  Options from Hw Platform : 

==========================================
new:  steps log generated by v++ for new launch 
timestamp: 16 Feb 2025 11:00:16

------------------------------------------
V++ command line :
------------------------------------------
E:/xilinx/Vitis/2024.2/bin/unwrapped/win64.o/v++.exe -c --mode hls --config E:\robot\project\xilinx_fpga_class\hls\lab4\prj\fir\hls_config.cfg --work_dir fir 
  Options from -O    : 
  Options from *.ini : 
  Options from Hw Platform : 

==========================================
new:  steps log generated by v++ for new launch 
timestamp: 16 Feb 2025 11:24:32

------------------------------------------
VITIS-RUN command line :
------------------------------------------
E:/xilinx/Vitis/2024.2/bin/unwrapped/win64.o/vitis-run.exe --mode hls --cosim --config E:\robot\project\xilinx_fpga_class\hls\lab4\prj\fir\hls_config.cfg --work_dir fir 
  Options from -O    : 
  Options from *.ini : 
  Options from Hw Platform : 

==========================================
new:  steps log generated by v++ for new launch 
timestamp: 16 Feb 2025 11:29:20

------------------------------------------
V++ command line :
------------------------------------------
E:/xilinx/Vitis/2024.2/bin/unwrapped/win64.o/v++.exe -c --mode hls --config E:\robot\project\xilinx_fpga_class\hls\lab4\prj\fir\hls_config.cfg --work_dir fir 
  Options from -O    : 
  Options from *.ini : 
  Options from Hw Platform : 

==========================================
new:  steps log generated by v++ for new launch 
timestamp: 16 Feb 2025 14:38:11

------------------------------------------
V++ command line :
------------------------------------------
E:/xilinx/Vitis/2024.2/bin/unwrapped/win64.o/v++.exe -c --mode hls --config E:\robot\project\xilinx_fpga_class\hls\lab4\prj\fir\hls_config.cfg --work_dir fir 
  Options from -O    : 
  Options from *.ini : 
  Options from Hw Platform : 

==========================================
new:  steps log generated by v++ for new launch 
timestamp: 16 Feb 2025 14:42:33

------------------------------------------
VITIS-RUN command line :
------------------------------------------
E:/xilinx/Vitis/2024.2/bin/unwrapped/win64.o/vitis-run.exe --mode hls --cosim --config E:\robot\project\xilinx_fpga_class\hls\lab4\prj\fir\hls_config.cfg --work_dir fir 
  Options from -O    : 
  Options from *.ini : 
  Options from Hw Platform : 

==========================================
new:  steps log generated by v++ for new launch 
timestamp: 16 Feb 2025 14:45:37

------------------------------------------
VITIS-RUN command line :
------------------------------------------
E:/xilinx/Vitis/2024.2/bin/unwrapped/win64.o/vitis-run.exe --mode hls --package --config E:\robot\project\xilinx_fpga_class\hls\lab4\prj\fir\hls_config.cfg --work_dir fir 
  Options from -O    : 
  Options from *.ini : 
  Options from Hw Platform : 

==========================================
new:  steps log generated by v++ for new launch 
timestamp: 16 Feb 2025 14:49:54

------------------------------------------
VITIS-RUN command line :
------------------------------------------
E:/xilinx/Vitis/2024.2/bin/unwrapped/win64.o/vitis-run.exe --mode hls --impl --config E:\robot\project\xilinx_fpga_class\hls\lab4\prj\fir\hls_config.cfg --work_dir fir 
  Options from -O    : 
  Options from *.ini : 
  Options from Hw Platform : 

==========================================
new:  steps log generated by v++ for new launch 
timestamp: 16 Feb 2025 18:50:16

------------------------------------------
VITIS-RUN command line :
------------------------------------------
E:/xilinx/Vitis/2024.2/bin/unwrapped/win64.o/vitis-run.exe --mode hls --csim --config E:\robot\project\xilinx_fpga_class\hls\lab4\prj\fir\hls_config.cfg --work_dir fir 
  Options from -O    : 
  Options from *.ini : 
  Options from Hw Platform : 

==========================================
new:  steps log generated by v++ for new launch 
timestamp: 21 Feb 2025 10:42:51

------------------------------------------
VITIS-RUN command line :
------------------------------------------
E:/vitis/Vitis/2024.2/bin/unwrapped/win64.o/vitis-run.exe --mode hls --csim --config E:\robot\project\xilinx_fpga_class\hls\lab4\prj\fir\hls_config.cfg --work_dir fir 
  Options from -O    : 
  Options from *.ini : 
  Options from Hw Platform : 

==========================================
new:  steps log generated by v++ for new launch 
timestamp: 27 Feb 2025 16:29:17

------------------------------------------
VITIS-RUN command line :
------------------------------------------
E:/vitis/Vitis/2024.2/bin/unwrapped/win64.o/vitis-run.exe --mode hls --csim --config E:\robot\project\xilinx_fpga_class\hls\lab4\prj\fir\hls_config.cfg --work_dir fir 
  Options from -O    : 
  Options from *.ini : 
  Options from Hw Platform : 

==========================================
new:  steps log generated by v++ for new launch 
timestamp: 27 Feb 2025 16:30:23

------------------------------------------
VITIS-RUN command line :
------------------------------------------
E:/vitis/Vitis/2024.2/bin/unwrapped/win64.o/vitis-run.exe --mode hls --csim --config E:\robot\project\xilinx_fpga_class\hls\lab4\prj\fir\hls_config.cfg --work_dir fir 
  Options from -O    : 
  Options from *.ini : 
  Options from Hw Platform : 

==========================================
new:  steps log generated by v++ for new launch 
timestamp: 27 Feb 2025 16:31:02

------------------------------------------
VITIS-RUN command line :
------------------------------------------
E:/vitis/Vitis/2024.2/bin/unwrapped/win64.o/vitis-run.exe --mode hls --csim --config E:\robot\project\xilinx_fpga_class\hls\lab4\prj\fir\hls_config.cfg --work_dir fir 
  Options from -O    : 
  Options from *.ini : 
  Options from Hw Platform : 

==========================================
new:  steps log generated by v++ for new launch 
timestamp: 02 Mar 2025 11:02:59

------------------------------------------
VITIS-RUN command line :
------------------------------------------
E:/vitis/Vitis/2024.2/bin/unwrapped/win64.o/vitis-run.exe --mode hls --csim --config E:\robot\project\xilinx_fpga_class\hls\lab4\prj\fir\hls_config.cfg --work_dir fir 
  Options from -O    : 
  Options from *.ini : 
  Options from Hw Platform : 

==========================================
new:  steps log generated by v++ for new launch 
timestamp: 02 Mar 2025 11:04:53

------------------------------------------
VITIS-RUN command line :
------------------------------------------
E:/vitis/Vitis/2024.2/bin/unwrapped/win64.o/vitis-run.exe --mode hls --csim --config E:\robot\project\xilinx_fpga_class\hls\lab4\prj\fir\hls_config.cfg --work_dir fir 
  Options from -O    : 
  Options from *.ini : 
  Options from Hw Platform : 

==========================================
new:  steps log generated by v++ for new launch 
timestamp: 02 Mar 2025 11:05:43
