  **** HLS Build v2024.2 5238294
INFO: [HLS 200-2005] Using work_dir E:/robot/project/xilinx_fpga_class/hls/lab4/prj/fir/fir 
INFO: [HLS 200-1505] Using default flow_target 'vivado'
Resolution: For help on HLS 200-1505 see docs.xilinx.com/access/sources/dita/topic?Doc_Version=2024.2%20English&url=ug1448-hls-guidance&resourceid=200-1505.html
WARNING: [HLS 200-1921] Skipping unknown ini [hls] entry 'cflags=E:/xilinx/Vitis/2024.2/include/legacy' from E:/robot/project/xilinx_fpga_class/hls/lab4/prj/fir/hls_config.cfg(10)
INFO: [HLS 200-1465] Applying ini 'syn.file=E:/robot/project/xilinx_fpga_class/hls/lab4/fir.c' from E:/robot/project/xilinx_fpga_class/hls/lab4/prj/fir/hls_config.cfg(11)
INFO: [HLS 200-10] Adding design file 'E:/robot/project/xilinx_fpga_class/hls/lab4/fir.c' to the project
INFO: [HLS 200-1465] Applying ini 'syn.file=E:/robot/project/xilinx_fpga_class/hls/lab4/fir_coef.dat' from E:/robot/project/xilinx_fpga_class/hls/lab4/prj/fir/hls_config.cfg(12)
INFO: [HLS 200-10] Adding design file 'E:/robot/project/xilinx_fpga_class/hls/lab4/fir_coef.dat' to the project
INFO: [HLS 200-1465] Applying ini 'syn.file=E:\xilinx\Vitis\2024.2\vcxx\data\autopilot\legacy\ap_cint.h' from E:/robot/project/xilinx_fpga_class/hls/lab4/prj/fir/hls_config.cfg(13)
INFO: [HLS 200-10] Adding design file 'E:/xilinx/Vitis/2024.2/vcxx/data/autopilot/legacy/ap_cint.h' to the project
INFO: [HLS 200-1465] Applying ini 'tb.file=E:/robot/project/xilinx_fpga_class/hls/lab4/fir_test.c' from E:/robot/project/xilinx_fpga_class/hls/lab4/prj/fir/hls_config.cfg(8)
INFO: [HLS 200-10] Adding test bench file 'E:/robot/project/xilinx_fpga_class/hls/lab4/fir_test.c' to the project
INFO: [HLS 200-1465] Applying ini 'syn.top=fir' from E:/robot/project/xilinx_fpga_class/hls/lab4/prj/fir/hls_config.cfg(7)
INFO: [HLS 200-1465] Applying ini 'flow_target=vivado' from E:/robot/project/xilinx_fpga_class/hls/lab4/prj/fir/hls_config.cfg(4)
INFO: [HLS 200-1505] Using flow_target 'vivado'
Resolution: For help on HLS 200-1505 see docs.xilinx.com/access/sources/dita/topic?Doc_Version=2024.2%20English&url=ug1448-hls-guidance&resourceid=200-1505.html
INFO: [HLS 200-1465] Applying ini 'part=xczu5eg-sfvc784-1-e' from E:/robot/project/xilinx_fpga_class/hls/lab4/prj/fir/hls_config.cfg(1)
INFO: [HLS 200-1611] Setting target device to 'xczu5eg-sfvc784-1-e'
INFO: [HLS 200-1465] Applying ini 'csim.code_analyzer=0' from E:/robot/project/xilinx_fpga_class/hls/lab4/prj/fir/hls_config.cfg(9)
INFO: [HLS 200-1465] Applying ini 'package.output.format=ip_catalog' from E:/robot/project/xilinx_fpga_class/hls/lab4/prj/fir/hls_config.cfg(5)
INFO: [SIM 211-2] *************** CSIM start ***************
INFO: [SIM 211-4] CSIM will launch CLANG as the compiler.
INFO: [HLS 200-2036] Building debug C Simulation binaries
   Compiling ../../../../../../fir_test.c in debug mode
csim.mk:88: recipe for target 'obj/fir_test.o' failed
In file included from ../../../../../../fir_test.c:30:
../../../../../../fir.h:36:2: error: ERROR: [HLS 211-200] ap_cint.h is not supported by Code Analyzer C simulation
#error ERROR: [HLS 211-200] ap_cint.h is not supported by Code Analyzer C simulation
 ^
1 error generated.
make: *** [obj/fir_test.o] Error 1
ERROR: [SIM 211-100] 'csim_design' failed: compilation error(s).
INFO: [SIM 211-3] *************** CSIM finish ***************
ERROR: 4
INFO: [HLS 200-112] Total CPU user time: 2 seconds. Total CPU system time: 1 seconds. Total elapsed time: 2.428 seconds; peak allocated memory: 162.820 MB.
