#-----------------------------------------------------------
# Vivado v2024.2 (64-bit)
# SW Build 5239630 on Fri Nov 08 22:35:27 MST 2024
# IP Build 5239520 on Sun Nov 10 16:12:51 MST 2024
# SharedData Build 5239561 on Fri Nov 08 14:39:27 MST 2024
# Start of session at: Sun Feb 16 15:24:33 2025
# Process ID         : 41888
# Current directory  : E:/robot/project/xilinx_fpga_class/hls/lab4
# Command line       : vivado.exe -source pynq_z2_audio_project_create.tcl
# Log file           : E:/robot/project/xilinx_fpga_class/hls/lab4/vivado.log
# Journal file       : E:/robot/project/xilinx_fpga_class/hls/lab4\vivado.jou
# Running On         : nightt_insider
# Platform           : Windows Server 2016 or Windows 10
# Operating System   : 26100
# Processor Detail   : AMD Ryzen 7 5800U with Radeon Graphics         
# CPU Frequency      : 1896 MHz
# CPU Physical cores : 8
# CPU Logical cores  : 16
# Host memory        : 16487 MB
# Swap memory        : 22548 MB
# Total Virtual      : 39036 MB
# Available Virtual  : 15304 MB
#-----------------------------------------------------------
start_gui
source pynq_z2_audio_project_create.tcl
# start_gui
# create_project audio ./audio -part xc7z020clg400-1
ERROR: [Common 17-53] User Exception: Project already exists on disk, please use '-force' option to overwrite: 
     E:/robot/project/xilinx_fpga_class/hls/lab4/audio/audio.xpr
     E:/robot/project/xilinx_fpga_class/hls/lab4/audio/audio.sim
     E:/robot/project/xilinx_fpga_class/hls/lab4/audio/audio.cache
     E:/robot/project/xilinx_fpga_class/hls/lab4/audio/audio.hw
     E:/robot/project/xilinx_fpga_class/hls/lab4/audio/audio.ip_user_files
-force
invalid command name "-force"
exit
INFO: [Common 17-206] Exiting Vivado at Sun Feb 16 15:25:16 2025...
