# 
# Steps log generated by v++
# This log file contains a collection of steps that describe the kernel compilation flow
# Note: Some steps are tagged as internal, these steps are for debugging purposes and 
#       are not expected to be able to run independently.
# 

# The following environment variables are set when running v++
Environment variables :
------------------------------------------
ADS_LICENES_FILE=E:\Keysight\license.lic
ADS_LICENSE_FILE=E:\Keysight\license.lic
ALLUSERSPROFILE=C:\ProgramData
APPDATA=C:\Users\14692\AppData\Roaming
args=-w ./w
args_for_classic= -w ./w
args_for_source= -w ./w
arr.length=2
arr.Ubound=1
arr[0]=-w
arr[1]=./w
CHARPOP=1
CMAKE_OBJECT_PATH_MAX=4096
CommonProgramFiles=C:\Program Files\Common Files
CommonProgramFiles(x86)=C:\Program Files (x86)\Common Files
CommonProgramW6432=C:\Program Files\Common Files
COMPUTERNAME=NIGHTT_INSIDER
ComSpec=C:\WINDOWS\system32\cmd.exe
CONDA_BAT=E:\anaconda\condabin\conda.bat
CONDA_EXE=E:\anaconda\Scripts\conda.exe
CONDA_SHLVL=0
CUDA_PATH=C:\Program Files\NVIDIA GPU Computing Toolkit\CUDA\v12.2
CUDA_PATH_V12_2=C:\Program Files\NVIDIA GPU Computing Toolkit\CUDA\v12.2
DevEco Studio=E:\HUAWEI\DevEco Studio\bin;
dirIndex=1
DriverData=C:\Windows\System32\Drivers\DriverData
EFC_6256=1
ffmpeg=E:\robot\tool\ffmpeg\bin
GnuWin32=C:\Program Files (x86)\GnuWin32\bin
HDC_SERVER_PORT=65037
HDI_APPROOT=E:/vitis/Vitis/2024.2
HDI_PROCESSOR=i686
HOMEDRIVE=C:
HOMEPATH=\Users\14692
HW_SERVER_DJTG_DISABLE=1
HW_SERVER_FTDIMGR_DISABLE=1
IDE_SKIP_SERVER_LICENSE=1
INT_VARIABLE_NAME=XILINX_PATH
ISL_IOSTREAMS_RSA=E:/vitis/Vitis/2024.2/tps/isl
JAVA_EXE=E:/vitis\Vitis\2024.2\tps\win64\jre11.0.16_1\bin\java.exe
JAVA_HOME=E:/vitis\Vitis\2024.2\tps\win64\jre11.0.16_1
LC_NUMERIC=C
LD_LIBRARY_PATH=C:\Program Files\NVIDIA GPU Computing Toolkit\CUDA\v12.2\lib64;%LD_LIBRARY_PATH%
LM_LICENSE_FILE=E:\modelsim\LICENSE.TXT
LOCALAPPDATA=C:\Users\14692\AppData\Local
LOGONSERVER=\\NIGHTT_INSIDER
LOPPER_DTC_FLAGS=-b 0 -@
NOSPLASH=false
NUMBER_OF_PROCESSORS=16
OneDrive=C:\Users\14692\OneDrive
OneDriveConsumer=C:\Users\14692\OneDrive
ORIGINAL_XDG_CURRENT_DESKTOP=undefined
OS=Windows_NT
PATH=E:/vitis/Vivado/2024.2/tps/win64/binutils-2.26/bin;E:/vitis/Vitis/2024.2/bin/../gnu/aarch64/nt/aarch64-linux/bin;E:/vitis/Vitis/2024.2/bin/../gnu/ppc64le/4.9.3/win64/bin;E:/vitis/Vitis/2024.2/bin/../gnu/aarch32/nt/gcc-arm-linux-gnueabi/bin;E:/vitis/Vitis/2024.2/tps/mingw/6.2.0/win64.o/nt/bin;E:/vitis/Vivado/2024.2\gnuwin\bin;E:/vitis/Vivado/2024.2\gnu\microblaze\nt\bin;E:/vitis/Vitis/2024.2/bin;E:/vitis/Vitis/2024.2/tps/win64/javafx-sdk-11.0.2/lib;E:/vitis/Vitis/2024.2/tps/win64/javafx-sdk-11.0.2/bin;E:/vitis/Vitis/2024.2/lib/win64.o;E:/vitis/Vitis/2024.2/tps/win64/jre11.0.16_1/bin/server;E:/vitis/Vitis/2024.2/tps/win64/jre11.0.16_1/bin;E:\vitis\Vitis\2024.2\tps\win64\lopper-1.1.0-packages\min_sdk\\usr\bin;E:/vitis\Vitis\2024.2\tps\win64\cmake-3.24.2\bin;E:/vitis\Vitis\2024.2\gnu\microblaze\nt\bin;E:/vitis\Vitis\2024.2\gnu\microblaze\linux_toolchain\nt64_le\bin;E:/vitis\Vitis\2024.2\gnu\aarch32\nt\gcc-arm-linux-gnueabi\bin;E:/vitis\Vitis\2024.2\gnu\aarch32\nt\gcc-arm-none-eabi\bin;E:/vitis\Vitis\2024.2\gnu\aarch64\nt\aarch64-linux\bin;E:/vitis\Vitis\2024.2\gnu\aarch64\nt\aarch64-none\bin;E:/vitis\Vitis\2024.2\gnu\armr5\nt\gcc-arm-none-eabi\bin;E:/vitis\Vitis\2024.2\gnuwin\bin;E:/vitis\Vitis\2024.2\tps\win64\python-3.8.3;E:/vitis\Vitis\2024.2\tps\win64\libxslt\bin;E:/vitis/Vivado/2024.2\bin;E:/vitis/Vitis/2024.2\gnu\arm\nt\bin;E:/vitis/Vitis/2024.2\gnu\microblaze\linux_toolchain\nt64_be\bin;E:/vitis/Vitis/2024.2\gnu\riscv\nt\riscv64-unknown-elf\bin;E:/vitis/Vivado/2024.2\tps\win64\python-3.8.3;E:/vitis/Vivado/2024.2\tps\win64\git-2.45.0\bin;E:/vitis/Vivado/2024.2\tps\win64\cmake-3.24.2\bin;E:/vitis/Vitis/2024.2\win64\tools\clang\bin;E:\anaconda\condabin;C:\Program Files\Eclipse Adoptium\jdk-21.0.4.7-hotspot\bin;c:\Users\14692\AppData\Local\Programs\cursor\resources\app\bin;C:\Program Files\NVIDIA GPU Computing Toolkit\CUDA\v12.2\bin;C:\Program Files\NVIDIA GPU Computing Toolkit\CUDA\v12.2\libnvvp;C:\Windows\system32;C:\Windows;C:\Windows\System32\Wbem;C:\Windows\System32\WindowsPowerShell\v1.0\;C:\Windows\System32\OpenSSH\;C:\Program Files (x86)\NVIDIA Corporation\PhysX\Common;C:\Program Files\NVIDIA Corporation\NVIDIA NvDLISR;E:\mingw64\bin;E:\robot\M2_DOCK\platform-tools;C:\Program Files\NVIDIA Corporation\Nsight Compute 2023.2.0\;C:\Program Files\NVIDIA GPU Computing Toolkit\CUDA\v12.2\lib;C:\Program Files\NVIDIA GPU Computing Toolkit\CUDA\v12.2\include;C:\Program Files\Git\cmd;E:\anaconda;E:\anaconda\Scripts;E:\anaconda\Library\bin;E:\robot\arduino-ide_nightly-20240511_Windows_64bit;E:\vivado\Vivado\2024.1\bin;E:\modelsim\win64;C:\Users\14692\AppDa;C:\Program Files\dotnet\;C:\Program Files (x86)\GnuWin32\bin;E:\vivado\Vitis_HLS\2024.1\bin;E:\vivado\Vitis\2024.1\gnuwin\bin;E:\vivado\Vitis\2024.1\gnu\microblaze\nt\bin;E:\vivado\Vitis\2024.1\gnu\microblaze\linux_toolchain\nt64_le\bin;C:\Program Files\Tailscale\;E:\vitis\Vitis\2024.2\lib\win64.o\xv_common.dll;E:\anaconda\envs\tmi_host_env;E:\anaconda\envs\tmi_host_env\Library\mingw-w64\bin;E:\anaconda\envs\tmi_host_env\Library\usr\bin;E:\anaconda\envs\tmi_host_env\Library\bin;E:\anaconda\envs\tmi_host_env\Scripts;E:\anaconda\envs\tmi_host_env\bin;E:\Microsoft VS Code Insiders\bin;E:/vitis/Vitis/2024.2\tps\mingw\6.2.0\win64.o\nt\bin;E:/vitis/Vitis/2024.2\tps\mingw\6.2.0\win64.o\nt\libexec\gcc\x86_64-w64-mingw32\6.2.0
PATHEXT=.COM;.EXE;.BAT;.CMD;.VBS;.VBE;.JS;.JSE;.WSF;.WSH;.MSC
PROCESSOR_ARCHITECTURE=AMD64
PROCESSOR_IDENTIFIER=AMD64 Family 25 Model 80 Stepping 0, AuthenticAMD
PROCESSOR_LEVEL=25
PROCESSOR_REVISION=5000
PRODVERSION_EXE=E:/vitis/Vitis/2024.2/bin/unwrapped/win64.o/prodversion.exe
ProgramData=C:\ProgramData
ProgramFiles=C:\Program Files
ProgramFiles(x86)=C:\Program Files (x86)
ProgramW6432=C:\Program Files
PROMPT=$P$G
PSModulePath=C:\Program Files\WindowsPowerShell\Modules;C:\WINDOWS\system32\WindowsPowerShell\v1.0\Modules
PUBLIC=C:\Users\Public
PyCharm=E:\PyCharm 2023.1.3\bin;
PyCharm Community Edition=E:\PyCharm Community Edition 2024.1.4\bin;
PYQTDESIGNERPATH=E:\anaconda\envs\tmi_host_env\Lib\site-packages\PyQt6-Fluent-Widgets\designer
PYTHONPATH=;E:/vitis/Vitis/2024.2\cli;E:/vitis/Vitis/2024.2\cli\python-packages\win64;E:/vitis/Vitis/2024.2\cli\python-packages\site-packages;E:/vitis/Vitis/2024.2\cli\proto;E:/vitis/Vitis/2024.2\scripts\python_pkg;
python_path=;E:/vitis/Vitis/2024.2\cli;E:/vitis/Vitis/2024.2\cli\python-packages\win64;E:/vitis/Vitis/2024.2\cli\python-packages\site-packages;E:/vitis/Vitis/2024.2\cli\proto;E:/vitis/Vitis/2024.2\scripts\python_pkg;
RDI_APPROOT=E:/vitis/Vitis/2024.2
RDI_ARGS= -c --mode hls --config E:\robot\project\xilinx_fpga_class\hls\lab2\w\yuv_filter_solution3\hls_config.cfg --work_dir yuv_filter_solution3
RDI_ARGS_FUNCTION=RDI_EXEC_DEFAULT
RDI_BASEROOT=E:/vitis/Vitis
RDI_BINDIR=E:/vitis/Vitis/2024.2/bin
RDI_BINROOT=E:/vitis/Vitis/2024.2/bin
RDI_BUILD=yes
RDI_CHECK_PROG=True
RDI_DATADIR=E:/vitis/SharedData/2024.2/data;E:/vitis/Vitis/2024.2/data
RDI_INSTALLROOT=E:/vitis
RDI_INSTALLVER=2024.2
RDI_INSTALLVERSION=2024.2
RDI_JAVACEFROOT=E:/vitis/Vitis/2024.2/tps/win64/java-cef-95.0.4638.69
RDI_JAVAFXROOT=E:/vitis/Vitis/2024.2/tps/win64/javafx-sdk-11.0.2
RDI_JAVAROOT=E:/vitis/Vitis/2024.2/tps/win64/jre11.0.16_1
RDI_JAVA_VERSION=11.0.16_1
RDI_LIBDIR=E:/vitis/Vitis/2024.2/lib/win64.o
RDI_MINGW_LIB=E:/vitis/Vitis/2024.2\tps\mingw\6.2.0\win64.o\nt\bin;E:/vitis/Vitis/2024.2\tps\mingw\6.2.0\win64.o\nt\libexec\gcc\x86_64-w64-mingw32\6.2.0
RDI_OPT_EXT=.o
RDI_OS_ARCH=64
RDI_PLATFORM=win64
RDI_PREPEND_PATH=E:/vitis/Vitis/2024.2/bin
RDI_PROG=E:/vitis/Vitis/2024.2/bin/unwrapped/win64.o/v++.exe
RDI_PROGNAME=v++.exe
RDI_SESSION_INFO=E:\robot\project\xilinx_fpga_class\hls\lab2:NIGHTT_INSIDER-2025-02-28周五_15-36-03.26
RDI_SHARED_DATA=E:/vitis/SharedData/2024.2/data
RDI_TPS_ROOT=E:/vitis/Vivado/2024.2/tps/win64
RDI_USE_JDK11=1
RDI_VERBOSE=False
RT_LIBPATH=E:/vitis/Vitis/2024.2/scripts/rt/data
RT_TCL_PATH=E:/vitis/Vitis/2024.2/scripts/rt/base_tcl/tcl
SDKROOT=E:\vitis\Vitis\2024.2\tps\win64\lopper-1.1.0-packages\min_sdk\
SESSIONNAME=Console
session_string=E:\robot\project\xilinx_fpga_class\hls\lab2\w\yuv_filter_solution3:NIGHTT_INSIDER-2025-03-02周日_9-52-49.90
SHARED_DATA_HOME="E:/vitis/SharedData/2024.2"
supports_classic_ide=true
SWIG_LIB=E:\vitis\Vitis\2024.2\tps\win64\lopper-1.1.0-packages\min_sdk\\usr\lib\swig\4.2.1
SYNTH_COMMON=E:/vitis/Vitis/2024.2/scripts/rt/data
SystemDrive=C:
SystemRoot=C:\WINDOWS
TCL_LIBRARY=E:/vitis/Vitis/2024.2/tps/tcl/tcl8.6
TCMALLOC_LARGE_ALLOC_REPORT_THRESHOLD=4294967296
TEMP=C:\Users\14692\AppData\Local\Temp
THEIA_APP_PROJECT_PATH=E:\vitis\Vitis\2024.2\ide\electron-app\win64\resources\app
THEIA_DEFAULT_PLUGINS=local-dir:E:\vitis\Vitis\2024.2\ide\electron-app\win64\resources\app\plugins
THEIA_ELECTRON_TOKEN={"value":"261d4bcd-53e8-486a-a5ee-4fc5ffb4147f"}
THEIA_ELECTRON_VERSION=15.5.7
THEIA_PLUGINS=local-dir:C:\Users\14692\.theia\plugins
TMP=C:\Users\14692\AppData\Local\Temp
tooldir=tps\win64\git-2.41.0
TOOLS_CLANG=E:/vitis/Vitis/2024.2\win64\tools\clang
TPS_CMAKE=E:/vitis/Vivado/2024.2\tps\win64\cmake-3.24.2
TPS_GIT=E:/vitis/Vivado/2024.2\tps\win64\git-2.45.0
TPS_LIBXSLT=E:/vitis/Vitis/2024.2\tps\win64\libxslt
TPS_PYTHON=E:/vitis/Vivado/2024.2\tps\win64\python-3.8.3
USERDOMAIN=NIGHTT_INSIDER
USERDOMAIN_ROAMINGPROFILE=NIGHTT_INSIDER
USERNAME=14692
USERPROFILE=C:\Users\14692
val=./w
vitis=E:\vivado\Vitis_HLS\2024.1\bin
VITISNEW=true
VSCODE_API_VERSION=1.53.2
w64devkit=C:\Users\14692\Downloads\w64devkit\bin
windir=C:\WINDOWS
WORKSPACE=true
workspaceDir=./w
XILINX_HLS=E:/vitis/Vitis/2024.2
XILINX_PLANAHEAD=E:/vitis/Vitis/2024.2
XILINX_SDK=E:/vitis/Vitis/2024.2
XILINX_VCXX=E:/vitis/Vitis/2024.2/vcxx
XILINX_VERSION_DEFAULT=2024.2
XILINX_VERSION_VITIS=2024.2
XILINX_VITIS=E:/vitis\Vitis\2024.2
XILINX_VITIS_GIT=E:/vitis/Vivado/2024.2\tps\win64\git-2.45.0\bin
XILINX_VITIS_HLS_ENCAPSULATED=1
XILINX_VITIS_VERSION=Vitis v2024.2 (64-bit)
XILINX_VIVADO=E:/vitis/Vivado/2024.2
XILINX_VIVADO_HLS=E:/vitis/Vivado/2024.2
XIL_CHECK_TCL_DEBUG=False
XIL_NO_OVERRIDE=0
XIL_SUPPRESS_OVERRIDE_WARNINGS=1
XVREDIST=E:/vitis/Vitis/2024.2\tps\win64\xvcredist.exe
_RDI_BINROOT=E:\vitis\Vitis\2024.2\bin
_RDI_CWD=E:\robot\project\xilinx_fpga_class\hls\lab2\w\yuv_filter_solution3
_RDI_DONT_SET_XILINX_AS_PATH=True
_RDI_VERSION_PROG=v++
_valid=False
XILINX_CD_CONNECT_ID=52877
XILINX_CD_SESSION=fe421d7f-f3e0-4150-964b-e11b6b43d072


V++ command line:
------------------------------------------
E:/vitis/Vitis/2024.2/bin/unwrapped/win64.o/v++.exe -c --mode hls --config E:\robot\project\xilinx_fpga_class\hls\lab2\w\yuv_filter_solution3\hls_config.cfg --work_dir yuv_filter_solution3 

FINAL PROGRAM OPTIONS
--compile
--config E:\robot\project\xilinx_fpga_class\hls\lab2\w\yuv_filter_solution3\hls_config.cfg
--hls.clock 10
--hls.csim.code_analyzer 0
--hls.flow_target vitis
--hls.package.output.format xo
--hls.package.output.syn 0
--hls.syn.directive.pipeline rgb2yuv/RGB2YUV_LOOP_Y
--hls.syn.directive.pipeline yuv_scale/YUV_SCALE_LOOP_Y
--hls.syn.directive.pipeline yuv2rgb/YUV2RGB_LOOP_Y
--hls.syn.file E:\robot\project\xilinx_fpga_class\hls\lab2/yuv_filter.c
--hls.syn.top yuv_filter
--hls.tb.file E:\robot\project\xilinx_fpga_class\hls\lab2/image_aux.c
--hls.tb.file E:\robot\project\xilinx_fpga_class\hls\lab2/yuv_filter_test.c
--hls.tb.file E:\robot\project\xilinx_fpga_class\hls\lab2/test_data
--mode hls
--part xc7z020clg400-1
--target hw
--work_dir yuv_filter_solution3

PARSED COMMAND LINE OPTIONS
-c 
--mode hls 
--config E:\robot\project\xilinx_fpga_class\hls\lab2\w\yuv_filter_solution3\hls_config.cfg 
--work_dir yuv_filter_solution3 

PARSED CONFIG FILE (1) OPTIONS
file: E:\robot\project\xilinx_fpga_class\hls\lab2\w\yuv_filter_solution3\hls_config.cfg
part xc7z020clg400-1 
hls.flow_target vitis 
hls.package.output.format xo 
hls.package.output.syn 0 
hls.syn.file E:\robot\project\xilinx_fpga_class\hls\lab2/yuv_filter.c 
hls.tb.file E:\robot\project\xilinx_fpga_class\hls\lab2/image_aux.c 
hls.tb.file E:\robot\project\xilinx_fpga_class\hls\lab2/yuv_filter_test.c 
hls.tb.file E:\robot\project\xilinx_fpga_class\hls\lab2/test_data 
hls.syn.top yuv_filter 
hls.clock 10 
hls.csim.code_analyzer 0 
hls.syn.directive.pipeline rgb2yuv/RGB2YUV_LOOP_Y 
hls.syn.directive.pipeline yuv_scale/YUV_SCALE_LOOP_Y 
hls.syn.directive.pipeline yuv2rgb/YUV2RGB_LOOP_Y 


==========================================
new:  steps log generated by v++ for new launch 
timestamp: 02 Mar 2025 09:52:57
