

================================================================
== Vitis HLS Report for 'fir'
================================================================
* Date:           Tue Feb 18 09:34:20 2025

* Version:        2024.2 (Build 5238294 on Nov  8 2024)
* Project:        fir
* Solution:       hls (Vivado IP Flow Target)
* Product family: zynq
* Target device:  xc7z020-clg400-1


================================================================
== Performance Estimates
================================================================
+ Timing: 
    * Summary: 
    +--------+----------+----------+------------+
    |  Clock |  Target  | Estimated| Uncertainty|
    +--------+----------+----------+------------+
    |ap_clk  |  10.00 ns|  5.735 ns|     2.70 ns|
    +--------+----------+----------+------------+

+ Latency: 
    * Summary: 
    +---------+---------+----------+----------+-----+-----+---------+
    |  Latency (cycles) |  Latency (absolute) |  Interval | Pipeline|
    |   min   |   max   |    min   |    max   | min | max |   Type  |
    +---------+---------+----------+----------+-----+-----+---------+
    |       68|       68|  0.680 us|  0.680 us|   69|   69|       no|
    +---------+---------+----------+----------+-----+-----+---------+

    + Detail: 
        * Instance: 
        +-----------------------------+-------------------+---------+---------+----------+----------+-----+-----+------------------------------------------------+
        |                             |                   |  Latency (cycles) |  Latency (absolute) |  Interval |                    Pipeline                    |
        |           Instance          |       Module      |   min   |   max   |    min   |    max   | min | max |                      Type                      |
        +-----------------------------+-------------------+---------+---------+----------+----------+-----+-----+------------------------------------------------+
        |grp_fir_Pipeline_loop_fu_80  |fir_Pipeline_loop  |       62|       62|  0.620 us|  0.620 us|   57|   57|  loop auto-rewind stp (delay=0 clock cycles(s))|
        +-----------------------------+-------------------+---------+---------+----------+----------+-----+-----+------------------------------------------------+

        * Loop: 
        N/A

============================================================
+ Verbose Summary: Synthesis Manager
============================================================
InlineROM: 1
ExposeGlobal: 0
============================================================
+ Verbose Summary: CDFG Model
============================================================
IsTopModel: 1
ResetActiveHigh: 1
IsCombinational: 0
IsDatapathOnly: 0
HasWiredReturn: 1
HasMFsm: 0
HasVarLatency: 1
IsPipeline: 0
IsRtlPipelined: 0
IsInstanceOverlapped: 0
IsDontTouch: 0
HasImplIP: 0
IsGatedGlobalClock: 0


============================================================
+ Verbose Summary: Schedule
============================================================
* Number of FSM states : 7
* Pipeline : 0
* Dataflow Pipeline: 0

* FSM state transitions: 
1 --> 2 
2 --> 3 
3 --> 4 
4 --> 5 
5 --> 6 
6 --> 7 
7 --> 

* FSM state operations: 

State 1 <SV = 0> <Delay = 0.00>
ST_1 : Operation 8 [1/1] (0.00ns)   --->   "%acc_2_loc = alloca i64 1"   --->   Operation 8 'alloca' 'acc_2_loc' <Predicate = true> <Delay = 0.00>
ST_1 : Operation 9 [2/2] (2.32ns)   --->   "%shift_reg_load = load i16 57" [E:/robot/project/xilinx_fpga_class/hls/lab4_zynq_z2/fir.c:47]   --->   Operation 9 'load' 'shift_reg_load' <Predicate = true> <Delay = 2.32> <CoreInst = "RAM">   --->   Core 81 'RAM' <Latency = 1> <II = 1> <Delay = 2.32> <Storage> <Opcode : 'load' 'store'> <Ports = 2> <Width = 16> <Depth = 58> <RAM>

State 2 <SV = 1> <Delay = 2.32>
ST_2 : Operation 10 [1/2] ( I:2.32ns O:2.32ns )   --->   "%shift_reg_load = load i16 57" [E:/robot/project/xilinx_fpga_class/hls/lab4_zynq_z2/fir.c:47]   --->   Operation 10 'load' 'shift_reg_load' <Predicate = true> <Delay = 2.32> <CoreInst = "RAM">   --->   Core 81 'RAM' <Latency = 1> <II = 1> <Delay = 2.32> <Storage> <Opcode : 'load' 'store'> <Ports = 2> <Width = 16> <Depth = 58> <RAM>

State 3 <SV = 2> <Delay = 5.58>
ST_3 : Operation 11 [1/1] (0.00ns)   --->   "%sext_ln44 = sext i16 %shift_reg_load" [E:/robot/project/xilinx_fpga_class/hls/lab4_zynq_z2/fir.c:44]   --->   Operation 11 'sext' 'sext_ln44' <Predicate = true> <Delay = 0.00>
ST_3 : Operation 12 [1/1] (5.58ns)   --->   "%mul_ln44 = mul i25 %sext_ln44, i25 33554054" [E:/robot/project/xilinx_fpga_class/hls/lab4_zynq_z2/fir.c:44]   --->   Operation 12 'mul' 'mul_ln44' <Predicate = true> <Delay = 5.58> <CoreInst = "Multiplier">   --->   Core 3 'Multiplier' <Latency = 0> <II = 1> <Delay = 5.58> <FuncUnit> <Opcode : 'mul'> <InPorts = 2> <OutPorts = 1>

State 4 <SV = 3> <Delay = 2.05>
ST_4 : Operation 13 [1/1] (1.00ns)   --->   "%x_read = read i16 @_ssdm_op_Read.s_axilite.i16, i16 %x"   --->   Operation 13 'read' 'x_read' <Predicate = true> <Delay = 1.00> <CoreInst = "s_axilite">   --->   Core 112 's_axilite' <Latency = 0> <II = 1> <Delay = 1.00> <Adapter> <Opcode : 'read' 'write'>
ST_4 : Operation 14 [2/2] (1.58ns)   --->   "%call_ln44 = call void @fir_Pipeline_loop, i25 %mul_ln44, i31 %acc_2_loc, i16 %shift_reg, i16 %c" [E:/robot/project/xilinx_fpga_class/hls/lab4_zynq_z2/fir.c:44]   --->   Operation 14 'call' 'call_ln44' <Predicate = true> <Delay = 1.58> <CoreType = "Generic">   --->   Generic Core
ST_4 : Operation 15 [1/1] (0.00ns)   --->   "%sext_ln52 = sext i16 %x_read" [E:/robot/project/xilinx_fpga_class/hls/lab4_zynq_z2/fir.c:52]   --->   Operation 15 'sext' 'sext_ln52' <Predicate = true> <Delay = 0.00>
ST_4 : Operation 16 [3/3] (1.05ns) (grouped into DSP with root node acc)   --->   "%mul_ln52 = mul i26 %sext_ln52, i26 67108486" [E:/robot/project/xilinx_fpga_class/hls/lab4_zynq_z2/fir.c:52]   --->   Operation 16 'mul' 'mul_ln52' <Predicate = true> <Delay = 1.05> <CoreInst = "DSP48">   --->   Core 116 'DSP48' <Latency = 3> <II = 1> <Delay = 2.15> <IPBlock> <Opcode : '' 'add' 'sub' 'mul' 'select'> <InPorts = 0> <OutPorts = 1> <Sync> <CReg>

State 5 <SV = 4> <Delay = 2.10>
ST_5 : Operation 17 [1/2] (2.10ns)   --->   "%call_ln44 = call void @fir_Pipeline_loop, i25 %mul_ln44, i31 %acc_2_loc, i16 %shift_reg, i16 %c" [E:/robot/project/xilinx_fpga_class/hls/lab4_zynq_z2/fir.c:44]   --->   Operation 17 'call' 'call_ln44' <Predicate = true> <Delay = 2.10> <CoreType = "Generic">   --->   Generic Core
ST_5 : Operation 18 [2/3] (1.05ns) (grouped into DSP with root node acc)   --->   "%mul_ln52 = mul i26 %sext_ln52, i26 67108486" [E:/robot/project/xilinx_fpga_class/hls/lab4_zynq_z2/fir.c:52]   --->   Operation 18 'mul' 'mul_ln52' <Predicate = true> <Delay = 1.05> <CoreInst = "DSP48">   --->   Core 116 'DSP48' <Latency = 3> <II = 1> <Delay = 2.15> <IPBlock> <Opcode : '' 'add' 'sub' 'mul' 'select'> <InPorts = 0> <OutPorts = 1> <Sync> <CReg>

State 6 <SV = 5> <Delay = 2.32>
ST_6 : Operation 19 [1/1] (0.00ns)   --->   "%acc_2_loc_load = load i31 %acc_2_loc" [E:/robot/project/xilinx_fpga_class/hls/lab4_zynq_z2/fir.c:48]   --->   Operation 19 'load' 'acc_2_loc_load' <Predicate = true> <Delay = 0.00>
ST_6 : Operation 20 [1/3] (0.00ns) (grouped into DSP with root node acc)   --->   "%mul_ln52 = mul i26 %sext_ln52, i26 67108486" [E:/robot/project/xilinx_fpga_class/hls/lab4_zynq_z2/fir.c:52]   --->   Operation 20 'mul' 'mul_ln52' <Predicate = true> <Delay = 0.00> <CoreInst = "DSP48">   --->   Core 116 'DSP48' <Latency = 3> <II = 1> <Delay = 2.15> <IPBlock> <Opcode : '' 'add' 'sub' 'mul' 'select'> <InPorts = 0> <OutPorts = 1> <Sync> <CReg>
ST_6 : Operation 21 [1/1] (0.00ns) (grouped into DSP with root node acc)   --->   "%sext_ln52_1 = sext i26 %mul_ln52" [E:/robot/project/xilinx_fpga_class/hls/lab4_zynq_z2/fir.c:52]   --->   Operation 21 'sext' 'sext_ln52_1' <Predicate = true> <Delay = 0.00>
ST_6 : Operation 22 [2/2] (2.10ns) (root node of the DSP)   --->   "%acc = add i31 %acc_2_loc_load, i31 %sext_ln52_1" [E:/robot/project/xilinx_fpga_class/hls/lab4_zynq_z2/fir.c:52]   --->   Operation 22 'add' 'acc' <Predicate = true> <Delay = 2.10> <CoreInst = "DSP48">   --->   Core 116 'DSP48' <Latency = 3> <II = 1> <Delay = 2.15> <IPBlock> <Opcode : '' 'add' 'sub' 'mul' 'select'> <InPorts = 0> <OutPorts = 1> <Sync> <CReg>
ST_6 : Operation 23 [1/1] ( I:2.32ns O:2.32ns )   --->   "%store_ln53 = store i16 %x_read, i16 0" [E:/robot/project/xilinx_fpga_class/hls/lab4_zynq_z2/fir.c:53]   --->   Operation 23 'store' 'store_ln53' <Predicate = true> <Delay = 2.32> <CoreInst = "RAM">   --->   Core 81 'RAM' <Latency = 1> <II = 1> <Delay = 2.32> <Storage> <Opcode : 'load' 'store'> <Ports = 2> <Width = 16> <Depth = 58> <RAM>

State 7 <SV = 6> <Delay = 3.10>
ST_7 : Operation 24 [1/1] (0.00ns)   --->   "%spectopmodule_ln31 = spectopmodule void @_ssdm_op_SpecTopModule, void @empty_6" [E:/robot/project/xilinx_fpga_class/hls/lab4_zynq_z2/fir.c:31]   --->   Operation 24 'spectopmodule' 'spectopmodule_ln31' <Predicate = true> <Delay = 0.00>
ST_7 : Operation 25 [1/1] (0.00ns)   --->   "%specbitsmap_ln0 = specbitsmap void @_ssdm_op_SpecBitsMap, i16 %y"   --->   Operation 25 'specbitsmap' 'specbitsmap_ln0' <Predicate = true> <Delay = 0.00>
ST_7 : Operation 26 [1/1] (0.00ns)   --->   "%specinterface_ln0 = specinterface void @_ssdm_op_SpecInterface, i16 %y, void @empty, i32 4294967295, i32 4294967295, void @empty_0, i32 0, i32 0, void @empty_1, void @empty_2, void @empty_3, i32 0, i32 0, i32 0, i32 0, void @empty_3, void @empty_3, i32 4294967295, i32 0, i32 0"   --->   Operation 26 'specinterface' 'specinterface_ln0' <Predicate = true> <Delay = 0.00>
ST_7 : Operation 27 [1/1] (0.00ns)   --->   "%specinterface_ln0 = specinterface void @_ssdm_op_SpecInterface, i16 %y, void @empty_4, i32 4294967295, i32 4294967295, void @empty_3, i32 0, i32 0, void @empty_3, void @empty_3, void @empty_3, i32 0, i32 0, i32 0, i32 0, void @empty_3, void @empty_3, i32 4294967295, i32 0, i32 0"   --->   Operation 27 'specinterface' 'specinterface_ln0' <Predicate = true> <Delay = 0.00>
ST_7 : Operation 28 [1/1] (0.00ns)   --->   "%specbitsmap_ln0 = specbitsmap void @_ssdm_op_SpecBitsMap, i16 %x"   --->   Operation 28 'specbitsmap' 'specbitsmap_ln0' <Predicate = true> <Delay = 0.00>
ST_7 : Operation 29 [1/1] (0.00ns)   --->   "%specinterface_ln0 = specinterface void @_ssdm_op_SpecInterface, i16 %x, void @empty, i32 4294967295, i32 4294967295, void @empty_0, i32 0, i32 0, void @empty_1, void @empty_5, void @empty_3, i32 0, i32 0, i32 0, i32 0, void @empty_3, void @empty_3, i32 4294967295, i32 0, i32 0"   --->   Operation 29 'specinterface' 'specinterface_ln0' <Predicate = true> <Delay = 0.00>
ST_7 : Operation 30 [1/1] (0.00ns)   --->   "%specinterface_ln0 = specinterface void @_ssdm_op_SpecInterface, i16 %x, void @empty_4, i32 4294967295, i32 4294967295, void @empty_3, i32 0, i32 0, void @empty_3, void @empty_3, void @empty_3, i32 0, i32 0, i32 0, i32 0, void @empty_3, void @empty_3, i32 4294967295, i32 0, i32 0"   --->   Operation 30 'specinterface' 'specinterface_ln0' <Predicate = true> <Delay = 0.00>
ST_7 : Operation 31 [1/1] (0.00ns)   --->   "%specinterface_ln0 = specinterface void @_ssdm_op_SpecInterface, i32 0, void @empty, i32 0, i32 0, void @empty_3, i32 0, i32 0, void @empty_1, void @empty_3, void @empty_3, i32 0, i32 0, i32 0, i32 0, void @empty_3, void @empty_3, i32 4294967295, i32 0, i32 0"   --->   Operation 31 'specinterface' 'specinterface_ln0' <Predicate = true> <Delay = 0.00>
ST_7 : Operation 32 [1/2] (2.10ns) (root node of the DSP)   --->   "%acc = add i31 %acc_2_loc_load, i31 %sext_ln52_1" [E:/robot/project/xilinx_fpga_class/hls/lab4_zynq_z2/fir.c:52]   --->   Operation 32 'add' 'acc' <Predicate = true> <Delay = 2.10> <CoreInst = "DSP48">   --->   Core 116 'DSP48' <Latency = 3> <II = 1> <Delay = 2.15> <IPBlock> <Opcode : '' 'add' 'sub' 'mul' 'select'> <InPorts = 0> <OutPorts = 1> <Sync> <CReg>
ST_7 : Operation 33 [1/1] (0.00ns)   --->   "%trunc_ln1 = partselect i16 @_ssdm_op_PartSelect.i16.i31.i32.i32, i31 %acc, i32 15, i32 30" [E:/robot/project/xilinx_fpga_class/hls/lab4_zynq_z2/fir.c:54]   --->   Operation 33 'partselect' 'trunc_ln1' <Predicate = true> <Delay = 0.00>
ST_7 : Operation 34 [1/1] (1.00ns)   --->   "%write_ln54 = write void @_ssdm_op_Write.s_axilite.i16P0A, i16 %y, i16 %trunc_ln1" [E:/robot/project/xilinx_fpga_class/hls/lab4_zynq_z2/fir.c:54]   --->   Operation 34 'write' 'write_ln54' <Predicate = true> <Delay = 1.00> <CoreInst = "s_axilite">   --->   Core 112 's_axilite' <Latency = 0> <II = 1> <Delay = 1.00> <Adapter> <Opcode : 'read' 'write'>
ST_7 : Operation 35 [1/1] (0.00ns)   --->   "%ret_ln55 = ret" [E:/robot/project/xilinx_fpga_class/hls/lab4_zynq_z2/fir.c:55]   --->   Operation 35 'ret' 'ret_ln55' <Predicate = true> <Delay = 0.00>


============================================================
+ Verbose Summary: Binding
============================================================
STG Binding: 
---------------- STG Properties BEGIN ----------------
- Is combinational: 0
- Is one-state seq: 0
- Is datapath-only: 0
- Is pipelined: 0
- Is top level: 1
Port [ Return ] is wired: 1; IO mode=ap_ctrl_hs:ce=0
Port [ y]:  wired=1; compound=0; hidden=0; nouse=0; global=0; static=0; extern=0; dir=1; type=0; pingpong=0; private_global=0; IO mode=ap_vld:ce=0
Port [ x]:  wired=1; compound=0; hidden=0; nouse=0; global=0; static=0; extern=0; dir=0; type=0; pingpong=0; private_global=0; IO mode=ap_none:ce=0
Port [ shift_reg]:  wired=0; compound=1; hidden=1; nouse=0; global=1; static=1; extern=0; dir=2; type=1; pingpong=0; private_global=1; MemPort=[21]; IO mode=ap_memory:ce=0
Port [ c]:  wired=0; compound=1; hidden=1; nouse=1; global=1; static=1; extern=0; dir=0; type=1; pingpong=0; private_global=0; MemPort=[1]; IO mode=ap_memory:ce=0
---------------- STG Properties END ------------------

---------------- Datapath Model BEGIN ----------------

<LifeTime>
<method=bitvector/>
acc_2_loc          (alloca       ) [ 00111110]
shift_reg_load     (load         ) [ 00010000]
sext_ln44          (sext         ) [ 00000000]
mul_ln44           (mul          ) [ 00001100]
x_read             (read         ) [ 00000110]
sext_ln52          (sext         ) [ 00000110]
call_ln44          (call         ) [ 00000000]
acc_2_loc_load     (load         ) [ 00000001]
mul_ln52           (mul          ) [ 00000000]
sext_ln52_1        (sext         ) [ 00000001]
store_ln53         (store        ) [ 00000000]
spectopmodule_ln31 (spectopmodule) [ 00000000]
specbitsmap_ln0    (specbitsmap  ) [ 00000000]
specinterface_ln0  (specinterface) [ 00000000]
specinterface_ln0  (specinterface) [ 00000000]
specbitsmap_ln0    (specbitsmap  ) [ 00000000]
specinterface_ln0  (specinterface) [ 00000000]
specinterface_ln0  (specinterface) [ 00000000]
specinterface_ln0  (specinterface) [ 00000000]
acc                (add          ) [ 00000000]
trunc_ln1          (partselect   ) [ 00000000]
write_ln54         (write        ) [ 00000000]
ret_ln55           (ret          ) [ 00000000]
</LifeTime>

<model>

<comp_list>
<comp id="0" class="1000" name="y">
<pin_list>
<pin id="1" dir="1" index="0" bw="1" slack="0"/>
</pin_list>
<bind>
<StgValue><ssdm name="y"/></StgValue>
</bind>
</comp>

<comp id="2" class="1000" name="x">
<pin_list>
<pin id="3" dir="1" index="0" bw="1" slack="0"/>
</pin_list>
<bind>
<StgValue><ssdm name="x"/></StgValue>
</bind>
</comp>

<comp id="4" class="1000" name="shift_reg">
<pin_list>
<pin id="5" dir="1" index="0" bw="1" slack="0"/>
</pin_list>
<bind>
<StgValue><ssdm name="shift_reg"/><MemPortTyVec>2 1 </MemPortTyVec>
</StgValue>
</bind>
</comp>

<comp id="6" class="1000" name="c">
<pin_list>
<pin id="7" dir="1" index="0" bw="1" slack="0"/>
</pin_list>
<bind>
<StgValue><ssdm name="c"/><MemPortTyVec>1 </MemPortTyVec>
</StgValue>
</bind>
</comp>

<comp id="8" class="1001" name="const_8">
<pin_list>
<pin id="9" dir="1" index="0" bw="1" slack="0"/>
</pin_list>
<bind>
<StgValue><ssdm name=""/></StgValue>
</bind>
</comp>

<comp id="10" class="1001" name="const_10">
<pin_list>
<pin id="11" dir="1" index="0" bw="1" slack="0"/>
</pin_list>
<bind>
<StgValue><ssdm name=""/></StgValue>
</bind>
</comp>

<comp id="12" class="1001" name="const_12">
<pin_list>
<pin id="13" dir="1" index="0" bw="1" slack="0"/>
</pin_list>
<bind>
<StgValue><ssdm name=""/></StgValue>
</bind>
</comp>

<comp id="14" class="1001" name="const_14">
<pin_list>
<pin id="15" dir="1" index="0" bw="1" slack="0"/>
</pin_list>
<bind>
<StgValue><ssdm name="_ssdm_op_Read.s_axilite.i16"/></StgValue>
</bind>
</comp>

<comp id="16" class="1001" name="const_16">
<pin_list>
<pin id="17" dir="1" index="0" bw="1" slack="0"/>
</pin_list>
<bind>
<StgValue><ssdm name="fir_Pipeline_loop"/></StgValue>
</bind>
</comp>

<comp id="18" class="1001" name="const_18">
<pin_list>
<pin id="19" dir="1" index="0" bw="1" slack="0"/>
</pin_list>
<bind>
<StgValue><ssdm name=""/></StgValue>
</bind>
</comp>

<comp id="20" class="1001" name="const_20">
<pin_list>
<pin id="21" dir="1" index="0" bw="1" slack="0"/>
</pin_list>
<bind>
<StgValue><ssdm name=""/></StgValue>
</bind>
</comp>

<comp id="22" class="1001" name="const_22">
<pin_list>
<pin id="23" dir="1" index="0" bw="1" slack="2147483647"/>
</pin_list>
<bind>
<StgValue><ssdm name="_ssdm_op_SpecTopModule"/></StgValue>
</bind>
</comp>

<comp id="24" class="1001" name="const_24">
<pin_list>
<pin id="25" dir="1" index="0" bw="1" slack="2147483647"/>
</pin_list>
<bind>
<StgValue><ssdm name="empty_6"/></StgValue>
</bind>
</comp>

<comp id="26" class="1001" name="const_26">
<pin_list>
<pin id="27" dir="1" index="0" bw="1" slack="2147483647"/>
</pin_list>
<bind>
<StgValue><ssdm name="_ssdm_op_SpecBitsMap"/></StgValue>
</bind>
</comp>

<comp id="28" class="1001" name="const_28">
<pin_list>
<pin id="29" dir="1" index="0" bw="1" slack="2147483647"/>
</pin_list>
<bind>
<StgValue><ssdm name="_ssdm_op_SpecInterface"/></StgValue>
</bind>
</comp>

<comp id="30" class="1001" name="const_30">
<pin_list>
<pin id="31" dir="1" index="0" bw="1" slack="2147483647"/>
</pin_list>
<bind>
<StgValue><ssdm name="empty"/></StgValue>
</bind>
</comp>

<comp id="32" class="1001" name="const_32">
<pin_list>
<pin id="33" dir="1" index="0" bw="1" slack="2147483647"/>
</pin_list>
<bind>
<StgValue><ssdm name=""/></StgValue>
</bind>
</comp>

<comp id="34" class="1001" name="const_34">
<pin_list>
<pin id="35" dir="1" index="0" bw="1" slack="2147483647"/>
</pin_list>
<bind>
<StgValue><ssdm name="empty_0"/></StgValue>
</bind>
</comp>

<comp id="36" class="1001" name="const_36">
<pin_list>
<pin id="37" dir="1" index="0" bw="1" slack="2147483647"/>
</pin_list>
<bind>
<StgValue><ssdm name=""/></StgValue>
</bind>
</comp>

<comp id="38" class="1001" name="const_38">
<pin_list>
<pin id="39" dir="1" index="0" bw="1" slack="2147483647"/>
</pin_list>
<bind>
<StgValue><ssdm name="empty_1"/></StgValue>
</bind>
</comp>

<comp id="40" class="1001" name="const_40">
<pin_list>
<pin id="41" dir="1" index="0" bw="1" slack="2147483647"/>
</pin_list>
<bind>
<StgValue><ssdm name="empty_2"/></StgValue>
</bind>
</comp>

<comp id="42" class="1001" name="const_42">
<pin_list>
<pin id="43" dir="1" index="0" bw="1" slack="2147483647"/>
</pin_list>
<bind>
<StgValue><ssdm name="empty_3"/></StgValue>
</bind>
</comp>

<comp id="44" class="1001" name="const_44">
<pin_list>
<pin id="45" dir="1" index="0" bw="1" slack="2147483647"/>
</pin_list>
<bind>
<StgValue><ssdm name="empty_4"/></StgValue>
</bind>
</comp>

<comp id="46" class="1001" name="const_46">
<pin_list>
<pin id="47" dir="1" index="0" bw="1" slack="2147483647"/>
</pin_list>
<bind>
<StgValue><ssdm name="empty_5"/></StgValue>
</bind>
</comp>

<comp id="48" class="1001" name="const_48">
<pin_list>
<pin id="49" dir="1" index="0" bw="1" slack="0"/>
</pin_list>
<bind>
<StgValue><ssdm name="_ssdm_op_PartSelect.i16.i31.i32.i32"/></StgValue>
</bind>
</comp>

<comp id="50" class="1001" name="const_50">
<pin_list>
<pin id="51" dir="1" index="0" bw="1" slack="0"/>
</pin_list>
<bind>
<StgValue><ssdm name=""/></StgValue>
</bind>
</comp>

<comp id="52" class="1001" name="const_52">
<pin_list>
<pin id="53" dir="1" index="0" bw="1" slack="0"/>
</pin_list>
<bind>
<StgValue><ssdm name=""/></StgValue>
</bind>
</comp>

<comp id="54" class="1001" name="const_54">
<pin_list>
<pin id="55" dir="1" index="0" bw="1" slack="0"/>
</pin_list>
<bind>
<StgValue><ssdm name="_ssdm_op_Write.s_axilite.i16P0A"/></StgValue>
</bind>
</comp>

<comp id="56" class="1004" name="acc_2_loc_fu_56">
<pin_list>
<pin id="57" dir="0" index="0" bw="1" slack="0"/>
<pin id="58" dir="1" index="1" bw="31" slack="3"/>
</pin_list>
<bind>
<opcode="alloca(26) " fcode="alloca"/>
<opset="acc_2_loc/1 "/>
</bind>
</comp>

<comp id="60" class="1004" name="x_read_read_fu_60">
<pin_list>
<pin id="61" dir="0" index="0" bw="16" slack="0"/>
<pin id="62" dir="0" index="1" bw="16" slack="0"/>
<pin id="63" dir="1" index="2" bw="16" slack="0"/>
</pin_list>
<bind>
<opcode="read(1150) " fcode="read"/>
<opset="x_read/4 "/>
</bind>
</comp>

<comp id="66" class="1004" name="write_ln54_write_fu_66">
<pin_list>
<pin id="67" dir="0" index="0" bw="0" slack="0"/>
<pin id="68" dir="0" index="1" bw="16" slack="0"/>
<pin id="69" dir="0" index="2" bw="16" slack="0"/>
<pin id="70" dir="1" index="3" bw="0" slack="2147483647"/>
</pin_list>
<bind>
<opcode="write(1151) " fcode="write"/>
<opset="write_ln54/7 "/>
</bind>
</comp>

<comp id="73" class="1004" name="grp_access_fu_73">
<pin_list>
<pin id="74" dir="0" index="0" bw="16" slack="0"/>
<pin id="75" dir="0" index="1" bw="16" slack="2"/>
<pin id="76" dir="0" index="2" bw="0" slack="2147483647"/>
<pin id="77" dir="1" index="3" bw="16" slack="1"/>
</pin_list>
<bind>
<opcode="load(27) store(28) " fcode="store"/>
<opset="shift_reg_load/1 store_ln53/6 "/>
</bind>
</comp>

<comp id="80" class="1004" name="grp_fir_Pipeline_loop_fu_80">
<pin_list>
<pin id="81" dir="0" index="0" bw="0" slack="0"/>
<pin id="82" dir="0" index="1" bw="25" slack="1"/>
<pin id="83" dir="0" index="2" bw="31" slack="3"/>
<pin id="84" dir="0" index="3" bw="16" slack="0"/>
<pin id="85" dir="0" index="4" bw="16" slack="0"/>
<pin id="86" dir="1" index="5" bw="0" slack="2147483647"/>
</pin_list>
<bind>
<opcode="call(48) " fcode="call"/>
<opset="call_ln44/4 "/>
</bind>
</comp>

<comp id="90" class="1004" name="sext_ln44_fu_90">
<pin_list>
<pin id="91" dir="0" index="0" bw="16" slack="1"/>
<pin id="92" dir="1" index="1" bw="25" slack="0"/>
</pin_list>
<bind>
<opcode="sext(35) " fcode="sext"/>
<opset="sext_ln44/3 "/>
</bind>
</comp>

<comp id="93" class="1004" name="mul_ln44_fu_93">
<pin_list>
<pin id="94" dir="0" index="0" bw="16" slack="0"/>
<pin id="95" dir="0" index="1" bw="10" slack="0"/>
<pin id="96" dir="1" index="2" bw="25" slack="1"/>
</pin_list>
<bind>
<opcode="mul(12) " fcode="mul"/>
<opset="mul_ln44/3 "/>
</bind>
</comp>

<comp id="99" class="1004" name="sext_ln52_fu_99">
<pin_list>
<pin id="100" dir="0" index="0" bw="16" slack="0"/>
<pin id="101" dir="1" index="1" bw="26" slack="0"/>
</pin_list>
<bind>
<opcode="sext(35) " fcode="sext"/>
<opset="sext_ln52/4 "/>
</bind>
</comp>

<comp id="103" class="1004" name="acc_2_loc_load_load_fu_103">
<pin_list>
<pin id="104" dir="0" index="0" bw="31" slack="5"/>
<pin id="105" dir="1" index="1" bw="31" slack="0"/>
</pin_list>
<bind>
<opcode="load(27) " fcode="load"/>
<opset="acc_2_loc_load/6 "/>
</bind>
</comp>

<comp id="106" class="1004" name="trunc_ln1_fu_106">
<pin_list>
<pin id="107" dir="0" index="0" bw="16" slack="0"/>
<pin id="108" dir="0" index="1" bw="31" slack="0"/>
<pin id="109" dir="0" index="2" bw="5" slack="0"/>
<pin id="110" dir="0" index="3" bw="6" slack="0"/>
<pin id="111" dir="1" index="4" bw="16" slack="0"/>
</pin_list>
<bind>
<opcode="partselect(1002) " fcode="partselect"/>
<opset="trunc_ln1/7 "/>
</bind>
</comp>

<comp id="116" class="1007" name="grp_fu_116">
<pin_list>
<pin id="117" dir="0" index="0" bw="16" slack="0"/>
<pin id="118" dir="0" index="1" bw="10" slack="0"/>
<pin id="119" dir="0" index="2" bw="31" slack="0"/>
<pin id="120" dir="1" index="3" bw="31" slack="0"/>
</pin_list>
<bind>
<opcode="muladd(1172) " fcode="muladd"/>
<opset="mul_ln52/4 sext_ln52_1/6 acc/6 "/>
</bind>
</comp>

<comp id="125" class="1005" name="acc_2_loc_reg_125">
<pin_list>
<pin id="126" dir="0" index="0" bw="31" slack="3"/>
<pin id="127" dir="1" index="1" bw="31" slack="3"/>
</pin_list>
<bind>
<opset="acc_2_loc "/>
</bind>
</comp>

<comp id="131" class="1005" name="shift_reg_load_reg_131">
<pin_list>
<pin id="132" dir="0" index="0" bw="16" slack="1"/>
<pin id="133" dir="1" index="1" bw="16" slack="1"/>
</pin_list>
<bind>
<opset="shift_reg_load "/>
</bind>
</comp>

<comp id="136" class="1005" name="mul_ln44_reg_136">
<pin_list>
<pin id="137" dir="0" index="0" bw="25" slack="1"/>
<pin id="138" dir="1" index="1" bw="25" slack="1"/>
</pin_list>
<bind>
<opset="mul_ln44 "/>
</bind>
</comp>

<comp id="141" class="1005" name="x_read_reg_141">
<pin_list>
<pin id="142" dir="0" index="0" bw="16" slack="2"/>
<pin id="143" dir="1" index="1" bw="16" slack="2"/>
</pin_list>
<bind>
<opset="x_read "/>
</bind>
</comp>

<comp id="146" class="1005" name="sext_ln52_reg_146">
<pin_list>
<pin id="147" dir="0" index="0" bw="26" slack="1"/>
<pin id="148" dir="1" index="1" bw="26" slack="1"/>
</pin_list>
<bind>
<opset="sext_ln52 "/>
</bind>
</comp>

</comp_list>

<net_list>
<net id="59"><net_src comp="8" pin="0"/><net_sink comp="56" pin=0"/></net>

<net id="64"><net_src comp="14" pin="0"/><net_sink comp="60" pin=0"/></net>

<net id="65"><net_src comp="2" pin="0"/><net_sink comp="60" pin=1"/></net>

<net id="71"><net_src comp="54" pin="0"/><net_sink comp="66" pin=0"/></net>

<net id="72"><net_src comp="0" pin="0"/><net_sink comp="66" pin=1"/></net>

<net id="78"><net_src comp="10" pin="0"/><net_sink comp="73" pin=0"/></net>

<net id="79"><net_src comp="20" pin="0"/><net_sink comp="73" pin=0"/></net>

<net id="87"><net_src comp="16" pin="0"/><net_sink comp="80" pin=0"/></net>

<net id="88"><net_src comp="4" pin="0"/><net_sink comp="80" pin=3"/></net>

<net id="89"><net_src comp="6" pin="0"/><net_sink comp="80" pin=4"/></net>

<net id="97"><net_src comp="90" pin="1"/><net_sink comp="93" pin=0"/></net>

<net id="98"><net_src comp="12" pin="0"/><net_sink comp="93" pin=1"/></net>

<net id="102"><net_src comp="60" pin="2"/><net_sink comp="99" pin=0"/></net>

<net id="112"><net_src comp="48" pin="0"/><net_sink comp="106" pin=0"/></net>

<net id="113"><net_src comp="50" pin="0"/><net_sink comp="106" pin=2"/></net>

<net id="114"><net_src comp="52" pin="0"/><net_sink comp="106" pin=3"/></net>

<net id="115"><net_src comp="106" pin="4"/><net_sink comp="66" pin=2"/></net>

<net id="121"><net_src comp="99" pin="1"/><net_sink comp="116" pin=0"/></net>

<net id="122"><net_src comp="18" pin="0"/><net_sink comp="116" pin=1"/></net>

<net id="123"><net_src comp="103" pin="1"/><net_sink comp="116" pin=2"/></net>

<net id="124"><net_src comp="116" pin="3"/><net_sink comp="106" pin=1"/></net>

<net id="128"><net_src comp="56" pin="1"/><net_sink comp="125" pin=0"/></net>

<net id="129"><net_src comp="125" pin="1"/><net_sink comp="80" pin=2"/></net>

<net id="130"><net_src comp="125" pin="1"/><net_sink comp="103" pin=0"/></net>

<net id="134"><net_src comp="73" pin="3"/><net_sink comp="131" pin=0"/></net>

<net id="135"><net_src comp="131" pin="1"/><net_sink comp="90" pin=0"/></net>

<net id="139"><net_src comp="93" pin="2"/><net_sink comp="136" pin=0"/></net>

<net id="140"><net_src comp="136" pin="1"/><net_sink comp="80" pin=1"/></net>

<net id="144"><net_src comp="60" pin="2"/><net_sink comp="141" pin=0"/></net>

<net id="145"><net_src comp="141" pin="1"/><net_sink comp="73" pin=1"/></net>

<net id="149"><net_src comp="99" pin="1"/><net_sink comp="146" pin=0"/></net>

<net id="150"><net_src comp="146" pin="1"/><net_sink comp="116" pin=0"/></net>

</net_list>

</model> 
---------------- Datapath Model END ------------------

* FSMD analyzer results:
  - Output states:
	Port: y | {7 }
	Port: shift_reg | {4 5 6 }
 - Input state : 
	Port: fir : x | {4 }
	Port: fir : shift_reg | {1 2 4 5 }
	Port: fir : c | {4 5 }
  - Chain level:
	State 1
	State 2
	State 3
		mul_ln44 : 1
	State 4
		mul_ln52 : 1
	State 5
	State 6
		sext_ln52_1 : 1
		acc : 2
	State 7
		trunc_ln1 : 1
		write_ln54 : 2


============================================================
+ Verbose Summary: Datapath Resource usage 
============================================================

* Functional unit list:
|----------|-----------------------------|---------|---------|---------|---------|
| Operation|       Functional Unit       |   DSP   |  Delay  |    FF   |   LUT   |
|----------|-----------------------------|---------|---------|---------|---------|
|   call   | grp_fir_Pipeline_loop_fu_80 |    1    |  6.4713 |   221   |    69   |
|----------|-----------------------------|---------|---------|---------|---------|
|    mul   |        mul_ln44_fu_93       |    1    |    0    |    0    |    6    |
|----------|-----------------------------|---------|---------|---------|---------|
|  muladd  |          grp_fu_116         |    1    |    0    |    0    |    0    |
|----------|-----------------------------|---------|---------|---------|---------|
|   read   |      x_read_read_fu_60      |    0    |    0    |    0    |    0    |
|----------|-----------------------------|---------|---------|---------|---------|
|   write  |    write_ln54_write_fu_66   |    0    |    0    |    0    |    0    |
|----------|-----------------------------|---------|---------|---------|---------|
|   sext   |       sext_ln44_fu_90       |    0    |    0    |    0    |    0    |
|          |       sext_ln52_fu_99       |    0    |    0    |    0    |    0    |
|----------|-----------------------------|---------|---------|---------|---------|
|partselect|       trunc_ln1_fu_106      |    0    |    0    |    0    |    0    |
|----------|-----------------------------|---------|---------|---------|---------|
|   Total  |                             |    3    |  6.4713 |   221   |    75   |
|----------|-----------------------------|---------|---------|---------|---------|

Memories:
+---------+--------+--------+--------+--------+
|         |  BRAM  |   FF   |   LUT  |  URAM  |
+---------+--------+--------+--------+--------+
|    c    |    0   |   16   |   15   |    -   |
|shift_reg|    0   |   32   |   15   |    0   |
+---------+--------+--------+--------+--------+
|  Total  |    0   |   48   |   30   |    0   |
+---------+--------+--------+--------+--------+

* Register list:
+----------------------+--------+
|                      |   FF   |
+----------------------+--------+
|   acc_2_loc_reg_125  |   31   |
|   mul_ln44_reg_136   |   25   |
|   sext_ln52_reg_146  |   26   |
|shift_reg_load_reg_131|   16   |
|    x_read_reg_141    |   16   |
+----------------------+--------+
|         Total        |   114  |
+----------------------+--------+

* Multiplexer (MUX) list: 
|------------------|------|------|------|--------||---------||---------||---------|
|       Comp       |  Pin | Size |  BW  | S x BW ||  Delay  ||    FF   ||   LUT   |
|------------------|------|------|------|--------||---------||---------||---------|
| grp_access_fu_73 |  p0  |   2  |  16  |   32   |
|    grp_fu_116    |  p0  |   2  |  16  |   32   ||    0    ||    9    |
|------------------|------|------|------|--------||---------||---------||---------|
|       Total      |      |      |      |   64   ||  3.176  ||    0    ||    9    |
|------------------|------|------|------|--------||---------||---------||---------|



* Summary:
+-----------+--------+--------+--------+--------+--------+--------+
|           |  BRAM  |   DSP  |  Delay |   FF   |   LUT  |  URAM  |
+-----------+--------+--------+--------+--------+--------+--------+
|  Function |    -   |    3   |    6   |   221  |   75   |    -   |
|   Memory  |    0   |    -   |    -   |   48   |   30   |    0   |
|Multiplexer|    -   |    -   |    3   |    0   |    9   |    -   |
|  Register |    -   |    -   |    -   |   114  |    -   |    -   |
+-----------+--------+--------+--------+--------+--------+--------+
|   Total   |    0   |    3   |    9   |   383  |   114  |    0   |
+-----------+--------+--------+--------+--------+--------+--------+
