================================================================
== Design Size Report
================================================================

* Total Instructions per Compilation Phase
+---------------+-----------------------------+--------------+----------------------------------------------------------------------------------------+
| Phase         | Step                        | Instructions | Description                                                                            |
+---------------+-----------------------------+--------------+----------------------------------------------------------------------------------------+
| Compile/Link  |                             | 242          | After all functions are compiled and linked into a single design                       |
|               |                             |              |                                                                                        |
| Unroll/Inline |                             |              | After user unroll and inline pragmas are applied                                       |
|               | (1) unroll                  | 270          | user unroll pragmas are applied                                                        |
|               | (2) simplification          | 250          | simplification of applied user unroll pragmas                                          |
|               | (3) inline                  | 242          | user inline pragmas are applied                                                        |
|               | (4) simplification          | 237          | simplification of applied user inline pragmas                                          |
|               |                             |              |                                                                                        |
| Array/Struct  |                             |              | After user array partition and struct aggregate/disaggregate pragmas are applied       |
|               | (1) array partition         | 239          | user array partition pragmas are applied                                               |
|               | (2) simplification          | 239          | simplification of applied user array partition & struct aggregate/disaggregate pragmas |
|               | (3) aggregate/disaggregate  | 239          | user struct aggregate/disaggregate pragmas are applied                                 |
|               | (4) array reshape           | 239          | apply array reshape pragmas                                                            |
|               | (5) access patterns         | 239          | array access pattern optmizations                                                      |
|               |                             |              |                                                                                        |
| Performance   |                             |              | After transformations are applied to meet performance pragma targets                   |
|               | (1) loop simplification     | 239          | loop and instruction simplification                                                    |
|               | (2) parallelization         | 239          | loops are unrolled or pipelined to meet performance targets                            |
|               | (3) array partition         | 359          | arrays are partitioned to meet performance targets                                     |
|               | (4) simplification          | 247          | simplification of design after performance transformations                             |
|               |                             |              |                                                                                        |
| HW Transforms |                             |              | After hardware transfomations                                                          |
|               | (1) lowering                | 251          | initial conversion to HW specific instructions                                         |
|               | (2) optimizations           | 285          | high level synthesis optimizations                                                     |
+---------------+-----------------------------+--------------+----------------------------------------------------------------------------------------+

* Instructions per Function for each Compilation Phase
+---------------+-----------+---------------+---------------+---------------+---------------+---------------+
| Function      | Location  | Compile/Link  | Unroll/Inline | Array/Struct  | Performance   | HW Transforms |
+---------------+-----------+---------------+---------------+---------------+---------------+---------------+
| + dct         | dct.c:115 | 242           | 237           | 239           | 247           | 285           |
|    read_data  | dct.c:87  |  27           |               |               |               |               |
|  + dct_2d     | dct.c:50  | 170           |               |               |               |               |
|     dct_1d    | dct.c:30  |  72 (2 calls) |               |               |               |               |
|    write_data | dct.c:101 |  27           |               |               |               |               |
|    dct_1d     | dct.c:30  |               | 146 (2 calls) | 148 (2 calls) | 148 (2 calls) | 156 (2 calls) |
+---------------+-----------+---------------+---------------+---------------+---------------+---------------+

* Design Size Message Settings
+---------------------------------------------+--------+------------------------------------------------------------------+
| Message Setting                             | Value  | Description                                                      |
+---------------------------------------------+--------+------------------------------------------------------------------+
| config_compile -design_size_maximum_warning | 100000 | Show a warning when total design instructions exceeds this value |
+---------------------------------------------+--------+------------------------------------------------------------------+


